[0.364s] Invoking command in '/home/ani/yc_ws/build/ur_calibration': CMAKE_PREFIX_PATH=/opt/ros/humble /usr/bin/cmake /home/ani/yc_ws/src/ur_calibration -DAMENT_CMAKE_SYMLINK_INSTALL=1 -DCMAKE_INSTALL_PREFIX=/home/ani/yc_ws/install/ur_calibration
[0.413s] -- The C compiler identification is GNU 11.4.0
[0.462s] -- The CXX compiler identification is GNU 11.4.0
[0.468s] -- Detecting C compiler ABI info
[0.542s] -- Detecting C compiler ABI info - done
[0.553s] -- Check for working C compiler: /usr/bin/cc - skipped
[0.553s] -- Detecting C compile features
[0.554s] -- Detecting C compile features - done
[0.557s] -- Detecting CXX compiler ABI info
[0.647s] -- Detecting CXX compiler ABI info - done
[0.656s] -- Check for working CXX compiler: /usr/bin/c++ - skipped
[0.657s] -- Detecting CXX compile features
[0.657s] -- Detecting CXX compile features - done
[0.659s] -- Found ament_cmake: 1.3.10 (/opt/ros/humble/share/ament_cmake/cmake)
[0.660s] [0mur_calibration: You did not request a specific build type: selecting 'RelWithDebInfo'.[0m
[0.812s] -- Found Python3: /usr/bin/python3 (found version "3.10.12") found components: Interpreter 
[0.866s] -- Override CMake install command with custom implementation using symlinks instead of copying resources
[0.892s] -- Found rclcpp: 16.0.10 (/opt/ros/humble/share/rclcpp/cmake)
[0.938s] -- Found rosidl_generator_c: 3.1.5 (/opt/ros/humble/share/rosidl_generator_c/cmake)
[0.943s] -- Found rosidl_adapter: 3.1.5 (/opt/ros/humble/share/rosidl_adapter/cmake)
[0.952s] -- Found rosidl_generator_cpp: 3.1.5 (/opt/ros/humble/share/rosidl_generator_cpp/cmake)
[0.965s] -- Using all available rosidl_typesupport_c: rosidl_typesupport_fastrtps_c;rosidl_typesupport_introspection_c
[0.983s] -- Using all available rosidl_typesupport_cpp: rosidl_typesupport_fastrtps_cpp;rosidl_typesupport_introspection_cpp
[1.031s] -- Found rmw_implementation_cmake: 6.1.2 (/opt/ros/humble/share/rmw_implementation_cmake/cmake)
[1.034s] -- Found rmw_fastrtps_cpp: 6.2.7 (/opt/ros/humble/share/rmw_fastrtps_cpp/cmake)
[1.120s] -- Found OpenSSL: /usr/lib/x86_64-linux-gnu/libcrypto.so (found version "3.0.2")  
[1.145s] -- Found FastRTPS: /opt/ros/humble/include  
[1.185s] -- Using RMW implementation 'rmw_fastrtps_cpp' as default
[1.191s] -- Looking for pthread.h
[1.245s] -- Looking for pthread.h - found
[1.245s] -- Performing Test CMAKE_HAVE_LIBC_PTHREAD
[1.297s] -- Performing Test CMAKE_HAVE_LIBC_PTHREAD - Success
[1.298s] -- Found Threads: TRUE  
[1.334s] -- Found ur_robot_driver: 2.2.16 (/opt/ros/humble/share/ur_robot_driver/cmake)
[1.500s] -- Found eigen3_cmake_module: 0.1.1 (/opt/ros/humble/share/eigen3_cmake_module/cmake)
[1.501s] -- Found Eigen3: TRUE (found version "3.4.0") 
[1.501s] -- Ensuring Eigen3 include directory is part of orocos-kdl CMake target
[1.631s] -- Configuring done
[1.684s] -- Generating done
[1.689s] -- Build files have been written to: /home/ani/yc_ws/build/ur_calibration
