[0.026s] Invoking command in '/home/ani/yc_ws/build/robotiq_driver': AMENT_PREFIX_PATH=/home/ani/yc_ws/install/serial:${AMENT_PREFIX_PATH} CMAKE_PREFIX_PATH=/home/ani/yc_ws/install/serial:/opt/ros/humble LD_LIBRARY_PATH=/home/ani/yc_ws/install/serial/lib:${LD_LIBRARY_PATH} /usr/bin/cmake --build /home/ani/yc_ws/build/robotiq_driver -- -j12 -l12
[0.072s] [  8%] [32mBuilding CXX object gmock/CMakeFiles/gmock_main.dir/src/gmock_main.cc.o[0m
[0.072s] [  8%] [32mBuilding CXX object CMakeFiles/robotiq_driver.dir/src/crc_utils.cpp.o[0m
[0.072s] [ 12%] [32mBuilding CXX object CMakeFiles/robotiq_driver.dir/src/default_driver.cpp.o[0m
[0.072s] [ 16%] [32mBuilding CXX object CMakeFiles/robotiq_driver.dir/src/hardware_interface.cpp.o[0m
[0.072s] [ 20%] [32mBuilding CXX object gmock/CMakeFiles/gmock.dir/src/gmock-all.cc.o[0m
[0.072s] [ 25%] [32mBuilding CXX object CMakeFiles/robotiq_driver.dir/src/data_utils.cpp.o[0m
[0.073s] [ 29%] [32mBuilding CXX object gmock/CMakeFiles/gmock.dir/opt/ros/humble/src/gtest_vendor/src/gtest-all.cc.o[0m
[0.076s] [ 33%] [32mBuilding CXX object CMakeFiles/robotiq_driver.dir/src/default_driver_factory.cpp.o[0m
[0.082s] [ 37%] [32mBuilding CXX object CMakeFiles/robotiq_driver.dir/src/fake/fake_driver.cpp.o[0m
[0.083s] [ 41%] [32mBuilding CXX object CMakeFiles/robotiq_driver.dir/src/default_serial.cpp.o[0m
[0.097s] [ 45%] [32mBuilding CXX object CMakeFiles/robotiq_driver.dir/src/default_serial_factory.cpp.o[0m
[1.318s] [ 50%] [32m[1mLinking CXX static library libgmock_main.a[0m
[1.367s] [ 50%] Built target gmock_main
[2.625s] [ 54%] [32m[1mLinking CXX static library libgmock.a[0m
[2.704s] [ 54%] Built target gmock
[2.989s] [ 58%] [32m[1mLinking CXX shared library librobotiq_driver.so[0m
[3.121s] [ 58%] Built target robotiq_driver
[3.136s] [ 62%] [32mBuilding CXX object tests/CMakeFiles/test_default_serial_factory.dir/test_default_serial_factory.cpp.o[0m
[3.136s] [ 70%] [32mBuilding CXX object tests/CMakeFiles/test_robotiq_gripper_hardware_interface.dir/test_robotiq_gripper_hardware_interface.cpp.o[0m
[3.136s] [ 70%] [32mBuilding CXX object tests/CMakeFiles/test_default_driver_factory.dir/test_default_driver_factory.cpp.o[0m
[3.136s] [ 75%] [32mBuilding CXX object tests/CMakeFiles/test_crc_utils.dir/test_crc_utils.cpp.o[0m
[3.136s] [ 79%] [32mBuilding CXX object tests/CMakeFiles/test_data_utils.dir/test_data_utils.cpp.o[0m
[3.869s] [ 83%] [32m[1mLinking CXX executable test_crc_utils[0m
[3.945s] [ 87%] [32m[1mLinking CXX executable test_data_utils[0m
[4.063s] [ 87%] Built target test_crc_utils
[4.131s] [ 87%] Built target test_data_utils
[5.006s] [ 91%] [32m[1mLinking CXX executable test_default_serial_factory[0m
[5.222s] [ 91%] Built target test_default_serial_factory
[5.942s] [ 95%] [32m[1mLinking CXX executable test_robotiq_gripper_hardware_interface[0m
[6.101s] [ 95%] Built target test_robotiq_gripper_hardware_interface
[6.294s] [100%] [32m[1mLinking CXX executable test_default_driver_factory[0m
[6.486s] [100%] Built target test_default_driver_factory
