[0.290s] Invoking command in '/home/ani/yc_ws/build/robotiq_description': CMAKE_PREFIX_PATH=${CMAKE_PREFIX_PATH}:/home/ani/yc_ws/install/app2:/home/ani/yc_ws/install/app:/opt/ros/humble /usr/bin/cmake /home/ani/yc_ws/src/gripper/robotiq_description -DAMENT_CMAKE_SYMLINK_INSTALL=1 -DCMAKE_INSTALL_PREFIX=/home/ani/yc_ws/install/robotiq_description
[0.328s] -- The C compiler identification is GNU 11.4.0
[0.375s] -- The CXX compiler identification is GNU 11.4.0
[0.381s] -- Detecting C compiler ABI info
[0.436s] -- Detecting C compiler ABI info - done
[0.443s] -- Check for working C compiler: /usr/bin/cc - skipped
[0.443s] -- Detecting C compile features
[0.443s] -- Detecting C compile features - done
[0.446s] -- Detecting CXX compiler ABI info
[0.505s] -- Detecting CXX compiler ABI info - done
[0.510s] -- Check for working CXX compiler: /usr/bin/c++ - skipped
[0.511s] -- Detecting CXX compile features
[0.511s] -- Detecting CXX compile features - done
[0.513s] -- Found ament_cmake: 1.3.10 (/opt/ros/humble/share/ament_cmake/cmake)
[0.613s] -- Found Python3: /usr/bin/python3 (found version "3.10.12") found components: Interpreter 
[0.663s] Traceback (most recent call last):
[0.663s]   File "/opt/ros/humble/share/ament_cmake_core/cmake/package_templates/templates_2_cmake.py", line 21, in <module>
[0.664s]     from ament_package.templates import get_environment_hook_template_path
[0.664s] ModuleNotFoundError: No module named 'ament_package'
[0.671s] [31mCMake Error at /opt/ros/humble/share/ament_cmake_core/cmake/ament_cmake_package_templates-extras.cmake:41 (message):
[0.671s]   execute_process(/usr/bin/python3
[0.671s]   /opt/ros/humble/share/ament_cmake_core/cmake/package_templates/templates_2_cmake.py
[0.671s]   /home/ani/yc_ws/build/robotiq_description/ament_cmake_package_templates/templates.cmake)
[0.671s]   returned error code 1
[0.671s] Call Stack (most recent call first):
[0.671s]   /opt/ros/humble/share/ament_cmake_core/cmake/ament_cmake_coreConfig.cmake:41 (include)
[0.672s]   /opt/ros/humble/share/ament_cmake/cmake/ament_cmake_export_dependencies-extras.cmake:15 (find_package)
[0.672s]   /opt/ros/humble/share/ament_cmake/cmake/ament_cmakeConfig.cmake:41 (include)
[0.672s]   CMakeLists.txt:9 (find_package)
[0.672s] 
[0.672s] [0m
[0.672s] -- Configuring incomplete, errors occurred!
[0.672s] See also "/home/ani/yc_ws/build/robotiq_description/CMakeFiles/CMakeOutput.log".
