[0.599s] Invoking command in '/home/ani/yc_ws/build/app2': PYTHONPATH=/home/ani/yc_ws/build/app2/prefix_override:/usr/lib/python3/dist-packages/colcon_core/task/python/colcon_distutils_commands:/home/ani/yc_ws/install/app2/lib/python3.10/site-packages:${PYTHONPATH} /usr/bin/python3 -W ignore:setup.py install is deprecated setup.py develop --editable --build-directory /home/ani/yc_ws/build/app2/build --no-deps symlink_data
[0.747s] running develop
[0.747s] /usr/lib/python3/dist-packages/setuptools/command/easy_install.py:158: EasyInstallDeprecationWarning: easy_install command is deprecated. Use build and pip and other standards-based tools.
[0.747s]   warnings.warn(
[0.816s] running egg_info
[0.817s] writing app2.egg-info/PKG-INFO
[0.817s] writing dependency_links to app2.egg-info/dependency_links.txt
[0.817s] writing entry points to app2.egg-info/entry_points.txt
[0.817s] writing requirements to app2.egg-info/requires.txt
[0.817s] writing top-level names to app2.egg-info/top_level.txt
[0.819s] reading manifest file 'app2.egg-info/SOURCES.txt'
[0.820s] writing manifest file 'app2.egg-info/SOURCES.txt'
[0.820s] running build_ext
[0.821s] Creating /home/ani/yc_ws/install/app2/lib/python3.10/site-packages/app2.egg-link (link to .)
[0.821s] Installing coordinator2 script to /home/ani/yc_ws/install/app2/lib/app
[0.821s] Installing grasp_detector_controller script to /home/ani/yc_ws/install/app2/lib/app
[0.822s] Installing gripper_controller script to /home/ani/yc_ws/install/app2/lib/app
[0.822s] Installing robot_controller_moveit script to /home/ani/yc_ws/install/app2/lib/app
[0.822s] Installing robot_controller_rtde script to /home/ani/yc_ws/install/app2/lib/app
[0.822s] 
[0.822s] Installed /home/ani/yc_ws/build/app2
[0.822s] running symlink_data
[0.840s] Invoked command in '/home/ani/yc_ws/build/app2' returned '0': PYTHONPATH=/home/ani/yc_ws/build/app2/prefix_override:/usr/lib/python3/dist-packages/colcon_core/task/python/colcon_distutils_commands:/home/ani/yc_ws/install/app2/lib/python3.10/site-packages:${PYTHONPATH} /usr/bin/python3 -W ignore:setup.py install is deprecated setup.py develop --editable --build-directory /home/ani/yc_ws/build/app2/build --no-deps symlink_data
