[0.356s] Invoking command in '/home/ani/yc_ws/src/build/robotiq_controllers': CMAKE_PREFIX_PATH=/opt/ros/humble /usr/bin/cmake --build /home/ani/yc_ws/src/build/robotiq_controllers -- -j12 -l12
[0.385s] [35m[1mConsolidate compiler generated dependencies of target robotiq_controllers[0m
[0.403s] [100%] Built target robotiq_controllers
[0.414s] Invoked command in '/home/ani/yc_ws/src/build/robotiq_controllers' returned '0': CMAKE_PREFIX_PATH=/opt/ros/humble /usr/bin/cmake --build /home/ani/yc_ws/src/build/robotiq_controllers -- -j12 -l12
[0.417s] Invoking command in '/home/ani/yc_ws/src/build/robotiq_controllers': CMAKE_PREFIX_PATH=/opt/ros/humble /usr/bin/cmake --install /home/ani/yc_ws/src/build/robotiq_controllers
[0.427s] -- Install configuration: ""
[0.427s] -- Execute custom install script
[0.428s] -- Up-to-date symlink: /home/ani/yc_ws/src/install/robotiq_controllers/share/robotiq_controllers//controller_plugins.xml
[0.429s] -- Up-to-date symlink: /home/ani/yc_ws/src/install/robotiq_controllers/include/robotiq_controllers/robotiq_activation_controller.hpp
[0.429s] -- Up-to-date symlink: /home/ani/yc_ws/src/install/robotiq_controllers/share/robotiq_controllers/environment/library_path.sh
[0.429s] -- Up-to-date symlink: /home/ani/yc_ws/src/install/robotiq_controllers/share/robotiq_controllers/environment/library_path.dsv
[0.430s] -- Up-to-date symlink: /home/ani/yc_ws/src/install/robotiq_controllers/share/ament_index/resource_index/package_run_dependencies/robotiq_controllers
[0.430s] -- Up-to-date symlink: /home/ani/yc_ws/src/install/robotiq_controllers/share/ament_index/resource_index/parent_prefix_path/robotiq_controllers
[0.430s] -- Up-to-date symlink: /home/ani/yc_ws/src/install/robotiq_controllers/share/robotiq_controllers/environment/ament_prefix_path.sh
[0.430s] -- Up-to-date symlink: /home/ani/yc_ws/src/install/robotiq_controllers/share/robotiq_controllers/environment/ament_prefix_path.dsv
[0.430s] -- Up-to-date symlink: /home/ani/yc_ws/src/install/robotiq_controllers/share/robotiq_controllers/environment/path.sh
[0.430s] -- Up-to-date symlink: /home/ani/yc_ws/src/install/robotiq_controllers/share/robotiq_controllers/environment/path.dsv
[0.430s] -- Up-to-date symlink: /home/ani/yc_ws/src/install/robotiq_controllers/share/robotiq_controllers/local_setup.bash
[0.430s] -- Up-to-date symlink: /home/ani/yc_ws/src/install/robotiq_controllers/share/robotiq_controllers/local_setup.sh
[0.430s] -- Up-to-date symlink: /home/ani/yc_ws/src/install/robotiq_controllers/share/robotiq_controllers/local_setup.zsh
[0.430s] -- Up-to-date symlink: /home/ani/yc_ws/src/install/robotiq_controllers/share/robotiq_controllers/local_setup.dsv
[0.430s] -- Symlinking: /home/ani/yc_ws/src/install/robotiq_controllers/share/robotiq_controllers/package.dsv
[0.433s] -- Up-to-date symlink: /home/ani/yc_ws/src/install/robotiq_controllers/share/ament_index/resource_index/packages/robotiq_controllers
[0.434s] -- Up-to-date symlink: /home/ani/yc_ws/src/install/robotiq_controllers/share/ament_index/resource_index/controller_interface__pluginlib__plugin/robotiq_controllers
[0.434s] -- Up-to-date symlink: /home/ani/yc_ws/src/install/robotiq_controllers/share/robotiq_controllers/cmake/ament_cmake_export_include_directories-extras.cmake
[0.434s] -- Up-to-date symlink: /home/ani/yc_ws/src/install/robotiq_controllers/share/robotiq_controllers/cmake/ament_cmake_export_libraries-extras.cmake
[0.434s] -- Up-to-date symlink: /home/ani/yc_ws/src/install/robotiq_controllers/share/robotiq_controllers/cmake/ament_cmake_export_targets-extras.cmake
[0.434s] -- Up-to-date symlink: /home/ani/yc_ws/src/install/robotiq_controllers/share/robotiq_controllers/cmake/ament_cmake_export_dependencies-extras.cmake
[0.434s] -- Up-to-date symlink: /home/ani/yc_ws/src/install/robotiq_controllers/share/robotiq_controllers/cmake/robotiq_controllersConfig.cmake
[0.434s] -- Up-to-date symlink: /home/ani/yc_ws/src/install/robotiq_controllers/share/robotiq_controllers/cmake/robotiq_controllersConfig-version.cmake
[0.434s] -- Up-to-date symlink: /home/ani/yc_ws/src/install/robotiq_controllers/share/robotiq_controllers/package.xml
[0.435s] -- Up-to-date: /home/ani/yc_ws/src/install/robotiq_controllers/lib/librobotiq_controllers.so
[0.435s] -- Up-to-date: /home/ani/yc_ws/src/install/robotiq_controllers/share/robotiq_controllers/cmake/export_robotiq_controllersExport.cmake
[0.435s] -- Up-to-date: /home/ani/yc_ws/src/install/robotiq_controllers/share/robotiq_controllers/cmake/export_robotiq_controllersExport-noconfig.cmake
[0.448s] Invoked command in '/home/ani/yc_ws/src/build/robotiq_controllers' returned '0': CMAKE_PREFIX_PATH=/opt/ros/humble /usr/bin/cmake --install /home/ani/yc_ws/src/build/robotiq_controllers
