running develop
running egg_info
creating find_grasp.egg-info
writing find_grasp.egg-info/PKG-INFO
writing dependency_links to find_grasp.egg-info/dependency_links.txt
writing entry points to find_grasp.egg-info/entry_points.txt
writing requirements to find_grasp.egg-info/requires.txt
writing top-level names to find_grasp.egg-info/top_level.txt
writing manifest file 'find_grasp.egg-info/SOURCES.txt'
reading manifest file 'find_grasp.egg-info/SOURCES.txt'
writing manifest file 'find_grasp.egg-info/SOURCES.txt'
running build_ext
Creating /home/ani/yc_ws/src/install/find_grasp/lib/python3.10/site-packages/find-grasp.egg-link (link to .)
Installing inference script to /home/ani/yc_ws/src/install/find_grasp/bin

Installed /home/ani/yc_ws/src/build/find_grasp
running symlink_data
creating /home/ani/yc_ws/src/install/find_grasp/share/ament_index
creating /home/ani/yc_ws/src/install/find_grasp/share/ament_index/resource_index
creating /home/ani/yc_ws/src/install/find_grasp/share/ament_index/resource_index/packages
symbolically linking /home/ani/yc_ws/src/build/find_grasp/resource/find_grasp -> /home/ani/yc_ws/src/install/find_grasp/share/ament_index/resource_index/packages
symbolically linking /home/ani/yc_ws/src/build/find_grasp/package.xml -> /home/ani/yc_ws/src/install/find_grasp/share/find_grasp
creating /home/ani/yc_ws/src/install/find_grasp/share/find_grasp/launch
symbolically linking /home/ani/yc_ws/src/build/find_grasp/launch/coordinator_launch.py -> /home/ani/yc_ws/src/install/find_grasp/share/find_grasp/launch
