[0.022s] Invoking command in '/home/ani/yc_ws/src/build/serial': CMAKE_PREFIX_PATH=/opt/ros/humble /usr/bin/cmake /home/ani/yc_ws/src/serial -DAMENT_CMAKE_SYMLINK_INSTALL=1 -DCMAKE_INSTALL_PREFIX=/home/ani/yc_ws/src/install/serial
[0.381s] -- The C compiler identification is GNU 11.4.0
[0.382s] -- The CXX compiler identification is GNU 11.4.0
[0.382s] -- Detecting C compiler ABI info
[0.382s] -- Detecting C compiler ABI info - done
[0.382s] -- Check for working C compiler: /usr/bin/cc - skipped
[0.382s] -- Detecting C compile features
[0.382s] -- Detecting C compile features - done
[0.382s] -- Detecting CXX compiler ABI info
[0.382s] -- Detecting CXX compiler ABI info - done
[0.382s] -- Check for working CXX compiler: /usr/bin/c++ - skipped
[0.382s] -- Detecting CXX compile features
[0.382s] -- Detecting CXX compile features - done
[0.382s] -- Found ament_cmake: 1.3.10 (/opt/ros/humble/share/ament_cmake/cmake)
[0.382s] -- Found Python3: /usr/bin/python3 (found version "3.10.12") found components: Interpreter 
[0.382s] -- Override CMake install command with custom implementation using symlinks instead of copying resources
[0.439s] -- Configuring done
[0.445s] -- Generating done
[0.447s] -- Build files have been written to: /home/ani/yc_ws/src/build/serial
[0.452s] Invoked command in '/home/ani/yc_ws/src/build/serial' returned '0': CMAKE_PREFIX_PATH=/opt/ros/humble /usr/bin/cmake /home/ani/yc_ws/src/serial -DAMENT_CMAKE_SYMLINK_INSTALL=1 -DCMAKE_INSTALL_PREFIX=/home/ani/yc_ws/src/install/serial
[0.454s] Invoking command in '/home/ani/yc_ws/src/build/serial': CMAKE_PREFIX_PATH=/opt/ros/humble /usr/bin/cmake --build /home/ani/yc_ws/src/build/serial -- -j12 -l12
[0.500s] [ 25%] [32mBuilding CXX object CMakeFiles/serial.dir/src/serial.cc.o[0m
[0.500s] [ 50%] [32mBuilding CXX object CMakeFiles/serial.dir/src/impl/list_ports/list_ports_linux.cc.o[0m
[0.501s] [ 75%] [32mBuilding CXX object CMakeFiles/serial.dir/src/impl/unix.cc.o[0m
[0.961s] [100%] [32m[1mLinking CXX static library libserial.a[0m
[1.031s] [100%] Built target serial
[1.042s] Invoked command in '/home/ani/yc_ws/src/build/serial' returned '0': CMAKE_PREFIX_PATH=/opt/ros/humble /usr/bin/cmake --build /home/ani/yc_ws/src/build/serial -- -j12 -l12
[1.044s] Invoking command in '/home/ani/yc_ws/src/build/serial': CMAKE_PREFIX_PATH=/opt/ros/humble /usr/bin/cmake --install /home/ani/yc_ws/src/build/serial
[1.051s] -- Install configuration: ""
[1.051s] -- Execute custom install script
[1.052s] -- Symlinking: /home/ani/yc_ws/src/install/serial/include/serial/impl/unix.h
[1.060s] -- Symlinking: /home/ani/yc_ws/src/install/serial/include/serial/impl/win.h
[1.069s] -- Symlinking: /home/ani/yc_ws/src/install/serial/include/serial/serial.h
[1.077s] -- Symlinking: /home/ani/yc_ws/src/install/serial/include/serial/v8stdint.h
[1.086s] -- Symlinking: /home/ani/yc_ws/src/install/serial/share/serial/environment/library_path.sh
[1.095s] -- Symlinking: /home/ani/yc_ws/src/install/serial/share/serial/environment/library_path.dsv
[1.104s] -- Symlinking: /home/ani/yc_ws/src/install/serial/share/ament_index/resource_index/package_run_dependencies/serial
[1.114s] -- Symlinking: /home/ani/yc_ws/src/install/serial/share/ament_index/resource_index/parent_prefix_path/serial
[1.122s] -- Symlinking: /home/ani/yc_ws/src/install/serial/share/serial/environment/ament_prefix_path.sh
[1.133s] -- Symlinking: /home/ani/yc_ws/src/install/serial/share/serial/environment/ament_prefix_path.dsv
[1.140s] -- Symlinking: /home/ani/yc_ws/src/install/serial/share/serial/environment/path.sh
[1.148s] -- Symlinking: /home/ani/yc_ws/src/install/serial/share/serial/environment/path.dsv
[1.157s] -- Symlinking: /home/ani/yc_ws/src/install/serial/share/serial/local_setup.bash
[1.166s] -- Symlinking: /home/ani/yc_ws/src/install/serial/share/serial/local_setup.sh
[1.174s] -- Symlinking: /home/ani/yc_ws/src/install/serial/share/serial/local_setup.zsh
[1.181s] -- Symlinking: /home/ani/yc_ws/src/install/serial/share/serial/local_setup.dsv
[1.188s] -- Symlinking: /home/ani/yc_ws/src/install/serial/share/serial/package.dsv
[1.196s] -- Symlinking: /home/ani/yc_ws/src/install/serial/share/ament_index/resource_index/packages/serial
[1.204s] -- Symlinking: /home/ani/yc_ws/src/install/serial/share/serial/cmake/ament_cmake_export_include_directories-extras.cmake
[1.211s] -- Symlinking: /home/ani/yc_ws/src/install/serial/share/serial/cmake/ament_cmake_export_libraries-extras.cmake
[1.218s] -- Symlinking: /home/ani/yc_ws/src/install/serial/share/serial/cmake/ament_cmake_export_targets-extras.cmake
[1.226s] -- Symlinking: /home/ani/yc_ws/src/install/serial/share/serial/cmake/serialConfig.cmake
[1.235s] -- Symlinking: /home/ani/yc_ws/src/install/serial/share/serial/cmake/serialConfig-version.cmake
[1.243s] -- Symlinking: /home/ani/yc_ws/src/install/serial/share/serial/package.xml
[1.251s] -- Installing: /home/ani/yc_ws/src/install/serial/lib/libserial.a
[1.251s] -- Installing: /home/ani/yc_ws/src/install/serial/share/serial/cmake/export_serialExport.cmake
[1.252s] -- Installing: /home/ani/yc_ws/src/install/serial/share/serial/cmake/export_serialExport-noconfig.cmake
[1.254s] Invoked command in '/home/ani/yc_ws/src/build/serial' returned '0': CMAKE_PREFIX_PATH=/opt/ros/humble /usr/bin/cmake --install /home/ani/yc_ws/src/build/serial
