[0.285s] Invoking command in '/home/ani/yc_ws/build/ur_calibration': CMAKE_PREFIX_PATH=${CMAKE_PREFIX_PATH}:/home/ani/yc_ws/install/app2:/home/ani/yc_ws/install/app:/opt/ros/humble /usr/bin/cmake /home/ani/yc_ws/src/ur_calibration -DAMENT_CMAKE_SYMLINK_INSTALL=1 -DCMAKE_INSTALL_PREFIX=/home/ani/yc_ws/install/ur_calibration
[0.292s] [0mur_calibration: You did not request a specific build type: selecting 'RelWithDebInfo'.[0m
[0.292s] -- Found ament_cmake: 1.3.10 (/opt/ros/humble/share/ament_cmake/cmake)
[0.391s] -- Override CMake install command with custom implementation using symlinks instead of copying resources
[0.416s] -- Found rclcpp: 16.0.10 (/opt/ros/humble/share/rclcpp/cmake)
[0.467s] -- Found rosidl_generator_c: 3.1.5 (/opt/ros/humble/share/rosidl_generator_c/cmake)
[0.473s] -- Found rosidl_adapter: 3.1.5 (/opt/ros/humble/share/rosidl_adapter/cmake)
[0.487s] -- Found rosidl_generator_cpp: 3.1.5 (/opt/ros/humble/share/rosidl_generator_cpp/cmake)
[0.494s] -- Using all available rosidl_typesupport_c: rosidl_typesupport_fastrtps_c;rosidl_typesupport_introspection_c
[0.511s] -- Using all available rosidl_typesupport_cpp: rosidl_typesupport_fastrtps_cpp;rosidl_typesupport_introspection_cpp
[0.548s] -- Found rmw_implementation_cmake: 6.1.2 (/opt/ros/humble/share/rmw_implementation_cmake/cmake)
[0.551s] -- Found rmw_fastrtps_cpp: 6.2.7 (/opt/ros/humble/share/rmw_fastrtps_cpp/cmake)
[0.636s] -- Found OpenSSL: /usr/lib/x86_64-linux-gnu/libcrypto.so (found version "3.0.2")  
[0.668s] -- Found FastRTPS: /opt/ros/humble/include  
[0.716s] -- Using RMW implementation 'rmw_fastrtps_cpp' as default
[0.727s] -- Looking for pthread.h
[0.781s] -- Looking for pthread.h - found
[0.781s] -- Performing Test CMAKE_HAVE_LIBC_PTHREAD
[0.842s] -- Performing Test CMAKE_HAVE_LIBC_PTHREAD - Success
[0.843s] -- Found Threads: TRUE  
[0.889s] -- Found ur_robot_driver: 2.2.16 (/opt/ros/humble/share/ur_robot_driver/cmake)
[1.070s] -- Found eigen3_cmake_module: 0.1.1 (/opt/ros/humble/share/eigen3_cmake_module/cmake)
[1.071s] -- Found Eigen3: TRUE (found version "3.4.0") 
[1.071s] -- Ensuring Eigen3 include directory is part of orocos-kdl CMake target
[1.216s] -- Configuring done
[1.278s] -- Generating done
[1.280s] -- Build files have been written to: /home/ani/yc_ws/build/ur_calibration
[1.291s] Invoked command in '/home/ani/yc_ws/build/ur_calibration' returned '0': CMAKE_PREFIX_PATH=${CMAKE_PREFIX_PATH}:/home/ani/yc_ws/install/app2:/home/ani/yc_ws/install/app:/opt/ros/humble /usr/bin/cmake /home/ani/yc_ws/src/ur_calibration -DAMENT_CMAKE_SYMLINK_INSTALL=1 -DCMAKE_INSTALL_PREFIX=/home/ani/yc_ws/install/ur_calibration
[1.292s] Invoking command in '/home/ani/yc_ws/build/ur_calibration': CMAKE_PREFIX_PATH=${CMAKE_PREFIX_PATH}:/home/ani/yc_ws/install/app2:/home/ani/yc_ws/install/app:/opt/ros/humble /usr/bin/cmake --build /home/ani/yc_ws/build/ur_calibration -- -j12 -l12
[1.330s] [ 40%] [32mBuilding CXX object CMakeFiles/calibration.dir/src/calibration_consumer.cpp.o[0m
[1.330s] [ 40%] [32mBuilding CXX object CMakeFiles/calibration.dir/src/calibration.cpp.o[0m
[7.940s] [ 60%] [32m[1mLinking CXX static library libcalibration.a[0m
[8.043s] [ 60%] Built target calibration
[8.060s] [ 80%] [32mBuilding CXX object CMakeFiles/calibration_correction.dir/src/calibration_correction.cpp.o[0m
[12.341s] [100%] [32m[1mLinking CXX executable calibration_correction[0m
[12.523s] [100%] Built target calibration_correction
