[0.023s] Invoking command in '/home/ani/yc_ws/build/serial': CMAKE_PREFIX_PATH=/opt/ros/humble /usr/bin/cmake --build /home/ani/yc_ws/build/serial -- -j12 -l12
[0.373s] [100%] Built target serial
[0.377s] Invoked command in '/home/ani/yc_ws/build/serial' returned '0': CMAKE_PREFIX_PATH=/opt/ros/humble /usr/bin/cmake --build /home/ani/yc_ws/build/serial -- -j12 -l12
[0.383s] Invoking command in '/home/ani/yc_ws/build/serial': CMAKE_PREFIX_PATH=/opt/ros/humble /usr/bin/cmake --install /home/ani/yc_ws/build/serial
[0.388s] -- Install configuration: ""
[0.390s] -- Execute custom install script
[0.390s] -- Up-to-date symlink: /home/ani/yc_ws/install/serial/include/serial/impl/unix.h
[0.390s] -- Up-to-date symlink: /home/ani/yc_ws/install/serial/include/serial/impl/win.h
[0.390s] -- Up-to-date symlink: /home/ani/yc_ws/install/serial/include/serial/serial.h
[0.390s] -- Up-to-date symlink: /home/ani/yc_ws/install/serial/include/serial/v8stdint.h
[0.390s] -- Up-to-date symlink: /home/ani/yc_ws/install/serial/share/serial/environment/library_path.sh
[0.391s] -- Up-to-date symlink: /home/ani/yc_ws/install/serial/share/serial/environment/library_path.dsv
[0.391s] -- Up-to-date symlink: /home/ani/yc_ws/install/serial/share/ament_index/resource_index/package_run_dependencies/serial
[0.391s] -- Up-to-date symlink: /home/ani/yc_ws/install/serial/share/ament_index/resource_index/parent_prefix_path/serial
[0.391s] -- Up-to-date symlink: /home/ani/yc_ws/install/serial/share/serial/environment/ament_prefix_path.sh
[0.391s] -- Up-to-date symlink: /home/ani/yc_ws/install/serial/share/serial/environment/ament_prefix_path.dsv
[0.391s] -- Up-to-date symlink: /home/ani/yc_ws/install/serial/share/serial/environment/path.sh
[0.391s] -- Up-to-date symlink: /home/ani/yc_ws/install/serial/share/serial/environment/path.dsv
[0.391s] -- Up-to-date symlink: /home/ani/yc_ws/install/serial/share/serial/local_setup.bash
[0.391s] -- Up-to-date symlink: /home/ani/yc_ws/install/serial/share/serial/local_setup.sh
[0.391s] -- Up-to-date symlink: /home/ani/yc_ws/install/serial/share/serial/local_setup.zsh
[0.391s] -- Up-to-date symlink: /home/ani/yc_ws/install/serial/share/serial/local_setup.dsv
[0.391s] -- Symlinking: /home/ani/yc_ws/install/serial/share/serial/package.dsv
[0.399s] -- Up-to-date symlink: /home/ani/yc_ws/install/serial/share/ament_index/resource_index/packages/serial
[0.400s] -- Up-to-date symlink: /home/ani/yc_ws/install/serial/share/serial/cmake/ament_cmake_export_include_directories-extras.cmake
[0.400s] -- Up-to-date symlink: /home/ani/yc_ws/install/serial/share/serial/cmake/ament_cmake_export_libraries-extras.cmake
[0.401s] -- Up-to-date symlink: /home/ani/yc_ws/install/serial/share/serial/cmake/ament_cmake_export_targets-extras.cmake
[0.402s] -- Up-to-date symlink: /home/ani/yc_ws/install/serial/share/serial/cmake/serialConfig.cmake
[0.402s] -- Up-to-date symlink: /home/ani/yc_ws/install/serial/share/serial/cmake/serialConfig-version.cmake
[0.402s] -- Up-to-date symlink: /home/ani/yc_ws/install/serial/share/serial/package.xml
[0.403s] -- Up-to-date: /home/ani/yc_ws/install/serial/lib/libserial.a
[0.403s] -- Up-to-date: /home/ani/yc_ws/install/serial/share/serial/cmake/export_serialExport.cmake
[0.403s] -- Up-to-date: /home/ani/yc_ws/install/serial/share/serial/cmake/export_serialExport-noconfig.cmake
[0.404s] Invoked command in '/home/ani/yc_ws/build/serial' returned '0': CMAKE_PREFIX_PATH=/opt/ros/humble /usr/bin/cmake --install /home/ani/yc_ws/build/serial
