[0.023s] Invoking command in '/home/ani/yc_ws/build/serial': CMAKE_PREFIX_PATH=/opt/ros/humble /usr/bin/cmake /home/ani/yc_ws/src/serial -DAMENT_CMAKE_SYMLINK_INSTALL=1 -DCMAKE_INSTALL_PREFIX=/home/ani/yc_ws/install/serial
[0.378s] -- The C compiler identification is GNU 11.4.0
[0.378s] -- The CXX compiler identification is GNU 11.4.0
[0.378s] -- Detecting C compiler ABI info
[0.378s] -- Detecting C compiler ABI info - done
[0.378s] -- Check for working C compiler: /usr/bin/cc - skipped
[0.378s] -- Detecting C compile features
[0.378s] -- Detecting C compile features - done
[0.379s] -- Detecting CXX compiler ABI info
[0.379s] -- Detecting CXX compiler ABI info - done
[0.379s] -- Check for working CXX compiler: /usr/bin/c++ - skipped
[0.379s] -- Detecting CXX compile features
[0.379s] -- Detecting CXX compile features - done
[0.379s] -- Found ament_cmake: 1.3.10 (/opt/ros/humble/share/ament_cmake/cmake)
[0.379s] -- Found Python3: /usr/bin/python3 (found version "3.10.12") found components: Interpreter 
[0.380s] -- Override CMake install command with custom implementation using symlinks instead of copying resources
[0.449s] -- Configuring done
[0.455s] -- Generating done
[0.458s] -- Build files have been written to: /home/ani/yc_ws/build/serial
[0.463s] Invoked command in '/home/ani/yc_ws/build/serial' returned '0': CMAKE_PREFIX_PATH=/opt/ros/humble /usr/bin/cmake /home/ani/yc_ws/src/serial -DAMENT_CMAKE_SYMLINK_INSTALL=1 -DCMAKE_INSTALL_PREFIX=/home/ani/yc_ws/install/serial
[0.465s] Invoking command in '/home/ani/yc_ws/build/serial': CMAKE_PREFIX_PATH=/opt/ros/humble /usr/bin/cmake --build /home/ani/yc_ws/build/serial -- -j12 -l12
[0.507s] [ 25%] [32mBuilding CXX object CMakeFiles/serial.dir/src/serial.cc.o[0m
[0.507s] [ 50%] [32mBuilding CXX object CMakeFiles/serial.dir/src/impl/list_ports/list_ports_linux.cc.o[0m
[0.508s] [ 75%] [32mBuilding CXX object CMakeFiles/serial.dir/src/impl/unix.cc.o[0m
[0.994s] [100%] [32m[1mLinking CXX static library libserial.a[0m
[1.044s] [100%] Built target serial
[1.053s] Invoked command in '/home/ani/yc_ws/build/serial' returned '0': CMAKE_PREFIX_PATH=/opt/ros/humble /usr/bin/cmake --build /home/ani/yc_ws/build/serial -- -j12 -l12
[1.054s] Invoking command in '/home/ani/yc_ws/build/serial': CMAKE_PREFIX_PATH=/opt/ros/humble /usr/bin/cmake --install /home/ani/yc_ws/build/serial
[1.059s] -- Install configuration: ""
[1.060s] -- Execute custom install script
[1.060s] -- Symlinking: /home/ani/yc_ws/install/serial/include/serial/impl/unix.h
[1.066s] -- Symlinking: /home/ani/yc_ws/install/serial/include/serial/impl/win.h
[1.072s] -- Symlinking: /home/ani/yc_ws/install/serial/include/serial/serial.h
[1.077s] -- Symlinking: /home/ani/yc_ws/install/serial/include/serial/v8stdint.h
[1.083s] -- Symlinking: /home/ani/yc_ws/install/serial/share/serial/environment/library_path.sh
[1.089s] -- Symlinking: /home/ani/yc_ws/install/serial/share/serial/environment/library_path.dsv
[1.096s] -- Symlinking: /home/ani/yc_ws/install/serial/share/ament_index/resource_index/package_run_dependencies/serial
[1.102s] -- Symlinking: /home/ani/yc_ws/install/serial/share/ament_index/resource_index/parent_prefix_path/serial
[1.109s] -- Symlinking: /home/ani/yc_ws/install/serial/share/serial/environment/ament_prefix_path.sh
[1.118s] -- Symlinking: /home/ani/yc_ws/install/serial/share/serial/environment/ament_prefix_path.dsv
[1.123s] -- Symlinking: /home/ani/yc_ws/install/serial/share/serial/environment/path.sh
[1.130s] -- Symlinking: /home/ani/yc_ws/install/serial/share/serial/environment/path.dsv
[1.138s] -- Symlinking: /home/ani/yc_ws/install/serial/share/serial/local_setup.bash
[1.144s] -- Symlinking: /home/ani/yc_ws/install/serial/share/serial/local_setup.sh
[1.151s] -- Symlinking: /home/ani/yc_ws/install/serial/share/serial/local_setup.zsh
[1.158s] -- Symlinking: /home/ani/yc_ws/install/serial/share/serial/local_setup.dsv
[1.165s] -- Symlinking: /home/ani/yc_ws/install/serial/share/serial/package.dsv
[1.172s] -- Symlinking: /home/ani/yc_ws/install/serial/share/ament_index/resource_index/packages/serial
[1.180s] -- Symlinking: /home/ani/yc_ws/install/serial/share/serial/cmake/ament_cmake_export_include_directories-extras.cmake
[1.188s] -- Symlinking: /home/ani/yc_ws/install/serial/share/serial/cmake/ament_cmake_export_libraries-extras.cmake
[1.194s] -- Symlinking: /home/ani/yc_ws/install/serial/share/serial/cmake/ament_cmake_export_targets-extras.cmake
[1.201s] -- Symlinking: /home/ani/yc_ws/install/serial/share/serial/cmake/serialConfig.cmake
[1.207s] -- Symlinking: /home/ani/yc_ws/install/serial/share/serial/cmake/serialConfig-version.cmake
[1.213s] -- Symlinking: /home/ani/yc_ws/install/serial/share/serial/package.xml
[1.219s] -- Installing: /home/ani/yc_ws/install/serial/lib/libserial.a
[1.220s] -- Installing: /home/ani/yc_ws/install/serial/share/serial/cmake/export_serialExport.cmake
[1.220s] -- Installing: /home/ani/yc_ws/install/serial/share/serial/cmake/export_serialExport-noconfig.cmake
