[0.025s] Invoking command in '/home/ani/yc_ws/build/serial': CMAKE_PREFIX_PATH=${CMAKE_PREFIX_PATH}:/home/ani/yc_ws/install/app2:/home/ani/yc_ws/install/app:/opt/ros/humble /usr/bin/cmake /home/ani/yc_ws/src/serial -DAMENT_CMAKE_SYMLINK_INSTALL=1 -DCMAKE_INSTALL_PREFIX=/home/ani/yc_ws/install/serial
[0.302s] -- Found ament_cmake: 1.3.10 (/opt/ros/humble/share/ament_cmake/cmake)
[0.302s] -- Override CMake install command with custom implementation using symlinks instead of copying resources
[0.302s] -- Configuring done
[0.302s] -- Generating done
[0.303s] -- Build files have been written to: /home/ani/yc_ws/build/serial
[0.308s] Invoked command in '/home/ani/yc_ws/build/serial' returned '0': CMAKE_PREFIX_PATH=${CMAKE_PREFIX_PATH}:/home/ani/yc_ws/install/app2:/home/ani/yc_ws/install/app:/opt/ros/humble /usr/bin/cmake /home/ani/yc_ws/src/serial -DAMENT_CMAKE_SYMLINK_INSTALL=1 -DCMAKE_INSTALL_PREFIX=/home/ani/yc_ws/install/serial
[0.309s] Invoking command in '/home/ani/yc_ws/build/serial': CMAKE_PREFIX_PATH=${CMAKE_PREFIX_PATH}:/home/ani/yc_ws/install/app2:/home/ani/yc_ws/install/app:/opt/ros/humble /usr/bin/cmake --build /home/ani/yc_ws/build/serial -- -j12 -l12
[0.360s] [ 75%] [32mBuilding CXX object CMakeFiles/serial.dir/src/impl/unix.cc.o[0m
[0.361s] [ 75%] [32mBuilding CXX object CMakeFiles/serial.dir/src/impl/list_ports/list_ports_linux.cc.o[0m
[0.361s] [ 75%] [32mBuilding CXX object CMakeFiles/serial.dir/src/serial.cc.o[0m
[0.821s] [100%] [32m[1mLinking CXX static library libserial.a[0m
[0.960s] [100%] Built target serial
[0.969s] Invoked command in '/home/ani/yc_ws/build/serial' returned '0': CMAKE_PREFIX_PATH=${CMAKE_PREFIX_PATH}:/home/ani/yc_ws/install/app2:/home/ani/yc_ws/install/app:/opt/ros/humble /usr/bin/cmake --build /home/ani/yc_ws/build/serial -- -j12 -l12
[0.993s] Invoking command in '/home/ani/yc_ws/build/serial': CMAKE_PREFIX_PATH=${CMAKE_PREFIX_PATH}:/home/ani/yc_ws/install/app2:/home/ani/yc_ws/install/app:/opt/ros/humble /usr/bin/cmake --install /home/ani/yc_ws/build/serial
[0.997s] -- Install configuration: ""
[0.998s] -- Execute custom install script
[0.998s] -- Symlinking: /home/ani/yc_ws/install/serial/include/serial/impl/unix.h
[1.004s] -- Symlinking: /home/ani/yc_ws/install/serial/include/serial/impl/win.h
[1.010s] -- Symlinking: /home/ani/yc_ws/install/serial/include/serial/serial.h
[1.016s] -- Symlinking: /home/ani/yc_ws/install/serial/include/serial/v8stdint.h
[1.023s] -- Symlinking: /home/ani/yc_ws/install/serial/share/serial/environment/library_path.sh
[1.029s] -- Symlinking: /home/ani/yc_ws/install/serial/share/serial/environment/library_path.dsv
[1.035s] -- Symlinking: /home/ani/yc_ws/install/serial/share/ament_index/resource_index/package_run_dependencies/serial
[1.041s] -- Symlinking: /home/ani/yc_ws/install/serial/share/ament_index/resource_index/parent_prefix_path/serial
[1.047s] -- Symlinking: /home/ani/yc_ws/install/serial/share/serial/environment/ament_prefix_path.sh
[1.053s] -- Symlinking: /home/ani/yc_ws/install/serial/share/serial/environment/ament_prefix_path.dsv
[1.059s] -- Symlinking: /home/ani/yc_ws/install/serial/share/serial/environment/path.sh
[1.065s] -- Symlinking: /home/ani/yc_ws/install/serial/share/serial/environment/path.dsv
[1.071s] -- Symlinking: /home/ani/yc_ws/install/serial/share/serial/local_setup.bash
[1.078s] -- Symlinking: /home/ani/yc_ws/install/serial/share/serial/local_setup.sh
[1.084s] -- Symlinking: /home/ani/yc_ws/install/serial/share/serial/local_setup.zsh
[1.090s] -- Symlinking: /home/ani/yc_ws/install/serial/share/serial/local_setup.dsv
[1.097s] -- Symlinking: /home/ani/yc_ws/install/serial/share/serial/package.dsv
[1.103s] -- Symlinking: /home/ani/yc_ws/install/serial/share/ament_index/resource_index/packages/serial
[1.109s] -- Symlinking: /home/ani/yc_ws/install/serial/share/serial/cmake/ament_cmake_export_include_directories-extras.cmake
[1.116s] -- Symlinking: /home/ani/yc_ws/install/serial/share/serial/cmake/ament_cmake_export_libraries-extras.cmake
[1.122s] -- Symlinking: /home/ani/yc_ws/install/serial/share/serial/cmake/ament_cmake_export_targets-extras.cmake
[1.128s] -- Symlinking: /home/ani/yc_ws/install/serial/share/serial/cmake/serialConfig.cmake
[1.134s] -- Symlinking: /home/ani/yc_ws/install/serial/share/serial/cmake/serialConfig-version.cmake
[1.140s] -- Symlinking: /home/ani/yc_ws/install/serial/share/serial/package.xml
[1.146s] -- Installing: /home/ani/yc_ws/install/serial/lib/libserial.a
[1.147s] -- Installing: /home/ani/yc_ws/install/serial/share/serial/cmake/export_serialExport.cmake
[1.147s] -- Installing: /home/ani/yc_ws/install/serial/share/serial/cmake/export_serialExport-noconfig.cmake
[1.148s] Invoked command in '/home/ani/yc_ws/build/serial' returned '0': CMAKE_PREFIX_PATH=${CMAKE_PREFIX_PATH}:/home/ani/yc_ws/install/app2:/home/ani/yc_ws/install/app:/opt/ros/humble /usr/bin/cmake --install /home/ani/yc_ws/build/serial
