-- The C compiler identification is GNU 11.4.0
-- The CXX compiler identification is GNU 11.4.0
-- Detecting C compiler ABI info
-- Detecting C compiler ABI info - done
-- Check for working C compiler: /usr/bin/cc - skipped
-- Detecting C compile features
-- Detecting C compile features - done
-- Detecting CXX compiler ABI info
-- Detecting CXX compiler ABI info - done
-- Check for working CXX compiler: /usr/bin/c++ - skipped
-- Detecting CXX compile features
-- Detecting CXX compile features - done
[0mur_calibration: You did not request a specific build type: selecting 'RelWithDebInfo'.[0m
-- Found ament_cmake: 1.3.10 (/opt/ros/humble/share/ament_cmake/cmake)
-- Found Python3: /usr/bin/python3 (found version "3.10.12") found components: Interpreter 
-- Override CMake install command with custom implementation using symlinks instead of copying resources
-- Found rclcpp: 16.0.10 (/opt/ros/humble/share/rclcpp/cmake)
-- Found rosidl_generator_c: 3.1.5 (/opt/ros/humble/share/rosidl_generator_c/cmake)
-- Found rosidl_adapter: 3.1.5 (/opt/ros/humble/share/rosidl_adapter/cmake)
-- Found rosidl_generator_cpp: 3.1.5 (/opt/ros/humble/share/rosidl_generator_cpp/cmake)
-- Using all available rosidl_typesupport_c: rosidl_typesupport_fastrtps_c;rosidl_typesupport_introspection_c
-- Using all available rosidl_typesupport_cpp: rosidl_typesupport_fastrtps_cpp;rosidl_typesupport_introspection_cpp
-- Found rmw_implementation_cmake: 6.1.2 (/opt/ros/humble/share/rmw_implementation_cmake/cmake)
-- Found rmw_fastrtps_cpp: 6.2.7 (/opt/ros/humble/share/rmw_fastrtps_cpp/cmake)
-- Found OpenSSL: /usr/lib/x86_64-linux-gnu/libcrypto.so (found version "3.0.2")  
-- Found FastRTPS: /opt/ros/humble/include  
-- Using RMW implementation 'rmw_fastrtps_cpp' as default
-- Looking for pthread.h
-- Looking for pthread.h - found
-- Performing Test CMAKE_HAVE_LIBC_PTHREAD
-- Performing Test CMAKE_HAVE_LIBC_PTHREAD - Success
-- Found Threads: TRUE  
-- Found ur_robot_driver: 2.2.16 (/opt/ros/humble/share/ur_robot_driver/cmake)
-- Found eigen3_cmake_module: 0.1.1 (/opt/ros/humble/share/eigen3_cmake_module/cmake)
-- Found Eigen3: TRUE (found version "3.4.0") 
-- Ensuring Eigen3 include directory is part of orocos-kdl CMake target
-- Configuring done
-- Generating done
-- Build files have been written to: /home/ani/yc_ws/src/build/ur_calibration
[ 20%] [32mBuilding CXX object CMakeFiles/calibration.dir/src/calibration.cpp.o[0m
[ 40%] [32mBuilding CXX object CMakeFiles/calibration.dir/src/calibration_consumer.cpp.o[0m
[ 60%] [32m[1mLinking CXX static library libcalibration.a[0m
[ 60%] Built target calibration
[ 80%] [32mBuilding CXX object CMakeFiles/calibration_correction.dir/src/calibration_correction.cpp.o[0m
[100%] [32m[1mLinking CXX executable calibration_correction[0m
[100%] Built target calibration_correction
-- Install configuration: "RelWithDebInfo"
-- Execute custom install script
-- Symlinking: /home/ani/yc_ws/src/install/ur_calibration/lib/ur_calibration/calibration_correction
-- Symlinking: /home/ani/yc_ws/src/install/ur_calibration/include/ur_calibration/calibration.hpp
-- Symlinking: /home/ani/yc_ws/src/install/ur_calibration/include/ur_calibration/calibration_consumer.hpp
-- Symlinking: /home/ani/yc_ws/src/install/ur_calibration/share/ur_calibration/launch/calibration_correction.launch.py
-- Symlinking: /home/ani/yc_ws/src/install/ur_calibration/share/ament_index/resource_index/package_run_dependencies/ur_calibration
-- Symlinking: /home/ani/yc_ws/src/install/ur_calibration/share/ament_index/resource_index/parent_prefix_path/ur_calibration
-- Symlinking: /home/ani/yc_ws/src/install/ur_calibration/share/ur_calibration/environment/ament_prefix_path.sh
-- Symlinking: /home/ani/yc_ws/src/install/ur_calibration/share/ur_calibration/environment/ament_prefix_path.dsv
-- Symlinking: /home/ani/yc_ws/src/install/ur_calibration/share/ur_calibration/environment/path.sh
-- Symlinking: /home/ani/yc_ws/src/install/ur_calibration/share/ur_calibration/environment/path.dsv
-- Symlinking: /home/ani/yc_ws/src/install/ur_calibration/share/ur_calibration/local_setup.bash
-- Symlinking: /home/ani/yc_ws/src/install/ur_calibration/share/ur_calibration/local_setup.sh
-- Symlinking: /home/ani/yc_ws/src/install/ur_calibration/share/ur_calibration/local_setup.zsh
-- Symlinking: /home/ani/yc_ws/src/install/ur_calibration/share/ur_calibration/local_setup.dsv
-- Symlinking: /home/ani/yc_ws/src/install/ur_calibration/share/ur_calibration/package.dsv
-- Symlinking: /home/ani/yc_ws/src/install/ur_calibration/share/ament_index/resource_index/packages/ur_calibration
-- Symlinking: /home/ani/yc_ws/src/install/ur_calibration/share/ur_calibration/cmake/ament_cmake_export_include_directories-extras.cmake
-- Symlinking: /home/ani/yc_ws/src/install/ur_calibration/share/ur_calibration/cmake/ament_cmake_export_dependencies-extras.cmake
-- Symlinking: /home/ani/yc_ws/src/install/ur_calibration/share/ur_calibration/cmake/ur_calibrationConfig.cmake
-- Symlinking: /home/ani/yc_ws/src/install/ur_calibration/share/ur_calibration/cmake/ur_calibrationConfig-version.cmake
-- Symlinking: /home/ani/yc_ws/src/install/ur_calibration/share/ur_calibration/package.xml
