[0.704s] Invoking command in '/home/ani/yc_ws/src/build/frames': PYTHONPATH=/home/ani/yc_ws/src/build/frames/prefix_override:/usr/lib/python3/dist-packages/colcon_core/task/python/colcon_distutils_commands:/home/ani/yc_ws/src/install/frames/lib/python3.10/site-packages:${PYTHONPATH} /usr/bin/python3 -W ignore:setup.py install is deprecated -W ignore:easy_install command is deprecated setup.py develop --editable --build-directory /home/ani/yc_ws/src/build/frames/build --no-deps symlink_data
[0.950s] running develop
[1.086s] running egg_info
[1.087s] creating frames.egg-info
[1.087s] writing frames.egg-info/PKG-INFO
[1.088s] writing dependency_links to frames.egg-info/dependency_links.txt
[1.088s] writing entry points to frames.egg-info/entry_points.txt
[1.088s] writing requirements to frames.egg-info/requires.txt
[1.088s] writing top-level names to frames.egg-info/top_level.txt
[1.089s] writing manifest file 'frames.egg-info/SOURCES.txt'
[1.090s] reading manifest file 'frames.egg-info/SOURCES.txt'
[1.091s] writing manifest file 'frames.egg-info/SOURCES.txt'
[1.092s] running build_ext
[1.092s] Creating /home/ani/yc_ws/src/install/frames/lib/python3.10/site-packages/frames.egg-link (link to .)
[1.093s] Installing coordinator2 script to /home/ani/yc_ws/src/install/frames/bin
[1.093s] Installing grasp_detector_controller script to /home/ani/yc_ws/src/install/frames/bin
[1.093s] Installing gripper_controller script to /home/ani/yc_ws/src/install/frames/bin
[1.093s] Installing robot_controller_moveit script to /home/ani/yc_ws/src/install/frames/bin
[1.093s] Installing robot_controller_rtde script to /home/ani/yc_ws/src/install/frames/bin
[1.093s] 
[1.093s] Installed /home/ani/yc_ws/src/build/frames
[1.094s] running symlink_data
[1.094s] creating /home/ani/yc_ws/src/install/frames/share/ament_index
[1.094s] creating /home/ani/yc_ws/src/install/frames/share/ament_index/resource_index
[1.094s] creating /home/ani/yc_ws/src/install/frames/share/ament_index/resource_index/packages
[1.094s] symbolically linking /home/ani/yc_ws/src/build/frames/resource/frames -> /home/ani/yc_ws/src/install/frames/share/ament_index/resource_index/packages
[1.094s] symbolically linking /home/ani/yc_ws/src/build/frames/package.xml -> /home/ani/yc_ws/src/install/frames/share/frames
[1.094s] creating /home/ani/yc_ws/src/install/frames/share/frames/launch
[1.094s] symbolically linking /home/ani/yc_ws/src/build/frames/launch/coordinator_launch.py -> /home/ani/yc_ws/src/install/frames/share/frames/launch
[1.118s] Invoked command in '/home/ani/yc_ws/src/build/frames' returned '0': PYTHONPATH=/home/ani/yc_ws/src/build/frames/prefix_override:/usr/lib/python3/dist-packages/colcon_core/task/python/colcon_distutils_commands:/home/ani/yc_ws/src/install/frames/lib/python3.10/site-packages:${PYTHONPATH} /usr/bin/python3 -W ignore:setup.py install is deprecated -W ignore:easy_install command is deprecated setup.py develop --editable --build-directory /home/ani/yc_ws/src/build/frames/build --no-deps symlink_data
