[35m[1mConsolidate compiler generated dependencies of target robotiq_controllers[0m
[100%] Built target robotiq_controllers
-- Install configuration: ""
-- Execute custom install script
-- Symlinking: /home/ani/yc_ws/install/robotiq_controllers/share/robotiq_controllers//controller_plugins.xml
-- Symlinking: /home/ani/yc_ws/install/robotiq_controllers/include/robotiq_controllers/robotiq_activation_controller.hpp
-- Symlinking: /home/ani/yc_ws/install/robotiq_controllers/share/robotiq_controllers/environment/library_path.sh
-- Symlinking: /home/ani/yc_ws/install/robotiq_controllers/share/robotiq_controllers/environment/library_path.dsv
-- Symlinking: /home/ani/yc_ws/install/robotiq_controllers/share/ament_index/resource_index/package_run_dependencies/robotiq_controllers
-- Symlinking: /home/ani/yc_ws/install/robotiq_controllers/share/ament_index/resource_index/parent_prefix_path/robotiq_controllers
-- Symlinking: /home/ani/yc_ws/install/robotiq_controllers/share/robotiq_controllers/environment/ament_prefix_path.sh
-- Symlinking: /home/ani/yc_ws/install/robotiq_controllers/share/robotiq_controllers/environment/ament_prefix_path.dsv
-- Symlinking: /home/ani/yc_ws/install/robotiq_controllers/share/robotiq_controllers/environment/path.sh
-- Symlinking: /home/ani/yc_ws/install/robotiq_controllers/share/robotiq_controllers/environment/path.dsv
-- Symlinking: /home/ani/yc_ws/install/robotiq_controllers/share/robotiq_controllers/local_setup.bash
-- Symlinking: /home/ani/yc_ws/install/robotiq_controllers/share/robotiq_controllers/local_setup.sh
-- Symlinking: /home/ani/yc_ws/install/robotiq_controllers/share/robotiq_controllers/local_setup.zsh
-- Symlinking: /home/ani/yc_ws/install/robotiq_controllers/share/robotiq_controllers/local_setup.dsv
-- Symlinking: /home/ani/yc_ws/install/robotiq_controllers/share/robotiq_controllers/package.dsv
-- Symlinking: /home/ani/yc_ws/install/robotiq_controllers/share/ament_index/resource_index/packages/robotiq_controllers
-- Symlinking: /home/ani/yc_ws/install/robotiq_controllers/share/ament_index/resource_index/controller_interface__pluginlib__plugin/robotiq_controllers
-- Symlinking: /home/ani/yc_ws/install/robotiq_controllers/share/robotiq_controllers/cmake/ament_cmake_export_include_directories-extras.cmake
-- Symlinking: /home/ani/yc_ws/install/robotiq_controllers/share/robotiq_controllers/cmake/ament_cmake_export_libraries-extras.cmake
-- Symlinking: /home/ani/yc_ws/install/robotiq_controllers/share/robotiq_controllers/cmake/ament_cmake_export_targets-extras.cmake
-- Symlinking: /home/ani/yc_ws/install/robotiq_controllers/share/robotiq_controllers/cmake/ament_cmake_export_dependencies-extras.cmake
-- Symlinking: /home/ani/yc_ws/install/robotiq_controllers/share/robotiq_controllers/cmake/robotiq_controllersConfig.cmake
-- Symlinking: /home/ani/yc_ws/install/robotiq_controllers/share/robotiq_controllers/cmake/robotiq_controllersConfig-version.cmake
-- Symlinking: /home/ani/yc_ws/install/robotiq_controllers/share/robotiq_controllers/package.xml
-- Installing: /home/ani/yc_ws/install/robotiq_controllers/lib/librobotiq_controllers.so
-- Set runtime path of "/home/ani/yc_ws/install/robotiq_controllers/lib/librobotiq_controllers.so" to ""
-- Installing: /home/ani/yc_ws/install/robotiq_controllers/share/robotiq_controllers/cmake/export_robotiq_controllersExport.cmake
-- Installing: /home/ani/yc_ws/install/robotiq_controllers/share/robotiq_controllers/cmake/export_robotiq_controllersExport-noconfig.cmake
