[0.357s] Invoking command in '/home/ani/yc_ws/build/robotiq_controllers': CMAKE_PREFIX_PATH=/opt/ros/humble /usr/bin/cmake --build /home/ani/yc_ws/build/robotiq_controllers -- -j12 -l12
[0.391s] [35m[1mConsolidate compiler generated dependencies of target robotiq_controllers[0m
[0.409s] [100%] Built target robotiq_controllers
[0.438s] Invoked command in '/home/ani/yc_ws/build/robotiq_controllers' returned '0': CMAKE_PREFIX_PATH=/opt/ros/humble /usr/bin/cmake --build /home/ani/yc_ws/build/robotiq_controllers -- -j12 -l12
[0.438s] Invoking command in '/home/ani/yc_ws/build/robotiq_controllers': CMAKE_PREFIX_PATH=/opt/ros/humble /usr/bin/cmake --install /home/ani/yc_ws/build/robotiq_controllers
[0.443s] -- Install configuration: ""
[0.443s] -- Execute custom install script
[0.443s] -- Symlinking: /home/ani/yc_ws/install/robotiq_controllers/share/robotiq_controllers//controller_plugins.xml
[0.450s] -- Symlinking: /home/ani/yc_ws/install/robotiq_controllers/include/robotiq_controllers/robotiq_activation_controller.hpp
[0.456s] -- Symlinking: /home/ani/yc_ws/install/robotiq_controllers/share/robotiq_controllers/environment/library_path.sh
[0.462s] -- Symlinking: /home/ani/yc_ws/install/robotiq_controllers/share/robotiq_controllers/environment/library_path.dsv
[0.470s] -- Symlinking: /home/ani/yc_ws/install/robotiq_controllers/share/ament_index/resource_index/package_run_dependencies/robotiq_controllers
[0.483s] -- Symlinking: /home/ani/yc_ws/install/robotiq_controllers/share/ament_index/resource_index/parent_prefix_path/robotiq_controllers
[0.493s] -- Symlinking: /home/ani/yc_ws/install/robotiq_controllers/share/robotiq_controllers/environment/ament_prefix_path.sh
[0.535s] -- Symlinking: /home/ani/yc_ws/install/robotiq_controllers/share/robotiq_controllers/environment/ament_prefix_path.dsv
[0.549s] -- Symlinking: /home/ani/yc_ws/install/robotiq_controllers/share/robotiq_controllers/environment/path.sh
[0.562s] -- Symlinking: /home/ani/yc_ws/install/robotiq_controllers/share/robotiq_controllers/environment/path.dsv
[0.579s] -- Symlinking: /home/ani/yc_ws/install/robotiq_controllers/share/robotiq_controllers/local_setup.bash
[0.597s] -- Symlinking: /home/ani/yc_ws/install/robotiq_controllers/share/robotiq_controllers/local_setup.sh
[0.613s] -- Symlinking: /home/ani/yc_ws/install/robotiq_controllers/share/robotiq_controllers/local_setup.zsh
[0.633s] -- Symlinking: /home/ani/yc_ws/install/robotiq_controllers/share/robotiq_controllers/local_setup.dsv
[0.648s] -- Symlinking: /home/ani/yc_ws/install/robotiq_controllers/share/robotiq_controllers/package.dsv
[0.665s] -- Symlinking: /home/ani/yc_ws/install/robotiq_controllers/share/ament_index/resource_index/packages/robotiq_controllers
[0.683s] -- Symlinking: /home/ani/yc_ws/install/robotiq_controllers/share/ament_index/resource_index/controller_interface__pluginlib__plugin/robotiq_controllers
[0.703s] -- Symlinking: /home/ani/yc_ws/install/robotiq_controllers/share/robotiq_controllers/cmake/ament_cmake_export_include_directories-extras.cmake
[0.720s] -- Symlinking: /home/ani/yc_ws/install/robotiq_controllers/share/robotiq_controllers/cmake/ament_cmake_export_libraries-extras.cmake
[0.739s] -- Symlinking: /home/ani/yc_ws/install/robotiq_controllers/share/robotiq_controllers/cmake/ament_cmake_export_targets-extras.cmake
[0.757s] -- Symlinking: /home/ani/yc_ws/install/robotiq_controllers/share/robotiq_controllers/cmake/ament_cmake_export_dependencies-extras.cmake
[0.778s] -- Symlinking: /home/ani/yc_ws/install/robotiq_controllers/share/robotiq_controllers/cmake/robotiq_controllersConfig.cmake
[0.797s] -- Symlinking: /home/ani/yc_ws/install/robotiq_controllers/share/robotiq_controllers/cmake/robotiq_controllersConfig-version.cmake
[0.814s] -- Symlinking: /home/ani/yc_ws/install/robotiq_controllers/share/robotiq_controllers/package.xml
[0.833s] -- Installing: /home/ani/yc_ws/install/robotiq_controllers/lib/librobotiq_controllers.so
[0.834s] -- Set runtime path of "/home/ani/yc_ws/install/robotiq_controllers/lib/librobotiq_controllers.so" to ""
[0.834s] -- Installing: /home/ani/yc_ws/install/robotiq_controllers/share/robotiq_controllers/cmake/export_robotiq_controllersExport.cmake
[0.835s] -- Installing: /home/ani/yc_ws/install/robotiq_controllers/share/robotiq_controllers/cmake/export_robotiq_controllersExport-noconfig.cmake
[0.844s] Invoked command in '/home/ani/yc_ws/build/robotiq_controllers' returned '0': CMAKE_PREFIX_PATH=/opt/ros/humble /usr/bin/cmake --install /home/ani/yc_ws/build/robotiq_controllers
