[0.290s] Invoking command in '/home/ani/yc_ws/build/robotiq_description': CMAKE_PREFIX_PATH=${CMAKE_PREFIX_PATH}:/home/ani/yc_ws/install/app2:/home/ani/yc_ws/install/app:/opt/ros/humble /usr/bin/cmake --build /home/ani/yc_ws/build/robotiq_description -- -j12 -l12
[0.326s] Invoked command in '/home/ani/yc_ws/build/robotiq_description' returned '0': CMAKE_PREFIX_PATH=${CMAKE_PREFIX_PATH}:/home/ani/yc_ws/install/app2:/home/ani/yc_ws/install/app:/opt/ros/humble /usr/bin/cmake --build /home/ani/yc_ws/build/robotiq_description -- -j12 -l12
[0.353s] Invoking command in '/home/ani/yc_ws/build/robotiq_description': CMAKE_PREFIX_PATH=${CMAKE_PREFIX_PATH}:/home/ani/yc_ws/install/app2:/home/ani/yc_ws/install/app:/opt/ros/humble /usr/bin/cmake --install /home/ani/yc_ws/build/robotiq_description
[0.359s] -- Install configuration: ""
[0.359s] -- Execute custom install script
[0.359s] -- Up-to-date symlink: /home/ani/yc_ws/install/robotiq_description/share/robotiq_description/config/robotiq_controllers.yaml
[0.361s] -- Up-to-date symlink: /home/ani/yc_ws/install/robotiq_description/share/robotiq_description/launch/robotiq_control.launch.py
[0.361s] -- Up-to-date symlink: /home/ani/yc_ws/install/robotiq_description/share/robotiq_description/launch/view_gripper.launch.py
[0.361s] -- Up-to-date symlink: /home/ani/yc_ws/install/robotiq_description/share/robotiq_description/meshes/collision/2f_140/robotiq_2f_140_base_link.stl
[0.361s] -- Up-to-date symlink: /home/ani/yc_ws/install/robotiq_description/share/robotiq_description/meshes/collision/2f_140/robotiq_2f_140_coupling.stl
[0.361s] -- Up-to-date symlink: /home/ani/yc_ws/install/robotiq_description/share/robotiq_description/meshes/collision/2f_140/robotiq_2f_140_inner_finger.stl
[0.361s] -- Up-to-date symlink: /home/ani/yc_ws/install/robotiq_description/share/robotiq_description/meshes/collision/2f_140/robotiq_2f_140_inner_knuckle.stl
[0.361s] -- Up-to-date symlink: /home/ani/yc_ws/install/robotiq_description/share/robotiq_description/meshes/collision/2f_140/robotiq_2f_140_outer_finger.stl
[0.361s] -- Up-to-date symlink: /home/ani/yc_ws/install/robotiq_description/share/robotiq_description/meshes/collision/2f_140/robotiq_2f_140_outer_knuckle.stl
[0.361s] -- Up-to-date symlink: /home/ani/yc_ws/install/robotiq_description/share/robotiq_description/meshes/collision/2f_85/left_finger.stl
[0.361s] -- Up-to-date symlink: /home/ani/yc_ws/install/robotiq_description/share/robotiq_description/meshes/collision/2f_85/left_finger_tip.stl
[0.361s] -- Up-to-date symlink: /home/ani/yc_ws/install/robotiq_description/share/robotiq_description/meshes/collision/2f_85/left_inner_knuckle.stl
[0.361s] -- Up-to-date symlink: /home/ani/yc_ws/install/robotiq_description/share/robotiq_description/meshes/collision/2f_85/left_knuckle.stl
[0.362s] -- Up-to-date symlink: /home/ani/yc_ws/install/robotiq_description/share/robotiq_description/meshes/collision/2f_85/right_finger.stl
[0.362s] -- Up-to-date symlink: /home/ani/yc_ws/install/robotiq_description/share/robotiq_description/meshes/collision/2f_85/right_finger_tip.stl
[0.362s] -- Up-to-date symlink: /home/ani/yc_ws/install/robotiq_description/share/robotiq_description/meshes/collision/2f_85/right_inner_knuckle.stl
[0.362s] -- Up-to-date symlink: /home/ani/yc_ws/install/robotiq_description/share/robotiq_description/meshes/collision/2f_85/right_knuckle.stl
[0.362s] -- Up-to-date symlink: /home/ani/yc_ws/install/robotiq_description/share/robotiq_description/meshes/collision/2f_85/robotiq_base.stl
[0.362s] -- Up-to-date symlink: /home/ani/yc_ws/install/robotiq_description/share/robotiq_description/meshes/collision/2f_85/ur_to_robotiq_adapter.stl
[0.362s] -- Up-to-date symlink: /home/ani/yc_ws/install/robotiq_description/share/robotiq_description/meshes/visual/2f_140/robotiq_2f_140_base_link.stl
[0.362s] -- Up-to-date symlink: /home/ani/yc_ws/install/robotiq_description/share/robotiq_description/meshes/visual/2f_140/robotiq_2f_140_coupling.stl
[0.364s] -- Up-to-date symlink: /home/ani/yc_ws/install/robotiq_description/share/robotiq_description/meshes/visual/2f_140/robotiq_2f_140_inner_finger.stl
[0.364s] -- Up-to-date symlink: /home/ani/yc_ws/install/robotiq_description/share/robotiq_description/meshes/visual/2f_140/robotiq_2f_140_inner_knuckle.stl
[0.364s] -- Up-to-date symlink: /home/ani/yc_ws/install/robotiq_description/share/robotiq_description/meshes/visual/2f_140/robotiq_2f_140_outer_finger.stl
[0.364s] -- Up-to-date symlink: /home/ani/yc_ws/install/robotiq_description/share/robotiq_description/meshes/visual/2f_140/robotiq_2f_140_outer_knuckle.stl
[0.364s] -- Up-to-date symlink: /home/ani/yc_ws/install/robotiq_description/share/robotiq_description/meshes/visual/2f_85/left_finger.dae
[0.364s] -- Up-to-date symlink: /home/ani/yc_ws/install/robotiq_description/share/robotiq_description/meshes/visual/2f_85/left_finger_tip.dae
[0.365s] -- Up-to-date symlink: /home/ani/yc_ws/install/robotiq_description/share/robotiq_description/meshes/visual/2f_85/left_inner_knuckle.dae
[0.365s] -- Up-to-date symlink: /home/ani/yc_ws/install/robotiq_description/share/robotiq_description/meshes/visual/2f_85/left_knuckle.dae
[0.365s] -- Up-to-date symlink: /home/ani/yc_ws/install/robotiq_description/share/robotiq_description/meshes/visual/2f_85/right_finger.dae
[0.365s] -- Up-to-date symlink: /home/ani/yc_ws/install/robotiq_description/share/robotiq_description/meshes/visual/2f_85/right_finger_tip.dae
[0.365s] -- Up-to-date symlink: /home/ani/yc_ws/install/robotiq_description/share/robotiq_description/meshes/visual/2f_85/right_inner_knuckle.dae
[0.365s] -- Up-to-date symlink: /home/ani/yc_ws/install/robotiq_description/share/robotiq_description/meshes/visual/2f_85/right_knuckle.dae
[0.365s] -- Up-to-date symlink: /home/ani/yc_ws/install/robotiq_description/share/robotiq_description/meshes/visual/2f_85/robotiq_base.dae
[0.366s] -- Up-to-date symlink: /home/ani/yc_ws/install/robotiq_description/share/robotiq_description/meshes/visual/2f_85/ur_to_robotiq_adapter.dae
[0.366s] -- Up-to-date symlink: /home/ani/yc_ws/install/robotiq_description/share/robotiq_description/rviz/view_urdf.rviz
[0.366s] -- Up-to-date symlink: /home/ani/yc_ws/install/robotiq_description/share/robotiq_description/urdf/2f_140.ros2_control.xacro
[0.366s] -- Up-to-date symlink: /home/ani/yc_ws/install/robotiq_description/share/robotiq_description/urdf/2f_85.ros2_control.xacro
[0.367s] -- Up-to-date symlink: /home/ani/yc_ws/install/robotiq_description/share/robotiq_description/urdf/robotiq_2f_140.xacro
[0.367s] -- Up-to-date symlink: /home/ani/yc_ws/install/robotiq_description/share/robotiq_description/urdf/robotiq_2f_140_gripper.urdf.xacro
[0.367s] -- Up-to-date symlink: /home/ani/yc_ws/install/robotiq_description/share/robotiq_description/urdf/robotiq_2f_140_macro.urdf.xacro
[0.368s] -- Up-to-date symlink: /home/ani/yc_ws/install/robotiq_description/share/robotiq_description/urdf/robotiq_2f_85_gripper.urdf.xacro
[0.368s] -- Up-to-date symlink: /home/ani/yc_ws/install/robotiq_description/share/robotiq_description/urdf/robotiq_2f_85_macro.urdf.xacro
[0.369s] -- Up-to-date symlink: /home/ani/yc_ws/install/robotiq_description/share/robotiq_description/urdf/ur_to_robotiq_adapter.urdf.xacro
[0.369s] -- Up-to-date symlink: /home/ani/yc_ws/install/robotiq_description/share/ament_index/resource_index/package_run_dependencies/robotiq_description
[0.369s] -- Up-to-date symlink: /home/ani/yc_ws/install/robotiq_description/share/ament_index/resource_index/parent_prefix_path/robotiq_description
[0.369s] -- Up-to-date symlink: /home/ani/yc_ws/install/robotiq_description/share/robotiq_description/environment/ament_prefix_path.sh
[0.369s] -- Up-to-date symlink: /home/ani/yc_ws/install/robotiq_description/share/robotiq_description/environment/ament_prefix_path.dsv
[0.370s] -- Up-to-date symlink: /home/ani/yc_ws/install/robotiq_description/share/robotiq_description/environment/path.sh
[0.371s] -- Up-to-date symlink: /home/ani/yc_ws/install/robotiq_description/share/robotiq_description/environment/path.dsv
[0.371s] -- Up-to-date symlink: /home/ani/yc_ws/install/robotiq_description/share/robotiq_description/local_setup.bash
[0.371s] -- Up-to-date symlink: /home/ani/yc_ws/install/robotiq_description/share/robotiq_description/local_setup.sh
[0.371s] -- Up-to-date symlink: /home/ani/yc_ws/install/robotiq_description/share/robotiq_description/local_setup.zsh
[0.372s] -- Up-to-date symlink: /home/ani/yc_ws/install/robotiq_description/share/robotiq_description/local_setup.dsv
[0.372s] -- Symlinking: /home/ani/yc_ws/install/robotiq_description/share/robotiq_description/package.dsv
[0.378s] -- Up-to-date symlink: /home/ani/yc_ws/install/robotiq_description/share/ament_index/resource_index/packages/robotiq_description
[0.378s] -- Up-to-date symlink: /home/ani/yc_ws/install/robotiq_description/share/robotiq_description/cmake/robotiq_descriptionConfig.cmake
[0.378s] -- Up-to-date symlink: /home/ani/yc_ws/install/robotiq_description/share/robotiq_description/cmake/robotiq_descriptionConfig-version.cmake
[0.378s] -- Up-to-date symlink: /home/ani/yc_ws/install/robotiq_description/share/robotiq_description/package.xml
[0.394s] Invoked command in '/home/ani/yc_ws/build/robotiq_description' returned '0': CMAKE_PREFIX_PATH=${CMAKE_PREFIX_PATH}:/home/ani/yc_ws/install/app2:/home/ani/yc_ws/install/app:/opt/ros/humble /usr/bin/cmake --install /home/ani/yc_ws/build/robotiq_description
