[0.365s] Invoking command in '/home/ani/yc_ws/src/build/robotiq_controllers': CMAKE_PREFIX_PATH=/opt/ros/humble /usr/bin/cmake /home/ani/yc_ws/src/gripper/robotiq_controllers -DAMENT_CMAKE_SYMLINK_INSTALL=1 -DCMAKE_INSTALL_PREFIX=/home/ani/yc_ws/src/install/robotiq_controllers
[0.414s] -- The C compiler identification is GNU 11.4.0
[0.464s] -- The CXX compiler identification is GNU 11.4.0
[0.471s] -- Detecting C compiler ABI info
[0.539s] -- Detecting C compiler ABI info - done
[0.547s] -- Check for working C compiler: /usr/bin/cc - skipped
[0.547s] -- Detecting C compile features
[0.548s] -- Detecting C compile features - done
[0.550s] -- Detecting CXX compiler ABI info
[0.631s] -- Detecting CXX compiler ABI info - done
[0.639s] -- Check for working CXX compiler: /usr/bin/c++ - skipped
[0.640s] -- Detecting CXX compile features
[0.640s] -- Detecting CXX compile features - done
[0.642s] -- Found ament_cmake: 1.3.10 (/opt/ros/humble/share/ament_cmake/cmake)
[0.778s] -- Found Python3: /usr/bin/python3 (found version "3.10.12") found components: Interpreter 
[0.821s] -- Override CMake install command with custom implementation using symlinks instead of copying resources
[0.846s] -- Found controller_interface: 2.43.1 (/opt/ros/humble/share/controller_interface/cmake)
[0.886s] -- Found rosidl_generator_c: 3.1.5 (/opt/ros/humble/share/rosidl_generator_c/cmake)
[0.891s] -- Found rosidl_adapter: 3.1.5 (/opt/ros/humble/share/rosidl_adapter/cmake)
[0.901s] -- Found rosidl_generator_cpp: 3.1.5 (/opt/ros/humble/share/rosidl_generator_cpp/cmake)
[0.908s] -- Using all available rosidl_typesupport_c: rosidl_typesupport_fastrtps_c;rosidl_typesupport_introspection_c
[0.924s] -- Using all available rosidl_typesupport_cpp: rosidl_typesupport_fastrtps_cpp;rosidl_typesupport_introspection_cpp
[1.095s] -- Found rmw_implementation_cmake: 6.1.2 (/opt/ros/humble/share/rmw_implementation_cmake/cmake)
[1.098s] -- Found rmw_fastrtps_cpp: 6.2.7 (/opt/ros/humble/share/rmw_fastrtps_cpp/cmake)
[1.123s] -- Found TinyXML2 via Config file: TinyXML2_DIR-NOTFOUND
[1.168s] -- Found OpenSSL: /usr/lib/x86_64-linux-gnu/libcrypto.so (found version "3.0.2")  
[1.171s] -- Found TinyXML2 via Config file: TinyXML2_DIR-NOTFOUND
[1.187s] -- Found FastRTPS: /opt/ros/humble/include  
[1.191s] -- Found TinyXML2 via Config file: TinyXML2_DIR-NOTFOUND
[1.200s] -- Found TinyXML2 via Config file: TinyXML2_DIR-NOTFOUND
[1.211s] -- Using RMW implementation 'rmw_fastrtps_cpp' as default
[1.220s] -- Looking for pthread.h
[1.285s] -- Looking for pthread.h - found
[1.285s] -- Performing Test CMAKE_HAVE_LIBC_PTHREAD
[1.354s] -- Performing Test CMAKE_HAVE_LIBC_PTHREAD - Success
[1.355s] -- Found Threads: TRUE  
[1.411s] -- Found std_srvs: 4.2.4 (/opt/ros/humble/share/std_srvs/cmake)
[1.429s] -- Found ament_lint_auto: 0.12.11 (/opt/ros/humble/share/ament_lint_auto/cmake)
[1.495s] -- Added test 'cppcheck' to perform static code analysis on C / C++ code
[1.496s] -- Configured cppcheck include dirs: /home/ani/yc_ws/src/gripper/robotiq_controllers/include
[1.496s] -- Configured cppcheck exclude dirs and/or files: 
[1.496s] -- Added test 'lint_cmake' to check CMake code style
[1.499s] -- Configuring done
[1.520s] -- Generating done
[1.524s] -- Build files have been written to: /home/ani/yc_ws/src/build/robotiq_controllers
[1.535s] Invoked command in '/home/ani/yc_ws/src/build/robotiq_controllers' returned '0': CMAKE_PREFIX_PATH=/opt/ros/humble /usr/bin/cmake /home/ani/yc_ws/src/gripper/robotiq_controllers -DAMENT_CMAKE_SYMLINK_INSTALL=1 -DCMAKE_INSTALL_PREFIX=/home/ani/yc_ws/src/install/robotiq_controllers
[1.536s] Invoking command in '/home/ani/yc_ws/src/build/robotiq_controllers': CMAKE_PREFIX_PATH=/opt/ros/humble /usr/bin/cmake --build /home/ani/yc_ws/src/build/robotiq_controllers -- -j12 -l12
[1.578s] [ 50%] [32mBuilding CXX object CMakeFiles/robotiq_controllers.dir/src/robotiq_activation_controller.cpp.o[0m
[4.755s] [100%] [32m[1mLinking CXX shared library librobotiq_controllers.so[0m
[4.882s] [100%] Built target robotiq_controllers
[4.891s] Invoked command in '/home/ani/yc_ws/src/build/robotiq_controllers' returned '0': CMAKE_PREFIX_PATH=/opt/ros/humble /usr/bin/cmake --build /home/ani/yc_ws/src/build/robotiq_controllers -- -j12 -l12
[4.892s] Invoking command in '/home/ani/yc_ws/src/build/robotiq_controllers': CMAKE_PREFIX_PATH=/opt/ros/humble /usr/bin/cmake --install /home/ani/yc_ws/src/build/robotiq_controllers
[4.899s] -- Install configuration: ""
[4.899s] -- Execute custom install script
[4.899s] -- Symlinking: /home/ani/yc_ws/src/install/robotiq_controllers/share/robotiq_controllers//controller_plugins.xml
[4.907s] -- Symlinking: /home/ani/yc_ws/src/install/robotiq_controllers/include/robotiq_controllers/robotiq_activation_controller.hpp
[4.914s] -- Symlinking: /home/ani/yc_ws/src/install/robotiq_controllers/share/robotiq_controllers/environment/library_path.sh
[4.921s] -- Symlinking: /home/ani/yc_ws/src/install/robotiq_controllers/share/robotiq_controllers/environment/library_path.dsv
[4.929s] -- Symlinking: /home/ani/yc_ws/src/install/robotiq_controllers/share/ament_index/resource_index/package_run_dependencies/robotiq_controllers
[4.936s] -- Symlinking: /home/ani/yc_ws/src/install/robotiq_controllers/share/ament_index/resource_index/parent_prefix_path/robotiq_controllers
[4.944s] -- Symlinking: /home/ani/yc_ws/src/install/robotiq_controllers/share/robotiq_controllers/environment/ament_prefix_path.sh
[4.952s] -- Symlinking: /home/ani/yc_ws/src/install/robotiq_controllers/share/robotiq_controllers/environment/ament_prefix_path.dsv
[4.959s] -- Symlinking: /home/ani/yc_ws/src/install/robotiq_controllers/share/robotiq_controllers/environment/path.sh
[4.967s] -- Symlinking: /home/ani/yc_ws/src/install/robotiq_controllers/share/robotiq_controllers/environment/path.dsv
[4.974s] -- Symlinking: /home/ani/yc_ws/src/install/robotiq_controllers/share/robotiq_controllers/local_setup.bash
[4.981s] -- Symlinking: /home/ani/yc_ws/src/install/robotiq_controllers/share/robotiq_controllers/local_setup.sh
[4.989s] -- Symlinking: /home/ani/yc_ws/src/install/robotiq_controllers/share/robotiq_controllers/local_setup.zsh
[4.996s] -- Symlinking: /home/ani/yc_ws/src/install/robotiq_controllers/share/robotiq_controllers/local_setup.dsv
[5.004s] -- Symlinking: /home/ani/yc_ws/src/install/robotiq_controllers/share/robotiq_controllers/package.dsv
[5.012s] -- Symlinking: /home/ani/yc_ws/src/install/robotiq_controllers/share/ament_index/resource_index/packages/robotiq_controllers
[5.019s] -- Symlinking: /home/ani/yc_ws/src/install/robotiq_controllers/share/ament_index/resource_index/controller_interface__pluginlib__plugin/robotiq_controllers
[5.027s] -- Symlinking: /home/ani/yc_ws/src/install/robotiq_controllers/share/robotiq_controllers/cmake/ament_cmake_export_include_directories-extras.cmake
[5.035s] -- Symlinking: /home/ani/yc_ws/src/install/robotiq_controllers/share/robotiq_controllers/cmake/ament_cmake_export_libraries-extras.cmake
[5.043s] -- Symlinking: /home/ani/yc_ws/src/install/robotiq_controllers/share/robotiq_controllers/cmake/ament_cmake_export_targets-extras.cmake
[5.051s] -- Symlinking: /home/ani/yc_ws/src/install/robotiq_controllers/share/robotiq_controllers/cmake/ament_cmake_export_dependencies-extras.cmake
[5.058s] -- Symlinking: /home/ani/yc_ws/src/install/robotiq_controllers/share/robotiq_controllers/cmake/robotiq_controllersConfig.cmake
[5.066s] -- Symlinking: /home/ani/yc_ws/src/install/robotiq_controllers/share/robotiq_controllers/cmake/robotiq_controllersConfig-version.cmake
[5.073s] -- Symlinking: /home/ani/yc_ws/src/install/robotiq_controllers/share/robotiq_controllers/package.xml
[5.081s] -- Installing: /home/ani/yc_ws/src/install/robotiq_controllers/lib/librobotiq_controllers.so
[5.083s] -- Set runtime path of "/home/ani/yc_ws/src/install/robotiq_controllers/lib/librobotiq_controllers.so" to ""
[5.083s] -- Installing: /home/ani/yc_ws/src/install/robotiq_controllers/share/robotiq_controllers/cmake/export_robotiq_controllersExport.cmake
[5.083s] -- Installing: /home/ani/yc_ws/src/install/robotiq_controllers/share/robotiq_controllers/cmake/export_robotiq_controllersExport-noconfig.cmake
[5.085s] Invoked command in '/home/ani/yc_ws/src/build/robotiq_controllers' returned '0': CMAKE_PREFIX_PATH=/opt/ros/humble /usr/bin/cmake --install /home/ani/yc_ws/src/build/robotiq_controllers
