-- Install configuration: ""
-- Execute custom install script
-- Symlinking: /home/ani/yc_ws/install/my_ur_driver/share/my_ur_driver/launch/__init__.py
-- Symlinking: /home/ani/yc_ws/install/my_ur_driver/share/my_ur_driver/launch/__pycache__/camera.launch.cpython-312.pyc
-- Symlinking: /home/ani/yc_ws/install/my_ur_driver/share/my_ur_driver/launch/__pycache__/ur_moveit.launch.cpython-310.pyc
-- Symlinking: /home/ani/yc_ws/install/my_ur_driver/share/my_ur_driver/launch/my_camera.launch.py
-- Symlinking: /home/ani/yc_ws/install/my_ur_driver/share/my_ur_driver/launch/my_moveit.launch.py
-- Symlinking: /home/ani/yc_ws/install/my_ur_driver/share/my_ur_driver/launch/my_ur.launch.py
-- Symlinking: /home/ani/yc_ws/install/my_ur_driver/share/my_ur_driver/launch/simulation.launch.py
-- Symlinking: /home/ani/yc_ws/install/my_ur_driver/share/my_ur_driver/my_ur_config/ur_controllers/ur_calibration.yaml
-- Symlinking: /home/ani/yc_ws/install/my_ur_driver/share/my_ur_driver/my_ur_config/ur_controllers/ur_controllers.yaml
-- Symlinking: /home/ani/yc_ws/install/my_ur_driver/share/my_ur_driver/my_ur_config/urdf/gripper/2f_140.ros2_control.xacro
-- Symlinking: /home/ani/yc_ws/install/my_ur_driver/share/my_ur_driver/my_ur_config/urdf/gripper/robotiq_2f_140.xacro
-- Symlinking: /home/ani/yc_ws/install/my_ur_driver/share/my_ur_driver/my_ur_config/urdf/gripper/robotiq_2f_140_gripper.urdf.xacro
-- Symlinking: /home/ani/yc_ws/install/my_ur_driver/share/my_ur_driver/my_ur_config/urdf/gripper/robotiq_2f_140_macro.urdf.xacro
-- Symlinking: /home/ani/yc_ws/install/my_ur_driver/share/my_ur_driver/my_ur_config/urdf/gripper/ur_to_robotiq_adapter.urdf.xacro
-- Symlinking: /home/ani/yc_ws/install/my_ur_driver/share/my_ur_driver/my_ur_config/urdf/inc/ur_common.xacro
-- Symlinking: /home/ani/yc_ws/install/my_ur_driver/share/my_ur_driver/my_ur_config/urdf/inc/ur_transmissions.xacro
-- Symlinking: /home/ani/yc_ws/install/my_ur_driver/share/my_ur_driver/my_ur_config/urdf/meshes/camera/abdo.mlp
-- Symlinking: /home/ani/yc_ws/install/my_ur_driver/share/my_ur_driver/my_ur_config/urdf/meshes/camera/abdo_camera.stl
-- Symlinking: /home/ani/yc_ws/install/my_ur_driver/share/my_ur_driver/my_ur_config/urdf/meshes/camera/cam_holder_basler.stl
-- Symlinking: /home/ani/yc_ws/install/my_ur_driver/share/my_ur_driver/my_ur_config/urdf/meshes/camera/cam_holder_with_onrobot_dual.stl
-- Symlinking: /home/ani/yc_ws/install/my_ur_driver/share/my_ur_driver/my_ur_config/urdf/meshes/camera/cam_holder_with_onrobot_single.stl
-- Symlinking: /home/ani/yc_ws/install/my_ur_driver/share/my_ur_driver/my_ur_config/urdf/meshes/collision/2f_140/robotiq_2f_140_base_link.stl
-- Symlinking: /home/ani/yc_ws/install/my_ur_driver/share/my_ur_driver/my_ur_config/urdf/meshes/collision/2f_140/robotiq_2f_140_coupling.stl
-- Symlinking: /home/ani/yc_ws/install/my_ur_driver/share/my_ur_driver/my_ur_config/urdf/meshes/collision/2f_140/robotiq_2f_140_inner_finger.stl
-- Symlinking: /home/ani/yc_ws/install/my_ur_driver/share/my_ur_driver/my_ur_config/urdf/meshes/collision/2f_140/robotiq_2f_140_inner_knuckle.stl
-- Symlinking: /home/ani/yc_ws/install/my_ur_driver/share/my_ur_driver/my_ur_config/urdf/meshes/collision/2f_140/robotiq_2f_140_outer_finger.stl
-- Symlinking: /home/ani/yc_ws/install/my_ur_driver/share/my_ur_driver/my_ur_config/urdf/meshes/collision/2f_140/robotiq_2f_140_outer_knuckle.stl
-- Symlinking: /home/ani/yc_ws/install/my_ur_driver/share/my_ur_driver/my_ur_config/urdf/meshes/visual/2f_140/robotiq_2f_140_base_link.stl
-- Symlinking: /home/ani/yc_ws/install/my_ur_driver/share/my_ur_driver/my_ur_config/urdf/meshes/visual/2f_140/robotiq_2f_140_coupling.stl
-- Symlinking: /home/ani/yc_ws/install/my_ur_driver/share/my_ur_driver/my_ur_config/urdf/meshes/visual/2f_140/robotiq_2f_140_inner_finger.stl
-- Symlinking: /home/ani/yc_ws/install/my_ur_driver/share/my_ur_driver/my_ur_config/urdf/meshes/visual/2f_140/robotiq_2f_140_inner_knuckle.stl
-- Symlinking: /home/ani/yc_ws/install/my_ur_driver/share/my_ur_driver/my_ur_config/urdf/meshes/visual/2f_140/robotiq_2f_140_outer_finger.stl
-- Symlinking: /home/ani/yc_ws/install/my_ur_driver/share/my_ur_driver/my_ur_config/urdf/meshes/visual/2f_140/robotiq_2f_140_outer_knuckle.stl
-- Symlinking: /home/ani/yc_ws/install/my_ur_driver/share/my_ur_driver/my_ur_config/urdf/my_world.urdf.xacro
-- Symlinking: /home/ani/yc_ws/install/my_ur_driver/share/my_ur_driver/my_ur_config/urdf/original.urdf.xacro
-- Symlinking: /home/ani/yc_ws/install/my_ur_driver/share/my_ur_driver/my_moveit_config/moveit_controllers/joint_limits.yaml
-- Symlinking: /home/ani/yc_ws/install/my_ur_driver/share/my_ur_driver/my_moveit_config/moveit_controllers/kinematics.yaml
-- Symlinking: /home/ani/yc_ws/install/my_ur_driver/share/my_ur_driver/my_moveit_config/moveit_controllers/moveit_controllers.yaml
-- Symlinking: /home/ani/yc_ws/install/my_ur_driver/share/my_ur_driver/my_moveit_config/moveit_controllers/ompl_planning.yaml
-- Symlinking: /home/ani/yc_ws/install/my_ur_driver/share/my_ur_driver/my_moveit_config/moveit_controllers/ur_servo.yaml
-- Symlinking: /home/ani/yc_ws/install/my_ur_driver/share/my_ur_driver/my_moveit_config/srdf/my_world.macro.srdf.xacro
-- Symlinking: /home/ani/yc_ws/install/my_ur_driver/share/my_ur_driver/my_moveit_config/srdf/my_world.srdf.xacro
-- Symlinking: /home/ani/yc_ws/install/my_ur_driver/share/ament_index/resource_index/package_run_dependencies/my_ur_driver
-- Symlinking: /home/ani/yc_ws/install/my_ur_driver/share/ament_index/resource_index/parent_prefix_path/my_ur_driver
-- Symlinking: /home/ani/yc_ws/install/my_ur_driver/share/my_ur_driver/environment/ament_prefix_path.sh
-- Symlinking: /home/ani/yc_ws/install/my_ur_driver/share/my_ur_driver/environment/ament_prefix_path.dsv
-- Symlinking: /home/ani/yc_ws/install/my_ur_driver/share/my_ur_driver/environment/path.sh
-- Symlinking: /home/ani/yc_ws/install/my_ur_driver/share/my_ur_driver/environment/path.dsv
-- Symlinking: /home/ani/yc_ws/install/my_ur_driver/share/my_ur_driver/local_setup.bash
-- Symlinking: /home/ani/yc_ws/install/my_ur_driver/share/my_ur_driver/local_setup.sh
-- Symlinking: /home/ani/yc_ws/install/my_ur_driver/share/my_ur_driver/local_setup.zsh
-- Symlinking: /home/ani/yc_ws/install/my_ur_driver/share/my_ur_driver/local_setup.dsv
-- Symlinking: /home/ani/yc_ws/install/my_ur_driver/share/my_ur_driver/package.dsv
-- Symlinking: /home/ani/yc_ws/install/my_ur_driver/share/ament_index/resource_index/packages/my_ur_driver
-- Symlinking: /home/ani/yc_ws/install/my_ur_driver/share/my_ur_driver/cmake/my_ur_driverConfig.cmake
-- Symlinking: /home/ani/yc_ws/install/my_ur_driver/share/my_ur_driver/cmake/my_ur_driverConfig-version.cmake
-- Symlinking: /home/ani/yc_ws/install/my_ur_driver/share/my_ur_driver/package.xml
