[0.026s] Invoking command in '/home/ani/yc_ws/build/serial': CMAKE_PREFIX_PATH=${CMAKE_PREFIX_PATH}:/home/ani/yc_ws/install/app2:/home/ani/yc_ws/install/app:/opt/ros/humble /usr/bin/cmake --build /home/ani/yc_ws/build/serial -- -j12 -l12
[0.309s] [35m[1mConsolidate compiler generated dependencies of target serial[0m
[0.309s] [100%] Built target serial
[0.313s] Invoked command in '/home/ani/yc_ws/build/serial' returned '0': CMAKE_PREFIX_PATH=${CMAKE_PREFIX_PATH}:/home/ani/yc_ws/install/app2:/home/ani/yc_ws/install/app:/opt/ros/humble /usr/bin/cmake --build /home/ani/yc_ws/build/serial -- -j12 -l12
[0.366s] Invoking command in '/home/ani/yc_ws/build/serial': CMAKE_PREFIX_PATH=${CMAKE_PREFIX_PATH}:/home/ani/yc_ws/install/app2:/home/ani/yc_ws/install/app:/opt/ros/humble /usr/bin/cmake --install /home/ani/yc_ws/build/serial
[0.371s] -- Install configuration: ""
[0.372s] -- Execute custom install script
[0.372s] -- Up-to-date symlink: /home/ani/yc_ws/install/serial/include/serial/impl/unix.h
[0.372s] -- Up-to-date symlink: /home/ani/yc_ws/install/serial/include/serial/impl/win.h
[0.372s] -- Up-to-date symlink: /home/ani/yc_ws/install/serial/include/serial/serial.h
[0.372s] -- Up-to-date symlink: /home/ani/yc_ws/install/serial/include/serial/v8stdint.h
[0.372s] -- Up-to-date symlink: /home/ani/yc_ws/install/serial/share/serial/environment/library_path.sh
[0.372s] -- Up-to-date symlink: /home/ani/yc_ws/install/serial/share/serial/environment/library_path.dsv
[0.373s] -- Up-to-date symlink: /home/ani/yc_ws/install/serial/share/ament_index/resource_index/package_run_dependencies/serial
[0.373s] -- Up-to-date symlink: /home/ani/yc_ws/install/serial/share/ament_index/resource_index/parent_prefix_path/serial
[0.373s] -- Up-to-date symlink: /home/ani/yc_ws/install/serial/share/serial/environment/ament_prefix_path.sh
[0.373s] -- Up-to-date symlink: /home/ani/yc_ws/install/serial/share/serial/environment/ament_prefix_path.dsv
[0.373s] -- Up-to-date symlink: /home/ani/yc_ws/install/serial/share/serial/environment/path.sh
[0.373s] -- Up-to-date symlink: /home/ani/yc_ws/install/serial/share/serial/environment/path.dsv
[0.374s] -- Up-to-date symlink: /home/ani/yc_ws/install/serial/share/serial/local_setup.bash
[0.374s] -- Up-to-date symlink: /home/ani/yc_ws/install/serial/share/serial/local_setup.sh
[0.374s] -- Up-to-date symlink: /home/ani/yc_ws/install/serial/share/serial/local_setup.zsh
[0.374s] -- Up-to-date symlink: /home/ani/yc_ws/install/serial/share/serial/local_setup.dsv
[0.374s] -- Symlinking: /home/ani/yc_ws/install/serial/share/serial/package.dsv
[0.381s] -- Up-to-date symlink: /home/ani/yc_ws/install/serial/share/ament_index/resource_index/packages/serial
[0.382s] -- Up-to-date symlink: /home/ani/yc_ws/install/serial/share/serial/cmake/ament_cmake_export_include_directories-extras.cmake
[0.382s] -- Up-to-date symlink: /home/ani/yc_ws/install/serial/share/serial/cmake/ament_cmake_export_libraries-extras.cmake
[0.382s] -- Up-to-date symlink: /home/ani/yc_ws/install/serial/share/serial/cmake/ament_cmake_export_targets-extras.cmake
[0.382s] -- Up-to-date symlink: /home/ani/yc_ws/install/serial/share/serial/cmake/serialConfig.cmake
[0.382s] -- Up-to-date symlink: /home/ani/yc_ws/install/serial/share/serial/cmake/serialConfig-version.cmake
[0.383s] -- Up-to-date symlink: /home/ani/yc_ws/install/serial/share/serial/package.xml
[0.383s] -- Up-to-date: /home/ani/yc_ws/install/serial/lib/libserial.a
[0.383s] -- Up-to-date: /home/ani/yc_ws/install/serial/share/serial/cmake/export_serialExport.cmake
[0.383s] -- Up-to-date: /home/ani/yc_ws/install/serial/share/serial/cmake/export_serialExport-noconfig.cmake
[0.388s] Invoked command in '/home/ani/yc_ws/build/serial' returned '0': CMAKE_PREFIX_PATH=${CMAKE_PREFIX_PATH}:/home/ani/yc_ws/install/app2:/home/ani/yc_ws/install/app:/opt/ros/humble /usr/bin/cmake --install /home/ani/yc_ws/build/serial
