[0.290s] Invoking command in '/home/ani/yc_ws/build/robotiq_controllers': CMAKE_PREFIX_PATH=${CMAKE_PREFIX_PATH}:/home/ani/yc_ws/install/app2:/home/ani/yc_ws/install/app:/opt/ros/humble /usr/bin/cmake --build /home/ani/yc_ws/build/robotiq_controllers -- -j12 -l12
[0.329s] [35m[1mConsolidate compiler generated dependencies of target robotiq_controllers[0m
[0.348s] [100%] Built target robotiq_controllers
[0.359s] Invoked command in '/home/ani/yc_ws/build/robotiq_controllers' returned '0': CMAKE_PREFIX_PATH=${CMAKE_PREFIX_PATH}:/home/ani/yc_ws/install/app2:/home/ani/yc_ws/install/app:/opt/ros/humble /usr/bin/cmake --build /home/ani/yc_ws/build/robotiq_controllers -- -j12 -l12
[0.387s] Invoking command in '/home/ani/yc_ws/build/robotiq_controllers': CMAKE_PREFIX_PATH=${CMAKE_PREFIX_PATH}:/home/ani/yc_ws/install/app2:/home/ani/yc_ws/install/app:/opt/ros/humble /usr/bin/cmake --install /home/ani/yc_ws/build/robotiq_controllers
[0.395s] -- Install configuration: ""
[0.396s] -- Execute custom install script
[0.396s] -- Up-to-date symlink: /home/ani/yc_ws/install/robotiq_controllers/share/robotiq_controllers//controller_plugins.xml
[0.396s] -- Up-to-date symlink: /home/ani/yc_ws/install/robotiq_controllers/include/robotiq_controllers/robotiq_activation_controller.hpp
[0.396s] -- Up-to-date symlink: /home/ani/yc_ws/install/robotiq_controllers/share/robotiq_controllers/environment/library_path.sh
[0.397s] -- Up-to-date symlink: /home/ani/yc_ws/install/robotiq_controllers/share/robotiq_controllers/environment/library_path.dsv
[0.397s] -- Up-to-date symlink: /home/ani/yc_ws/install/robotiq_controllers/share/ament_index/resource_index/package_run_dependencies/robotiq_controllers
[0.397s] -- Up-to-date symlink: /home/ani/yc_ws/install/robotiq_controllers/share/ament_index/resource_index/parent_prefix_path/robotiq_controllers
[0.397s] -- Up-to-date symlink: /home/ani/yc_ws/install/robotiq_controllers/share/robotiq_controllers/environment/ament_prefix_path.sh
[0.398s] -- Up-to-date symlink: /home/ani/yc_ws/install/robotiq_controllers/share/robotiq_controllers/environment/ament_prefix_path.dsv
[0.398s] -- Up-to-date symlink: /home/ani/yc_ws/install/robotiq_controllers/share/robotiq_controllers/environment/path.sh
[0.398s] -- Up-to-date symlink: /home/ani/yc_ws/install/robotiq_controllers/share/robotiq_controllers/environment/path.dsv
[0.398s] -- Up-to-date symlink: /home/ani/yc_ws/install/robotiq_controllers/share/robotiq_controllers/local_setup.bash
[0.398s] -- Up-to-date symlink: /home/ani/yc_ws/install/robotiq_controllers/share/robotiq_controllers/local_setup.sh
[0.398s] -- Up-to-date symlink: /home/ani/yc_ws/install/robotiq_controllers/share/robotiq_controllers/local_setup.zsh
[0.398s] -- Up-to-date symlink: /home/ani/yc_ws/install/robotiq_controllers/share/robotiq_controllers/local_setup.dsv
[0.398s] -- Symlinking: /home/ani/yc_ws/install/robotiq_controllers/share/robotiq_controllers/package.dsv
[0.407s] -- Up-to-date symlink: /home/ani/yc_ws/install/robotiq_controllers/share/ament_index/resource_index/packages/robotiq_controllers
[0.407s] -- Up-to-date symlink: /home/ani/yc_ws/install/robotiq_controllers/share/ament_index/resource_index/controller_interface__pluginlib__plugin/robotiq_controllers
[0.407s] -- Up-to-date symlink: /home/ani/yc_ws/install/robotiq_controllers/share/robotiq_controllers/cmake/ament_cmake_export_include_directories-extras.cmake
[0.407s] -- Up-to-date symlink: /home/ani/yc_ws/install/robotiq_controllers/share/robotiq_controllers/cmake/ament_cmake_export_libraries-extras.cmake
[0.407s] -- Up-to-date symlink: /home/ani/yc_ws/install/robotiq_controllers/share/robotiq_controllers/cmake/ament_cmake_export_targets-extras.cmake
[0.407s] -- Up-to-date symlink: /home/ani/yc_ws/install/robotiq_controllers/share/robotiq_controllers/cmake/ament_cmake_export_dependencies-extras.cmake
[0.408s] -- Up-to-date symlink: /home/ani/yc_ws/install/robotiq_controllers/share/robotiq_controllers/cmake/robotiq_controllersConfig.cmake
[0.409s] -- Up-to-date symlink: /home/ani/yc_ws/install/robotiq_controllers/share/robotiq_controllers/cmake/robotiq_controllersConfig-version.cmake
[0.410s] -- Up-to-date symlink: /home/ani/yc_ws/install/robotiq_controllers/share/robotiq_controllers/package.xml
[0.411s] -- Up-to-date: /home/ani/yc_ws/install/robotiq_controllers/lib/librobotiq_controllers.so
[0.412s] -- Up-to-date: /home/ani/yc_ws/install/robotiq_controllers/share/robotiq_controllers/cmake/export_robotiq_controllersExport.cmake
[0.412s] -- Up-to-date: /home/ani/yc_ws/install/robotiq_controllers/share/robotiq_controllers/cmake/export_robotiq_controllersExport-noconfig.cmake
[0.412s] Invoked command in '/home/ani/yc_ws/build/robotiq_controllers' returned '0': CMAKE_PREFIX_PATH=${CMAKE_PREFIX_PATH}:/home/ani/yc_ws/install/app2:/home/ani/yc_ws/install/app:/opt/ros/humble /usr/bin/cmake --install /home/ani/yc_ws/build/robotiq_controllers
