running develop
running egg_info
creating app.egg-info
writing app.egg-info/PKG-INFO
writing dependency_links to app.egg-info/dependency_links.txt
writing entry points to app.egg-info/entry_points.txt
writing requirements to app.egg-info/requires.txt
writing top-level names to app.egg-info/top_level.txt
writing manifest file 'app.egg-info/SOURCES.txt'
reading manifest file 'app.egg-info/SOURCES.txt'
writing manifest file 'app.egg-info/SOURCES.txt'
running build_ext
Creating /home/ani/yc_ws/install/app/lib/python3.10/site-packages/app.egg-link (link to .)
Installing coordinator script to /home/ani/yc_ws/install/app/lib/app
Installing grasp_detection script to /home/ani/yc_ws/install/app/lib/app

Installed /home/ani/yc_ws/build/app
running symlink_data
creating /home/ani/yc_ws/install/app/share/ament_index
creating /home/ani/yc_ws/install/app/share/ament_index/resource_index
creating /home/ani/yc_ws/install/app/share/ament_index/resource_index/packages
symbolically linking /home/ani/yc_ws/build/app/resource/app -> /home/ani/yc_ws/install/app/share/ament_index/resource_index/packages
symbolically linking /home/ani/yc_ws/build/app/package.xml -> /home/ani/yc_ws/install/app/share/app
creating /home/ani/yc_ws/install/app/share/app/launch
symbolically linking /home/ani/yc_ws/build/app/launch/coordinator_launch.py -> /home/ani/yc_ws/install/app/share/app/launch
