[0.585s] Invoking command in '/home/ani/yc_ws/build/app': PYTHONPATH=/home/ani/yc_ws/build/app/prefix_override:/usr/lib/python3/dist-packages/colcon_core/task/python/colcon_distutils_commands:/home/ani/yc_ws/install/app/lib/python3.10/site-packages:${PYTHONPATH} /usr/bin/python3 -W ignore:setup.py install is deprecated setup.py develop --editable --build-directory /home/ani/yc_ws/build/app/build --no-deps symlink_data
[0.757s] running develop
[0.758s] /usr/lib/python3/dist-packages/setuptools/command/easy_install.py:158: EasyInstallDeprecationWarning: easy_install command is deprecated. Use build and pip and other standards-based tools.
[0.758s]   warnings.warn(
[0.832s] running egg_info
[0.832s] creating app.egg-info
[0.832s] writing app.egg-info/PKG-INFO
[0.832s] writing dependency_links to app.egg-info/dependency_links.txt
[0.833s] writing entry points to app.egg-info/entry_points.txt
[0.833s] writing requirements to app.egg-info/requires.txt
[0.833s] writing top-level names to app.egg-info/top_level.txt
[0.834s] writing manifest file 'app.egg-info/SOURCES.txt'
[0.835s] reading manifest file 'app.egg-info/SOURCES.txt'
[0.835s] writing manifest file 'app.egg-info/SOURCES.txt'
[0.836s] running build_ext
[0.836s] Creating /home/ani/yc_ws/install/app/lib/python3.10/site-packages/app.egg-link (link to .)
[0.837s] Installing coordinator script to /home/ani/yc_ws/install/app/lib/app
[0.837s] Installing grasp_detection script to /home/ani/yc_ws/install/app/lib/app
[0.837s] 
[0.837s] Installed /home/ani/yc_ws/build/app
[0.837s] running symlink_data
[0.837s] creating /home/ani/yc_ws/install/app/share/ament_index
[0.837s] creating /home/ani/yc_ws/install/app/share/ament_index/resource_index
[0.837s] creating /home/ani/yc_ws/install/app/share/ament_index/resource_index/packages
[0.837s] symbolically linking /home/ani/yc_ws/build/app/resource/app -> /home/ani/yc_ws/install/app/share/ament_index/resource_index/packages
[0.838s] symbolically linking /home/ani/yc_ws/build/app/package.xml -> /home/ani/yc_ws/install/app/share/app
[0.838s] creating /home/ani/yc_ws/install/app/share/app/launch
[0.838s] symbolically linking /home/ani/yc_ws/build/app/launch/coordinator_launch.py -> /home/ani/yc_ws/install/app/share/app/launch
[0.861s] Invoked command in '/home/ani/yc_ws/build/app' returned '0': PYTHONPATH=/home/ani/yc_ws/build/app/prefix_override:/usr/lib/python3/dist-packages/colcon_core/task/python/colcon_distutils_commands:/home/ani/yc_ws/install/app/lib/python3.10/site-packages:${PYTHONPATH} /usr/bin/python3 -W ignore:setup.py install is deprecated setup.py develop --editable --build-directory /home/ani/yc_ws/build/app/build --no-deps symlink_data
