[0.662s] Invoking command in '/home/ani/yc_ws/build/frames': PYTHONPATH=/home/ani/yc_ws/build/frames/prefix_override:/usr/lib/python3/dist-packages/colcon_core/task/python/colcon_distutils_commands:/home/ani/yc_ws/install/frames/lib/python3.10/site-packages:${PYTHONPATH} /usr/bin/python3 -W ignore:setup.py install is deprecated -W ignore:easy_install command is deprecated setup.py develop --editable --build-directory /home/ani/yc_ws/build/frames/build --no-deps symlink_data
[0.833s] running develop
[0.948s] running egg_info
[0.948s] writing frames.egg-info/PKG-INFO
[0.948s] writing dependency_links to frames.egg-info/dependency_links.txt
[0.948s] writing entry points to frames.egg-info/entry_points.txt
[0.948s] writing requirements to frames.egg-info/requires.txt
[0.948s] writing top-level names to frames.egg-info/top_level.txt
[0.950s] reading manifest file 'frames.egg-info/SOURCES.txt'
[0.950s] writing manifest file 'frames.egg-info/SOURCES.txt'
[0.951s] running build_ext
[0.951s] Creating /home/ani/yc_ws/install/frames/lib/python3.10/site-packages/frames.egg-link (link to .)
[0.952s] Installing coordinator2 script to /home/ani/yc_ws/install/frames/bin
[0.952s] Installing grasp_detector_controller script to /home/ani/yc_ws/install/frames/bin
[0.952s] Installing gripper_controller script to /home/ani/yc_ws/install/frames/bin
[0.952s] Installing robot_controller_moveit script to /home/ani/yc_ws/install/frames/bin
[0.952s] Installing robot_controller_rtde script to /home/ani/yc_ws/install/frames/bin
[0.952s] 
[0.952s] Installed /home/ani/yc_ws/build/frames
[0.952s] running symlink_data
[0.952s] creating /home/ani/yc_ws/install/frames/share/ament_index
[0.952s] creating /home/ani/yc_ws/install/frames/share/ament_index/resource_index
[0.952s] creating /home/ani/yc_ws/install/frames/share/ament_index/resource_index/packages
[0.953s] error: can't copy '/home/ani/yc_ws/build/frames/resource/frames': doesn't exist or not a regular file
[0.970s] Invoked command in '/home/ani/yc_ws/build/frames' returned '1': PYTHONPATH=/home/ani/yc_ws/build/frames/prefix_override:/usr/lib/python3/dist-packages/colcon_core/task/python/colcon_distutils_commands:/home/ani/yc_ws/install/frames/lib/python3.10/site-packages:${PYTHONPATH} /usr/bin/python3 -W ignore:setup.py install is deprecated -W ignore:easy_install command is deprecated setup.py develop --editable --build-directory /home/ani/yc_ws/build/frames/build --no-deps symlink_data
