[0.366s] Invoking command in '/home/ani/yc_ws/src/build/robotiq_description': CMAKE_PREFIX_PATH=/opt/ros/humble /usr/bin/cmake /home/ani/yc_ws/src/gripper/robotiq_description -DAMENT_CMAKE_SYMLINK_INSTALL=1 -DCMAKE_INSTALL_PREFIX=/home/ani/yc_ws/src/install/robotiq_description
[0.415s] -- The C compiler identification is GNU 11.4.0
[0.464s] -- The CXX compiler identification is GNU 11.4.0
[0.471s] -- Detecting C compiler ABI info
[0.533s] -- Detecting C compiler ABI info - done
[0.539s] -- Check for working C compiler: /usr/bin/cc - skipped
[0.540s] -- Detecting C compile features
[0.540s] -- Detecting C compile features - done
[0.543s] -- Detecting CXX compiler ABI info
[0.618s] -- Detecting CXX compiler ABI info - done
[0.628s] -- Check for working CXX compiler: /usr/bin/c++ - skipped
[0.628s] -- Detecting CXX compile features
[0.628s] -- Detecting CXX compile features - done
[0.631s] -- Found ament_cmake: 1.3.10 (/opt/ros/humble/share/ament_cmake/cmake)
[0.771s] -- Found Python3: /usr/bin/python3 (found version "3.10.12") found components: Interpreter 
[0.834s] -- Override CMake install command with custom implementation using symlinks instead of copying resources
[0.923s] -- Configuring done
[0.926s] -- Generating done
[0.928s] -- Build files have been written to: /home/ani/yc_ws/src/build/robotiq_description
[0.935s] Invoked command in '/home/ani/yc_ws/src/build/robotiq_description' returned '0': CMAKE_PREFIX_PATH=/opt/ros/humble /usr/bin/cmake /home/ani/yc_ws/src/gripper/robotiq_description -DAMENT_CMAKE_SYMLINK_INSTALL=1 -DCMAKE_INSTALL_PREFIX=/home/ani/yc_ws/src/install/robotiq_description
[0.935s] Invoking command in '/home/ani/yc_ws/src/build/robotiq_description': CMAKE_PREFIX_PATH=/opt/ros/humble /usr/bin/cmake --build /home/ani/yc_ws/src/build/robotiq_description -- -j12 -l12
[0.972s] Invoked command in '/home/ani/yc_ws/src/build/robotiq_description' returned '0': CMAKE_PREFIX_PATH=/opt/ros/humble /usr/bin/cmake --build /home/ani/yc_ws/src/build/robotiq_description -- -j12 -l12
[0.982s] Invoking command in '/home/ani/yc_ws/src/build/robotiq_description': CMAKE_PREFIX_PATH=/opt/ros/humble /usr/bin/cmake --install /home/ani/yc_ws/src/build/robotiq_description
[0.989s] -- Install configuration: ""
[0.990s] -- Execute custom install script
[0.990s] -- Symlinking: /home/ani/yc_ws/src/install/robotiq_description/share/robotiq_description/config/robotiq_controllers.yaml
[1.000s] -- Symlinking: /home/ani/yc_ws/src/install/robotiq_description/share/robotiq_description/launch/robotiq_control.launch.py
[1.008s] -- Symlinking: /home/ani/yc_ws/src/install/robotiq_description/share/robotiq_description/launch/view_gripper.launch.py
[1.017s] -- Symlinking: /home/ani/yc_ws/src/install/robotiq_description/share/robotiq_description/meshes/collision/2f_140/robotiq_2f_140_base_link.stl
[1.025s] -- Symlinking: /home/ani/yc_ws/src/install/robotiq_description/share/robotiq_description/meshes/collision/2f_140/robotiq_2f_140_coupling.stl
[1.034s] -- Symlinking: /home/ani/yc_ws/src/install/robotiq_description/share/robotiq_description/meshes/collision/2f_140/robotiq_2f_140_inner_finger.stl
[1.043s] -- Symlinking: /home/ani/yc_ws/src/install/robotiq_description/share/robotiq_description/meshes/collision/2f_140/robotiq_2f_140_inner_knuckle.stl
[1.052s] -- Symlinking: /home/ani/yc_ws/src/install/robotiq_description/share/robotiq_description/meshes/collision/2f_140/robotiq_2f_140_outer_finger.stl
[1.058s] -- Symlinking: /home/ani/yc_ws/src/install/robotiq_description/share/robotiq_description/meshes/collision/2f_140/robotiq_2f_140_outer_knuckle.stl
[1.065s] -- Symlinking: /home/ani/yc_ws/src/install/robotiq_description/share/robotiq_description/meshes/collision/2f_85/left_finger.stl
[1.071s] -- Symlinking: /home/ani/yc_ws/src/install/robotiq_description/share/robotiq_description/meshes/collision/2f_85/left_finger_tip.stl
[1.080s] -- Symlinking: /home/ani/yc_ws/src/install/robotiq_description/share/robotiq_description/meshes/collision/2f_85/left_inner_knuckle.stl
[1.089s] -- Symlinking: /home/ani/yc_ws/src/install/robotiq_description/share/robotiq_description/meshes/collision/2f_85/left_knuckle.stl
[1.098s] -- Symlinking: /home/ani/yc_ws/src/install/robotiq_description/share/robotiq_description/meshes/collision/2f_85/right_finger.stl
[1.107s] -- Symlinking: /home/ani/yc_ws/src/install/robotiq_description/share/robotiq_description/meshes/collision/2f_85/right_finger_tip.stl
[1.116s] -- Symlinking: /home/ani/yc_ws/src/install/robotiq_description/share/robotiq_description/meshes/collision/2f_85/right_inner_knuckle.stl
[1.123s] -- Symlinking: /home/ani/yc_ws/src/install/robotiq_description/share/robotiq_description/meshes/collision/2f_85/right_knuckle.stl
[1.131s] -- Symlinking: /home/ani/yc_ws/src/install/robotiq_description/share/robotiq_description/meshes/collision/2f_85/robotiq_base.stl
[1.138s] -- Symlinking: /home/ani/yc_ws/src/install/robotiq_description/share/robotiq_description/meshes/collision/2f_85/ur_to_robotiq_adapter.stl
[1.144s] -- Symlinking: /home/ani/yc_ws/src/install/robotiq_description/share/robotiq_description/meshes/visual/2f_140/robotiq_2f_140_base_link.stl
[1.151s] -- Symlinking: /home/ani/yc_ws/src/install/robotiq_description/share/robotiq_description/meshes/visual/2f_140/robotiq_2f_140_coupling.stl
[1.158s] -- Symlinking: /home/ani/yc_ws/src/install/robotiq_description/share/robotiq_description/meshes/visual/2f_140/robotiq_2f_140_inner_finger.stl
[1.165s] -- Symlinking: /home/ani/yc_ws/src/install/robotiq_description/share/robotiq_description/meshes/visual/2f_140/robotiq_2f_140_inner_knuckle.stl
[1.173s] -- Symlinking: /home/ani/yc_ws/src/install/robotiq_description/share/robotiq_description/meshes/visual/2f_140/robotiq_2f_140_outer_finger.stl
[1.179s] -- Symlinking: /home/ani/yc_ws/src/install/robotiq_description/share/robotiq_description/meshes/visual/2f_140/robotiq_2f_140_outer_knuckle.stl
[1.186s] -- Symlinking: /home/ani/yc_ws/src/install/robotiq_description/share/robotiq_description/meshes/visual/2f_85/left_finger.dae
[1.193s] -- Symlinking: /home/ani/yc_ws/src/install/robotiq_description/share/robotiq_description/meshes/visual/2f_85/left_finger_tip.dae
[1.200s] -- Symlinking: /home/ani/yc_ws/src/install/robotiq_description/share/robotiq_description/meshes/visual/2f_85/left_inner_knuckle.dae
[1.207s] -- Symlinking: /home/ani/yc_ws/src/install/robotiq_description/share/robotiq_description/meshes/visual/2f_85/left_knuckle.dae
[1.214s] -- Symlinking: /home/ani/yc_ws/src/install/robotiq_description/share/robotiq_description/meshes/visual/2f_85/right_finger.dae
[1.221s] -- Symlinking: /home/ani/yc_ws/src/install/robotiq_description/share/robotiq_description/meshes/visual/2f_85/right_finger_tip.dae
[1.227s] -- Symlinking: /home/ani/yc_ws/src/install/robotiq_description/share/robotiq_description/meshes/visual/2f_85/right_inner_knuckle.dae
[1.235s] -- Symlinking: /home/ani/yc_ws/src/install/robotiq_description/share/robotiq_description/meshes/visual/2f_85/right_knuckle.dae
[1.241s] -- Symlinking: /home/ani/yc_ws/src/install/robotiq_description/share/robotiq_description/meshes/visual/2f_85/robotiq_base.dae
[1.250s] -- Symlinking: /home/ani/yc_ws/src/install/robotiq_description/share/robotiq_description/meshes/visual/2f_85/ur_to_robotiq_adapter.dae
[1.258s] -- Symlinking: /home/ani/yc_ws/src/install/robotiq_description/share/robotiq_description/rviz/view_urdf.rviz
[1.265s] -- Symlinking: /home/ani/yc_ws/src/install/robotiq_description/share/robotiq_description/urdf/2f_140.ros2_control.xacro
[1.273s] -- Symlinking: /home/ani/yc_ws/src/install/robotiq_description/share/robotiq_description/urdf/2f_85.ros2_control.xacro
[1.280s] -- Symlinking: /home/ani/yc_ws/src/install/robotiq_description/share/robotiq_description/urdf/robotiq_2f_140.xacro
[1.289s] -- Symlinking: /home/ani/yc_ws/src/install/robotiq_description/share/robotiq_description/urdf/robotiq_2f_140_gripper.urdf.xacro
[1.297s] -- Symlinking: /home/ani/yc_ws/src/install/robotiq_description/share/robotiq_description/urdf/robotiq_2f_140_macro.urdf.xacro
[1.305s] -- Symlinking: /home/ani/yc_ws/src/install/robotiq_description/share/robotiq_description/urdf/robotiq_2f_85_gripper.urdf.xacro
[1.313s] -- Symlinking: /home/ani/yc_ws/src/install/robotiq_description/share/robotiq_description/urdf/robotiq_2f_85_macro.urdf.xacro
[1.321s] -- Symlinking: /home/ani/yc_ws/src/install/robotiq_description/share/robotiq_description/urdf/ur_to_robotiq_adapter.urdf.xacro
[1.331s] -- Symlinking: /home/ani/yc_ws/src/install/robotiq_description/share/ament_index/resource_index/package_run_dependencies/robotiq_description
[1.340s] -- Symlinking: /home/ani/yc_ws/src/install/robotiq_description/share/ament_index/resource_index/parent_prefix_path/robotiq_description
[1.347s] -- Symlinking: /home/ani/yc_ws/src/install/robotiq_description/share/robotiq_description/environment/ament_prefix_path.sh
[1.355s] -- Symlinking: /home/ani/yc_ws/src/install/robotiq_description/share/robotiq_description/environment/ament_prefix_path.dsv
[1.361s] -- Symlinking: /home/ani/yc_ws/src/install/robotiq_description/share/robotiq_description/environment/path.sh
[1.368s] -- Symlinking: /home/ani/yc_ws/src/install/robotiq_description/share/robotiq_description/environment/path.dsv
[1.376s] -- Symlinking: /home/ani/yc_ws/src/install/robotiq_description/share/robotiq_description/local_setup.bash
[1.383s] -- Symlinking: /home/ani/yc_ws/src/install/robotiq_description/share/robotiq_description/local_setup.sh
[1.393s] -- Symlinking: /home/ani/yc_ws/src/install/robotiq_description/share/robotiq_description/local_setup.zsh
[1.402s] -- Symlinking: /home/ani/yc_ws/src/install/robotiq_description/share/robotiq_description/local_setup.dsv
[1.412s] -- Symlinking: /home/ani/yc_ws/src/install/robotiq_description/share/robotiq_description/package.dsv
[1.422s] -- Symlinking: /home/ani/yc_ws/src/install/robotiq_description/share/ament_index/resource_index/packages/robotiq_description
[1.433s] -- Symlinking: /home/ani/yc_ws/src/install/robotiq_description/share/robotiq_description/cmake/robotiq_descriptionConfig.cmake
[1.441s] -- Symlinking: /home/ani/yc_ws/src/install/robotiq_description/share/robotiq_description/cmake/robotiq_descriptionConfig-version.cmake
[1.452s] -- Symlinking: /home/ani/yc_ws/src/install/robotiq_description/share/robotiq_description/package.xml
[1.463s] Invoked command in '/home/ani/yc_ws/src/build/robotiq_description' returned '0': CMAKE_PREFIX_PATH=/opt/ros/humble /usr/bin/cmake --install /home/ani/yc_ws/src/build/robotiq_description
