[0.067s] DEBUG:colcon:Command line arguments: ['/usr/bin/colcon', 'build', '--symlink-install']
[0.067s] DEBUG:colcon:Parsed command line arguments: Namespace(log_base=None, log_level=None, verb_name='build', build_base='build', install_base='install', merge_install=False, symlink_install=True, test_result_base=None, continue_on_error=False, executor='parallel', parallel_workers=12, event_handlers=None, ignore_user_meta=False, metas=['./colcon.meta'], base_paths=['.'], packages_ignore=None, packages_ignore_regex=None, paths=None, packages_up_to=None, packages_up_to_regex=None, packages_above=None, packages_above_and_dependencies=None, packages_above_depth=None, packages_select_by_dep=None, packages_skip_by_dep=None, packages_skip_up_to=None, packages_select_build_failed=False, packages_skip_build_finished=False, packages_select_test_failures=False, packages_skip_test_passed=False, packages_select=None, packages_skip=None, packages_select_regex=None, packages_skip_regex=None, packages_start=None, packages_end=None, allow_overriding=[], cmake_args=None, cmake_target=None, cmake_target_skip_unavailable=False, cmake_clean_cache=False, cmake_clean_first=False, cmake_force_configure=False, ament_cmake_args=None, catkin_cmake_args=None, catkin_skip_building_tests=False, verb_parser=<colcon_defaults.argument_parser.defaults.DefaultArgumentsDecorator object at 0x7c699d051690>, verb_extension=<colcon_core.verb.build.BuildVerb object at 0x7c699d1c9d20>, main=<bound method BuildVerb.main of <colcon_core.verb.build.BuildVerb object at 0x7c699d1c9d20>>)
[0.183s] Level 1:colcon.colcon_core.package_discovery:discover_packages(colcon_meta) check parameters
[0.183s] Level 1:colcon.colcon_core.package_discovery:discover_packages(recursive) check parameters
[0.183s] Level 1:colcon.colcon_core.package_discovery:discover_packages(ignore) check parameters
[0.183s] Level 1:colcon.colcon_core.package_discovery:discover_packages(path) check parameters
[0.183s] Level 1:colcon.colcon_core.package_discovery:discover_packages(colcon_meta) discover
[0.183s] Level 1:colcon.colcon_core.package_discovery:discover_packages(recursive) discover
[0.183s] INFO:colcon.colcon_core.package_discovery:Crawling recursively for packages in '/home/ani/yc_ws'
[0.183s] Level 1:colcon.colcon_core.package_identification:_identify(.) by extensions ['ignore', 'ignore_ament_install']
[0.183s] Level 1:colcon.colcon_core.package_identification:_identify(.) by extension 'ignore'
[0.183s] Level 1:colcon.colcon_core.package_identification:_identify(.) by extension 'ignore_ament_install'
[0.183s] Level 1:colcon.colcon_core.package_identification:_identify(.) by extensions ['colcon_pkg']
[0.183s] Level 1:colcon.colcon_core.package_identification:_identify(.) by extension 'colcon_pkg'
[0.184s] Level 1:colcon.colcon_core.package_identification:_identify(.) by extensions ['colcon_meta']
[0.184s] Level 1:colcon.colcon_core.package_identification:_identify(.) by extension 'colcon_meta'
[0.184s] Level 1:colcon.colcon_core.package_identification:_identify(.) by extensions ['ros']
[0.184s] Level 1:colcon.colcon_core.package_identification:_identify(.) by extension 'ros'
[0.190s] Level 1:colcon.colcon_core.package_identification:_identify(.) by extensions ['cmake', 'python']
[0.190s] Level 1:colcon.colcon_core.package_identification:_identify(.) by extension 'cmake'
[0.190s] Level 1:colcon.colcon_core.package_identification:_identify(.) by extension 'python'
[0.190s] Level 1:colcon.colcon_core.package_identification:_identify(.) by extensions ['python_setup_py']
[0.190s] Level 1:colcon.colcon_core.package_identification:_identify(.) by extension 'python_setup_py'
[0.190s] Level 1:colcon.colcon_core.package_identification:_identify(build) by extensions ['ignore', 'ignore_ament_install']
[0.190s] Level 1:colcon.colcon_core.package_identification:_identify(build) by extension 'ignore'
[0.190s] Level 1:colcon.colcon_core.package_identification:_identify(build) ignored
[0.191s] Level 1:colcon.colcon_core.package_identification:_identify(install) by extensions ['ignore', 'ignore_ament_install']
[0.191s] Level 1:colcon.colcon_core.package_identification:_identify(install) by extension 'ignore'
[0.191s] Level 1:colcon.colcon_core.package_identification:_identify(install) ignored
[0.191s] Level 1:colcon.colcon_core.package_identification:_identify(log) by extensions ['ignore', 'ignore_ament_install']
[0.191s] Level 1:colcon.colcon_core.package_identification:_identify(log) by extension 'ignore'
[0.191s] Level 1:colcon.colcon_core.package_identification:_identify(log) ignored
[0.191s] Level 1:colcon.colcon_core.package_identification:_identify(src) by extensions ['ignore', 'ignore_ament_install']
[0.191s] Level 1:colcon.colcon_core.package_identification:_identify(src) by extension 'ignore'
[0.191s] Level 1:colcon.colcon_core.package_identification:_identify(src) by extension 'ignore_ament_install'
[0.191s] Level 1:colcon.colcon_core.package_identification:_identify(src) by extensions ['colcon_pkg']
[0.191s] Level 1:colcon.colcon_core.package_identification:_identify(src) by extension 'colcon_pkg'
[0.191s] Level 1:colcon.colcon_core.package_identification:_identify(src) by extensions ['colcon_meta']
[0.191s] Level 1:colcon.colcon_core.package_identification:_identify(src) by extension 'colcon_meta'
[0.191s] Level 1:colcon.colcon_core.package_identification:_identify(src) by extensions ['ros']
[0.191s] Level 1:colcon.colcon_core.package_identification:_identify(src) by extension 'ros'
[0.191s] Level 1:colcon.colcon_core.package_identification:_identify(src) by extensions ['cmake', 'python']
[0.191s] Level 1:colcon.colcon_core.package_identification:_identify(src) by extension 'cmake'
[0.191s] Level 1:colcon.colcon_core.package_identification:_identify(src) by extension 'python'
[0.191s] Level 1:colcon.colcon_core.package_identification:_identify(src) by extensions ['python_setup_py']
[0.191s] Level 1:colcon.colcon_core.package_identification:_identify(src) by extension 'python_setup_py'
[0.191s] Level 1:colcon.colcon_core.package_identification:_identify(src/find_grasp) by extensions ['ignore', 'ignore_ament_install']
[0.191s] Level 1:colcon.colcon_core.package_identification:_identify(src/find_grasp) by extension 'ignore'
[0.191s] Level 1:colcon.colcon_core.package_identification:_identify(src/find_grasp) by extension 'ignore_ament_install'
[0.191s] Level 1:colcon.colcon_core.package_identification:_identify(src/find_grasp) by extensions ['colcon_pkg']
[0.191s] Level 1:colcon.colcon_core.package_identification:_identify(src/find_grasp) by extension 'colcon_pkg'
[0.191s] Level 1:colcon.colcon_core.package_identification:_identify(src/find_grasp) by extensions ['colcon_meta']
[0.192s] Level 1:colcon.colcon_core.package_identification:_identify(src/find_grasp) by extension 'colcon_meta'
[0.192s] Level 1:colcon.colcon_core.package_identification:_identify(src/find_grasp) by extensions ['ros']
[0.192s] Level 1:colcon.colcon_core.package_identification:_identify(src/find_grasp) by extension 'ros'
[0.194s] DEBUG:colcon.colcon_core.package_identification:Package 'src/find_grasp' with type 'ros.ament_python' and name 'find_grasp'
[0.194s] Level 1:colcon.colcon_core.package_identification:_identify(src/frames) by extensions ['ignore', 'ignore_ament_install']
[0.194s] Level 1:colcon.colcon_core.package_identification:_identify(src/frames) by extension 'ignore'
[0.194s] Level 1:colcon.colcon_core.package_identification:_identify(src/frames) by extension 'ignore_ament_install'
[0.194s] Level 1:colcon.colcon_core.package_identification:_identify(src/frames) by extensions ['colcon_pkg']
[0.194s] Level 1:colcon.colcon_core.package_identification:_identify(src/frames) by extension 'colcon_pkg'
[0.194s] Level 1:colcon.colcon_core.package_identification:_identify(src/frames) by extensions ['colcon_meta']
[0.194s] Level 1:colcon.colcon_core.package_identification:_identify(src/frames) by extension 'colcon_meta'
[0.194s] Level 1:colcon.colcon_core.package_identification:_identify(src/frames) by extensions ['ros']
[0.194s] Level 1:colcon.colcon_core.package_identification:_identify(src/frames) by extension 'ros'
[0.195s] DEBUG:colcon.colcon_core.package_identification:Package 'src/frames' with type 'ros.ament_python' and name 'frames'
[0.195s] Level 1:colcon.colcon_core.package_identification:_identify(src/gripper) by extensions ['ignore', 'ignore_ament_install']
[0.195s] Level 1:colcon.colcon_core.package_identification:_identify(src/gripper) by extension 'ignore'
[0.195s] Level 1:colcon.colcon_core.package_identification:_identify(src/gripper) by extension 'ignore_ament_install'
[0.195s] Level 1:colcon.colcon_core.package_identification:_identify(src/gripper) by extensions ['colcon_pkg']
[0.195s] Level 1:colcon.colcon_core.package_identification:_identify(src/gripper) by extension 'colcon_pkg'
[0.195s] Level 1:colcon.colcon_core.package_identification:_identify(src/gripper) by extensions ['colcon_meta']
[0.195s] Level 1:colcon.colcon_core.package_identification:_identify(src/gripper) by extension 'colcon_meta'
[0.195s] Level 1:colcon.colcon_core.package_identification:_identify(src/gripper) by extensions ['ros']
[0.195s] Level 1:colcon.colcon_core.package_identification:_identify(src/gripper) by extension 'ros'
[0.195s] Level 1:colcon.colcon_core.package_identification:_identify(src/gripper) by extensions ['cmake', 'python']
[0.195s] Level 1:colcon.colcon_core.package_identification:_identify(src/gripper) by extension 'cmake'
[0.195s] Level 1:colcon.colcon_core.package_identification:_identify(src/gripper) by extension 'python'
[0.195s] Level 1:colcon.colcon_core.package_identification:_identify(src/gripper) by extensions ['python_setup_py']
[0.195s] Level 1:colcon.colcon_core.package_identification:_identify(src/gripper) by extension 'python_setup_py'
[0.195s] Level 1:colcon.colcon_core.package_identification:_identify(src/gripper/robotiq_controllers) by extensions ['ignore', 'ignore_ament_install']
[0.196s] Level 1:colcon.colcon_core.package_identification:_identify(src/gripper/robotiq_controllers) by extension 'ignore'
[0.196s] Level 1:colcon.colcon_core.package_identification:_identify(src/gripper/robotiq_controllers) by extension 'ignore_ament_install'
[0.196s] Level 1:colcon.colcon_core.package_identification:_identify(src/gripper/robotiq_controllers) by extensions ['colcon_pkg']
[0.196s] Level 1:colcon.colcon_core.package_identification:_identify(src/gripper/robotiq_controllers) by extension 'colcon_pkg'
[0.196s] Level 1:colcon.colcon_core.package_identification:_identify(src/gripper/robotiq_controllers) by extensions ['colcon_meta']
[0.196s] Level 1:colcon.colcon_core.package_identification:_identify(src/gripper/robotiq_controllers) by extension 'colcon_meta'
[0.196s] Level 1:colcon.colcon_core.package_identification:_identify(src/gripper/robotiq_controllers) by extensions ['ros']
[0.196s] Level 1:colcon.colcon_core.package_identification:_identify(src/gripper/robotiq_controllers) by extension 'ros'
[0.196s] DEBUG:colcon.colcon_core.package_identification:Package 'src/gripper/robotiq_controllers' with type 'ros.ament_cmake' and name 'robotiq_controllers'
[0.196s] Level 1:colcon.colcon_core.package_identification:_identify(src/gripper/robotiq_description) by extensions ['ignore', 'ignore_ament_install']
[0.196s] Level 1:colcon.colcon_core.package_identification:_identify(src/gripper/robotiq_description) by extension 'ignore'
[0.196s] Level 1:colcon.colcon_core.package_identification:_identify(src/gripper/robotiq_description) by extension 'ignore_ament_install'
[0.196s] Level 1:colcon.colcon_core.package_identification:_identify(src/gripper/robotiq_description) by extensions ['colcon_pkg']
[0.196s] Level 1:colcon.colcon_core.package_identification:_identify(src/gripper/robotiq_description) by extension 'colcon_pkg'
[0.196s] Level 1:colcon.colcon_core.package_identification:_identify(src/gripper/robotiq_description) by extensions ['colcon_meta']
[0.196s] Level 1:colcon.colcon_core.package_identification:_identify(src/gripper/robotiq_description) by extension 'colcon_meta'
[0.196s] Level 1:colcon.colcon_core.package_identification:_identify(src/gripper/robotiq_description) by extensions ['ros']
[0.196s] Level 1:colcon.colcon_core.package_identification:_identify(src/gripper/robotiq_description) by extension 'ros'
[0.197s] DEBUG:colcon.colcon_core.package_identification:Package 'src/gripper/robotiq_description' with type 'ros.ament_cmake' and name 'robotiq_description'
[0.197s] Level 1:colcon.colcon_core.package_identification:_identify(src/gripper/robotiq_driver) by extensions ['ignore', 'ignore_ament_install']
[0.197s] Level 1:colcon.colcon_core.package_identification:_identify(src/gripper/robotiq_driver) by extension 'ignore'
[0.197s] Level 1:colcon.colcon_core.package_identification:_identify(src/gripper/robotiq_driver) by extension 'ignore_ament_install'
[0.197s] Level 1:colcon.colcon_core.package_identification:_identify(src/gripper/robotiq_driver) by extensions ['colcon_pkg']
[0.197s] Level 1:colcon.colcon_core.package_identification:_identify(src/gripper/robotiq_driver) by extension 'colcon_pkg'
[0.197s] Level 1:colcon.colcon_core.package_identification:_identify(src/gripper/robotiq_driver) by extensions ['colcon_meta']
[0.197s] Level 1:colcon.colcon_core.package_identification:_identify(src/gripper/robotiq_driver) by extension 'colcon_meta'
[0.197s] Level 1:colcon.colcon_core.package_identification:_identify(src/gripper/robotiq_driver) by extensions ['ros']
[0.197s] Level 1:colcon.colcon_core.package_identification:_identify(src/gripper/robotiq_driver) by extension 'ros'
[0.198s] DEBUG:colcon.colcon_core.package_identification:Package 'src/gripper/robotiq_driver' with type 'ros.ament_cmake' and name 'robotiq_driver'
[0.198s] Level 1:colcon.colcon_core.package_identification:_identify(src/gripper/robotiq_hardware_tests) by extensions ['ignore', 'ignore_ament_install']
[0.198s] Level 1:colcon.colcon_core.package_identification:_identify(src/gripper/robotiq_hardware_tests) by extension 'ignore'
[0.198s] Level 1:colcon.colcon_core.package_identification:_identify(src/gripper/robotiq_hardware_tests) by extension 'ignore_ament_install'
[0.198s] Level 1:colcon.colcon_core.package_identification:_identify(src/gripper/robotiq_hardware_tests) by extensions ['colcon_pkg']
[0.198s] Level 1:colcon.colcon_core.package_identification:_identify(src/gripper/robotiq_hardware_tests) by extension 'colcon_pkg'
[0.198s] Level 1:colcon.colcon_core.package_identification:_identify(src/gripper/robotiq_hardware_tests) by extensions ['colcon_meta']
[0.198s] Level 1:colcon.colcon_core.package_identification:_identify(src/gripper/robotiq_hardware_tests) by extension 'colcon_meta'
[0.198s] Level 1:colcon.colcon_core.package_identification:_identify(src/gripper/robotiq_hardware_tests) by extensions ['ros']
[0.198s] Level 1:colcon.colcon_core.package_identification:_identify(src/gripper/robotiq_hardware_tests) by extension 'ros'
[0.199s] DEBUG:colcon.colcon_core.package_identification:Package 'src/gripper/robotiq_hardware_tests' with type 'ros.ament_cmake' and name 'robotiq_hardware_tests'
[0.199s] Level 1:colcon.colcon_core.package_identification:_identify(src/my_pkg) by extensions ['ignore', 'ignore_ament_install']
[0.199s] Level 1:colcon.colcon_core.package_identification:_identify(src/my_pkg) by extension 'ignore'
[0.199s] Level 1:colcon.colcon_core.package_identification:_identify(src/my_pkg) by extension 'ignore_ament_install'
[0.199s] Level 1:colcon.colcon_core.package_identification:_identify(src/my_pkg) by extensions ['colcon_pkg']
[0.199s] Level 1:colcon.colcon_core.package_identification:_identify(src/my_pkg) by extension 'colcon_pkg'
[0.199s] Level 1:colcon.colcon_core.package_identification:_identify(src/my_pkg) by extensions ['colcon_meta']
[0.199s] Level 1:colcon.colcon_core.package_identification:_identify(src/my_pkg) by extension 'colcon_meta'
[0.199s] Level 1:colcon.colcon_core.package_identification:_identify(src/my_pkg) by extensions ['ros']
[0.199s] Level 1:colcon.colcon_core.package_identification:_identify(src/my_pkg) by extension 'ros'
[0.199s] DEBUG:colcon.colcon_core.package_identification:Package 'src/my_pkg' with type 'ros.ament_cmake' and name 'my_pkg'
[0.199s] Level 1:colcon.colcon_core.package_identification:_identify(src/my_ur_driver) by extensions ['ignore', 'ignore_ament_install']
[0.199s] Level 1:colcon.colcon_core.package_identification:_identify(src/my_ur_driver) by extension 'ignore'
[0.199s] Level 1:colcon.colcon_core.package_identification:_identify(src/my_ur_driver) by extension 'ignore_ament_install'
[0.199s] Level 1:colcon.colcon_core.package_identification:_identify(src/my_ur_driver) by extensions ['colcon_pkg']
[0.199s] Level 1:colcon.colcon_core.package_identification:_identify(src/my_ur_driver) by extension 'colcon_pkg'
[0.199s] Level 1:colcon.colcon_core.package_identification:_identify(src/my_ur_driver) by extensions ['colcon_meta']
[0.199s] Level 1:colcon.colcon_core.package_identification:_identify(src/my_ur_driver) by extension 'colcon_meta'
[0.200s] Level 1:colcon.colcon_core.package_identification:_identify(src/my_ur_driver) by extensions ['ros']
[0.200s] Level 1:colcon.colcon_core.package_identification:_identify(src/my_ur_driver) by extension 'ros'
[0.200s] DEBUG:colcon.colcon_core.package_identification:Package 'src/my_ur_driver' with type 'ros.ament_cmake' and name 'my_ur_driver'
[0.200s] Level 1:colcon.colcon_core.package_identification:_identify(src/serial) by extensions ['ignore', 'ignore_ament_install']
[0.200s] Level 1:colcon.colcon_core.package_identification:_identify(src/serial) by extension 'ignore'
[0.200s] Level 1:colcon.colcon_core.package_identification:_identify(src/serial) by extension 'ignore_ament_install'
[0.200s] Level 1:colcon.colcon_core.package_identification:_identify(src/serial) by extensions ['colcon_pkg']
[0.200s] Level 1:colcon.colcon_core.package_identification:_identify(src/serial) by extension 'colcon_pkg'
[0.200s] Level 1:colcon.colcon_core.package_identification:_identify(src/serial) by extensions ['colcon_meta']
[0.200s] Level 1:colcon.colcon_core.package_identification:_identify(src/serial) by extension 'colcon_meta'
[0.200s] Level 1:colcon.colcon_core.package_identification:_identify(src/serial) by extensions ['ros']
[0.200s] Level 1:colcon.colcon_core.package_identification:_identify(src/serial) by extension 'ros'
[0.200s] DEBUG:colcon.colcon_core.package_identification:Package 'src/serial' with type 'ros.ament_cmake' and name 'serial'
[0.201s] Level 1:colcon.colcon_core.package_identification:_identify(src/ur_calibration) by extensions ['ignore', 'ignore_ament_install']
[0.201s] Level 1:colcon.colcon_core.package_identification:_identify(src/ur_calibration) by extension 'ignore'
[0.201s] Level 1:colcon.colcon_core.package_identification:_identify(src/ur_calibration) by extension 'ignore_ament_install'
[0.201s] Level 1:colcon.colcon_core.package_identification:_identify(src/ur_calibration) by extensions ['colcon_pkg']
[0.201s] Level 1:colcon.colcon_core.package_identification:_identify(src/ur_calibration) by extension 'colcon_pkg'
[0.201s] Level 1:colcon.colcon_core.package_identification:_identify(src/ur_calibration) by extensions ['colcon_meta']
[0.201s] Level 1:colcon.colcon_core.package_identification:_identify(src/ur_calibration) by extension 'colcon_meta'
[0.201s] Level 1:colcon.colcon_core.package_identification:_identify(src/ur_calibration) by extensions ['ros']
[0.201s] Level 1:colcon.colcon_core.package_identification:_identify(src/ur_calibration) by extension 'ros'
[0.201s] DEBUG:colcon.colcon_core.package_identification:Package 'src/ur_calibration' with type 'ros.ament_cmake' and name 'ur_calibration'
[0.201s] Level 1:colcon.colcon_core.package_discovery:discover_packages(recursive) using defaults
[0.201s] Level 1:colcon.colcon_core.package_discovery:discover_packages(ignore) discover
[0.201s] Level 1:colcon.colcon_core.package_discovery:discover_packages(ignore) using defaults
[0.201s] Level 1:colcon.colcon_core.package_discovery:discover_packages(path) discover
[0.201s] Level 1:colcon.colcon_core.package_discovery:discover_packages(path) using defaults
[0.219s] Level 1:colcon.colcon_core.package_discovery:discover_packages(prefix_path) check parameters
[0.219s] Level 1:colcon.colcon_core.package_discovery:discover_packages(prefix_path) discover
[0.221s] DEBUG:colcon.colcon_installed_package_information.package_discovery:Found 349 installed packages in /opt/ros/humble
[0.222s] Level 1:colcon.colcon_core.package_discovery:discover_packages(prefix_path) using defaults
[0.250s] Level 5:colcon.colcon_core.verb:set package 'find_grasp' build argument 'cmake_args' from command line to 'None'
[0.250s] Level 5:colcon.colcon_core.verb:set package 'find_grasp' build argument 'cmake_target' from command line to 'None'
[0.250s] Level 5:colcon.colcon_core.verb:set package 'find_grasp' build argument 'cmake_target_skip_unavailable' from command line to 'False'
[0.250s] Level 5:colcon.colcon_core.verb:set package 'find_grasp' build argument 'cmake_clean_cache' from command line to 'False'
[0.250s] Level 5:colcon.colcon_core.verb:set package 'find_grasp' build argument 'cmake_clean_first' from command line to 'False'
[0.250s] Level 5:colcon.colcon_core.verb:set package 'find_grasp' build argument 'cmake_force_configure' from command line to 'False'
[0.250s] Level 5:colcon.colcon_core.verb:set package 'find_grasp' build argument 'ament_cmake_args' from command line to 'None'
[0.251s] Level 5:colcon.colcon_core.verb:set package 'find_grasp' build argument 'catkin_cmake_args' from command line to 'None'
[0.251s] Level 5:colcon.colcon_core.verb:set package 'find_grasp' build argument 'catkin_skip_building_tests' from command line to 'False'
[0.251s] DEBUG:colcon.colcon_core.verb:Building package 'find_grasp' with the following arguments: {'ament_cmake_args': None, 'build_base': '/home/ani/yc_ws/build/find_grasp', 'catkin_cmake_args': None, 'catkin_skip_building_tests': False, 'cmake_args': None, 'cmake_clean_cache': False, 'cmake_clean_first': False, 'cmake_force_configure': False, 'cmake_target': None, 'cmake_target_skip_unavailable': False, 'install_base': '/home/ani/yc_ws/install/find_grasp', 'merge_install': False, 'path': '/home/ani/yc_ws/src/find_grasp', 'symlink_install': True, 'test_result_base': None}
[0.251s] Level 5:colcon.colcon_core.verb:set package 'frames' build argument 'cmake_args' from command line to 'None'
[0.251s] Level 5:colcon.colcon_core.verb:set package 'frames' build argument 'cmake_target' from command line to 'None'
[0.251s] Level 5:colcon.colcon_core.verb:set package 'frames' build argument 'cmake_target_skip_unavailable' from command line to 'False'
[0.251s] Level 5:colcon.colcon_core.verb:set package 'frames' build argument 'cmake_clean_cache' from command line to 'False'
[0.251s] Level 5:colcon.colcon_core.verb:set package 'frames' build argument 'cmake_clean_first' from command line to 'False'
[0.251s] Level 5:colcon.colcon_core.verb:set package 'frames' build argument 'cmake_force_configure' from command line to 'False'
[0.251s] Level 5:colcon.colcon_core.verb:set package 'frames' build argument 'ament_cmake_args' from command line to 'None'
[0.251s] Level 5:colcon.colcon_core.verb:set package 'frames' build argument 'catkin_cmake_args' from command line to 'None'
[0.251s] Level 5:colcon.colcon_core.verb:set package 'frames' build argument 'catkin_skip_building_tests' from command line to 'False'
[0.251s] DEBUG:colcon.colcon_core.verb:Building package 'frames' with the following arguments: {'ament_cmake_args': None, 'build_base': '/home/ani/yc_ws/build/frames', 'catkin_cmake_args': None, 'catkin_skip_building_tests': False, 'cmake_args': None, 'cmake_clean_cache': False, 'cmake_clean_first': False, 'cmake_force_configure': False, 'cmake_target': None, 'cmake_target_skip_unavailable': False, 'install_base': '/home/ani/yc_ws/install/frames', 'merge_install': False, 'path': '/home/ani/yc_ws/src/frames', 'symlink_install': True, 'test_result_base': None}
[0.251s] Level 5:colcon.colcon_core.verb:set package 'my_pkg' build argument 'cmake_args' from command line to 'None'
[0.251s] Level 5:colcon.colcon_core.verb:set package 'my_pkg' build argument 'cmake_target' from command line to 'None'
[0.251s] Level 5:colcon.colcon_core.verb:set package 'my_pkg' build argument 'cmake_target_skip_unavailable' from command line to 'False'
[0.251s] Level 5:colcon.colcon_core.verb:set package 'my_pkg' build argument 'cmake_clean_cache' from command line to 'False'
[0.251s] Level 5:colcon.colcon_core.verb:set package 'my_pkg' build argument 'cmake_clean_first' from command line to 'False'
[0.251s] Level 5:colcon.colcon_core.verb:set package 'my_pkg' build argument 'cmake_force_configure' from command line to 'False'
[0.251s] Level 5:colcon.colcon_core.verb:set package 'my_pkg' build argument 'ament_cmake_args' from command line to 'None'
[0.251s] Level 5:colcon.colcon_core.verb:set package 'my_pkg' build argument 'catkin_cmake_args' from command line to 'None'
[0.251s] Level 5:colcon.colcon_core.verb:set package 'my_pkg' build argument 'catkin_skip_building_tests' from command line to 'False'
[0.251s] DEBUG:colcon.colcon_core.verb:Building package 'my_pkg' with the following arguments: {'ament_cmake_args': None, 'build_base': '/home/ani/yc_ws/build/my_pkg', 'catkin_cmake_args': None, 'catkin_skip_building_tests': False, 'cmake_args': None, 'cmake_clean_cache': False, 'cmake_clean_first': False, 'cmake_force_configure': False, 'cmake_target': None, 'cmake_target_skip_unavailable': False, 'install_base': '/home/ani/yc_ws/install/my_pkg', 'merge_install': False, 'path': '/home/ani/yc_ws/src/my_pkg', 'symlink_install': True, 'test_result_base': None}
[0.251s] Level 5:colcon.colcon_core.verb:set package 'my_ur_driver' build argument 'cmake_args' from command line to 'None'
[0.252s] Level 5:colcon.colcon_core.verb:set package 'my_ur_driver' build argument 'cmake_target' from command line to 'None'
[0.252s] Level 5:colcon.colcon_core.verb:set package 'my_ur_driver' build argument 'cmake_target_skip_unavailable' from command line to 'False'
[0.252s] Level 5:colcon.colcon_core.verb:set package 'my_ur_driver' build argument 'cmake_clean_cache' from command line to 'False'
[0.252s] Level 5:colcon.colcon_core.verb:set package 'my_ur_driver' build argument 'cmake_clean_first' from command line to 'False'
[0.252s] Level 5:colcon.colcon_core.verb:set package 'my_ur_driver' build argument 'cmake_force_configure' from command line to 'False'
[0.252s] Level 5:colcon.colcon_core.verb:set package 'my_ur_driver' build argument 'ament_cmake_args' from command line to 'None'
[0.252s] Level 5:colcon.colcon_core.verb:set package 'my_ur_driver' build argument 'catkin_cmake_args' from command line to 'None'
[0.252s] Level 5:colcon.colcon_core.verb:set package 'my_ur_driver' build argument 'catkin_skip_building_tests' from command line to 'False'
[0.252s] DEBUG:colcon.colcon_core.verb:Building package 'my_ur_driver' with the following arguments: {'ament_cmake_args': None, 'build_base': '/home/ani/yc_ws/build/my_ur_driver', 'catkin_cmake_args': None, 'catkin_skip_building_tests': False, 'cmake_args': None, 'cmake_clean_cache': False, 'cmake_clean_first': False, 'cmake_force_configure': False, 'cmake_target': None, 'cmake_target_skip_unavailable': False, 'install_base': '/home/ani/yc_ws/install/my_ur_driver', 'merge_install': False, 'path': '/home/ani/yc_ws/src/my_ur_driver', 'symlink_install': True, 'test_result_base': None}
[0.252s] Level 5:colcon.colcon_core.verb:set package 'robotiq_controllers' build argument 'cmake_args' from command line to 'None'
[0.252s] Level 5:colcon.colcon_core.verb:set package 'robotiq_controllers' build argument 'cmake_target' from command line to 'None'
[0.252s] Level 5:colcon.colcon_core.verb:set package 'robotiq_controllers' build argument 'cmake_target_skip_unavailable' from command line to 'False'
[0.252s] Level 5:colcon.colcon_core.verb:set package 'robotiq_controllers' build argument 'cmake_clean_cache' from command line to 'False'
[0.252s] Level 5:colcon.colcon_core.verb:set package 'robotiq_controllers' build argument 'cmake_clean_first' from command line to 'False'
[0.252s] Level 5:colcon.colcon_core.verb:set package 'robotiq_controllers' build argument 'cmake_force_configure' from command line to 'False'
[0.252s] Level 5:colcon.colcon_core.verb:set package 'robotiq_controllers' build argument 'ament_cmake_args' from command line to 'None'
[0.252s] Level 5:colcon.colcon_core.verb:set package 'robotiq_controllers' build argument 'catkin_cmake_args' from command line to 'None'
[0.252s] Level 5:colcon.colcon_core.verb:set package 'robotiq_controllers' build argument 'catkin_skip_building_tests' from command line to 'False'
[0.252s] DEBUG:colcon.colcon_core.verb:Building package 'robotiq_controllers' with the following arguments: {'ament_cmake_args': None, 'build_base': '/home/ani/yc_ws/build/robotiq_controllers', 'catkin_cmake_args': None, 'catkin_skip_building_tests': False, 'cmake_args': None, 'cmake_clean_cache': False, 'cmake_clean_first': False, 'cmake_force_configure': False, 'cmake_target': None, 'cmake_target_skip_unavailable': False, 'install_base': '/home/ani/yc_ws/install/robotiq_controllers', 'merge_install': False, 'path': '/home/ani/yc_ws/src/gripper/robotiq_controllers', 'symlink_install': True, 'test_result_base': None}
[0.252s] Level 5:colcon.colcon_core.verb:set package 'robotiq_description' build argument 'cmake_args' from command line to 'None'
[0.252s] Level 5:colcon.colcon_core.verb:set package 'robotiq_description' build argument 'cmake_target' from command line to 'None'
[0.252s] Level 5:colcon.colcon_core.verb:set package 'robotiq_description' build argument 'cmake_target_skip_unavailable' from command line to 'False'
[0.252s] Level 5:colcon.colcon_core.verb:set package 'robotiq_description' build argument 'cmake_clean_cache' from command line to 'False'
[0.252s] Level 5:colcon.colcon_core.verb:set package 'robotiq_description' build argument 'cmake_clean_first' from command line to 'False'
[0.252s] Level 5:colcon.colcon_core.verb:set package 'robotiq_description' build argument 'cmake_force_configure' from command line to 'False'
[0.252s] Level 5:colcon.colcon_core.verb:set package 'robotiq_description' build argument 'ament_cmake_args' from command line to 'None'
[0.252s] Level 5:colcon.colcon_core.verb:set package 'robotiq_description' build argument 'catkin_cmake_args' from command line to 'None'
[0.252s] Level 5:colcon.colcon_core.verb:set package 'robotiq_description' build argument 'catkin_skip_building_tests' from command line to 'False'
[0.252s] DEBUG:colcon.colcon_core.verb:Building package 'robotiq_description' with the following arguments: {'ament_cmake_args': None, 'build_base': '/home/ani/yc_ws/build/robotiq_description', 'catkin_cmake_args': None, 'catkin_skip_building_tests': False, 'cmake_args': None, 'cmake_clean_cache': False, 'cmake_clean_first': False, 'cmake_force_configure': False, 'cmake_target': None, 'cmake_target_skip_unavailable': False, 'install_base': '/home/ani/yc_ws/install/robotiq_description', 'merge_install': False, 'path': '/home/ani/yc_ws/src/gripper/robotiq_description', 'symlink_install': True, 'test_result_base': None}
[0.253s] Level 5:colcon.colcon_core.verb:set package 'serial' build argument 'cmake_args' from command line to 'None'
[0.253s] Level 5:colcon.colcon_core.verb:set package 'serial' build argument 'cmake_target' from command line to 'None'
[0.253s] Level 5:colcon.colcon_core.verb:set package 'serial' build argument 'cmake_target_skip_unavailable' from command line to 'False'
[0.253s] Level 5:colcon.colcon_core.verb:set package 'serial' build argument 'cmake_clean_cache' from command line to 'False'
[0.253s] Level 5:colcon.colcon_core.verb:set package 'serial' build argument 'cmake_clean_first' from command line to 'False'
[0.253s] Level 5:colcon.colcon_core.verb:set package 'serial' build argument 'cmake_force_configure' from command line to 'False'
[0.253s] Level 5:colcon.colcon_core.verb:set package 'serial' build argument 'ament_cmake_args' from command line to 'None'
[0.253s] Level 5:colcon.colcon_core.verb:set package 'serial' build argument 'catkin_cmake_args' from command line to 'None'
[0.253s] Level 5:colcon.colcon_core.verb:set package 'serial' build argument 'catkin_skip_building_tests' from command line to 'False'
[0.253s] DEBUG:colcon.colcon_core.verb:Building package 'serial' with the following arguments: {'ament_cmake_args': None, 'build_base': '/home/ani/yc_ws/build/serial', 'catkin_cmake_args': None, 'catkin_skip_building_tests': False, 'cmake_args': None, 'cmake_clean_cache': False, 'cmake_clean_first': False, 'cmake_force_configure': False, 'cmake_target': None, 'cmake_target_skip_unavailable': False, 'install_base': '/home/ani/yc_ws/install/serial', 'merge_install': False, 'path': '/home/ani/yc_ws/src/serial', 'symlink_install': True, 'test_result_base': None}
[0.253s] Level 5:colcon.colcon_core.verb:set package 'ur_calibration' build argument 'cmake_args' from command line to 'None'
[0.253s] Level 5:colcon.colcon_core.verb:set package 'ur_calibration' build argument 'cmake_target' from command line to 'None'
[0.253s] Level 5:colcon.colcon_core.verb:set package 'ur_calibration' build argument 'cmake_target_skip_unavailable' from command line to 'False'
[0.253s] Level 5:colcon.colcon_core.verb:set package 'ur_calibration' build argument 'cmake_clean_cache' from command line to 'False'
[0.253s] Level 5:colcon.colcon_core.verb:set package 'ur_calibration' build argument 'cmake_clean_first' from command line to 'False'
[0.253s] Level 5:colcon.colcon_core.verb:set package 'ur_calibration' build argument 'cmake_force_configure' from command line to 'False'
[0.253s] Level 5:colcon.colcon_core.verb:set package 'ur_calibration' build argument 'ament_cmake_args' from command line to 'None'
[0.253s] Level 5:colcon.colcon_core.verb:set package 'ur_calibration' build argument 'catkin_cmake_args' from command line to 'None'
[0.253s] Level 5:colcon.colcon_core.verb:set package 'ur_calibration' build argument 'catkin_skip_building_tests' from command line to 'False'
[0.253s] DEBUG:colcon.colcon_core.verb:Building package 'ur_calibration' with the following arguments: {'ament_cmake_args': None, 'build_base': '/home/ani/yc_ws/build/ur_calibration', 'catkin_cmake_args': None, 'catkin_skip_building_tests': False, 'cmake_args': None, 'cmake_clean_cache': False, 'cmake_clean_first': False, 'cmake_force_configure': False, 'cmake_target': None, 'cmake_target_skip_unavailable': False, 'install_base': '/home/ani/yc_ws/install/ur_calibration', 'merge_install': False, 'path': '/home/ani/yc_ws/src/ur_calibration', 'symlink_install': True, 'test_result_base': None}
[0.253s] Level 5:colcon.colcon_core.verb:set package 'robotiq_driver' build argument 'cmake_args' from command line to 'None'
[0.253s] Level 5:colcon.colcon_core.verb:set package 'robotiq_driver' build argument 'cmake_target' from command line to 'None'
[0.253s] Level 5:colcon.colcon_core.verb:set package 'robotiq_driver' build argument 'cmake_target_skip_unavailable' from command line to 'False'
[0.253s] Level 5:colcon.colcon_core.verb:set package 'robotiq_driver' build argument 'cmake_clean_cache' from command line to 'False'
[0.253s] Level 5:colcon.colcon_core.verb:set package 'robotiq_driver' build argument 'cmake_clean_first' from command line to 'False'
[0.253s] Level 5:colcon.colcon_core.verb:set package 'robotiq_driver' build argument 'cmake_force_configure' from command line to 'False'
[0.253s] Level 5:colcon.colcon_core.verb:set package 'robotiq_driver' build argument 'ament_cmake_args' from command line to 'None'
[0.253s] Level 5:colcon.colcon_core.verb:set package 'robotiq_driver' build argument 'catkin_cmake_args' from command line to 'None'
[0.253s] Level 5:colcon.colcon_core.verb:set package 'robotiq_driver' build argument 'catkin_skip_building_tests' from command line to 'False'
[0.253s] DEBUG:colcon.colcon_core.verb:Building package 'robotiq_driver' with the following arguments: {'ament_cmake_args': None, 'build_base': '/home/ani/yc_ws/build/robotiq_driver', 'catkin_cmake_args': None, 'catkin_skip_building_tests': False, 'cmake_args': None, 'cmake_clean_cache': False, 'cmake_clean_first': False, 'cmake_force_configure': False, 'cmake_target': None, 'cmake_target_skip_unavailable': False, 'install_base': '/home/ani/yc_ws/install/robotiq_driver', 'merge_install': False, 'path': '/home/ani/yc_ws/src/gripper/robotiq_driver', 'symlink_install': True, 'test_result_base': None}
[0.254s] Level 5:colcon.colcon_core.verb:set package 'robotiq_hardware_tests' build argument 'cmake_args' from command line to 'None'
[0.254s] Level 5:colcon.colcon_core.verb:set package 'robotiq_hardware_tests' build argument 'cmake_target' from command line to 'None'
[0.254s] Level 5:colcon.colcon_core.verb:set package 'robotiq_hardware_tests' build argument 'cmake_target_skip_unavailable' from command line to 'False'
[0.254s] Level 5:colcon.colcon_core.verb:set package 'robotiq_hardware_tests' build argument 'cmake_clean_cache' from command line to 'False'
[0.254s] Level 5:colcon.colcon_core.verb:set package 'robotiq_hardware_tests' build argument 'cmake_clean_first' from command line to 'False'
[0.254s] Level 5:colcon.colcon_core.verb:set package 'robotiq_hardware_tests' build argument 'cmake_force_configure' from command line to 'False'
[0.254s] Level 5:colcon.colcon_core.verb:set package 'robotiq_hardware_tests' build argument 'ament_cmake_args' from command line to 'None'
[0.254s] Level 5:colcon.colcon_core.verb:set package 'robotiq_hardware_tests' build argument 'catkin_cmake_args' from command line to 'None'
[0.254s] Level 5:colcon.colcon_core.verb:set package 'robotiq_hardware_tests' build argument 'catkin_skip_building_tests' from command line to 'False'
[0.254s] DEBUG:colcon.colcon_core.verb:Building package 'robotiq_hardware_tests' with the following arguments: {'ament_cmake_args': None, 'build_base': '/home/ani/yc_ws/build/robotiq_hardware_tests', 'catkin_cmake_args': None, 'catkin_skip_building_tests': False, 'cmake_args': None, 'cmake_clean_cache': False, 'cmake_clean_first': False, 'cmake_force_configure': False, 'cmake_target': None, 'cmake_target_skip_unavailable': False, 'install_base': '/home/ani/yc_ws/install/robotiq_hardware_tests', 'merge_install': False, 'path': '/home/ani/yc_ws/src/gripper/robotiq_hardware_tests', 'symlink_install': True, 'test_result_base': None}
[0.254s] INFO:colcon.colcon_core.executor:Executing jobs using 'parallel' executor
[0.254s] DEBUG:colcon.colcon_parallel_executor.executor.parallel:run_until_complete
[0.255s] INFO:colcon.colcon_ros.task.ament_cmake.build:Building ROS package in '/home/ani/yc_ws/src/serial' with build type 'ament_cmake'
[0.255s] INFO:colcon.colcon_cmake.task.cmake.build:Building CMake package in '/home/ani/yc_ws/src/serial'
[0.256s] INFO:colcon.colcon_core.plugin_system:Skipping extension 'colcon_core.shell.bat': Not used on non-Windows systems
[0.256s] INFO:colcon.colcon_core.shell:Skip shell extension 'powershell' for command environment: Not usable outside of PowerShell
[0.256s] DEBUG:colcon.colcon_core.shell:Skip shell extension 'dsv' for command environment
[0.258s] INFO:colcon.colcon_ros.task.ament_python.build:Building ROS package in '/home/ani/yc_ws/src/find_grasp' with build type 'ament_python'
[0.258s] Level 1:colcon.colcon_core.shell:create_environment_hook('find_grasp', 'ament_prefix_path')
[0.258s] INFO:colcon.colcon_core.shell:Creating environment hook '/home/ani/yc_ws/install/find_grasp/share/find_grasp/hook/ament_prefix_path.ps1'
[0.259s] INFO:colcon.colcon_core.shell:Creating environment descriptor '/home/ani/yc_ws/install/find_grasp/share/find_grasp/hook/ament_prefix_path.dsv'
[0.259s] INFO:colcon.colcon_core.shell:Creating environment hook '/home/ani/yc_ws/install/find_grasp/share/find_grasp/hook/ament_prefix_path.sh'
[0.260s] INFO:colcon.colcon_core.shell:Skip shell extension 'powershell' for command environment: Not usable outside of PowerShell
[0.260s] DEBUG:colcon.colcon_core.shell:Skip shell extension 'dsv' for command environment
[0.261s] INFO:colcon.colcon_ros.task.ament_python.build:Building ROS package in '/home/ani/yc_ws/src/frames' with build type 'ament_python'
[0.261s] Level 1:colcon.colcon_core.shell:create_environment_hook('frames', 'ament_prefix_path')
[0.261s] INFO:colcon.colcon_core.shell:Creating environment hook '/home/ani/yc_ws/install/frames/share/frames/hook/ament_prefix_path.ps1'
[0.262s] INFO:colcon.colcon_core.shell:Creating environment descriptor '/home/ani/yc_ws/install/frames/share/frames/hook/ament_prefix_path.dsv'
[0.262s] INFO:colcon.colcon_core.shell:Creating environment hook '/home/ani/yc_ws/install/frames/share/frames/hook/ament_prefix_path.sh'
[0.262s] INFO:colcon.colcon_core.shell:Skip shell extension 'powershell' for command environment: Not usable outside of PowerShell
[0.262s] DEBUG:colcon.colcon_core.shell:Skip shell extension 'dsv' for command environment
[0.264s] INFO:colcon.colcon_ros.task.ament_cmake.build:Building ROS package in '/home/ani/yc_ws/src/my_pkg' with build type 'ament_cmake'
[0.264s] INFO:colcon.colcon_cmake.task.cmake.build:Building CMake package in '/home/ani/yc_ws/src/my_pkg'
[0.264s] INFO:colcon.colcon_core.shell:Skip shell extension 'powershell' for command environment: Not usable outside of PowerShell
[0.264s] DEBUG:colcon.colcon_core.shell:Skip shell extension 'dsv' for command environment
[0.266s] INFO:colcon.colcon_ros.task.ament_cmake.build:Building ROS package in '/home/ani/yc_ws/src/my_ur_driver' with build type 'ament_cmake'
[0.266s] INFO:colcon.colcon_cmake.task.cmake.build:Building CMake package in '/home/ani/yc_ws/src/my_ur_driver'
[0.266s] INFO:colcon.colcon_core.shell:Skip shell extension 'powershell' for command environment: Not usable outside of PowerShell
[0.266s] DEBUG:colcon.colcon_core.shell:Skip shell extension 'dsv' for command environment
[0.268s] INFO:colcon.colcon_ros.task.ament_cmake.build:Building ROS package in '/home/ani/yc_ws/src/gripper/robotiq_controllers' with build type 'ament_cmake'
[0.268s] INFO:colcon.colcon_cmake.task.cmake.build:Building CMake package in '/home/ani/yc_ws/src/gripper/robotiq_controllers'
[0.268s] INFO:colcon.colcon_core.shell:Skip shell extension 'powershell' for command environment: Not usable outside of PowerShell
[0.268s] DEBUG:colcon.colcon_core.shell:Skip shell extension 'dsv' for command environment
[0.270s] INFO:colcon.colcon_ros.task.ament_cmake.build:Building ROS package in '/home/ani/yc_ws/src/gripper/robotiq_description' with build type 'ament_cmake'
[0.270s] INFO:colcon.colcon_cmake.task.cmake.build:Building CMake package in '/home/ani/yc_ws/src/gripper/robotiq_description'
[0.270s] INFO:colcon.colcon_core.shell:Skip shell extension 'powershell' for command environment: Not usable outside of PowerShell
[0.270s] DEBUG:colcon.colcon_core.shell:Skip shell extension 'dsv' for command environment
[0.272s] INFO:colcon.colcon_ros.task.ament_cmake.build:Building ROS package in '/home/ani/yc_ws/src/ur_calibration' with build type 'ament_cmake'
[0.272s] INFO:colcon.colcon_cmake.task.cmake.build:Building CMake package in '/home/ani/yc_ws/src/ur_calibration'
[0.272s] INFO:colcon.colcon_core.shell:Skip shell extension 'powershell' for command environment: Not usable outside of PowerShell
[0.272s] DEBUG:colcon.colcon_core.shell:Skip shell extension 'dsv' for command environment
[0.278s] DEBUG:colcon.colcon_core.event_handler.log_command:Invoking command in '/home/ani/yc_ws/build/serial': CMAKE_PREFIX_PATH=/opt/ros/humble /usr/bin/cmake --build /home/ani/yc_ws/build/serial -- -j12 -l12
[0.447s] INFO:colcon.colcon_core.task.python.build:Building Python package in '/home/ani/yc_ws/src/find_grasp'
[0.447s] INFO:colcon.colcon_core.shell:Skip shell extension 'powershell' for command environment: Not usable outside of PowerShell
[0.447s] DEBUG:colcon.colcon_core.shell:Skip shell extension 'dsv' for command environment
[0.618s] INFO:colcon.colcon_core.task.python.build:Building Python package in '/home/ani/yc_ws/src/frames'
[0.619s] INFO:colcon.colcon_core.shell:Skip shell extension 'powershell' for command environment: Not usable outside of PowerShell
[0.619s] DEBUG:colcon.colcon_core.shell:Skip shell extension 'dsv' for command environment
[0.625s] DEBUG:colcon.colcon_core.event_handler.log_command:Invoking command in '/home/ani/yc_ws/build/my_pkg': CMAKE_PREFIX_PATH=/opt/ros/humble /usr/bin/cmake --build /home/ani/yc_ws/build/my_pkg -- -j12 -l12
[0.626s] DEBUG:colcon.colcon_core.event_handler.log_command:Invoking command in '/home/ani/yc_ws/build/my_ur_driver': CMAKE_PREFIX_PATH=/opt/ros/humble /usr/bin/cmake --build /home/ani/yc_ws/build/my_ur_driver -- -j12 -l12
[0.628s] DEBUG:colcon.colcon_core.event_handler.log_command:Invoking command in '/home/ani/yc_ws/build/robotiq_controllers': CMAKE_PREFIX_PATH=/opt/ros/humble /usr/bin/cmake --build /home/ani/yc_ws/build/robotiq_controllers -- -j12 -l12
[0.631s] DEBUG:colcon.colcon_core.event_handler.log_command:Invoking command in '/home/ani/yc_ws/build/robotiq_description': CMAKE_PREFIX_PATH=/opt/ros/humble /usr/bin/cmake --build /home/ani/yc_ws/build/robotiq_description -- -j12 -l12
[0.635s] DEBUG:colcon.colcon_core.event_handler.log_command:Invoking command in '/home/ani/yc_ws/build/ur_calibration': CMAKE_PREFIX_PATH=/opt/ros/humble /usr/bin/cmake --build /home/ani/yc_ws/build/ur_calibration -- -j12 -l12
[0.635s] DEBUG:colcon.colcon_core.event_handler.log_command:Invoked command in '/home/ani/yc_ws/build/serial' returned '0': CMAKE_PREFIX_PATH=/opt/ros/humble /usr/bin/cmake --build /home/ani/yc_ws/build/serial -- -j12 -l12
[0.641s] DEBUG:colcon.colcon_core.event_handler.log_command:Invoking command in '/home/ani/yc_ws/build/serial': CMAKE_PREFIX_PATH=/opt/ros/humble /usr/bin/cmake --install /home/ani/yc_ws/build/serial
[0.659s] DEBUG:colcon.colcon_core.event_handler.log_command:Invoked command in '/home/ani/yc_ws/build/robotiq_description' returned '0': CMAKE_PREFIX_PATH=/opt/ros/humble /usr/bin/cmake --build /home/ani/yc_ws/build/robotiq_description -- -j12 -l12
[0.661s] DEBUG:colcon.colcon_core.event_handler.log_command:Invoking command in '/home/ani/yc_ws/build/robotiq_description': CMAKE_PREFIX_PATH=/opt/ros/humble /usr/bin/cmake --install /home/ani/yc_ws/build/robotiq_description
[0.663s] DEBUG:colcon.colcon_core.event_handler.log_command:Invoked command in '/home/ani/yc_ws/build/my_ur_driver' returned '0': CMAKE_PREFIX_PATH=/opt/ros/humble /usr/bin/cmake --build /home/ani/yc_ws/build/my_ur_driver -- -j12 -l12
[0.664s] DEBUG:colcon.colcon_core.event_handler.log_command:Invoking command in '/home/ani/yc_ws/build/my_ur_driver': CMAKE_PREFIX_PATH=/opt/ros/humble /usr/bin/cmake --install /home/ani/yc_ws/build/my_ur_driver
[0.665s] Level 1:colcon.colcon_core.environment:create_environment_scripts_only(serial)
[0.665s] DEBUG:colcon.colcon_core.event_handler.log_command:Invoked command in '/home/ani/yc_ws/build/serial' returned '0': CMAKE_PREFIX_PATH=/opt/ros/humble /usr/bin/cmake --install /home/ani/yc_ws/build/serial
[0.667s] Level 1:colcon.colcon_core.environment:checking '/home/ani/yc_ws/install/serial' for CMake module files
[0.670s] Level 1:colcon.colcon_core.environment:checking '/home/ani/yc_ws/install/serial' for CMake config files
[0.672s] Level 1:colcon.colcon_core.shell:create_environment_hook('serial', 'cmake_prefix_path')
[0.673s] INFO:colcon.colcon_core.shell:Creating environment hook '/home/ani/yc_ws/install/serial/share/serial/hook/cmake_prefix_path.ps1'
[0.674s] INFO:colcon.colcon_core.shell:Creating environment descriptor '/home/ani/yc_ws/install/serial/share/serial/hook/cmake_prefix_path.dsv'
[0.675s] INFO:colcon.colcon_core.shell:Creating environment hook '/home/ani/yc_ws/install/serial/share/serial/hook/cmake_prefix_path.sh'
[0.677s] Level 1:colcon.colcon_core.environment:checking '/home/ani/yc_ws/install/serial/lib'
[0.678s] Level 1:colcon.colcon_core.environment:checking '/home/ani/yc_ws/install/serial/bin'
[0.678s] Level 1:colcon.colcon_core.environment:checking '/home/ani/yc_ws/install/serial/lib/pkgconfig/serial.pc'
[0.678s] Level 1:colcon.colcon_core.environment:checking '/home/ani/yc_ws/install/serial/lib/python3.10/site-packages'
[0.678s] Level 1:colcon.colcon_core.environment:checking '/home/ani/yc_ws/install/serial/bin'
[0.678s] INFO:colcon.colcon_core.shell:Creating package script '/home/ani/yc_ws/install/serial/share/serial/package.ps1'
[0.679s] INFO:colcon.colcon_core.shell:Creating package descriptor '/home/ani/yc_ws/install/serial/share/serial/package.dsv'
[0.680s] INFO:colcon.colcon_core.shell:Creating package script '/home/ani/yc_ws/install/serial/share/serial/package.sh'
[0.681s] INFO:colcon.colcon_core.shell:Creating package script '/home/ani/yc_ws/install/serial/share/serial/package.bash'
[0.682s] INFO:colcon.colcon_core.shell:Creating package script '/home/ani/yc_ws/install/serial/share/serial/package.zsh'
[0.682s] Level 1:colcon.colcon_core.environment:create_file_with_runtime_dependencies(/home/ani/yc_ws/install/serial/share/colcon-core/packages/serial)
[0.683s] Level 1:colcon.colcon_core.environment:create_environment_scripts_only(serial)
[0.683s] Level 1:colcon.colcon_core.environment:checking '/home/ani/yc_ws/install/serial' for CMake module files
[0.684s] Level 1:colcon.colcon_core.environment:checking '/home/ani/yc_ws/install/serial' for CMake config files
[0.687s] Level 1:colcon.colcon_core.shell:create_environment_hook('serial', 'cmake_prefix_path')
[0.687s] INFO:colcon.colcon_core.shell:Creating environment hook '/home/ani/yc_ws/install/serial/share/serial/hook/cmake_prefix_path.ps1'
[0.687s] INFO:colcon.colcon_core.shell:Creating environment descriptor '/home/ani/yc_ws/install/serial/share/serial/hook/cmake_prefix_path.dsv'
[0.688s] INFO:colcon.colcon_core.shell:Creating environment hook '/home/ani/yc_ws/install/serial/share/serial/hook/cmake_prefix_path.sh'
[0.689s] Level 1:colcon.colcon_core.environment:checking '/home/ani/yc_ws/install/serial/lib'
[0.689s] Level 1:colcon.colcon_core.environment:checking '/home/ani/yc_ws/install/serial/bin'
[0.689s] Level 1:colcon.colcon_core.environment:checking '/home/ani/yc_ws/install/serial/lib/pkgconfig/serial.pc'
[0.690s] Level 1:colcon.colcon_core.environment:checking '/home/ani/yc_ws/install/serial/lib/python3.10/site-packages'
[0.690s] Level 1:colcon.colcon_core.environment:checking '/home/ani/yc_ws/install/serial/bin'
[0.690s] INFO:colcon.colcon_core.shell:Creating package script '/home/ani/yc_ws/install/serial/share/serial/package.ps1'
[0.690s] INFO:colcon.colcon_core.shell:Creating package descriptor '/home/ani/yc_ws/install/serial/share/serial/package.dsv'
[0.690s] INFO:colcon.colcon_core.shell:Creating package script '/home/ani/yc_ws/install/serial/share/serial/package.sh'
[0.691s] INFO:colcon.colcon_core.shell:Creating package script '/home/ani/yc_ws/install/serial/share/serial/package.bash'
[0.691s] INFO:colcon.colcon_core.shell:Creating package script '/home/ani/yc_ws/install/serial/share/serial/package.zsh'
[0.691s] Level 1:colcon.colcon_core.environment:create_file_with_runtime_dependencies(/home/ani/yc_ws/install/serial/share/colcon-core/packages/serial)
[0.692s] INFO:colcon.colcon_ros.task.ament_cmake.build:Building ROS package in '/home/ani/yc_ws/src/gripper/robotiq_driver' with build type 'ament_cmake'
[0.692s] INFO:colcon.colcon_cmake.task.cmake.build:Building CMake package in '/home/ani/yc_ws/src/gripper/robotiq_driver'
[0.692s] INFO:colcon.colcon_core.shell:Skip shell extension 'powershell' for command environment: Not usable outside of PowerShell
[0.692s] DEBUG:colcon.colcon_core.shell:Skip shell extension 'dsv' for command environment
[0.695s] DEBUG:colcon.colcon_core.event_handler.log_command:Invoked command in '/home/ani/yc_ws/build/robotiq_controllers' returned '0': CMAKE_PREFIX_PATH=/opt/ros/humble /usr/bin/cmake --build /home/ani/yc_ws/build/robotiq_controllers -- -j12 -l12
[0.696s] DEBUG:colcon.colcon_core.event_handler.log_command:Invoking command in '/home/ani/yc_ws/build/robotiq_controllers': CMAKE_PREFIX_PATH=/opt/ros/humble /usr/bin/cmake --install /home/ani/yc_ws/build/robotiq_controllers
[0.697s] DEBUG:colcon.colcon_core.event_handler.log_command:Invoked command in '/home/ani/yc_ws/build/my_pkg' returned '0': CMAKE_PREFIX_PATH=/opt/ros/humble /usr/bin/cmake --build /home/ani/yc_ws/build/my_pkg -- -j12 -l12
[0.698s] DEBUG:colcon.colcon_core.event_handler.log_command:Invoking command in '/home/ani/yc_ws/build/my_pkg': CMAKE_PREFIX_PATH=/opt/ros/humble /usr/bin/cmake --install /home/ani/yc_ws/build/my_pkg
[0.698s] Level 1:colcon.colcon_core.environment:create_environment_scripts_only(robotiq_description)
[0.698s] Level 1:colcon.colcon_core.environment:checking '/home/ani/yc_ws/install/robotiq_description' for CMake module files
[0.699s] DEBUG:colcon.colcon_core.event_handler.log_command:Invoked command in '/home/ani/yc_ws/build/robotiq_description' returned '0': CMAKE_PREFIX_PATH=/opt/ros/humble /usr/bin/cmake --install /home/ani/yc_ws/build/robotiq_description
[0.699s] Level 1:colcon.colcon_core.environment:checking '/home/ani/yc_ws/install/robotiq_description' for CMake config files
[0.700s] Level 1:colcon.colcon_core.shell:create_environment_hook('robotiq_description', 'cmake_prefix_path')
[0.700s] INFO:colcon.colcon_core.shell:Creating environment hook '/home/ani/yc_ws/install/robotiq_description/share/robotiq_description/hook/cmake_prefix_path.ps1'
[0.701s] INFO:colcon.colcon_core.shell:Creating environment descriptor '/home/ani/yc_ws/install/robotiq_description/share/robotiq_description/hook/cmake_prefix_path.dsv'
[0.701s] INFO:colcon.colcon_core.shell:Creating environment hook '/home/ani/yc_ws/install/robotiq_description/share/robotiq_description/hook/cmake_prefix_path.sh'
[0.701s] Level 1:colcon.colcon_core.environment:checking '/home/ani/yc_ws/install/robotiq_description/bin'
[0.702s] Level 1:colcon.colcon_core.environment:checking '/home/ani/yc_ws/install/robotiq_description/lib/pkgconfig/robotiq_description.pc'
[0.702s] Level 1:colcon.colcon_core.environment:checking '/home/ani/yc_ws/install/robotiq_description/lib/python3.10/site-packages'
[0.702s] Level 1:colcon.colcon_core.environment:checking '/home/ani/yc_ws/install/robotiq_description/bin'
[0.702s] INFO:colcon.colcon_core.shell:Creating package script '/home/ani/yc_ws/install/robotiq_description/share/robotiq_description/package.ps1'
[0.702s] INFO:colcon.colcon_core.shell:Creating package descriptor '/home/ani/yc_ws/install/robotiq_description/share/robotiq_description/package.dsv'
[0.703s] INFO:colcon.colcon_core.shell:Creating package script '/home/ani/yc_ws/install/robotiq_description/share/robotiq_description/package.sh'
[0.703s] INFO:colcon.colcon_core.shell:Creating package script '/home/ani/yc_ws/install/robotiq_description/share/robotiq_description/package.bash'
[0.703s] INFO:colcon.colcon_core.shell:Creating package script '/home/ani/yc_ws/install/robotiq_description/share/robotiq_description/package.zsh'
[0.704s] Level 1:colcon.colcon_core.environment:create_file_with_runtime_dependencies(/home/ani/yc_ws/install/robotiq_description/share/colcon-core/packages/robotiq_description)
[0.704s] Level 1:colcon.colcon_core.environment:create_environment_scripts_only(robotiq_description)
[0.704s] Level 1:colcon.colcon_core.environment:checking '/home/ani/yc_ws/install/robotiq_description' for CMake module files
[0.705s] Level 1:colcon.colcon_core.environment:checking '/home/ani/yc_ws/install/robotiq_description' for CMake config files
[0.706s] Level 1:colcon.colcon_core.shell:create_environment_hook('robotiq_description', 'cmake_prefix_path')
[0.706s] INFO:colcon.colcon_core.shell:Creating environment hook '/home/ani/yc_ws/install/robotiq_description/share/robotiq_description/hook/cmake_prefix_path.ps1'
[0.707s] INFO:colcon.colcon_core.shell:Creating environment descriptor '/home/ani/yc_ws/install/robotiq_description/share/robotiq_description/hook/cmake_prefix_path.dsv'
[0.707s] INFO:colcon.colcon_core.shell:Creating environment hook '/home/ani/yc_ws/install/robotiq_description/share/robotiq_description/hook/cmake_prefix_path.sh'
[0.707s] Level 1:colcon.colcon_core.environment:checking '/home/ani/yc_ws/install/robotiq_description/bin'
[0.707s] Level 1:colcon.colcon_core.environment:checking '/home/ani/yc_ws/install/robotiq_description/lib/pkgconfig/robotiq_description.pc'
[0.708s] Level 1:colcon.colcon_core.environment:checking '/home/ani/yc_ws/install/robotiq_description/lib/python3.10/site-packages'
[0.708s] Level 1:colcon.colcon_core.environment:checking '/home/ani/yc_ws/install/robotiq_description/bin'
[0.708s] INFO:colcon.colcon_core.shell:Creating package script '/home/ani/yc_ws/install/robotiq_description/share/robotiq_description/package.ps1'
[0.708s] INFO:colcon.colcon_core.shell:Creating package descriptor '/home/ani/yc_ws/install/robotiq_description/share/robotiq_description/package.dsv'
[0.709s] INFO:colcon.colcon_core.shell:Creating package script '/home/ani/yc_ws/install/robotiq_description/share/robotiq_description/package.sh'
[0.709s] INFO:colcon.colcon_core.shell:Creating package script '/home/ani/yc_ws/install/robotiq_description/share/robotiq_description/package.bash'
[0.710s] INFO:colcon.colcon_core.shell:Creating package script '/home/ani/yc_ws/install/robotiq_description/share/robotiq_description/package.zsh'
[0.710s] Level 1:colcon.colcon_core.environment:create_file_with_runtime_dependencies(/home/ani/yc_ws/install/robotiq_description/share/colcon-core/packages/robotiq_description)
[0.711s] Level 1:colcon.colcon_core.environment:create_environment_scripts_only(my_ur_driver)
[0.711s] Level 1:colcon.colcon_core.environment:checking '/home/ani/yc_ws/install/my_ur_driver' for CMake module files
[0.713s] DEBUG:colcon.colcon_core.event_handler.log_command:Invoked command in '/home/ani/yc_ws/build/my_ur_driver' returned '0': CMAKE_PREFIX_PATH=/opt/ros/humble /usr/bin/cmake --install /home/ani/yc_ws/build/my_ur_driver
[0.714s] Level 1:colcon.colcon_core.environment:checking '/home/ani/yc_ws/install/my_ur_driver' for CMake config files
[0.716s] Level 1:colcon.colcon_core.shell:create_environment_hook('my_ur_driver', 'cmake_prefix_path')
[0.716s] INFO:colcon.colcon_core.shell:Creating environment hook '/home/ani/yc_ws/install/my_ur_driver/share/my_ur_driver/hook/cmake_prefix_path.ps1'
[0.717s] INFO:colcon.colcon_core.shell:Creating environment descriptor '/home/ani/yc_ws/install/my_ur_driver/share/my_ur_driver/hook/cmake_prefix_path.dsv'
[0.717s] INFO:colcon.colcon_core.shell:Creating environment hook '/home/ani/yc_ws/install/my_ur_driver/share/my_ur_driver/hook/cmake_prefix_path.sh'
[0.718s] Level 1:colcon.colcon_core.environment:checking '/home/ani/yc_ws/install/my_ur_driver/bin'
[0.718s] Level 1:colcon.colcon_core.environment:checking '/home/ani/yc_ws/install/my_ur_driver/lib/pkgconfig/my_ur_driver.pc'
[0.718s] Level 1:colcon.colcon_core.environment:checking '/home/ani/yc_ws/install/my_ur_driver/lib/python3.10/site-packages'
[0.718s] Level 1:colcon.colcon_core.environment:checking '/home/ani/yc_ws/install/my_ur_driver/bin'
[0.718s] INFO:colcon.colcon_core.shell:Creating package script '/home/ani/yc_ws/install/my_ur_driver/share/my_ur_driver/package.ps1'
[0.719s] INFO:colcon.colcon_core.shell:Creating package descriptor '/home/ani/yc_ws/install/my_ur_driver/share/my_ur_driver/package.dsv'
[0.720s] INFO:colcon.colcon_core.shell:Creating package script '/home/ani/yc_ws/install/my_ur_driver/share/my_ur_driver/package.sh'
[0.720s] INFO:colcon.colcon_core.shell:Creating package script '/home/ani/yc_ws/install/my_ur_driver/share/my_ur_driver/package.bash'
[0.721s] INFO:colcon.colcon_core.shell:Creating package script '/home/ani/yc_ws/install/my_ur_driver/share/my_ur_driver/package.zsh'
[0.721s] Level 1:colcon.colcon_core.environment:create_file_with_runtime_dependencies(/home/ani/yc_ws/install/my_ur_driver/share/colcon-core/packages/my_ur_driver)
[0.722s] Level 1:colcon.colcon_core.environment:create_environment_scripts_only(my_ur_driver)
[0.722s] Level 1:colcon.colcon_core.environment:checking '/home/ani/yc_ws/install/my_ur_driver' for CMake module files
[0.723s] Level 1:colcon.colcon_core.environment:checking '/home/ani/yc_ws/install/my_ur_driver' for CMake config files
[0.725s] Level 1:colcon.colcon_core.shell:create_environment_hook('my_ur_driver', 'cmake_prefix_path')
[0.725s] INFO:colcon.colcon_core.shell:Creating environment hook '/home/ani/yc_ws/install/my_ur_driver/share/my_ur_driver/hook/cmake_prefix_path.ps1'
[0.726s] INFO:colcon.colcon_core.shell:Creating environment descriptor '/home/ani/yc_ws/install/my_ur_driver/share/my_ur_driver/hook/cmake_prefix_path.dsv'
[0.726s] INFO:colcon.colcon_core.shell:Creating environment hook '/home/ani/yc_ws/install/my_ur_driver/share/my_ur_driver/hook/cmake_prefix_path.sh'
[0.727s] Level 1:colcon.colcon_core.environment:checking '/home/ani/yc_ws/install/my_ur_driver/bin'
[0.727s] Level 1:colcon.colcon_core.environment:checking '/home/ani/yc_ws/install/my_ur_driver/lib/pkgconfig/my_ur_driver.pc'
[0.728s] Level 1:colcon.colcon_core.environment:checking '/home/ani/yc_ws/install/my_ur_driver/lib/python3.10/site-packages'
[0.728s] Level 1:colcon.colcon_core.environment:checking '/home/ani/yc_ws/install/my_ur_driver/bin'
[0.728s] INFO:colcon.colcon_core.shell:Creating package script '/home/ani/yc_ws/install/my_ur_driver/share/my_ur_driver/package.ps1'
[0.729s] INFO:colcon.colcon_core.shell:Creating package descriptor '/home/ani/yc_ws/install/my_ur_driver/share/my_ur_driver/package.dsv'
[0.731s] INFO:colcon.colcon_core.shell:Creating package script '/home/ani/yc_ws/install/my_ur_driver/share/my_ur_driver/package.sh'
[0.732s] INFO:colcon.colcon_core.shell:Creating package script '/home/ani/yc_ws/install/my_ur_driver/share/my_ur_driver/package.bash'
[0.734s] INFO:colcon.colcon_core.shell:Creating package script '/home/ani/yc_ws/install/my_ur_driver/share/my_ur_driver/package.zsh'
[0.735s] Level 1:colcon.colcon_core.environment:create_file_with_runtime_dependencies(/home/ani/yc_ws/install/my_ur_driver/share/colcon-core/packages/my_ur_driver)
[0.743s] Level 1:colcon.colcon_core.environment:create_environment_scripts_only(robotiq_controllers)
[0.743s] Level 1:colcon.colcon_core.environment:checking '/home/ani/yc_ws/install/robotiq_controllers' for CMake module files
[0.747s] Level 1:colcon.colcon_core.environment:checking '/home/ani/yc_ws/install/robotiq_controllers' for CMake config files
[0.750s] DEBUG:colcon.colcon_core.event_handler.log_command:Invoking command in '/home/ani/yc_ws/build/robotiq_driver': AMENT_PREFIX_PATH=/home/ani/yc_ws/install/serial:${AMENT_PREFIX_PATH} CMAKE_PREFIX_PATH=/home/ani/yc_ws/install/serial:/opt/ros/humble LD_LIBRARY_PATH=/home/ani/yc_ws/install/serial/lib:${LD_LIBRARY_PATH} /usr/bin/cmake --build /home/ani/yc_ws/build/robotiq_driver -- -j12 -l12
[0.751s] DEBUG:colcon.colcon_core.event_handler.log_command:Invoked command in '/home/ani/yc_ws/build/robotiq_controllers' returned '0': CMAKE_PREFIX_PATH=/opt/ros/humble /usr/bin/cmake --install /home/ani/yc_ws/build/robotiq_controllers
[0.754s] Level 1:colcon.colcon_core.shell:create_environment_hook('robotiq_controllers', 'cmake_prefix_path')
[0.754s] INFO:colcon.colcon_core.shell:Creating environment hook '/home/ani/yc_ws/install/robotiq_controllers/share/robotiq_controllers/hook/cmake_prefix_path.ps1'
[0.757s] INFO:colcon.colcon_core.shell:Creating environment descriptor '/home/ani/yc_ws/install/robotiq_controllers/share/robotiq_controllers/hook/cmake_prefix_path.dsv'
[0.759s] INFO:colcon.colcon_core.shell:Creating environment hook '/home/ani/yc_ws/install/robotiq_controllers/share/robotiq_controllers/hook/cmake_prefix_path.sh'
[0.761s] Level 1:colcon.colcon_core.environment:checking '/home/ani/yc_ws/install/robotiq_controllers/lib'
[0.763s] Level 1:colcon.colcon_core.shell:create_environment_hook('robotiq_controllers', 'ld_library_path_lib')
[0.763s] INFO:colcon.colcon_core.shell:Creating environment hook '/home/ani/yc_ws/install/robotiq_controllers/share/robotiq_controllers/hook/ld_library_path_lib.ps1'
[0.764s] INFO:colcon.colcon_core.shell:Creating environment descriptor '/home/ani/yc_ws/install/robotiq_controllers/share/robotiq_controllers/hook/ld_library_path_lib.dsv'
[0.766s] INFO:colcon.colcon_core.shell:Creating environment hook '/home/ani/yc_ws/install/robotiq_controllers/share/robotiq_controllers/hook/ld_library_path_lib.sh'
[0.767s] Level 1:colcon.colcon_core.environment:checking '/home/ani/yc_ws/install/robotiq_controllers/bin'
[0.767s] Level 1:colcon.colcon_core.environment:checking '/home/ani/yc_ws/install/robotiq_controllers/lib/pkgconfig/robotiq_controllers.pc'
[0.767s] Level 1:colcon.colcon_core.environment:checking '/home/ani/yc_ws/install/robotiq_controllers/lib/python3.10/site-packages'
[0.768s] Level 1:colcon.colcon_core.environment:checking '/home/ani/yc_ws/install/robotiq_controllers/bin'
[0.768s] INFO:colcon.colcon_core.shell:Creating package script '/home/ani/yc_ws/install/robotiq_controllers/share/robotiq_controllers/package.ps1'
[0.769s] INFO:colcon.colcon_core.shell:Creating package descriptor '/home/ani/yc_ws/install/robotiq_controllers/share/robotiq_controllers/package.dsv'
[0.770s] INFO:colcon.colcon_core.shell:Creating package script '/home/ani/yc_ws/install/robotiq_controllers/share/robotiq_controllers/package.sh'
[0.771s] INFO:colcon.colcon_core.shell:Creating package script '/home/ani/yc_ws/install/robotiq_controllers/share/robotiq_controllers/package.bash'
[0.772s] INFO:colcon.colcon_core.shell:Creating package script '/home/ani/yc_ws/install/robotiq_controllers/share/robotiq_controllers/package.zsh'
[0.772s] Level 1:colcon.colcon_core.environment:create_file_with_runtime_dependencies(/home/ani/yc_ws/install/robotiq_controllers/share/colcon-core/packages/robotiq_controllers)
[0.772s] Level 1:colcon.colcon_core.environment:create_environment_scripts_only(robotiq_controllers)
[0.773s] Level 1:colcon.colcon_core.environment:checking '/home/ani/yc_ws/install/robotiq_controllers' for CMake module files
[0.773s] Level 1:colcon.colcon_core.environment:checking '/home/ani/yc_ws/install/robotiq_controllers' for CMake config files
[0.773s] Level 1:colcon.colcon_core.shell:create_environment_hook('robotiq_controllers', 'cmake_prefix_path')
[0.773s] INFO:colcon.colcon_core.shell:Creating environment hook '/home/ani/yc_ws/install/robotiq_controllers/share/robotiq_controllers/hook/cmake_prefix_path.ps1'
[0.774s] INFO:colcon.colcon_core.shell:Creating environment descriptor '/home/ani/yc_ws/install/robotiq_controllers/share/robotiq_controllers/hook/cmake_prefix_path.dsv'
[0.774s] INFO:colcon.colcon_core.shell:Creating environment hook '/home/ani/yc_ws/install/robotiq_controllers/share/robotiq_controllers/hook/cmake_prefix_path.sh'
[0.774s] Level 1:colcon.colcon_core.environment:checking '/home/ani/yc_ws/install/robotiq_controllers/lib'
[0.774s] Level 1:colcon.colcon_core.shell:create_environment_hook('robotiq_controllers', 'ld_library_path_lib')
[0.774s] INFO:colcon.colcon_core.shell:Creating environment hook '/home/ani/yc_ws/install/robotiq_controllers/share/robotiq_controllers/hook/ld_library_path_lib.ps1'
[0.775s] INFO:colcon.colcon_core.shell:Creating environment descriptor '/home/ani/yc_ws/install/robotiq_controllers/share/robotiq_controllers/hook/ld_library_path_lib.dsv'
[0.775s] INFO:colcon.colcon_core.shell:Creating environment hook '/home/ani/yc_ws/install/robotiq_controllers/share/robotiq_controllers/hook/ld_library_path_lib.sh'
[0.775s] Level 1:colcon.colcon_core.environment:checking '/home/ani/yc_ws/install/robotiq_controllers/bin'
[0.775s] Level 1:colcon.colcon_core.environment:checking '/home/ani/yc_ws/install/robotiq_controllers/lib/pkgconfig/robotiq_controllers.pc'
[0.775s] Level 1:colcon.colcon_core.environment:checking '/home/ani/yc_ws/install/robotiq_controllers/lib/python3.10/site-packages'
[0.775s] Level 1:colcon.colcon_core.environment:checking '/home/ani/yc_ws/install/robotiq_controllers/bin'
[0.776s] INFO:colcon.colcon_core.shell:Creating package script '/home/ani/yc_ws/install/robotiq_controllers/share/robotiq_controllers/package.ps1'
[0.776s] INFO:colcon.colcon_core.shell:Creating package descriptor '/home/ani/yc_ws/install/robotiq_controllers/share/robotiq_controllers/package.dsv'
[0.777s] INFO:colcon.colcon_core.shell:Creating package script '/home/ani/yc_ws/install/robotiq_controllers/share/robotiq_controllers/package.sh'
[0.777s] INFO:colcon.colcon_core.shell:Creating package script '/home/ani/yc_ws/install/robotiq_controllers/share/robotiq_controllers/package.bash'
[0.777s] INFO:colcon.colcon_core.shell:Creating package script '/home/ani/yc_ws/install/robotiq_controllers/share/robotiq_controllers/package.zsh'
[0.777s] Level 1:colcon.colcon_core.environment:create_file_with_runtime_dependencies(/home/ani/yc_ws/install/robotiq_controllers/share/colcon-core/packages/robotiq_controllers)
[0.779s] DEBUG:colcon.colcon_core.event_handler.log_command:Invoked command in '/home/ani/yc_ws/build/ur_calibration' returned '0': CMAKE_PREFIX_PATH=/opt/ros/humble /usr/bin/cmake --build /home/ani/yc_ws/build/ur_calibration -- -j12 -l12
[0.779s] Level 1:colcon.colcon_core.environment:create_environment_scripts_only(my_pkg)
[0.780s] Level 1:colcon.colcon_core.environment:checking '/home/ani/yc_ws/install/my_pkg' for CMake module files
[0.780s] DEBUG:colcon.colcon_core.event_handler.log_command:Invoking command in '/home/ani/yc_ws/build/ur_calibration': CMAKE_PREFIX_PATH=/opt/ros/humble /usr/bin/cmake --install /home/ani/yc_ws/build/ur_calibration
[0.781s] DEBUG:colcon.colcon_core.event_handler.log_command:Invoked command in '/home/ani/yc_ws/build/my_pkg' returned '0': CMAKE_PREFIX_PATH=/opt/ros/humble /usr/bin/cmake --install /home/ani/yc_ws/build/my_pkg
[0.781s] Level 1:colcon.colcon_core.environment:checking '/home/ani/yc_ws/install/my_pkg' for CMake config files
[0.789s] Level 1:colcon.colcon_core.shell:create_environment_hook('my_pkg', 'cmake_prefix_path')
[0.789s] INFO:colcon.colcon_core.shell:Creating environment hook '/home/ani/yc_ws/install/my_pkg/share/my_pkg/hook/cmake_prefix_path.ps1'
[0.790s] INFO:colcon.colcon_core.shell:Creating environment descriptor '/home/ani/yc_ws/install/my_pkg/share/my_pkg/hook/cmake_prefix_path.dsv'
[0.790s] INFO:colcon.colcon_core.shell:Creating environment hook '/home/ani/yc_ws/install/my_pkg/share/my_pkg/hook/cmake_prefix_path.sh'
[0.790s] Level 1:colcon.colcon_core.environment:checking '/home/ani/yc_ws/install/my_pkg/lib'
[0.790s] Level 1:colcon.colcon_core.environment:checking '/home/ani/yc_ws/install/my_pkg/bin'
[0.790s] Level 1:colcon.colcon_core.environment:checking '/home/ani/yc_ws/install/my_pkg/lib/pkgconfig/my_pkg.pc'
[0.791s] Level 1:colcon.colcon_core.environment:checking '/home/ani/yc_ws/install/my_pkg/lib/python3.10/site-packages'
[0.791s] Level 1:colcon.colcon_core.environment:checking '/home/ani/yc_ws/install/my_pkg/bin'
[0.791s] INFO:colcon.colcon_core.shell:Creating package script '/home/ani/yc_ws/install/my_pkg/share/my_pkg/package.ps1'
[0.791s] INFO:colcon.colcon_core.shell:Creating package descriptor '/home/ani/yc_ws/install/my_pkg/share/my_pkg/package.dsv'
[0.791s] INFO:colcon.colcon_core.shell:Creating package script '/home/ani/yc_ws/install/my_pkg/share/my_pkg/package.sh'
[0.792s] INFO:colcon.colcon_core.shell:Creating package script '/home/ani/yc_ws/install/my_pkg/share/my_pkg/package.bash'
[0.792s] INFO:colcon.colcon_core.shell:Creating package script '/home/ani/yc_ws/install/my_pkg/share/my_pkg/package.zsh'
[0.792s] Level 1:colcon.colcon_core.environment:create_file_with_runtime_dependencies(/home/ani/yc_ws/install/my_pkg/share/colcon-core/packages/my_pkg)
[0.793s] Level 1:colcon.colcon_core.environment:create_environment_scripts_only(my_pkg)
[0.793s] Level 1:colcon.colcon_core.environment:checking '/home/ani/yc_ws/install/my_pkg' for CMake module files
[0.793s] Level 1:colcon.colcon_core.environment:checking '/home/ani/yc_ws/install/my_pkg' for CMake config files
[0.798s] Level 1:colcon.colcon_core.shell:create_environment_hook('my_pkg', 'cmake_prefix_path')
[0.798s] INFO:colcon.colcon_core.shell:Creating environment hook '/home/ani/yc_ws/install/my_pkg/share/my_pkg/hook/cmake_prefix_path.ps1'
[0.798s] INFO:colcon.colcon_core.shell:Creating environment descriptor '/home/ani/yc_ws/install/my_pkg/share/my_pkg/hook/cmake_prefix_path.dsv'
[0.799s] INFO:colcon.colcon_core.shell:Creating environment hook '/home/ani/yc_ws/install/my_pkg/share/my_pkg/hook/cmake_prefix_path.sh'
[0.799s] Level 1:colcon.colcon_core.environment:checking '/home/ani/yc_ws/install/my_pkg/lib'
[0.799s] Level 1:colcon.colcon_core.environment:checking '/home/ani/yc_ws/install/my_pkg/bin'
[0.799s] Level 1:colcon.colcon_core.environment:checking '/home/ani/yc_ws/install/my_pkg/lib/pkgconfig/my_pkg.pc'
[0.799s] Level 1:colcon.colcon_core.environment:checking '/home/ani/yc_ws/install/my_pkg/lib/python3.10/site-packages'
[0.800s] Level 1:colcon.colcon_core.environment:checking '/home/ani/yc_ws/install/my_pkg/bin'
[0.800s] INFO:colcon.colcon_core.shell:Creating package script '/home/ani/yc_ws/install/my_pkg/share/my_pkg/package.ps1'
[0.800s] INFO:colcon.colcon_core.shell:Creating package descriptor '/home/ani/yc_ws/install/my_pkg/share/my_pkg/package.dsv'
[0.801s] INFO:colcon.colcon_core.shell:Creating package script '/home/ani/yc_ws/install/my_pkg/share/my_pkg/package.sh'
[0.801s] INFO:colcon.colcon_core.shell:Creating package script '/home/ani/yc_ws/install/my_pkg/share/my_pkg/package.bash'
[0.802s] INFO:colcon.colcon_core.shell:Creating package script '/home/ani/yc_ws/install/my_pkg/share/my_pkg/package.zsh'
[0.802s] Level 1:colcon.colcon_core.environment:create_file_with_runtime_dependencies(/home/ani/yc_ws/install/my_pkg/share/colcon-core/packages/my_pkg)
[0.803s] Level 1:colcon.colcon_core.environment:create_environment_scripts_only(ur_calibration)
[0.803s] Level 1:colcon.colcon_core.environment:checking '/home/ani/yc_ws/install/ur_calibration' for CMake module files
[0.804s] Level 1:colcon.colcon_core.environment:checking '/home/ani/yc_ws/install/ur_calibration' for CMake config files
[0.804s] Level 1:colcon.colcon_core.shell:create_environment_hook('ur_calibration', 'cmake_prefix_path')
[0.804s] INFO:colcon.colcon_core.shell:Creating environment hook '/home/ani/yc_ws/install/ur_calibration/share/ur_calibration/hook/cmake_prefix_path.ps1'
[0.805s] DEBUG:colcon.colcon_core.event_handler.log_command:Invoked command in '/home/ani/yc_ws/build/ur_calibration' returned '0': CMAKE_PREFIX_PATH=/opt/ros/humble /usr/bin/cmake --install /home/ani/yc_ws/build/ur_calibration
[0.805s] INFO:colcon.colcon_core.shell:Creating environment descriptor '/home/ani/yc_ws/install/ur_calibration/share/ur_calibration/hook/cmake_prefix_path.dsv'
[0.806s] INFO:colcon.colcon_core.shell:Creating environment hook '/home/ani/yc_ws/install/ur_calibration/share/ur_calibration/hook/cmake_prefix_path.sh'
[0.806s] Level 1:colcon.colcon_core.environment:checking '/home/ani/yc_ws/install/ur_calibration/lib'
[0.806s] Level 1:colcon.colcon_core.environment:checking '/home/ani/yc_ws/install/ur_calibration/bin'
[0.806s] Level 1:colcon.colcon_core.environment:checking '/home/ani/yc_ws/install/ur_calibration/lib/pkgconfig/ur_calibration.pc'
[0.806s] Level 1:colcon.colcon_core.environment:checking '/home/ani/yc_ws/install/ur_calibration/lib/python3.10/site-packages'
[0.807s] Level 1:colcon.colcon_core.environment:checking '/home/ani/yc_ws/install/ur_calibration/bin'
[0.807s] INFO:colcon.colcon_core.shell:Creating package script '/home/ani/yc_ws/install/ur_calibration/share/ur_calibration/package.ps1'
[0.807s] INFO:colcon.colcon_core.shell:Creating package descriptor '/home/ani/yc_ws/install/ur_calibration/share/ur_calibration/package.dsv'
[0.808s] INFO:colcon.colcon_core.shell:Creating package script '/home/ani/yc_ws/install/ur_calibration/share/ur_calibration/package.sh'
[0.808s] INFO:colcon.colcon_core.shell:Creating package script '/home/ani/yc_ws/install/ur_calibration/share/ur_calibration/package.bash'
[0.808s] INFO:colcon.colcon_core.shell:Creating package script '/home/ani/yc_ws/install/ur_calibration/share/ur_calibration/package.zsh'
[0.809s] Level 1:colcon.colcon_core.environment:create_file_with_runtime_dependencies(/home/ani/yc_ws/install/ur_calibration/share/colcon-core/packages/ur_calibration)
[0.809s] Level 1:colcon.colcon_core.environment:create_environment_scripts_only(ur_calibration)
[0.809s] Level 1:colcon.colcon_core.environment:checking '/home/ani/yc_ws/install/ur_calibration' for CMake module files
[0.810s] Level 1:colcon.colcon_core.environment:checking '/home/ani/yc_ws/install/ur_calibration' for CMake config files
[0.810s] Level 1:colcon.colcon_core.shell:create_environment_hook('ur_calibration', 'cmake_prefix_path')
[0.810s] INFO:colcon.colcon_core.shell:Creating environment hook '/home/ani/yc_ws/install/ur_calibration/share/ur_calibration/hook/cmake_prefix_path.ps1'
[0.811s] INFO:colcon.colcon_core.shell:Creating environment descriptor '/home/ani/yc_ws/install/ur_calibration/share/ur_calibration/hook/cmake_prefix_path.dsv'
[0.811s] INFO:colcon.colcon_core.shell:Creating environment hook '/home/ani/yc_ws/install/ur_calibration/share/ur_calibration/hook/cmake_prefix_path.sh'
[0.811s] Level 1:colcon.colcon_core.environment:checking '/home/ani/yc_ws/install/ur_calibration/lib'
[0.811s] Level 1:colcon.colcon_core.environment:checking '/home/ani/yc_ws/install/ur_calibration/bin'
[0.812s] Level 1:colcon.colcon_core.environment:checking '/home/ani/yc_ws/install/ur_calibration/lib/pkgconfig/ur_calibration.pc'
[0.812s] Level 1:colcon.colcon_core.environment:checking '/home/ani/yc_ws/install/ur_calibration/lib/python3.10/site-packages'
[0.812s] Level 1:colcon.colcon_core.environment:checking '/home/ani/yc_ws/install/ur_calibration/bin'
[0.812s] INFO:colcon.colcon_core.shell:Creating package script '/home/ani/yc_ws/install/ur_calibration/share/ur_calibration/package.ps1'
[0.813s] INFO:colcon.colcon_core.shell:Creating package descriptor '/home/ani/yc_ws/install/ur_calibration/share/ur_calibration/package.dsv'
[0.813s] INFO:colcon.colcon_core.shell:Creating package script '/home/ani/yc_ws/install/ur_calibration/share/ur_calibration/package.sh'
[0.814s] INFO:colcon.colcon_core.shell:Creating package script '/home/ani/yc_ws/install/ur_calibration/share/ur_calibration/package.bash'
[0.814s] INFO:colcon.colcon_core.shell:Creating package script '/home/ani/yc_ws/install/ur_calibration/share/ur_calibration/package.zsh'
[0.814s] Level 1:colcon.colcon_core.environment:create_file_with_runtime_dependencies(/home/ani/yc_ws/install/ur_calibration/share/colcon-core/packages/ur_calibration)
[0.832s] DEBUG:colcon.colcon_core.event_handler.log_command:Invoked command in '/home/ani/yc_ws/build/robotiq_driver' returned '0': AMENT_PREFIX_PATH=/home/ani/yc_ws/install/serial:${AMENT_PREFIX_PATH} CMAKE_PREFIX_PATH=/home/ani/yc_ws/install/serial:/opt/ros/humble LD_LIBRARY_PATH=/home/ani/yc_ws/install/serial/lib:${LD_LIBRARY_PATH} /usr/bin/cmake --build /home/ani/yc_ws/build/robotiq_driver -- -j12 -l12
[0.834s] DEBUG:colcon.colcon_core.event_handler.log_command:Invoking command in '/home/ani/yc_ws/build/robotiq_driver': AMENT_PREFIX_PATH=/home/ani/yc_ws/install/serial:${AMENT_PREFIX_PATH} CMAKE_PREFIX_PATH=/home/ani/yc_ws/install/serial:/opt/ros/humble LD_LIBRARY_PATH=/home/ani/yc_ws/install/serial/lib:${LD_LIBRARY_PATH} /usr/bin/cmake --install /home/ani/yc_ws/build/robotiq_driver
[0.922s] DEBUG:colcon.colcon_core.event_handler.log_command:Invoking command in '/home/ani/yc_ws/build/find_grasp': PYTHONPATH=/home/ani/yc_ws/build/find_grasp/prefix_override:/usr/lib/python3/dist-packages/colcon_core/task/python/colcon_distutils_commands:/home/ani/yc_ws/install/find_grasp/lib/python3.10/site-packages:${PYTHONPATH} /usr/bin/python3 -W ignore:setup.py install is deprecated -W ignore:easy_install command is deprecated setup.py develop --editable --build-directory /home/ani/yc_ws/build/find_grasp/build --no-deps symlink_data
[0.923s] DEBUG:colcon.colcon_core.event_handler.log_command:Invoking command in '/home/ani/yc_ws/build/frames': PYTHONPATH=/home/ani/yc_ws/build/frames/prefix_override:/usr/lib/python3/dist-packages/colcon_core/task/python/colcon_distutils_commands:/home/ani/yc_ws/install/frames/lib/python3.10/site-packages:${PYTHONPATH} /usr/bin/python3 -W ignore:setup.py install is deprecated -W ignore:easy_install command is deprecated setup.py develop --editable --build-directory /home/ani/yc_ws/build/frames/build --no-deps symlink_data
[1.067s] Level 1:colcon.colcon_core.environment:create_environment_scripts_only(robotiq_driver)
[1.067s] Level 1:colcon.colcon_core.environment:checking '/home/ani/yc_ws/install/robotiq_driver' for CMake module files
[1.068s] DEBUG:colcon.colcon_core.event_handler.log_command:Invoked command in '/home/ani/yc_ws/build/robotiq_driver' returned '0': AMENT_PREFIX_PATH=/home/ani/yc_ws/install/serial:${AMENT_PREFIX_PATH} CMAKE_PREFIX_PATH=/home/ani/yc_ws/install/serial:/opt/ros/humble LD_LIBRARY_PATH=/home/ani/yc_ws/install/serial/lib:${LD_LIBRARY_PATH} /usr/bin/cmake --install /home/ani/yc_ws/build/robotiq_driver
[1.068s] Level 1:colcon.colcon_core.environment:checking '/home/ani/yc_ws/install/robotiq_driver' for CMake config files
[1.068s] Level 1:colcon.colcon_core.shell:create_environment_hook('robotiq_driver', 'cmake_prefix_path')
[1.069s] INFO:colcon.colcon_core.shell:Creating environment hook '/home/ani/yc_ws/install/robotiq_driver/share/robotiq_driver/hook/cmake_prefix_path.ps1'
[1.069s] INFO:colcon.colcon_core.shell:Creating environment descriptor '/home/ani/yc_ws/install/robotiq_driver/share/robotiq_driver/hook/cmake_prefix_path.dsv'
[1.069s] INFO:colcon.colcon_core.shell:Creating environment hook '/home/ani/yc_ws/install/robotiq_driver/share/robotiq_driver/hook/cmake_prefix_path.sh'
[1.069s] Level 1:colcon.colcon_core.environment:checking '/home/ani/yc_ws/install/robotiq_driver/lib'
[1.069s] Level 1:colcon.colcon_core.shell:create_environment_hook('robotiq_driver', 'ld_library_path_lib')
[1.070s] INFO:colcon.colcon_core.shell:Creating environment hook '/home/ani/yc_ws/install/robotiq_driver/share/robotiq_driver/hook/ld_library_path_lib.ps1'
[1.070s] INFO:colcon.colcon_core.shell:Creating environment descriptor '/home/ani/yc_ws/install/robotiq_driver/share/robotiq_driver/hook/ld_library_path_lib.dsv'
[1.070s] INFO:colcon.colcon_core.shell:Creating environment hook '/home/ani/yc_ws/install/robotiq_driver/share/robotiq_driver/hook/ld_library_path_lib.sh'
[1.070s] Level 1:colcon.colcon_core.environment:checking '/home/ani/yc_ws/install/robotiq_driver/bin'
[1.070s] Level 1:colcon.colcon_core.environment:checking '/home/ani/yc_ws/install/robotiq_driver/lib/pkgconfig/robotiq_driver.pc'
[1.070s] Level 1:colcon.colcon_core.environment:checking '/home/ani/yc_ws/install/robotiq_driver/lib/python3.10/site-packages'
[1.071s] Level 1:colcon.colcon_core.environment:checking '/home/ani/yc_ws/install/robotiq_driver/bin'
[1.071s] INFO:colcon.colcon_core.shell:Creating package script '/home/ani/yc_ws/install/robotiq_driver/share/robotiq_driver/package.ps1'
[1.071s] INFO:colcon.colcon_core.shell:Creating package descriptor '/home/ani/yc_ws/install/robotiq_driver/share/robotiq_driver/package.dsv'
[1.071s] INFO:colcon.colcon_core.shell:Creating package script '/home/ani/yc_ws/install/robotiq_driver/share/robotiq_driver/package.sh'
[1.072s] INFO:colcon.colcon_core.shell:Creating package script '/home/ani/yc_ws/install/robotiq_driver/share/robotiq_driver/package.bash'
[1.072s] INFO:colcon.colcon_core.shell:Creating package script '/home/ani/yc_ws/install/robotiq_driver/share/robotiq_driver/package.zsh'
[1.072s] Level 1:colcon.colcon_core.environment:create_file_with_runtime_dependencies(/home/ani/yc_ws/install/robotiq_driver/share/colcon-core/packages/robotiq_driver)
[1.072s] Level 1:colcon.colcon_core.environment:create_environment_scripts_only(robotiq_driver)
[1.073s] Level 1:colcon.colcon_core.environment:checking '/home/ani/yc_ws/install/robotiq_driver' for CMake module files
[1.073s] Level 1:colcon.colcon_core.environment:checking '/home/ani/yc_ws/install/robotiq_driver' for CMake config files
[1.073s] Level 1:colcon.colcon_core.shell:create_environment_hook('robotiq_driver', 'cmake_prefix_path')
[1.073s] INFO:colcon.colcon_core.shell:Creating environment hook '/home/ani/yc_ws/install/robotiq_driver/share/robotiq_driver/hook/cmake_prefix_path.ps1'
[1.074s] INFO:colcon.colcon_core.shell:Creating environment descriptor '/home/ani/yc_ws/install/robotiq_driver/share/robotiq_driver/hook/cmake_prefix_path.dsv'
[1.074s] INFO:colcon.colcon_core.shell:Creating environment hook '/home/ani/yc_ws/install/robotiq_driver/share/robotiq_driver/hook/cmake_prefix_path.sh'
[1.074s] Level 1:colcon.colcon_core.environment:checking '/home/ani/yc_ws/install/robotiq_driver/lib'
[1.074s] Level 1:colcon.colcon_core.shell:create_environment_hook('robotiq_driver', 'ld_library_path_lib')
[1.074s] INFO:colcon.colcon_core.shell:Creating environment hook '/home/ani/yc_ws/install/robotiq_driver/share/robotiq_driver/hook/ld_library_path_lib.ps1'
[1.074s] INFO:colcon.colcon_core.shell:Creating environment descriptor '/home/ani/yc_ws/install/robotiq_driver/share/robotiq_driver/hook/ld_library_path_lib.dsv'
[1.075s] INFO:colcon.colcon_core.shell:Creating environment hook '/home/ani/yc_ws/install/robotiq_driver/share/robotiq_driver/hook/ld_library_path_lib.sh'
[1.075s] Level 1:colcon.colcon_core.environment:checking '/home/ani/yc_ws/install/robotiq_driver/bin'
[1.075s] Level 1:colcon.colcon_core.environment:checking '/home/ani/yc_ws/install/robotiq_driver/lib/pkgconfig/robotiq_driver.pc'
[1.075s] Level 1:colcon.colcon_core.environment:checking '/home/ani/yc_ws/install/robotiq_driver/lib/python3.10/site-packages'
[1.075s] Level 1:colcon.colcon_core.environment:checking '/home/ani/yc_ws/install/robotiq_driver/bin'
[1.075s] INFO:colcon.colcon_core.shell:Creating package script '/home/ani/yc_ws/install/robotiq_driver/share/robotiq_driver/package.ps1'
[1.076s] INFO:colcon.colcon_core.shell:Creating package descriptor '/home/ani/yc_ws/install/robotiq_driver/share/robotiq_driver/package.dsv'
[1.076s] INFO:colcon.colcon_core.shell:Creating package script '/home/ani/yc_ws/install/robotiq_driver/share/robotiq_driver/package.sh'
[1.076s] INFO:colcon.colcon_core.shell:Creating package script '/home/ani/yc_ws/install/robotiq_driver/share/robotiq_driver/package.bash'
[1.076s] INFO:colcon.colcon_core.shell:Creating package script '/home/ani/yc_ws/install/robotiq_driver/share/robotiq_driver/package.zsh'
[1.077s] Level 1:colcon.colcon_core.environment:create_file_with_runtime_dependencies(/home/ani/yc_ws/install/robotiq_driver/share/colcon-core/packages/robotiq_driver)
[1.077s] INFO:colcon.colcon_ros.task.ament_cmake.build:Building ROS package in '/home/ani/yc_ws/src/gripper/robotiq_hardware_tests' with build type 'ament_cmake'
[1.077s] INFO:colcon.colcon_cmake.task.cmake.build:Building CMake package in '/home/ani/yc_ws/src/gripper/robotiq_hardware_tests'
[1.077s] INFO:colcon.colcon_core.shell:Skip shell extension 'powershell' for command environment: Not usable outside of PowerShell
[1.077s] DEBUG:colcon.colcon_core.shell:Skip shell extension 'dsv' for command environment
[1.085s] DEBUG:colcon.colcon_core.event_handler.log_command:Invoking command in '/home/ani/yc_ws/build/robotiq_hardware_tests': AMENT_PREFIX_PATH=/home/ani/yc_ws/install/robotiq_driver:/home/ani/yc_ws/install/serial:${AMENT_PREFIX_PATH} CMAKE_PREFIX_PATH=/home/ani/yc_ws/install/robotiq_driver:/home/ani/yc_ws/install/serial:/opt/ros/humble LD_LIBRARY_PATH=/home/ani/yc_ws/install/robotiq_driver/lib:/home/ani/yc_ws/install/serial/lib:${LD_LIBRARY_PATH} /usr/bin/cmake /home/ani/yc_ws/src/gripper/robotiq_hardware_tests -DAMENT_CMAKE_SYMLINK_INSTALL=1 -DCMAKE_INSTALL_PREFIX=/home/ani/yc_ws/install/robotiq_hardware_tests
[1.232s] DEBUG:colcon.colcon_core.event_handler.log_command:Invoked command in '/home/ani/yc_ws/build/frames' returned '1': PYTHONPATH=/home/ani/yc_ws/build/frames/prefix_override:/usr/lib/python3/dist-packages/colcon_core/task/python/colcon_distutils_commands:/home/ani/yc_ws/install/frames/lib/python3.10/site-packages:${PYTHONPATH} /usr/bin/python3 -W ignore:setup.py install is deprecated -W ignore:easy_install command is deprecated setup.py develop --editable --build-directory /home/ani/yc_ws/build/frames/build --no-deps symlink_data
[1.900s] DEBUG:colcon.colcon_parallel_executor.executor.parallel:closing loop
[1.900s] DEBUG:colcon.colcon_parallel_executor.executor.parallel:loop closed
[1.900s] DEBUG:colcon.colcon_parallel_executor.executor.parallel:run_until_complete finished with '1'
[1.900s] DEBUG:colcon.colcon_core.event_reactor:joining thread
[1.904s] INFO:colcon.colcon_core.plugin_system:Skipping extension 'colcon_notification.desktop_notification.terminal_notifier': Not used on non-Darwin systems
[1.904s] INFO:colcon.colcon_core.plugin_system:Skipping extension 'colcon_notification.desktop_notification.win32': Not used on non-Windows systems
[1.904s] INFO:colcon.colcon_notification.desktop_notification:Sending desktop notification using 'notify2'
[1.913s] DEBUG:colcon.colcon_core.event_reactor:joined thread
[1.913s] INFO:colcon.colcon_core.shell:Creating prefix script '/home/ani/yc_ws/install/local_setup.ps1'
[1.914s] INFO:colcon.colcon_core.shell:Creating prefix util module '/home/ani/yc_ws/install/_local_setup_util_ps1.py'
[1.915s] INFO:colcon.colcon_core.shell:Creating prefix chain script '/home/ani/yc_ws/install/setup.ps1'
[1.916s] INFO:colcon.colcon_core.shell:Creating prefix script '/home/ani/yc_ws/install/local_setup.sh'
[1.917s] INFO:colcon.colcon_core.shell:Creating prefix util module '/home/ani/yc_ws/install/_local_setup_util_sh.py'
[1.917s] INFO:colcon.colcon_core.shell:Creating prefix chain script '/home/ani/yc_ws/install/setup.sh'
[1.918s] INFO:colcon.colcon_core.shell:Creating prefix script '/home/ani/yc_ws/install/local_setup.bash'
[1.919s] INFO:colcon.colcon_core.shell:Creating prefix chain script '/home/ani/yc_ws/install/setup.bash'
[1.920s] INFO:colcon.colcon_core.shell:Creating prefix script '/home/ani/yc_ws/install/local_setup.zsh'
[1.920s] INFO:colcon.colcon_core.shell:Creating prefix chain script '/home/ani/yc_ws/install/setup.zsh'
