[0.063s] DEBUG:colcon:Command line arguments: ['/usr/bin/colcon', 'build', '--symlink-install']
[0.063s] DEBUG:colcon:Parsed command line arguments: Namespace(log_base=None, log_level=None, verb_name='build', build_base='build', install_base='install', merge_install=False, symlink_install=True, test_result_base=None, continue_on_error=False, executor='parallel', parallel_workers=12, event_handlers=None, ignore_user_meta=False, metas=['./colcon.meta'], base_paths=['.'], packages_ignore=None, packages_ignore_regex=None, paths=None, packages_up_to=None, packages_up_to_regex=None, packages_above=None, packages_above_and_dependencies=None, packages_above_depth=None, packages_select_by_dep=None, packages_skip_by_dep=None, packages_skip_up_to=None, packages_select_build_failed=False, packages_skip_build_finished=False, packages_select_test_failures=False, packages_skip_test_passed=False, packages_select=None, packages_skip=None, packages_select_regex=None, packages_skip_regex=None, packages_start=None, packages_end=None, allow_overriding=[], cmake_args=None, cmake_target=None, cmake_target_skip_unavailable=False, cmake_clean_cache=False, cmake_clean_first=False, cmake_force_configure=False, ament_cmake_args=None, catkin_cmake_args=None, catkin_skip_building_tests=False, verb_parser=<colcon_defaults.argument_parser.defaults.DefaultArgumentsDecorator object at 0x7ecd675d0be0>, verb_extension=<colcon_core.verb.build.BuildVerb object at 0x7ecd675d00d0>, main=<bound method BuildVerb.main of <colcon_core.verb.build.BuildVerb object at 0x7ecd675d00d0>>)
[0.151s] Level 1:colcon.colcon_core.package_discovery:discover_packages(colcon_meta) check parameters
[0.151s] Level 1:colcon.colcon_core.package_discovery:discover_packages(recursive) check parameters
[0.151s] Level 1:colcon.colcon_core.package_discovery:discover_packages(ignore) check parameters
[0.151s] Level 1:colcon.colcon_core.package_discovery:discover_packages(path) check parameters
[0.151s] Level 1:colcon.colcon_core.package_discovery:discover_packages(colcon_meta) discover
[0.151s] Level 1:colcon.colcon_core.package_discovery:discover_packages(recursive) discover
[0.151s] INFO:colcon.colcon_core.package_discovery:Crawling recursively for packages in '/home/ani/yc_ws'
[0.151s] Level 1:colcon.colcon_core.package_identification:_identify(.) by extensions ['ignore', 'ignore_ament_install']
[0.151s] Level 1:colcon.colcon_core.package_identification:_identify(.) by extension 'ignore'
[0.151s] Level 1:colcon.colcon_core.package_identification:_identify(.) by extension 'ignore_ament_install'
[0.151s] Level 1:colcon.colcon_core.package_identification:_identify(.) by extensions ['colcon_pkg']
[0.151s] Level 1:colcon.colcon_core.package_identification:_identify(.) by extension 'colcon_pkg'
[0.151s] Level 1:colcon.colcon_core.package_identification:_identify(.) by extensions ['colcon_meta']
[0.151s] Level 1:colcon.colcon_core.package_identification:_identify(.) by extension 'colcon_meta'
[0.151s] Level 1:colcon.colcon_core.package_identification:_identify(.) by extensions ['ros']
[0.151s] Level 1:colcon.colcon_core.package_identification:_identify(.) by extension 'ros'
[0.158s] Level 1:colcon.colcon_core.package_identification:_identify(.) by extensions ['cmake', 'python']
[0.158s] Level 1:colcon.colcon_core.package_identification:_identify(.) by extension 'cmake'
[0.158s] Level 1:colcon.colcon_core.package_identification:_identify(.) by extension 'python'
[0.158s] Level 1:colcon.colcon_core.package_identification:_identify(.) by extensions ['python_setup_py']
[0.158s] Level 1:colcon.colcon_core.package_identification:_identify(.) by extension 'python_setup_py'
[0.158s] Level 1:colcon.colcon_core.package_identification:_identify(build) by extensions ['ignore', 'ignore_ament_install']
[0.158s] Level 1:colcon.colcon_core.package_identification:_identify(build) by extension 'ignore'
[0.158s] Level 1:colcon.colcon_core.package_identification:_identify(build) ignored
[0.159s] Level 1:colcon.colcon_core.package_identification:_identify(install) by extensions ['ignore', 'ignore_ament_install']
[0.159s] Level 1:colcon.colcon_core.package_identification:_identify(install) by extension 'ignore'
[0.159s] Level 1:colcon.colcon_core.package_identification:_identify(install) ignored
[0.159s] Level 1:colcon.colcon_core.package_identification:_identify(log) by extensions ['ignore', 'ignore_ament_install']
[0.159s] Level 1:colcon.colcon_core.package_identification:_identify(log) by extension 'ignore'
[0.159s] Level 1:colcon.colcon_core.package_identification:_identify(log) ignored
[0.159s] Level 1:colcon.colcon_core.package_identification:_identify(src) by extensions ['ignore', 'ignore_ament_install']
[0.159s] Level 1:colcon.colcon_core.package_identification:_identify(src) by extension 'ignore'
[0.159s] Level 1:colcon.colcon_core.package_identification:_identify(src) by extension 'ignore_ament_install'
[0.159s] Level 1:colcon.colcon_core.package_identification:_identify(src) by extensions ['colcon_pkg']
[0.159s] Level 1:colcon.colcon_core.package_identification:_identify(src) by extension 'colcon_pkg'
[0.159s] Level 1:colcon.colcon_core.package_identification:_identify(src) by extensions ['colcon_meta']
[0.159s] Level 1:colcon.colcon_core.package_identification:_identify(src) by extension 'colcon_meta'
[0.159s] Level 1:colcon.colcon_core.package_identification:_identify(src) by extensions ['ros']
[0.159s] Level 1:colcon.colcon_core.package_identification:_identify(src) by extension 'ros'
[0.159s] Level 1:colcon.colcon_core.package_identification:_identify(src) by extensions ['cmake', 'python']
[0.159s] Level 1:colcon.colcon_core.package_identification:_identify(src) by extension 'cmake'
[0.159s] Level 1:colcon.colcon_core.package_identification:_identify(src) by extension 'python'
[0.159s] Level 1:colcon.colcon_core.package_identification:_identify(src) by extensions ['python_setup_py']
[0.159s] Level 1:colcon.colcon_core.package_identification:_identify(src) by extension 'python_setup_py'
[0.159s] Level 1:colcon.colcon_core.package_identification:_identify(src/app) by extensions ['ignore', 'ignore_ament_install']
[0.159s] Level 1:colcon.colcon_core.package_identification:_identify(src/app) by extension 'ignore'
[0.159s] Level 1:colcon.colcon_core.package_identification:_identify(src/app) by extension 'ignore_ament_install'
[0.159s] Level 1:colcon.colcon_core.package_identification:_identify(src/app) by extensions ['colcon_pkg']
[0.159s] Level 1:colcon.colcon_core.package_identification:_identify(src/app) by extension 'colcon_pkg'
[0.159s] Level 1:colcon.colcon_core.package_identification:_identify(src/app) by extensions ['colcon_meta']
[0.159s] Level 1:colcon.colcon_core.package_identification:_identify(src/app) by extension 'colcon_meta'
[0.159s] Level 1:colcon.colcon_core.package_identification:_identify(src/app) by extensions ['ros']
[0.159s] Level 1:colcon.colcon_core.package_identification:_identify(src/app) by extension 'ros'
[0.161s] DEBUG:colcon.colcon_core.package_identification:Package 'src/app' with type 'ros.ament_python' and name 'app'
[0.162s] Level 1:colcon.colcon_core.package_identification:_identify(src/app2) by extensions ['ignore', 'ignore_ament_install']
[0.162s] Level 1:colcon.colcon_core.package_identification:_identify(src/app2) by extension 'ignore'
[0.162s] Level 1:colcon.colcon_core.package_identification:_identify(src/app2) by extension 'ignore_ament_install'
[0.162s] Level 1:colcon.colcon_core.package_identification:_identify(src/app2) by extensions ['colcon_pkg']
[0.162s] Level 1:colcon.colcon_core.package_identification:_identify(src/app2) by extension 'colcon_pkg'
[0.162s] Level 1:colcon.colcon_core.package_identification:_identify(src/app2) by extensions ['colcon_meta']
[0.162s] Level 1:colcon.colcon_core.package_identification:_identify(src/app2) by extension 'colcon_meta'
[0.162s] Level 1:colcon.colcon_core.package_identification:_identify(src/app2) by extensions ['ros']
[0.162s] Level 1:colcon.colcon_core.package_identification:_identify(src/app2) by extension 'ros'
[0.163s] DEBUG:colcon.colcon_core.package_identification:Package 'src/app2' with type 'ros.ament_python' and name 'app2'
[0.163s] Level 1:colcon.colcon_core.package_identification:_identify(src/captured_images2) by extensions ['ignore', 'ignore_ament_install']
[0.163s] Level 1:colcon.colcon_core.package_identification:_identify(src/captured_images2) by extension 'ignore'
[0.163s] Level 1:colcon.colcon_core.package_identification:_identify(src/captured_images2) by extension 'ignore_ament_install'
[0.163s] Level 1:colcon.colcon_core.package_identification:_identify(src/captured_images2) by extensions ['colcon_pkg']
[0.163s] Level 1:colcon.colcon_core.package_identification:_identify(src/captured_images2) by extension 'colcon_pkg'
[0.163s] Level 1:colcon.colcon_core.package_identification:_identify(src/captured_images2) by extensions ['colcon_meta']
[0.163s] Level 1:colcon.colcon_core.package_identification:_identify(src/captured_images2) by extension 'colcon_meta'
[0.163s] Level 1:colcon.colcon_core.package_identification:_identify(src/captured_images2) by extensions ['ros']
[0.163s] Level 1:colcon.colcon_core.package_identification:_identify(src/captured_images2) by extension 'ros'
[0.163s] Level 1:colcon.colcon_core.package_identification:_identify(src/captured_images2) by extensions ['cmake', 'python']
[0.163s] Level 1:colcon.colcon_core.package_identification:_identify(src/captured_images2) by extension 'cmake'
[0.163s] Level 1:colcon.colcon_core.package_identification:_identify(src/captured_images2) by extension 'python'
[0.163s] Level 1:colcon.colcon_core.package_identification:_identify(src/captured_images2) by extensions ['python_setup_py']
[0.163s] Level 1:colcon.colcon_core.package_identification:_identify(src/captured_images2) by extension 'python_setup_py'
[0.163s] Level 1:colcon.colcon_core.package_identification:_identify(src/data) by extensions ['ignore', 'ignore_ament_install']
[0.163s] Level 1:colcon.colcon_core.package_identification:_identify(src/data) by extension 'ignore'
[0.163s] Level 1:colcon.colcon_core.package_identification:_identify(src/data) by extension 'ignore_ament_install'
[0.163s] Level 1:colcon.colcon_core.package_identification:_identify(src/data) by extensions ['colcon_pkg']
[0.163s] Level 1:colcon.colcon_core.package_identification:_identify(src/data) by extension 'colcon_pkg'
[0.163s] Level 1:colcon.colcon_core.package_identification:_identify(src/data) by extensions ['colcon_meta']
[0.164s] Level 1:colcon.colcon_core.package_identification:_identify(src/data) by extension 'colcon_meta'
[0.164s] Level 1:colcon.colcon_core.package_identification:_identify(src/data) by extensions ['ros']
[0.164s] Level 1:colcon.colcon_core.package_identification:_identify(src/data) by extension 'ros'
[0.164s] Level 1:colcon.colcon_core.package_identification:_identify(src/data) by extensions ['cmake', 'python']
[0.164s] Level 1:colcon.colcon_core.package_identification:_identify(src/data) by extension 'cmake'
[0.164s] Level 1:colcon.colcon_core.package_identification:_identify(src/data) by extension 'python'
[0.164s] Level 1:colcon.colcon_core.package_identification:_identify(src/data) by extensions ['python_setup_py']
[0.164s] Level 1:colcon.colcon_core.package_identification:_identify(src/data) by extension 'python_setup_py'
[0.164s] Level 1:colcon.colcon_core.package_identification:_identify(src/gripper) by extensions ['ignore', 'ignore_ament_install']
[0.164s] Level 1:colcon.colcon_core.package_identification:_identify(src/gripper) by extension 'ignore'
[0.164s] Level 1:colcon.colcon_core.package_identification:_identify(src/gripper) by extension 'ignore_ament_install'
[0.164s] Level 1:colcon.colcon_core.package_identification:_identify(src/gripper) by extensions ['colcon_pkg']
[0.164s] Level 1:colcon.colcon_core.package_identification:_identify(src/gripper) by extension 'colcon_pkg'
[0.164s] Level 1:colcon.colcon_core.package_identification:_identify(src/gripper) by extensions ['colcon_meta']
[0.164s] Level 1:colcon.colcon_core.package_identification:_identify(src/gripper) by extension 'colcon_meta'
[0.164s] Level 1:colcon.colcon_core.package_identification:_identify(src/gripper) by extensions ['ros']
[0.164s] Level 1:colcon.colcon_core.package_identification:_identify(src/gripper) by extension 'ros'
[0.164s] Level 1:colcon.colcon_core.package_identification:_identify(src/gripper) by extensions ['cmake', 'python']
[0.164s] Level 1:colcon.colcon_core.package_identification:_identify(src/gripper) by extension 'cmake'
[0.164s] Level 1:colcon.colcon_core.package_identification:_identify(src/gripper) by extension 'python'
[0.164s] Level 1:colcon.colcon_core.package_identification:_identify(src/gripper) by extensions ['python_setup_py']
[0.164s] Level 1:colcon.colcon_core.package_identification:_identify(src/gripper) by extension 'python_setup_py'
[0.164s] Level 1:colcon.colcon_core.package_identification:_identify(src/gripper/robotiq_controllers) by extensions ['ignore', 'ignore_ament_install']
[0.164s] Level 1:colcon.colcon_core.package_identification:_identify(src/gripper/robotiq_controllers) by extension 'ignore'
[0.164s] Level 1:colcon.colcon_core.package_identification:_identify(src/gripper/robotiq_controllers) by extension 'ignore_ament_install'
[0.164s] Level 1:colcon.colcon_core.package_identification:_identify(src/gripper/robotiq_controllers) by extensions ['colcon_pkg']
[0.164s] Level 1:colcon.colcon_core.package_identification:_identify(src/gripper/robotiq_controllers) by extension 'colcon_pkg'
[0.164s] Level 1:colcon.colcon_core.package_identification:_identify(src/gripper/robotiq_controllers) by extensions ['colcon_meta']
[0.164s] Level 1:colcon.colcon_core.package_identification:_identify(src/gripper/robotiq_controllers) by extension 'colcon_meta'
[0.164s] Level 1:colcon.colcon_core.package_identification:_identify(src/gripper/robotiq_controllers) by extensions ['ros']
[0.164s] Level 1:colcon.colcon_core.package_identification:_identify(src/gripper/robotiq_controllers) by extension 'ros'
[0.165s] DEBUG:colcon.colcon_core.package_identification:Package 'src/gripper/robotiq_controllers' with type 'ros.ament_cmake' and name 'robotiq_controllers'
[0.165s] Level 1:colcon.colcon_core.package_identification:_identify(src/gripper/robotiq_description) by extensions ['ignore', 'ignore_ament_install']
[0.165s] Level 1:colcon.colcon_core.package_identification:_identify(src/gripper/robotiq_description) by extension 'ignore'
[0.165s] Level 1:colcon.colcon_core.package_identification:_identify(src/gripper/robotiq_description) by extension 'ignore_ament_install'
[0.165s] Level 1:colcon.colcon_core.package_identification:_identify(src/gripper/robotiq_description) by extensions ['colcon_pkg']
[0.165s] Level 1:colcon.colcon_core.package_identification:_identify(src/gripper/robotiq_description) by extension 'colcon_pkg'
[0.165s] Level 1:colcon.colcon_core.package_identification:_identify(src/gripper/robotiq_description) by extensions ['colcon_meta']
[0.165s] Level 1:colcon.colcon_core.package_identification:_identify(src/gripper/robotiq_description) by extension 'colcon_meta'
[0.165s] Level 1:colcon.colcon_core.package_identification:_identify(src/gripper/robotiq_description) by extensions ['ros']
[0.165s] Level 1:colcon.colcon_core.package_identification:_identify(src/gripper/robotiq_description) by extension 'ros'
[0.166s] DEBUG:colcon.colcon_core.package_identification:Package 'src/gripper/robotiq_description' with type 'ros.ament_cmake' and name 'robotiq_description'
[0.166s] Level 1:colcon.colcon_core.package_identification:_identify(src/gripper/robotiq_driver) by extensions ['ignore', 'ignore_ament_install']
[0.166s] Level 1:colcon.colcon_core.package_identification:_identify(src/gripper/robotiq_driver) by extension 'ignore'
[0.166s] Level 1:colcon.colcon_core.package_identification:_identify(src/gripper/robotiq_driver) by extension 'ignore_ament_install'
[0.166s] Level 1:colcon.colcon_core.package_identification:_identify(src/gripper/robotiq_driver) by extensions ['colcon_pkg']
[0.166s] Level 1:colcon.colcon_core.package_identification:_identify(src/gripper/robotiq_driver) by extension 'colcon_pkg'
[0.166s] Level 1:colcon.colcon_core.package_identification:_identify(src/gripper/robotiq_driver) by extensions ['colcon_meta']
[0.166s] Level 1:colcon.colcon_core.package_identification:_identify(src/gripper/robotiq_driver) by extension 'colcon_meta'
[0.166s] Level 1:colcon.colcon_core.package_identification:_identify(src/gripper/robotiq_driver) by extensions ['ros']
[0.166s] Level 1:colcon.colcon_core.package_identification:_identify(src/gripper/robotiq_driver) by extension 'ros'
[0.167s] DEBUG:colcon.colcon_core.package_identification:Package 'src/gripper/robotiq_driver' with type 'ros.ament_cmake' and name 'robotiq_driver'
[0.167s] Level 1:colcon.colcon_core.package_identification:_identify(src/gripper/robotiq_hardware_tests) by extensions ['ignore', 'ignore_ament_install']
[0.167s] Level 1:colcon.colcon_core.package_identification:_identify(src/gripper/robotiq_hardware_tests) by extension 'ignore'
[0.167s] Level 1:colcon.colcon_core.package_identification:_identify(src/gripper/robotiq_hardware_tests) by extension 'ignore_ament_install'
[0.167s] Level 1:colcon.colcon_core.package_identification:_identify(src/gripper/robotiq_hardware_tests) by extensions ['colcon_pkg']
[0.167s] Level 1:colcon.colcon_core.package_identification:_identify(src/gripper/robotiq_hardware_tests) by extension 'colcon_pkg'
[0.167s] Level 1:colcon.colcon_core.package_identification:_identify(src/gripper/robotiq_hardware_tests) by extensions ['colcon_meta']
[0.167s] Level 1:colcon.colcon_core.package_identification:_identify(src/gripper/robotiq_hardware_tests) by extension 'colcon_meta'
[0.167s] Level 1:colcon.colcon_core.package_identification:_identify(src/gripper/robotiq_hardware_tests) by extensions ['ros']
[0.167s] Level 1:colcon.colcon_core.package_identification:_identify(src/gripper/robotiq_hardware_tests) by extension 'ros'
[0.167s] DEBUG:colcon.colcon_core.package_identification:Package 'src/gripper/robotiq_hardware_tests' with type 'ros.ament_cmake' and name 'robotiq_hardware_tests'
[0.167s] Level 1:colcon.colcon_core.package_identification:_identify(src/my_pkg) by extensions ['ignore', 'ignore_ament_install']
[0.167s] Level 1:colcon.colcon_core.package_identification:_identify(src/my_pkg) by extension 'ignore'
[0.168s] Level 1:colcon.colcon_core.package_identification:_identify(src/my_pkg) by extension 'ignore_ament_install'
[0.168s] Level 1:colcon.colcon_core.package_identification:_identify(src/my_pkg) by extensions ['colcon_pkg']
[0.168s] Level 1:colcon.colcon_core.package_identification:_identify(src/my_pkg) by extension 'colcon_pkg'
[0.168s] Level 1:colcon.colcon_core.package_identification:_identify(src/my_pkg) by extensions ['colcon_meta']
[0.168s] Level 1:colcon.colcon_core.package_identification:_identify(src/my_pkg) by extension 'colcon_meta'
[0.168s] Level 1:colcon.colcon_core.package_identification:_identify(src/my_pkg) by extensions ['ros']
[0.168s] Level 1:colcon.colcon_core.package_identification:_identify(src/my_pkg) by extension 'ros'
[0.168s] DEBUG:colcon.colcon_core.package_identification:Package 'src/my_pkg' with type 'ros.ament_cmake' and name 'my_pkg'
[0.168s] Level 1:colcon.colcon_core.package_identification:_identify(src/my_ur_driver) by extensions ['ignore', 'ignore_ament_install']
[0.168s] Level 1:colcon.colcon_core.package_identification:_identify(src/my_ur_driver) by extension 'ignore'
[0.168s] Level 1:colcon.colcon_core.package_identification:_identify(src/my_ur_driver) by extension 'ignore_ament_install'
[0.168s] Level 1:colcon.colcon_core.package_identification:_identify(src/my_ur_driver) by extensions ['colcon_pkg']
[0.168s] Level 1:colcon.colcon_core.package_identification:_identify(src/my_ur_driver) by extension 'colcon_pkg'
[0.168s] Level 1:colcon.colcon_core.package_identification:_identify(src/my_ur_driver) by extensions ['colcon_meta']
[0.168s] Level 1:colcon.colcon_core.package_identification:_identify(src/my_ur_driver) by extension 'colcon_meta'
[0.168s] Level 1:colcon.colcon_core.package_identification:_identify(src/my_ur_driver) by extensions ['ros']
[0.168s] Level 1:colcon.colcon_core.package_identification:_identify(src/my_ur_driver) by extension 'ros'
[0.169s] DEBUG:colcon.colcon_core.package_identification:Package 'src/my_ur_driver' with type 'ros.ament_cmake' and name 'my_ur_driver'
[0.169s] Level 1:colcon.colcon_core.package_identification:_identify(src/serial) by extensions ['ignore', 'ignore_ament_install']
[0.169s] Level 1:colcon.colcon_core.package_identification:_identify(src/serial) by extension 'ignore'
[0.169s] Level 1:colcon.colcon_core.package_identification:_identify(src/serial) by extension 'ignore_ament_install'
[0.169s] Level 1:colcon.colcon_core.package_identification:_identify(src/serial) by extensions ['colcon_pkg']
[0.169s] Level 1:colcon.colcon_core.package_identification:_identify(src/serial) by extension 'colcon_pkg'
[0.169s] Level 1:colcon.colcon_core.package_identification:_identify(src/serial) by extensions ['colcon_meta']
[0.169s] Level 1:colcon.colcon_core.package_identification:_identify(src/serial) by extension 'colcon_meta'
[0.169s] Level 1:colcon.colcon_core.package_identification:_identify(src/serial) by extensions ['ros']
[0.169s] Level 1:colcon.colcon_core.package_identification:_identify(src/serial) by extension 'ros'
[0.169s] DEBUG:colcon.colcon_core.package_identification:Package 'src/serial' with type 'ros.ament_cmake' and name 'serial'
[0.169s] Level 1:colcon.colcon_core.package_identification:_identify(src/ur_calibration) by extensions ['ignore', 'ignore_ament_install']
[0.169s] Level 1:colcon.colcon_core.package_identification:_identify(src/ur_calibration) by extension 'ignore'
[0.170s] Level 1:colcon.colcon_core.package_identification:_identify(src/ur_calibration) by extension 'ignore_ament_install'
[0.170s] Level 1:colcon.colcon_core.package_identification:_identify(src/ur_calibration) by extensions ['colcon_pkg']
[0.170s] Level 1:colcon.colcon_core.package_identification:_identify(src/ur_calibration) by extension 'colcon_pkg'
[0.170s] Level 1:colcon.colcon_core.package_identification:_identify(src/ur_calibration) by extensions ['colcon_meta']
[0.170s] Level 1:colcon.colcon_core.package_identification:_identify(src/ur_calibration) by extension 'colcon_meta'
[0.170s] Level 1:colcon.colcon_core.package_identification:_identify(src/ur_calibration) by extensions ['ros']
[0.170s] Level 1:colcon.colcon_core.package_identification:_identify(src/ur_calibration) by extension 'ros'
[0.171s] DEBUG:colcon.colcon_core.package_identification:Package 'src/ur_calibration' with type 'ros.ament_cmake' and name 'ur_calibration'
[0.171s] Level 1:colcon.colcon_core.package_discovery:discover_packages(recursive) using defaults
[0.171s] Level 1:colcon.colcon_core.package_discovery:discover_packages(ignore) discover
[0.171s] Level 1:colcon.colcon_core.package_discovery:discover_packages(ignore) using defaults
[0.171s] Level 1:colcon.colcon_core.package_discovery:discover_packages(path) discover
[0.171s] Level 1:colcon.colcon_core.package_discovery:discover_packages(path) using defaults
[0.184s] Level 1:colcon.colcon_core.package_discovery:discover_packages(prefix_path) check parameters
[0.184s] Level 1:colcon.colcon_core.package_discovery:discover_packages(prefix_path) discover
[0.184s] WARNING:colcon.colcon_ros.prefix_path.ament:The path '/home/ani/yc_ws/install/pilz_industrial_motion_planner_testutils' in the environment variable AMENT_PREFIX_PATH doesn't exist
[0.184s] WARNING:colcon.colcon_ros.prefix_path.ament:The path '/home/ani/yc_ws/install/my_ur_driver' in the environment variable AMENT_PREFIX_PATH doesn't exist
[0.184s] WARNING:colcon.colcon_ros.prefix_path.catkin:The path '/home/ani/yc_ws/install/ur_calibration' in the environment variable CMAKE_PREFIX_PATH doesn't exist
[0.184s] WARNING:colcon.colcon_ros.prefix_path.catkin:The path '/home/ani/yc_ws/install/robotiq_hardware_tests' in the environment variable CMAKE_PREFIX_PATH doesn't exist
[0.184s] WARNING:colcon.colcon_ros.prefix_path.catkin:The path '/home/ani/yc_ws/install/robotiq_driver' in the environment variable CMAKE_PREFIX_PATH doesn't exist
[0.185s] WARNING:colcon.colcon_ros.prefix_path.catkin:The path '/home/ani/yc_ws/install/robotiq_description' in the environment variable CMAKE_PREFIX_PATH doesn't exist
[0.185s] WARNING:colcon.colcon_ros.prefix_path.catkin:The path '/home/ani/yc_ws/install/robotiq_controllers' in the environment variable CMAKE_PREFIX_PATH doesn't exist
[0.185s] WARNING:colcon.colcon_ros.prefix_path.catkin:The path '/home/ani/yc_ws/install/pilz_industrial_motion_planner_testutils' in the environment variable CMAKE_PREFIX_PATH doesn't exist
[0.185s] WARNING:colcon.colcon_ros.prefix_path.catkin:The path '/home/ani/yc_ws/install/my_ur_driver' in the environment variable CMAKE_PREFIX_PATH doesn't exist
[0.185s] WARNING:colcon.colcon_ros.prefix_path.catkin:The path '/home/ani/yc_ws/install/my_pkg' in the environment variable CMAKE_PREFIX_PATH doesn't exist
[0.185s] DEBUG:colcon.colcon_installed_package_information.package_discovery:Found 1 installed packages in /home/ani/yc_ws/install
[0.186s] DEBUG:colcon.colcon_installed_package_information.package_discovery:Found 339 installed packages in /opt/ros/humble
[0.187s] Level 1:colcon.colcon_core.package_discovery:discover_packages(prefix_path) using defaults
[0.222s] Level 5:colcon.colcon_core.verb:set package 'app' build argument 'cmake_args' from command line to 'None'
[0.222s] Level 5:colcon.colcon_core.verb:set package 'app' build argument 'cmake_target' from command line to 'None'
[0.222s] Level 5:colcon.colcon_core.verb:set package 'app' build argument 'cmake_target_skip_unavailable' from command line to 'False'
[0.222s] Level 5:colcon.colcon_core.verb:set package 'app' build argument 'cmake_clean_cache' from command line to 'False'
[0.222s] Level 5:colcon.colcon_core.verb:set package 'app' build argument 'cmake_clean_first' from command line to 'False'
[0.222s] Level 5:colcon.colcon_core.verb:set package 'app' build argument 'cmake_force_configure' from command line to 'False'
[0.222s] Level 5:colcon.colcon_core.verb:set package 'app' build argument 'ament_cmake_args' from command line to 'None'
[0.222s] Level 5:colcon.colcon_core.verb:set package 'app' build argument 'catkin_cmake_args' from command line to 'None'
[0.222s] Level 5:colcon.colcon_core.verb:set package 'app' build argument 'catkin_skip_building_tests' from command line to 'False'
[0.222s] DEBUG:colcon.colcon_core.verb:Building package 'app' with the following arguments: {'ament_cmake_args': None, 'build_base': '/home/ani/yc_ws/build/app', 'catkin_cmake_args': None, 'catkin_skip_building_tests': False, 'cmake_args': None, 'cmake_clean_cache': False, 'cmake_clean_first': False, 'cmake_force_configure': False, 'cmake_target': None, 'cmake_target_skip_unavailable': False, 'install_base': '/home/ani/yc_ws/install/app', 'merge_install': False, 'path': '/home/ani/yc_ws/src/app', 'symlink_install': True, 'test_result_base': None}
[0.222s] Level 5:colcon.colcon_core.verb:set package 'app2' build argument 'cmake_args' from command line to 'None'
[0.222s] Level 5:colcon.colcon_core.verb:set package 'app2' build argument 'cmake_target' from command line to 'None'
[0.222s] Level 5:colcon.colcon_core.verb:set package 'app2' build argument 'cmake_target_skip_unavailable' from command line to 'False'
[0.222s] Level 5:colcon.colcon_core.verb:set package 'app2' build argument 'cmake_clean_cache' from command line to 'False'
[0.222s] Level 5:colcon.colcon_core.verb:set package 'app2' build argument 'cmake_clean_first' from command line to 'False'
[0.222s] Level 5:colcon.colcon_core.verb:set package 'app2' build argument 'cmake_force_configure' from command line to 'False'
[0.222s] Level 5:colcon.colcon_core.verb:set package 'app2' build argument 'ament_cmake_args' from command line to 'None'
[0.222s] Level 5:colcon.colcon_core.verb:set package 'app2' build argument 'catkin_cmake_args' from command line to 'None'
[0.222s] Level 5:colcon.colcon_core.verb:set package 'app2' build argument 'catkin_skip_building_tests' from command line to 'False'
[0.222s] DEBUG:colcon.colcon_core.verb:Building package 'app2' with the following arguments: {'ament_cmake_args': None, 'build_base': '/home/ani/yc_ws/build/app2', 'catkin_cmake_args': None, 'catkin_skip_building_tests': False, 'cmake_args': None, 'cmake_clean_cache': False, 'cmake_clean_first': False, 'cmake_force_configure': False, 'cmake_target': None, 'cmake_target_skip_unavailable': False, 'install_base': '/home/ani/yc_ws/install/app2', 'merge_install': False, 'path': '/home/ani/yc_ws/src/app2', 'symlink_install': True, 'test_result_base': None}
[0.222s] Level 5:colcon.colcon_core.verb:set package 'my_pkg' build argument 'cmake_args' from command line to 'None'
[0.222s] Level 5:colcon.colcon_core.verb:set package 'my_pkg' build argument 'cmake_target' from command line to 'None'
[0.222s] Level 5:colcon.colcon_core.verb:set package 'my_pkg' build argument 'cmake_target_skip_unavailable' from command line to 'False'
[0.222s] Level 5:colcon.colcon_core.verb:set package 'my_pkg' build argument 'cmake_clean_cache' from command line to 'False'
[0.222s] Level 5:colcon.colcon_core.verb:set package 'my_pkg' build argument 'cmake_clean_first' from command line to 'False'
[0.222s] Level 5:colcon.colcon_core.verb:set package 'my_pkg' build argument 'cmake_force_configure' from command line to 'False'
[0.222s] Level 5:colcon.colcon_core.verb:set package 'my_pkg' build argument 'ament_cmake_args' from command line to 'None'
[0.222s] Level 5:colcon.colcon_core.verb:set package 'my_pkg' build argument 'catkin_cmake_args' from command line to 'None'
[0.222s] Level 5:colcon.colcon_core.verb:set package 'my_pkg' build argument 'catkin_skip_building_tests' from command line to 'False'
[0.222s] DEBUG:colcon.colcon_core.verb:Building package 'my_pkg' with the following arguments: {'ament_cmake_args': None, 'build_base': '/home/ani/yc_ws/build/my_pkg', 'catkin_cmake_args': None, 'catkin_skip_building_tests': False, 'cmake_args': None, 'cmake_clean_cache': False, 'cmake_clean_first': False, 'cmake_force_configure': False, 'cmake_target': None, 'cmake_target_skip_unavailable': False, 'install_base': '/home/ani/yc_ws/install/my_pkg', 'merge_install': False, 'path': '/home/ani/yc_ws/src/my_pkg', 'symlink_install': True, 'test_result_base': None}
[0.223s] Level 5:colcon.colcon_core.verb:set package 'my_ur_driver' build argument 'cmake_args' from command line to 'None'
[0.223s] Level 5:colcon.colcon_core.verb:set package 'my_ur_driver' build argument 'cmake_target' from command line to 'None'
[0.223s] Level 5:colcon.colcon_core.verb:set package 'my_ur_driver' build argument 'cmake_target_skip_unavailable' from command line to 'False'
[0.223s] Level 5:colcon.colcon_core.verb:set package 'my_ur_driver' build argument 'cmake_clean_cache' from command line to 'False'
[0.223s] Level 5:colcon.colcon_core.verb:set package 'my_ur_driver' build argument 'cmake_clean_first' from command line to 'False'
[0.223s] Level 5:colcon.colcon_core.verb:set package 'my_ur_driver' build argument 'cmake_force_configure' from command line to 'False'
[0.223s] Level 5:colcon.colcon_core.verb:set package 'my_ur_driver' build argument 'ament_cmake_args' from command line to 'None'
[0.223s] Level 5:colcon.colcon_core.verb:set package 'my_ur_driver' build argument 'catkin_cmake_args' from command line to 'None'
[0.223s] Level 5:colcon.colcon_core.verb:set package 'my_ur_driver' build argument 'catkin_skip_building_tests' from command line to 'False'
[0.223s] DEBUG:colcon.colcon_core.verb:Building package 'my_ur_driver' with the following arguments: {'ament_cmake_args': None, 'build_base': '/home/ani/yc_ws/build/my_ur_driver', 'catkin_cmake_args': None, 'catkin_skip_building_tests': False, 'cmake_args': None, 'cmake_clean_cache': False, 'cmake_clean_first': False, 'cmake_force_configure': False, 'cmake_target': None, 'cmake_target_skip_unavailable': False, 'install_base': '/home/ani/yc_ws/install/my_ur_driver', 'merge_install': False, 'path': '/home/ani/yc_ws/src/my_ur_driver', 'symlink_install': True, 'test_result_base': None}
[0.223s] Level 5:colcon.colcon_core.verb:set package 'robotiq_controllers' build argument 'cmake_args' from command line to 'None'
[0.223s] Level 5:colcon.colcon_core.verb:set package 'robotiq_controllers' build argument 'cmake_target' from command line to 'None'
[0.223s] Level 5:colcon.colcon_core.verb:set package 'robotiq_controllers' build argument 'cmake_target_skip_unavailable' from command line to 'False'
[0.223s] Level 5:colcon.colcon_core.verb:set package 'robotiq_controllers' build argument 'cmake_clean_cache' from command line to 'False'
[0.223s] Level 5:colcon.colcon_core.verb:set package 'robotiq_controllers' build argument 'cmake_clean_first' from command line to 'False'
[0.223s] Level 5:colcon.colcon_core.verb:set package 'robotiq_controllers' build argument 'cmake_force_configure' from command line to 'False'
[0.223s] Level 5:colcon.colcon_core.verb:set package 'robotiq_controllers' build argument 'ament_cmake_args' from command line to 'None'
[0.223s] Level 5:colcon.colcon_core.verb:set package 'robotiq_controllers' build argument 'catkin_cmake_args' from command line to 'None'
[0.223s] Level 5:colcon.colcon_core.verb:set package 'robotiq_controllers' build argument 'catkin_skip_building_tests' from command line to 'False'
[0.223s] DEBUG:colcon.colcon_core.verb:Building package 'robotiq_controllers' with the following arguments: {'ament_cmake_args': None, 'build_base': '/home/ani/yc_ws/build/robotiq_controllers', 'catkin_cmake_args': None, 'catkin_skip_building_tests': False, 'cmake_args': None, 'cmake_clean_cache': False, 'cmake_clean_first': False, 'cmake_force_configure': False, 'cmake_target': None, 'cmake_target_skip_unavailable': False, 'install_base': '/home/ani/yc_ws/install/robotiq_controllers', 'merge_install': False, 'path': '/home/ani/yc_ws/src/gripper/robotiq_controllers', 'symlink_install': True, 'test_result_base': None}
[0.223s] Level 5:colcon.colcon_core.verb:set package 'robotiq_description' build argument 'cmake_args' from command line to 'None'
[0.223s] Level 5:colcon.colcon_core.verb:set package 'robotiq_description' build argument 'cmake_target' from command line to 'None'
[0.223s] Level 5:colcon.colcon_core.verb:set package 'robotiq_description' build argument 'cmake_target_skip_unavailable' from command line to 'False'
[0.223s] Level 5:colcon.colcon_core.verb:set package 'robotiq_description' build argument 'cmake_clean_cache' from command line to 'False'
[0.223s] Level 5:colcon.colcon_core.verb:set package 'robotiq_description' build argument 'cmake_clean_first' from command line to 'False'
[0.223s] Level 5:colcon.colcon_core.verb:set package 'robotiq_description' build argument 'cmake_force_configure' from command line to 'False'
[0.223s] Level 5:colcon.colcon_core.verb:set package 'robotiq_description' build argument 'ament_cmake_args' from command line to 'None'
[0.223s] Level 5:colcon.colcon_core.verb:set package 'robotiq_description' build argument 'catkin_cmake_args' from command line to 'None'
[0.223s] Level 5:colcon.colcon_core.verb:set package 'robotiq_description' build argument 'catkin_skip_building_tests' from command line to 'False'
[0.223s] DEBUG:colcon.colcon_core.verb:Building package 'robotiq_description' with the following arguments: {'ament_cmake_args': None, 'build_base': '/home/ani/yc_ws/build/robotiq_description', 'catkin_cmake_args': None, 'catkin_skip_building_tests': False, 'cmake_args': None, 'cmake_clean_cache': False, 'cmake_clean_first': False, 'cmake_force_configure': False, 'cmake_target': None, 'cmake_target_skip_unavailable': False, 'install_base': '/home/ani/yc_ws/install/robotiq_description', 'merge_install': False, 'path': '/home/ani/yc_ws/src/gripper/robotiq_description', 'symlink_install': True, 'test_result_base': None}
[0.224s] Level 5:colcon.colcon_core.verb:set package 'serial' build argument 'cmake_args' from command line to 'None'
[0.224s] Level 5:colcon.colcon_core.verb:set package 'serial' build argument 'cmake_target' from command line to 'None'
[0.224s] Level 5:colcon.colcon_core.verb:set package 'serial' build argument 'cmake_target_skip_unavailable' from command line to 'False'
[0.224s] Level 5:colcon.colcon_core.verb:set package 'serial' build argument 'cmake_clean_cache' from command line to 'False'
[0.224s] Level 5:colcon.colcon_core.verb:set package 'serial' build argument 'cmake_clean_first' from command line to 'False'
[0.224s] Level 5:colcon.colcon_core.verb:set package 'serial' build argument 'cmake_force_configure' from command line to 'False'
[0.224s] Level 5:colcon.colcon_core.verb:set package 'serial' build argument 'ament_cmake_args' from command line to 'None'
[0.224s] Level 5:colcon.colcon_core.verb:set package 'serial' build argument 'catkin_cmake_args' from command line to 'None'
[0.224s] Level 5:colcon.colcon_core.verb:set package 'serial' build argument 'catkin_skip_building_tests' from command line to 'False'
[0.224s] DEBUG:colcon.colcon_core.verb:Building package 'serial' with the following arguments: {'ament_cmake_args': None, 'build_base': '/home/ani/yc_ws/build/serial', 'catkin_cmake_args': None, 'catkin_skip_building_tests': False, 'cmake_args': None, 'cmake_clean_cache': False, 'cmake_clean_first': False, 'cmake_force_configure': False, 'cmake_target': None, 'cmake_target_skip_unavailable': False, 'install_base': '/home/ani/yc_ws/install/serial', 'merge_install': False, 'path': '/home/ani/yc_ws/src/serial', 'symlink_install': True, 'test_result_base': None}
[0.224s] Level 5:colcon.colcon_core.verb:set package 'ur_calibration' build argument 'cmake_args' from command line to 'None'
[0.224s] Level 5:colcon.colcon_core.verb:set package 'ur_calibration' build argument 'cmake_target' from command line to 'None'
[0.224s] Level 5:colcon.colcon_core.verb:set package 'ur_calibration' build argument 'cmake_target_skip_unavailable' from command line to 'False'
[0.224s] Level 5:colcon.colcon_core.verb:set package 'ur_calibration' build argument 'cmake_clean_cache' from command line to 'False'
[0.224s] Level 5:colcon.colcon_core.verb:set package 'ur_calibration' build argument 'cmake_clean_first' from command line to 'False'
[0.224s] Level 5:colcon.colcon_core.verb:set package 'ur_calibration' build argument 'cmake_force_configure' from command line to 'False'
[0.224s] Level 5:colcon.colcon_core.verb:set package 'ur_calibration' build argument 'ament_cmake_args' from command line to 'None'
[0.224s] Level 5:colcon.colcon_core.verb:set package 'ur_calibration' build argument 'catkin_cmake_args' from command line to 'None'
[0.224s] Level 5:colcon.colcon_core.verb:set package 'ur_calibration' build argument 'catkin_skip_building_tests' from command line to 'False'
[0.224s] DEBUG:colcon.colcon_core.verb:Building package 'ur_calibration' with the following arguments: {'ament_cmake_args': None, 'build_base': '/home/ani/yc_ws/build/ur_calibration', 'catkin_cmake_args': None, 'catkin_skip_building_tests': False, 'cmake_args': None, 'cmake_clean_cache': False, 'cmake_clean_first': False, 'cmake_force_configure': False, 'cmake_target': None, 'cmake_target_skip_unavailable': False, 'install_base': '/home/ani/yc_ws/install/ur_calibration', 'merge_install': False, 'path': '/home/ani/yc_ws/src/ur_calibration', 'symlink_install': True, 'test_result_base': None}
[0.224s] Level 5:colcon.colcon_core.verb:set package 'robotiq_driver' build argument 'cmake_args' from command line to 'None'
[0.224s] Level 5:colcon.colcon_core.verb:set package 'robotiq_driver' build argument 'cmake_target' from command line to 'None'
[0.224s] Level 5:colcon.colcon_core.verb:set package 'robotiq_driver' build argument 'cmake_target_skip_unavailable' from command line to 'False'
[0.224s] Level 5:colcon.colcon_core.verb:set package 'robotiq_driver' build argument 'cmake_clean_cache' from command line to 'False'
[0.224s] Level 5:colcon.colcon_core.verb:set package 'robotiq_driver' build argument 'cmake_clean_first' from command line to 'False'
[0.224s] Level 5:colcon.colcon_core.verb:set package 'robotiq_driver' build argument 'cmake_force_configure' from command line to 'False'
[0.224s] Level 5:colcon.colcon_core.verb:set package 'robotiq_driver' build argument 'ament_cmake_args' from command line to 'None'
[0.224s] Level 5:colcon.colcon_core.verb:set package 'robotiq_driver' build argument 'catkin_cmake_args' from command line to 'None'
[0.224s] Level 5:colcon.colcon_core.verb:set package 'robotiq_driver' build argument 'catkin_skip_building_tests' from command line to 'False'
[0.224s] DEBUG:colcon.colcon_core.verb:Building package 'robotiq_driver' with the following arguments: {'ament_cmake_args': None, 'build_base': '/home/ani/yc_ws/build/robotiq_driver', 'catkin_cmake_args': None, 'catkin_skip_building_tests': False, 'cmake_args': None, 'cmake_clean_cache': False, 'cmake_clean_first': False, 'cmake_force_configure': False, 'cmake_target': None, 'cmake_target_skip_unavailable': False, 'install_base': '/home/ani/yc_ws/install/robotiq_driver', 'merge_install': False, 'path': '/home/ani/yc_ws/src/gripper/robotiq_driver', 'symlink_install': True, 'test_result_base': None}
[0.225s] Level 5:colcon.colcon_core.verb:set package 'robotiq_hardware_tests' build argument 'cmake_args' from command line to 'None'
[0.225s] Level 5:colcon.colcon_core.verb:set package 'robotiq_hardware_tests' build argument 'cmake_target' from command line to 'None'
[0.225s] Level 5:colcon.colcon_core.verb:set package 'robotiq_hardware_tests' build argument 'cmake_target_skip_unavailable' from command line to 'False'
[0.225s] Level 5:colcon.colcon_core.verb:set package 'robotiq_hardware_tests' build argument 'cmake_clean_cache' from command line to 'False'
[0.225s] Level 5:colcon.colcon_core.verb:set package 'robotiq_hardware_tests' build argument 'cmake_clean_first' from command line to 'False'
[0.225s] Level 5:colcon.colcon_core.verb:set package 'robotiq_hardware_tests' build argument 'cmake_force_configure' from command line to 'False'
[0.225s] Level 5:colcon.colcon_core.verb:set package 'robotiq_hardware_tests' build argument 'ament_cmake_args' from command line to 'None'
[0.225s] Level 5:colcon.colcon_core.verb:set package 'robotiq_hardware_tests' build argument 'catkin_cmake_args' from command line to 'None'
[0.225s] Level 5:colcon.colcon_core.verb:set package 'robotiq_hardware_tests' build argument 'catkin_skip_building_tests' from command line to 'False'
[0.225s] DEBUG:colcon.colcon_core.verb:Building package 'robotiq_hardware_tests' with the following arguments: {'ament_cmake_args': None, 'build_base': '/home/ani/yc_ws/build/robotiq_hardware_tests', 'catkin_cmake_args': None, 'catkin_skip_building_tests': False, 'cmake_args': None, 'cmake_clean_cache': False, 'cmake_clean_first': False, 'cmake_force_configure': False, 'cmake_target': None, 'cmake_target_skip_unavailable': False, 'install_base': '/home/ani/yc_ws/install/robotiq_hardware_tests', 'merge_install': False, 'path': '/home/ani/yc_ws/src/gripper/robotiq_hardware_tests', 'symlink_install': True, 'test_result_base': None}
[0.225s] INFO:colcon.colcon_core.executor:Executing jobs using 'parallel' executor
[0.225s] DEBUG:colcon.colcon_parallel_executor.executor.parallel:run_until_complete
[0.226s] INFO:colcon.colcon_ros.task.ament_cmake.build:Building ROS package in '/home/ani/yc_ws/src/serial' with build type 'ament_cmake'
[0.226s] INFO:colcon.colcon_cmake.task.cmake.build:Building CMake package in '/home/ani/yc_ws/src/serial'
[0.227s] INFO:colcon.colcon_core.plugin_system:Skipping extension 'colcon_core.shell.bat': Not used on non-Windows systems
[0.227s] INFO:colcon.colcon_core.shell:Skip shell extension 'powershell' for command environment: Not usable outside of PowerShell
[0.227s] DEBUG:colcon.colcon_core.shell:Skip shell extension 'dsv' for command environment
[0.229s] INFO:colcon.colcon_ros.task.ament_python.build:Building ROS package in '/home/ani/yc_ws/src/app' with build type 'ament_python'
[0.230s] Level 1:colcon.colcon_core.shell:create_environment_hook('app', 'ament_prefix_path')
[0.230s] INFO:colcon.colcon_core.shell:Creating environment hook '/home/ani/yc_ws/install/app/share/app/hook/ament_prefix_path.ps1'
[0.230s] INFO:colcon.colcon_core.shell:Creating environment descriptor '/home/ani/yc_ws/install/app/share/app/hook/ament_prefix_path.dsv'
[0.230s] INFO:colcon.colcon_core.shell:Creating environment hook '/home/ani/yc_ws/install/app/share/app/hook/ament_prefix_path.sh'
[0.231s] INFO:colcon.colcon_core.shell:Skip shell extension 'powershell' for command environment: Not usable outside of PowerShell
[0.231s] DEBUG:colcon.colcon_core.shell:Skip shell extension 'dsv' for command environment
[0.233s] INFO:colcon.colcon_ros.task.ament_python.build:Building ROS package in '/home/ani/yc_ws/src/app2' with build type 'ament_python'
[0.233s] Level 1:colcon.colcon_core.shell:create_environment_hook('app2', 'ament_prefix_path')
[0.233s] INFO:colcon.colcon_core.shell:Creating environment hook '/home/ani/yc_ws/install/app2/share/app2/hook/ament_prefix_path.ps1'
[0.233s] INFO:colcon.colcon_core.shell:Creating environment descriptor '/home/ani/yc_ws/install/app2/share/app2/hook/ament_prefix_path.dsv'
[0.233s] INFO:colcon.colcon_core.shell:Creating environment hook '/home/ani/yc_ws/install/app2/share/app2/hook/ament_prefix_path.sh'
[0.234s] INFO:colcon.colcon_core.shell:Skip shell extension 'powershell' for command environment: Not usable outside of PowerShell
[0.234s] DEBUG:colcon.colcon_core.shell:Skip shell extension 'dsv' for command environment
[0.236s] INFO:colcon.colcon_ros.task.ament_cmake.build:Building ROS package in '/home/ani/yc_ws/src/my_pkg' with build type 'ament_cmake'
[0.236s] INFO:colcon.colcon_cmake.task.cmake.build:Building CMake package in '/home/ani/yc_ws/src/my_pkg'
[0.236s] INFO:colcon.colcon_core.shell:Skip shell extension 'powershell' for command environment: Not usable outside of PowerShell
[0.236s] DEBUG:colcon.colcon_core.shell:Skip shell extension 'dsv' for command environment
[0.238s] INFO:colcon.colcon_ros.task.ament_cmake.build:Building ROS package in '/home/ani/yc_ws/src/my_ur_driver' with build type 'ament_cmake'
[0.238s] INFO:colcon.colcon_cmake.task.cmake.build:Building CMake package in '/home/ani/yc_ws/src/my_ur_driver'
[0.238s] INFO:colcon.colcon_core.shell:Skip shell extension 'powershell' for command environment: Not usable outside of PowerShell
[0.238s] DEBUG:colcon.colcon_core.shell:Skip shell extension 'dsv' for command environment
[0.241s] INFO:colcon.colcon_ros.task.ament_cmake.build:Building ROS package in '/home/ani/yc_ws/src/gripper/robotiq_controllers' with build type 'ament_cmake'
[0.241s] INFO:colcon.colcon_cmake.task.cmake.build:Building CMake package in '/home/ani/yc_ws/src/gripper/robotiq_controllers'
[0.241s] INFO:colcon.colcon_core.shell:Skip shell extension 'powershell' for command environment: Not usable outside of PowerShell
[0.241s] DEBUG:colcon.colcon_core.shell:Skip shell extension 'dsv' for command environment
[0.243s] INFO:colcon.colcon_ros.task.ament_cmake.build:Building ROS package in '/home/ani/yc_ws/src/gripper/robotiq_description' with build type 'ament_cmake'
[0.243s] INFO:colcon.colcon_cmake.task.cmake.build:Building CMake package in '/home/ani/yc_ws/src/gripper/robotiq_description'
[0.243s] INFO:colcon.colcon_core.shell:Skip shell extension 'powershell' for command environment: Not usable outside of PowerShell
[0.243s] DEBUG:colcon.colcon_core.shell:Skip shell extension 'dsv' for command environment
[0.245s] INFO:colcon.colcon_ros.task.ament_cmake.build:Building ROS package in '/home/ani/yc_ws/src/ur_calibration' with build type 'ament_cmake'
[0.245s] INFO:colcon.colcon_cmake.task.cmake.build:Building CMake package in '/home/ani/yc_ws/src/ur_calibration'
[0.245s] INFO:colcon.colcon_core.shell:Skip shell extension 'powershell' for command environment: Not usable outside of PowerShell
[0.245s] DEBUG:colcon.colcon_core.shell:Skip shell extension 'dsv' for command environment
[0.251s] DEBUG:colcon.colcon_core.event_handler.log_command:Invoking command in '/home/ani/yc_ws/build/serial': CMAKE_PREFIX_PATH=${CMAKE_PREFIX_PATH}:/home/ani/yc_ws/install/app2:/home/ani/yc_ws/install/app:/opt/ros/humble /usr/bin/cmake /home/ani/yc_ws/src/serial -DAMENT_CMAKE_SYMLINK_INSTALL=1 -DCMAKE_INSTALL_PREFIX=/home/ani/yc_ws/install/serial
[0.384s] INFO:colcon.colcon_core.task.python.build:Building Python package in '/home/ani/yc_ws/src/app'
[0.384s] INFO:colcon.colcon_core.shell:Skip shell extension 'powershell' for command environment: Not usable outside of PowerShell
[0.385s] DEBUG:colcon.colcon_core.shell:Skip shell extension 'dsv' for command environment
[0.516s] INFO:colcon.colcon_core.task.python.build:Building Python package in '/home/ani/yc_ws/src/app2'
[0.517s] INFO:colcon.colcon_core.shell:Skip shell extension 'powershell' for command environment: Not usable outside of PowerShell
[0.517s] DEBUG:colcon.colcon_core.shell:Skip shell extension 'dsv' for command environment
[0.521s] DEBUG:colcon.colcon_core.event_handler.log_command:Invoking command in '/home/ani/yc_ws/build/my_pkg': CMAKE_PREFIX_PATH=${CMAKE_PREFIX_PATH}:/home/ani/yc_ws/install/app2:/home/ani/yc_ws/install/app:/opt/ros/humble /usr/bin/cmake /home/ani/yc_ws/src/my_pkg -DAMENT_CMAKE_SYMLINK_INSTALL=1 -DCMAKE_INSTALL_PREFIX=/home/ani/yc_ws/install/my_pkg
[0.522s] DEBUG:colcon.colcon_core.event_handler.log_command:Invoking command in '/home/ani/yc_ws/build/my_ur_driver': CMAKE_PREFIX_PATH=${CMAKE_PREFIX_PATH}:/home/ani/yc_ws/install/app2:/home/ani/yc_ws/install/app:/opt/ros/humble /usr/bin/cmake /home/ani/yc_ws/src/my_ur_driver -DAMENT_CMAKE_SYMLINK_INSTALL=1 -DCMAKE_INSTALL_PREFIX=/home/ani/yc_ws/install/my_ur_driver
[0.524s] DEBUG:colcon.colcon_core.event_handler.log_command:Invoking command in '/home/ani/yc_ws/build/robotiq_controllers': CMAKE_PREFIX_PATH=${CMAKE_PREFIX_PATH}:/home/ani/yc_ws/install/app2:/home/ani/yc_ws/install/app:/opt/ros/humble /usr/bin/cmake /home/ani/yc_ws/src/gripper/robotiq_controllers -DAMENT_CMAKE_SYMLINK_INSTALL=1 -DCMAKE_INSTALL_PREFIX=/home/ani/yc_ws/install/robotiq_controllers
[0.527s] DEBUG:colcon.colcon_core.event_handler.log_command:Invoking command in '/home/ani/yc_ws/build/robotiq_description': CMAKE_PREFIX_PATH=${CMAKE_PREFIX_PATH}:/home/ani/yc_ws/install/app2:/home/ani/yc_ws/install/app:/opt/ros/humble /usr/bin/cmake /home/ani/yc_ws/src/gripper/robotiq_description -DAMENT_CMAKE_SYMLINK_INSTALL=1 -DCMAKE_INSTALL_PREFIX=/home/ani/yc_ws/install/robotiq_description
[0.531s] DEBUG:colcon.colcon_core.event_handler.log_command:Invoking command in '/home/ani/yc_ws/build/ur_calibration': CMAKE_PREFIX_PATH=${CMAKE_PREFIX_PATH}:/home/ani/yc_ws/install/app2:/home/ani/yc_ws/install/app:/opt/ros/humble /usr/bin/cmake /home/ani/yc_ws/src/ur_calibration -DAMENT_CMAKE_SYMLINK_INSTALL=1 -DCMAKE_INSTALL_PREFIX=/home/ani/yc_ws/install/ur_calibration
[0.534s] DEBUG:colcon.colcon_core.event_handler.log_command:Invoked command in '/home/ani/yc_ws/build/serial' returned '0': CMAKE_PREFIX_PATH=${CMAKE_PREFIX_PATH}:/home/ani/yc_ws/install/app2:/home/ani/yc_ws/install/app:/opt/ros/humble /usr/bin/cmake /home/ani/yc_ws/src/serial -DAMENT_CMAKE_SYMLINK_INSTALL=1 -DCMAKE_INSTALL_PREFIX=/home/ani/yc_ws/install/serial
[0.535s] DEBUG:colcon.colcon_core.event_handler.log_command:Invoking command in '/home/ani/yc_ws/build/serial': CMAKE_PREFIX_PATH=${CMAKE_PREFIX_PATH}:/home/ani/yc_ws/install/app2:/home/ani/yc_ws/install/app:/opt/ros/humble /usr/bin/cmake --build /home/ani/yc_ws/build/serial -- -j12 -l12
[0.710s] DEBUG:colcon.colcon_core.event_handler.log_command:Invoked command in '/home/ani/yc_ws/build/robotiq_description' returned '0': CMAKE_PREFIX_PATH=${CMAKE_PREFIX_PATH}:/home/ani/yc_ws/install/app2:/home/ani/yc_ws/install/app:/opt/ros/humble /usr/bin/cmake /home/ani/yc_ws/src/gripper/robotiq_description -DAMENT_CMAKE_SYMLINK_INSTALL=1 -DCMAKE_INSTALL_PREFIX=/home/ani/yc_ws/install/robotiq_description
[0.712s] DEBUG:colcon.colcon_core.event_handler.log_command:Invoking command in '/home/ani/yc_ws/build/robotiq_description': CMAKE_PREFIX_PATH=${CMAKE_PREFIX_PATH}:/home/ani/yc_ws/install/app2:/home/ani/yc_ws/install/app:/opt/ros/humble /usr/bin/cmake --build /home/ani/yc_ws/build/robotiq_description -- -j12 -l12
[0.754s] DEBUG:colcon.colcon_core.event_handler.log_command:Invoked command in '/home/ani/yc_ws/build/robotiq_description' returned '0': CMAKE_PREFIX_PATH=${CMAKE_PREFIX_PATH}:/home/ani/yc_ws/install/app2:/home/ani/yc_ws/install/app:/opt/ros/humble /usr/bin/cmake --build /home/ani/yc_ws/build/robotiq_description -- -j12 -l12
[0.789s] DEBUG:colcon.colcon_core.event_handler.log_command:Invoking command in '/home/ani/yc_ws/build/robotiq_description': CMAKE_PREFIX_PATH=${CMAKE_PREFIX_PATH}:/home/ani/yc_ws/install/app2:/home/ani/yc_ws/install/app:/opt/ros/humble /usr/bin/cmake --install /home/ani/yc_ws/build/robotiq_description
[0.815s] DEBUG:colcon.colcon_core.event_handler.log_command:Invoking command in '/home/ani/yc_ws/build/app': PYTHONPATH=/home/ani/yc_ws/build/app/prefix_override:/usr/lib/python3/dist-packages/colcon_core/task/python/colcon_distutils_commands:/home/ani/yc_ws/install/app/lib/python3.10/site-packages:${PYTHONPATH} /usr/bin/python3 -W ignore:setup.py install is deprecated setup.py develop --editable --build-directory /home/ani/yc_ws/build/app/build --no-deps symlink_data
[0.840s] DEBUG:colcon.colcon_core.event_handler.log_command:Invoking command in '/home/ani/yc_ws/build/app2': PYTHONPATH=/home/ani/yc_ws/build/app2/prefix_override:/usr/lib/python3/dist-packages/colcon_core/task/python/colcon_distutils_commands:/home/ani/yc_ws/install/app2/lib/python3.10/site-packages:${PYTHONPATH} /usr/bin/python3 -W ignore:setup.py install is deprecated setup.py develop --editable --build-directory /home/ani/yc_ws/build/app2/build --no-deps symlink_data
[1.091s] Level 1:colcon.colcon_core.shell:create_environment_hook('app', 'pythonpath_develop')
[1.091s] INFO:colcon.colcon_core.shell:Creating environment hook '/home/ani/yc_ws/build/app/share/app/hook/pythonpath_develop.ps1'
[1.091s] DEBUG:colcon.colcon_core.event_handler.log_command:Invoked command in '/home/ani/yc_ws/build/app' returned '0': PYTHONPATH=/home/ani/yc_ws/build/app/prefix_override:/usr/lib/python3/dist-packages/colcon_core/task/python/colcon_distutils_commands:/home/ani/yc_ws/install/app/lib/python3.10/site-packages:${PYTHONPATH} /usr/bin/python3 -W ignore:setup.py install is deprecated setup.py develop --editable --build-directory /home/ani/yc_ws/build/app/build --no-deps symlink_data
[1.092s] INFO:colcon.colcon_core.shell:Creating environment descriptor '/home/ani/yc_ws/build/app/share/app/hook/pythonpath_develop.dsv'
[1.092s] INFO:colcon.colcon_core.shell:Creating environment hook '/home/ani/yc_ws/build/app/share/app/hook/pythonpath_develop.sh'
[1.094s] Level 1:colcon.colcon_core.environment:checking '/home/ani/yc_ws/install/app' for CMake module files
[1.095s] Level 1:colcon.colcon_core.environment:checking '/home/ani/yc_ws/install/app' for CMake config files
[1.095s] Level 1:colcon.colcon_core.environment:checking '/home/ani/yc_ws/install/app/lib'
[1.095s] Level 1:colcon.colcon_core.environment:checking '/home/ani/yc_ws/install/app/bin'
[1.096s] Level 1:colcon.colcon_core.environment:checking '/home/ani/yc_ws/install/app/lib/pkgconfig/app.pc'
[1.096s] Level 1:colcon.colcon_core.environment:checking '/home/ani/yc_ws/install/app/lib/python3.10/site-packages'
[1.096s] Level 1:colcon.colcon_core.shell:create_environment_hook('app', 'pythonpath')
[1.096s] INFO:colcon.colcon_core.shell:Creating environment hook '/home/ani/yc_ws/install/app/share/app/hook/pythonpath.ps1'
[1.096s] INFO:colcon.colcon_core.shell:Creating environment descriptor '/home/ani/yc_ws/install/app/share/app/hook/pythonpath.dsv'
[1.096s] INFO:colcon.colcon_core.shell:Creating environment hook '/home/ani/yc_ws/install/app/share/app/hook/pythonpath.sh'
[1.097s] Level 1:colcon.colcon_core.environment:checking '/home/ani/yc_ws/install/app/bin'
[1.097s] Level 1:colcon.colcon_core.environment:create_environment_scripts_only(app)
[1.097s] INFO:colcon.colcon_core.shell:Creating package script '/home/ani/yc_ws/install/app/share/app/package.ps1'
[1.098s] INFO:colcon.colcon_core.shell:Creating package descriptor '/home/ani/yc_ws/install/app/share/app/package.dsv'
[1.098s] INFO:colcon.colcon_core.shell:Creating package script '/home/ani/yc_ws/install/app/share/app/package.sh'
[1.099s] INFO:colcon.colcon_core.shell:Creating package script '/home/ani/yc_ws/install/app/share/app/package.bash'
[1.100s] INFO:colcon.colcon_core.shell:Creating package script '/home/ani/yc_ws/install/app/share/app/package.zsh'
[1.100s] Level 1:colcon.colcon_core.environment:create_file_with_runtime_dependencies(/home/ani/yc_ws/install/app/share/colcon-core/packages/app)
[1.138s] Level 1:colcon.colcon_core.shell:create_environment_hook('app2', 'pythonpath_develop')
[1.138s] INFO:colcon.colcon_core.shell:Creating environment hook '/home/ani/yc_ws/build/app2/share/app2/hook/pythonpath_develop.ps1'
[1.139s] DEBUG:colcon.colcon_core.event_handler.log_command:Invoked command in '/home/ani/yc_ws/build/app2' returned '0': PYTHONPATH=/home/ani/yc_ws/build/app2/prefix_override:/usr/lib/python3/dist-packages/colcon_core/task/python/colcon_distutils_commands:/home/ani/yc_ws/install/app2/lib/python3.10/site-packages:${PYTHONPATH} /usr/bin/python3 -W ignore:setup.py install is deprecated setup.py develop --editable --build-directory /home/ani/yc_ws/build/app2/build --no-deps symlink_data
[1.139s] INFO:colcon.colcon_core.shell:Creating environment descriptor '/home/ani/yc_ws/build/app2/share/app2/hook/pythonpath_develop.dsv'
[1.139s] INFO:colcon.colcon_core.shell:Creating environment hook '/home/ani/yc_ws/build/app2/share/app2/hook/pythonpath_develop.sh'
[1.140s] Level 1:colcon.colcon_core.environment:checking '/home/ani/yc_ws/install/app2' for CMake module files
[1.140s] Level 1:colcon.colcon_core.environment:checking '/home/ani/yc_ws/install/app2' for CMake config files
[1.141s] Level 1:colcon.colcon_core.environment:checking '/home/ani/yc_ws/install/app2/lib'
[1.141s] Level 1:colcon.colcon_core.environment:checking '/home/ani/yc_ws/install/app2/bin'
[1.141s] Level 1:colcon.colcon_core.environment:checking '/home/ani/yc_ws/install/app2/lib/pkgconfig/app2.pc'
[1.141s] Level 1:colcon.colcon_core.environment:checking '/home/ani/yc_ws/install/app2/lib/python3.10/site-packages'
[1.141s] Level 1:colcon.colcon_core.shell:create_environment_hook('app2', 'pythonpath')
[1.141s] INFO:colcon.colcon_core.shell:Creating environment hook '/home/ani/yc_ws/install/app2/share/app2/hook/pythonpath.ps1'
[1.141s] INFO:colcon.colcon_core.shell:Creating environment descriptor '/home/ani/yc_ws/install/app2/share/app2/hook/pythonpath.dsv'
[1.141s] INFO:colcon.colcon_core.shell:Creating environment hook '/home/ani/yc_ws/install/app2/share/app2/hook/pythonpath.sh'
[1.142s] Level 1:colcon.colcon_core.environment:checking '/home/ani/yc_ws/install/app2/bin'
[1.142s] Level 1:colcon.colcon_core.environment:create_environment_scripts_only(app2)
[1.142s] INFO:colcon.colcon_core.shell:Creating package script '/home/ani/yc_ws/install/app2/share/app2/package.ps1'
[1.142s] INFO:colcon.colcon_core.shell:Creating package descriptor '/home/ani/yc_ws/install/app2/share/app2/package.dsv'
[1.143s] INFO:colcon.colcon_core.shell:Creating package script '/home/ani/yc_ws/install/app2/share/app2/package.sh'
[1.143s] INFO:colcon.colcon_core.shell:Creating package script '/home/ani/yc_ws/install/app2/share/app2/package.bash'
[1.143s] INFO:colcon.colcon_core.shell:Creating package script '/home/ani/yc_ws/install/app2/share/app2/package.zsh'
[1.143s] Level 1:colcon.colcon_core.environment:create_file_with_runtime_dependencies(/home/ani/yc_ws/install/app2/share/colcon-core/packages/app2)
[1.195s] DEBUG:colcon.colcon_core.event_handler.log_command:Invoked command in '/home/ani/yc_ws/build/serial' returned '0': CMAKE_PREFIX_PATH=${CMAKE_PREFIX_PATH}:/home/ani/yc_ws/install/app2:/home/ani/yc_ws/install/app:/opt/ros/humble /usr/bin/cmake --build /home/ani/yc_ws/build/serial -- -j12 -l12
[1.219s] DEBUG:colcon.colcon_core.event_handler.log_command:Invoking command in '/home/ani/yc_ws/build/serial': CMAKE_PREFIX_PATH=${CMAKE_PREFIX_PATH}:/home/ani/yc_ws/install/app2:/home/ani/yc_ws/install/app:/opt/ros/humble /usr/bin/cmake --install /home/ani/yc_ws/build/serial
[1.250s] Level 1:colcon.colcon_core.environment:create_environment_scripts_only(robotiq_description)
[1.251s] Level 1:colcon.colcon_core.environment:checking '/home/ani/yc_ws/install/robotiq_description' for CMake module files
[1.251s] DEBUG:colcon.colcon_core.event_handler.log_command:Invoked command in '/home/ani/yc_ws/build/robotiq_description' returned '0': CMAKE_PREFIX_PATH=${CMAKE_PREFIX_PATH}:/home/ani/yc_ws/install/app2:/home/ani/yc_ws/install/app:/opt/ros/humble /usr/bin/cmake --install /home/ani/yc_ws/build/robotiq_description
[1.251s] Level 1:colcon.colcon_core.environment:checking '/home/ani/yc_ws/install/robotiq_description' for CMake config files
[1.252s] Level 1:colcon.colcon_core.shell:create_environment_hook('robotiq_description', 'cmake_prefix_path')
[1.252s] INFO:colcon.colcon_core.shell:Creating environment hook '/home/ani/yc_ws/install/robotiq_description/share/robotiq_description/hook/cmake_prefix_path.ps1'
[1.253s] INFO:colcon.colcon_core.shell:Creating environment descriptor '/home/ani/yc_ws/install/robotiq_description/share/robotiq_description/hook/cmake_prefix_path.dsv'
[1.253s] INFO:colcon.colcon_core.shell:Creating environment hook '/home/ani/yc_ws/install/robotiq_description/share/robotiq_description/hook/cmake_prefix_path.sh'
[1.253s] Level 1:colcon.colcon_core.environment:checking '/home/ani/yc_ws/install/robotiq_description/bin'
[1.253s] Level 1:colcon.colcon_core.environment:checking '/home/ani/yc_ws/install/robotiq_description/lib/pkgconfig/robotiq_description.pc'
[1.254s] Level 1:colcon.colcon_core.environment:checking '/home/ani/yc_ws/install/robotiq_description/lib/python3.10/site-packages'
[1.254s] Level 1:colcon.colcon_core.environment:checking '/home/ani/yc_ws/install/robotiq_description/bin'
[1.254s] INFO:colcon.colcon_core.shell:Creating package script '/home/ani/yc_ws/install/robotiq_description/share/robotiq_description/package.ps1'
[1.254s] INFO:colcon.colcon_core.shell:Creating package descriptor '/home/ani/yc_ws/install/robotiq_description/share/robotiq_description/package.dsv'
[1.255s] INFO:colcon.colcon_core.shell:Creating package script '/home/ani/yc_ws/install/robotiq_description/share/robotiq_description/package.sh'
[1.255s] INFO:colcon.colcon_core.shell:Creating package script '/home/ani/yc_ws/install/robotiq_description/share/robotiq_description/package.bash'
[1.255s] INFO:colcon.colcon_core.shell:Creating package script '/home/ani/yc_ws/install/robotiq_description/share/robotiq_description/package.zsh'
[1.256s] Level 1:colcon.colcon_core.environment:create_file_with_runtime_dependencies(/home/ani/yc_ws/install/robotiq_description/share/colcon-core/packages/robotiq_description)
[1.272s] Level 1:colcon.colcon_core.environment:create_environment_scripts_only(robotiq_description)
[1.273s] Level 1:colcon.colcon_core.environment:checking '/home/ani/yc_ws/install/robotiq_description' for CMake module files
[1.273s] Level 1:colcon.colcon_core.environment:checking '/home/ani/yc_ws/install/robotiq_description' for CMake config files
[1.274s] Level 1:colcon.colcon_core.shell:create_environment_hook('robotiq_description', 'cmake_prefix_path')
[1.274s] INFO:colcon.colcon_core.shell:Creating environment hook '/home/ani/yc_ws/install/robotiq_description/share/robotiq_description/hook/cmake_prefix_path.ps1'
[1.275s] INFO:colcon.colcon_core.shell:Creating environment descriptor '/home/ani/yc_ws/install/robotiq_description/share/robotiq_description/hook/cmake_prefix_path.dsv'
[1.275s] INFO:colcon.colcon_core.shell:Creating environment hook '/home/ani/yc_ws/install/robotiq_description/share/robotiq_description/hook/cmake_prefix_path.sh'
[1.275s] Level 1:colcon.colcon_core.environment:checking '/home/ani/yc_ws/install/robotiq_description/bin'
[1.276s] Level 1:colcon.colcon_core.environment:checking '/home/ani/yc_ws/install/robotiq_description/lib/pkgconfig/robotiq_description.pc'
[1.276s] Level 1:colcon.colcon_core.environment:checking '/home/ani/yc_ws/install/robotiq_description/lib/python3.10/site-packages'
[1.276s] Level 1:colcon.colcon_core.environment:checking '/home/ani/yc_ws/install/robotiq_description/bin'
[1.276s] INFO:colcon.colcon_core.shell:Creating package script '/home/ani/yc_ws/install/robotiq_description/share/robotiq_description/package.ps1'
[1.277s] INFO:colcon.colcon_core.shell:Creating package descriptor '/home/ani/yc_ws/install/robotiq_description/share/robotiq_description/package.dsv'
[1.277s] INFO:colcon.colcon_core.shell:Creating package script '/home/ani/yc_ws/install/robotiq_description/share/robotiq_description/package.sh'
[1.277s] INFO:colcon.colcon_core.shell:Creating package script '/home/ani/yc_ws/install/robotiq_description/share/robotiq_description/package.bash'
[1.278s] INFO:colcon.colcon_core.shell:Creating package script '/home/ani/yc_ws/install/robotiq_description/share/robotiq_description/package.zsh'
[1.278s] Level 1:colcon.colcon_core.environment:create_file_with_runtime_dependencies(/home/ani/yc_ws/install/robotiq_description/share/colcon-core/packages/robotiq_description)
[1.374s] Level 1:colcon.colcon_core.environment:create_environment_scripts_only(serial)
[1.374s] DEBUG:colcon.colcon_core.event_handler.log_command:Invoked command in '/home/ani/yc_ws/build/serial' returned '0': CMAKE_PREFIX_PATH=${CMAKE_PREFIX_PATH}:/home/ani/yc_ws/install/app2:/home/ani/yc_ws/install/app:/opt/ros/humble /usr/bin/cmake --install /home/ani/yc_ws/build/serial
[1.375s] Level 1:colcon.colcon_core.environment:checking '/home/ani/yc_ws/install/serial' for CMake module files
[1.375s] Level 1:colcon.colcon_core.environment:checking '/home/ani/yc_ws/install/serial' for CMake config files
[1.376s] Level 1:colcon.colcon_core.shell:create_environment_hook('serial', 'cmake_prefix_path')
[1.376s] INFO:colcon.colcon_core.shell:Creating environment hook '/home/ani/yc_ws/install/serial/share/serial/hook/cmake_prefix_path.ps1'
[1.376s] INFO:colcon.colcon_core.shell:Creating environment descriptor '/home/ani/yc_ws/install/serial/share/serial/hook/cmake_prefix_path.dsv'
[1.377s] INFO:colcon.colcon_core.shell:Creating environment hook '/home/ani/yc_ws/install/serial/share/serial/hook/cmake_prefix_path.sh'
[1.377s] Level 1:colcon.colcon_core.environment:checking '/home/ani/yc_ws/install/serial/lib'
[1.377s] Level 1:colcon.colcon_core.environment:checking '/home/ani/yc_ws/install/serial/bin'
[1.377s] Level 1:colcon.colcon_core.environment:checking '/home/ani/yc_ws/install/serial/lib/pkgconfig/serial.pc'
[1.377s] Level 1:colcon.colcon_core.environment:checking '/home/ani/yc_ws/install/serial/lib/python3.10/site-packages'
[1.378s] Level 1:colcon.colcon_core.environment:checking '/home/ani/yc_ws/install/serial/bin'
[1.378s] INFO:colcon.colcon_core.shell:Creating package script '/home/ani/yc_ws/install/serial/share/serial/package.ps1'
[1.378s] INFO:colcon.colcon_core.shell:Creating package descriptor '/home/ani/yc_ws/install/serial/share/serial/package.dsv'
[1.379s] INFO:colcon.colcon_core.shell:Creating package script '/home/ani/yc_ws/install/serial/share/serial/package.sh'
[1.379s] INFO:colcon.colcon_core.shell:Creating package script '/home/ani/yc_ws/install/serial/share/serial/package.bash'
[1.379s] INFO:colcon.colcon_core.shell:Creating package script '/home/ani/yc_ws/install/serial/share/serial/package.zsh'
[1.380s] Level 1:colcon.colcon_core.environment:create_file_with_runtime_dependencies(/home/ani/yc_ws/install/serial/share/colcon-core/packages/serial)
[1.397s] DEBUG:colcon.colcon_core.event_handler.log_command:Invoked command in '/home/ani/yc_ws/build/robotiq_controllers' returned '0': CMAKE_PREFIX_PATH=${CMAKE_PREFIX_PATH}:/home/ani/yc_ws/install/app2:/home/ani/yc_ws/install/app:/opt/ros/humble /usr/bin/cmake /home/ani/yc_ws/src/gripper/robotiq_controllers -DAMENT_CMAKE_SYMLINK_INSTALL=1 -DCMAKE_INSTALL_PREFIX=/home/ani/yc_ws/install/robotiq_controllers
[1.399s] DEBUG:colcon.colcon_core.event_handler.log_command:Invoking command in '/home/ani/yc_ws/build/robotiq_controllers': CMAKE_PREFIX_PATH=${CMAKE_PREFIX_PATH}:/home/ani/yc_ws/install/app2:/home/ani/yc_ws/install/app:/opt/ros/humble /usr/bin/cmake --build /home/ani/yc_ws/build/robotiq_controllers -- -j12 -l12
[1.403s] Level 1:colcon.colcon_core.environment:create_environment_scripts_only(serial)
[1.403s] Level 1:colcon.colcon_core.environment:checking '/home/ani/yc_ws/install/serial' for CMake module files
[1.404s] Level 1:colcon.colcon_core.environment:checking '/home/ani/yc_ws/install/serial' for CMake config files
[1.405s] Level 1:colcon.colcon_core.shell:create_environment_hook('serial', 'cmake_prefix_path')
[1.405s] INFO:colcon.colcon_core.shell:Creating environment hook '/home/ani/yc_ws/install/serial/share/serial/hook/cmake_prefix_path.ps1'
[1.405s] INFO:colcon.colcon_core.shell:Creating environment descriptor '/home/ani/yc_ws/install/serial/share/serial/hook/cmake_prefix_path.dsv'
[1.406s] INFO:colcon.colcon_core.shell:Creating environment hook '/home/ani/yc_ws/install/serial/share/serial/hook/cmake_prefix_path.sh'
[1.406s] Level 1:colcon.colcon_core.environment:checking '/home/ani/yc_ws/install/serial/lib'
[1.406s] Level 1:colcon.colcon_core.environment:checking '/home/ani/yc_ws/install/serial/bin'
[1.406s] Level 1:colcon.colcon_core.environment:checking '/home/ani/yc_ws/install/serial/lib/pkgconfig/serial.pc'
[1.407s] Level 1:colcon.colcon_core.environment:checking '/home/ani/yc_ws/install/serial/lib/python3.10/site-packages'
[1.407s] Level 1:colcon.colcon_core.environment:checking '/home/ani/yc_ws/install/serial/bin'
[1.407s] INFO:colcon.colcon_core.shell:Creating package script '/home/ani/yc_ws/install/serial/share/serial/package.ps1'
[1.407s] INFO:colcon.colcon_core.shell:Creating package descriptor '/home/ani/yc_ws/install/serial/share/serial/package.dsv'
[1.408s] INFO:colcon.colcon_core.shell:Creating package script '/home/ani/yc_ws/install/serial/share/serial/package.sh'
[1.408s] INFO:colcon.colcon_core.shell:Creating package script '/home/ani/yc_ws/install/serial/share/serial/package.bash'
[1.408s] INFO:colcon.colcon_core.shell:Creating package script '/home/ani/yc_ws/install/serial/share/serial/package.zsh'
[1.409s] Level 1:colcon.colcon_core.environment:create_file_with_runtime_dependencies(/home/ani/yc_ws/install/serial/share/colcon-core/packages/serial)
[1.409s] INFO:colcon.colcon_ros.task.ament_cmake.build:Building ROS package in '/home/ani/yc_ws/src/gripper/robotiq_driver' with build type 'ament_cmake'
[1.409s] INFO:colcon.colcon_cmake.task.cmake.build:Building CMake package in '/home/ani/yc_ws/src/gripper/robotiq_driver'
[1.409s] INFO:colcon.colcon_core.shell:Skip shell extension 'powershell' for command environment: Not usable outside of PowerShell
[1.409s] DEBUG:colcon.colcon_core.shell:Skip shell extension 'dsv' for command environment
[1.417s] DEBUG:colcon.colcon_core.event_handler.log_command:Invoking command in '/home/ani/yc_ws/build/robotiq_driver': AMENT_PREFIX_PATH=/home/ani/yc_ws/install/serial:${AMENT_PREFIX_PATH} CMAKE_PREFIX_PATH=/home/ani/yc_ws/install/serial:/home/ani/yc_ws/install/ur_calibration:/home/ani/yc_ws/install/robotiq_hardware_tests:/home/ani/yc_ws/install/robotiq_driver:/home/ani/yc_ws/install/robotiq_description:/home/ani/yc_ws/install/robotiq_controllers:/home/ani/yc_ws/install/pilz_industrial_motion_planner_testutils:/home/ani/yc_ws/install/my_ur_driver:/home/ani/yc_ws/install/my_pkg:/home/ani/yc_ws/install/app2:/home/ani/yc_ws/install/app:/opt/ros/humble LD_LIBRARY_PATH=/home/ani/yc_ws/install/serial/lib:${LD_LIBRARY_PATH} /usr/bin/cmake /home/ani/yc_ws/src/gripper/robotiq_driver -DAMENT_CMAKE_SYMLINK_INSTALL=1 -DCMAKE_INSTALL_PREFIX=/home/ani/yc_ws/install/robotiq_driver
[1.537s] DEBUG:colcon.colcon_core.event_handler.log_command:Invoked command in '/home/ani/yc_ws/build/ur_calibration' returned '0': CMAKE_PREFIX_PATH=${CMAKE_PREFIX_PATH}:/home/ani/yc_ws/install/app2:/home/ani/yc_ws/install/app:/opt/ros/humble /usr/bin/cmake /home/ani/yc_ws/src/ur_calibration -DAMENT_CMAKE_SYMLINK_INSTALL=1 -DCMAKE_INSTALL_PREFIX=/home/ani/yc_ws/install/ur_calibration
[1.538s] DEBUG:colcon.colcon_core.event_handler.log_command:Invoking command in '/home/ani/yc_ws/build/ur_calibration': CMAKE_PREFIX_PATH=${CMAKE_PREFIX_PATH}:/home/ani/yc_ws/install/app2:/home/ani/yc_ws/install/app:/opt/ros/humble /usr/bin/cmake --build /home/ani/yc_ws/build/ur_calibration -- -j12 -l12
[1.756s] DEBUG:colcon.colcon_core.event_handler.log_command:Invoked command in '/home/ani/yc_ws/build/my_ur_driver' returned '0': CMAKE_PREFIX_PATH=${CMAKE_PREFIX_PATH}:/home/ani/yc_ws/install/app2:/home/ani/yc_ws/install/app:/opt/ros/humble /usr/bin/cmake /home/ani/yc_ws/src/my_ur_driver -DAMENT_CMAKE_SYMLINK_INSTALL=1 -DCMAKE_INSTALL_PREFIX=/home/ani/yc_ws/install/my_ur_driver
[1.757s] DEBUG:colcon.colcon_core.event_handler.log_command:Invoking command in '/home/ani/yc_ws/build/my_ur_driver': CMAKE_PREFIX_PATH=${CMAKE_PREFIX_PATH}:/home/ani/yc_ws/install/app2:/home/ani/yc_ws/install/app:/opt/ros/humble /usr/bin/cmake --build /home/ani/yc_ws/build/my_ur_driver -- -j12 -l12
[1.790s] DEBUG:colcon.colcon_core.event_handler.log_command:Invoked command in '/home/ani/yc_ws/build/my_ur_driver' returned '0': CMAKE_PREFIX_PATH=${CMAKE_PREFIX_PATH}:/home/ani/yc_ws/install/app2:/home/ani/yc_ws/install/app:/opt/ros/humble /usr/bin/cmake --build /home/ani/yc_ws/build/my_ur_driver -- -j12 -l12
[1.808s] DEBUG:colcon.colcon_core.event_handler.log_command:Invoking command in '/home/ani/yc_ws/build/my_ur_driver': CMAKE_PREFIX_PATH=${CMAKE_PREFIX_PATH}:/home/ani/yc_ws/install/app2:/home/ani/yc_ws/install/app:/opt/ros/humble /usr/bin/cmake --install /home/ani/yc_ws/build/my_ur_driver
[1.829s] DEBUG:colcon.colcon_core.event_handler.log_command:Invoked command in '/home/ani/yc_ws/build/my_pkg' returned '0': CMAKE_PREFIX_PATH=${CMAKE_PREFIX_PATH}:/home/ani/yc_ws/install/app2:/home/ani/yc_ws/install/app:/opt/ros/humble /usr/bin/cmake /home/ani/yc_ws/src/my_pkg -DAMENT_CMAKE_SYMLINK_INSTALL=1 -DCMAKE_INSTALL_PREFIX=/home/ani/yc_ws/install/my_pkg
[1.830s] DEBUG:colcon.colcon_core.event_handler.log_command:Invoking command in '/home/ani/yc_ws/build/my_pkg': CMAKE_PREFIX_PATH=${CMAKE_PREFIX_PATH}:/home/ani/yc_ws/install/app2:/home/ani/yc_ws/install/app:/opt/ros/humble /usr/bin/cmake --build /home/ani/yc_ws/build/my_pkg -- -j12 -l12
[2.192s] Level 1:colcon.colcon_core.environment:create_environment_scripts_only(my_ur_driver)
[2.192s] Level 1:colcon.colcon_core.environment:checking '/home/ani/yc_ws/install/my_ur_driver' for CMake module files
[2.193s] DEBUG:colcon.colcon_core.event_handler.log_command:Invoked command in '/home/ani/yc_ws/build/my_ur_driver' returned '0': CMAKE_PREFIX_PATH=${CMAKE_PREFIX_PATH}:/home/ani/yc_ws/install/app2:/home/ani/yc_ws/install/app:/opt/ros/humble /usr/bin/cmake --install /home/ani/yc_ws/build/my_ur_driver
[2.193s] Level 1:colcon.colcon_core.environment:checking '/home/ani/yc_ws/install/my_ur_driver' for CMake config files
[2.194s] Level 1:colcon.colcon_core.shell:create_environment_hook('my_ur_driver', 'cmake_prefix_path')
[2.195s] INFO:colcon.colcon_core.shell:Creating environment hook '/home/ani/yc_ws/install/my_ur_driver/share/my_ur_driver/hook/cmake_prefix_path.ps1'
[2.195s] INFO:colcon.colcon_core.shell:Creating environment descriptor '/home/ani/yc_ws/install/my_ur_driver/share/my_ur_driver/hook/cmake_prefix_path.dsv'
[2.196s] INFO:colcon.colcon_core.shell:Creating environment hook '/home/ani/yc_ws/install/my_ur_driver/share/my_ur_driver/hook/cmake_prefix_path.sh'
[2.196s] Level 1:colcon.colcon_core.environment:checking '/home/ani/yc_ws/install/my_ur_driver/bin'
[2.196s] Level 1:colcon.colcon_core.environment:checking '/home/ani/yc_ws/install/my_ur_driver/lib/pkgconfig/my_ur_driver.pc'
[2.197s] Level 1:colcon.colcon_core.environment:checking '/home/ani/yc_ws/install/my_ur_driver/lib/python3.10/site-packages'
[2.197s] Level 1:colcon.colcon_core.environment:checking '/home/ani/yc_ws/install/my_ur_driver/bin'
[2.197s] INFO:colcon.colcon_core.shell:Creating package script '/home/ani/yc_ws/install/my_ur_driver/share/my_ur_driver/package.ps1'
[2.197s] INFO:colcon.colcon_core.shell:Creating package descriptor '/home/ani/yc_ws/install/my_ur_driver/share/my_ur_driver/package.dsv'
[2.198s] INFO:colcon.colcon_core.shell:Creating package script '/home/ani/yc_ws/install/my_ur_driver/share/my_ur_driver/package.sh'
[2.198s] INFO:colcon.colcon_core.shell:Creating package script '/home/ani/yc_ws/install/my_ur_driver/share/my_ur_driver/package.bash'
[2.199s] INFO:colcon.colcon_core.shell:Creating package script '/home/ani/yc_ws/install/my_ur_driver/share/my_ur_driver/package.zsh'
[2.199s] Level 1:colcon.colcon_core.environment:create_file_with_runtime_dependencies(/home/ani/yc_ws/install/my_ur_driver/share/colcon-core/packages/my_ur_driver)
[2.218s] Level 1:colcon.colcon_core.environment:create_environment_scripts_only(my_ur_driver)
[2.218s] Level 1:colcon.colcon_core.environment:checking '/home/ani/yc_ws/install/my_ur_driver' for CMake module files
[2.218s] Level 1:colcon.colcon_core.environment:checking '/home/ani/yc_ws/install/my_ur_driver' for CMake config files
[2.219s] Level 1:colcon.colcon_core.shell:create_environment_hook('my_ur_driver', 'cmake_prefix_path')
[2.219s] INFO:colcon.colcon_core.shell:Creating environment hook '/home/ani/yc_ws/install/my_ur_driver/share/my_ur_driver/hook/cmake_prefix_path.ps1'
[2.220s] INFO:colcon.colcon_core.shell:Creating environment descriptor '/home/ani/yc_ws/install/my_ur_driver/share/my_ur_driver/hook/cmake_prefix_path.dsv'
[2.220s] INFO:colcon.colcon_core.shell:Creating environment hook '/home/ani/yc_ws/install/my_ur_driver/share/my_ur_driver/hook/cmake_prefix_path.sh'
[2.221s] Level 1:colcon.colcon_core.environment:checking '/home/ani/yc_ws/install/my_ur_driver/bin'
[2.221s] Level 1:colcon.colcon_core.environment:checking '/home/ani/yc_ws/install/my_ur_driver/lib/pkgconfig/my_ur_driver.pc'
[2.221s] Level 1:colcon.colcon_core.environment:checking '/home/ani/yc_ws/install/my_ur_driver/lib/python3.10/site-packages'
[2.221s] Level 1:colcon.colcon_core.environment:checking '/home/ani/yc_ws/install/my_ur_driver/bin'
[2.221s] INFO:colcon.colcon_core.shell:Creating package script '/home/ani/yc_ws/install/my_ur_driver/share/my_ur_driver/package.ps1'
[2.222s] INFO:colcon.colcon_core.shell:Creating package descriptor '/home/ani/yc_ws/install/my_ur_driver/share/my_ur_driver/package.dsv'
[2.223s] INFO:colcon.colcon_core.shell:Creating package script '/home/ani/yc_ws/install/my_ur_driver/share/my_ur_driver/package.sh'
[2.223s] INFO:colcon.colcon_core.shell:Creating package script '/home/ani/yc_ws/install/my_ur_driver/share/my_ur_driver/package.bash'
[2.224s] INFO:colcon.colcon_core.shell:Creating package script '/home/ani/yc_ws/install/my_ur_driver/share/my_ur_driver/package.zsh'
[2.224s] Level 1:colcon.colcon_core.environment:create_file_with_runtime_dependencies(/home/ani/yc_ws/install/my_ur_driver/share/colcon-core/packages/my_ur_driver)
[2.623s] DEBUG:colcon.colcon_core.event_handler.log_command:Invoked command in '/home/ani/yc_ws/build/robotiq_driver' returned '0': AMENT_PREFIX_PATH=/home/ani/yc_ws/install/serial:${AMENT_PREFIX_PATH} CMAKE_PREFIX_PATH=/home/ani/yc_ws/install/serial:/home/ani/yc_ws/install/ur_calibration:/home/ani/yc_ws/install/robotiq_hardware_tests:/home/ani/yc_ws/install/robotiq_driver:/home/ani/yc_ws/install/robotiq_description:/home/ani/yc_ws/install/robotiq_controllers:/home/ani/yc_ws/install/pilz_industrial_motion_planner_testutils:/home/ani/yc_ws/install/my_ur_driver:/home/ani/yc_ws/install/my_pkg:/home/ani/yc_ws/install/app2:/home/ani/yc_ws/install/app:/opt/ros/humble LD_LIBRARY_PATH=/home/ani/yc_ws/install/serial/lib:${LD_LIBRARY_PATH} /usr/bin/cmake /home/ani/yc_ws/src/gripper/robotiq_driver -DAMENT_CMAKE_SYMLINK_INSTALL=1 -DCMAKE_INSTALL_PREFIX=/home/ani/yc_ws/install/robotiq_driver
[2.625s] DEBUG:colcon.colcon_core.event_handler.log_command:Invoking command in '/home/ani/yc_ws/build/robotiq_driver': AMENT_PREFIX_PATH=/home/ani/yc_ws/install/serial:${AMENT_PREFIX_PATH} CMAKE_PREFIX_PATH=/home/ani/yc_ws/install/serial:/home/ani/yc_ws/install/ur_calibration:/home/ani/yc_ws/install/robotiq_hardware_tests:/home/ani/yc_ws/install/robotiq_driver:/home/ani/yc_ws/install/robotiq_description:/home/ani/yc_ws/install/robotiq_controllers:/home/ani/yc_ws/install/pilz_industrial_motion_planner_testutils:/home/ani/yc_ws/install/my_ur_driver:/home/ani/yc_ws/install/my_pkg:/home/ani/yc_ws/install/app2:/home/ani/yc_ws/install/app:/opt/ros/humble LD_LIBRARY_PATH=/home/ani/yc_ws/install/serial/lib:${LD_LIBRARY_PATH} /usr/bin/cmake --build /home/ani/yc_ws/build/robotiq_driver -- -j12 -l12
[4.517s] DEBUG:colcon.colcon_core.event_handler.log_command:Invoked command in '/home/ani/yc_ws/build/robotiq_controllers' returned '0': CMAKE_PREFIX_PATH=${CMAKE_PREFIX_PATH}:/home/ani/yc_ws/install/app2:/home/ani/yc_ws/install/app:/opt/ros/humble /usr/bin/cmake --build /home/ani/yc_ws/build/robotiq_controllers -- -j12 -l12
[4.540s] DEBUG:colcon.colcon_core.event_handler.log_command:Invoking command in '/home/ani/yc_ws/build/robotiq_controllers': CMAKE_PREFIX_PATH=${CMAKE_PREFIX_PATH}:/home/ani/yc_ws/install/app2:/home/ani/yc_ws/install/app:/opt/ros/humble /usr/bin/cmake --install /home/ani/yc_ws/build/robotiq_controllers
[4.737s] Level 1:colcon.colcon_core.environment:create_environment_scripts_only(robotiq_controllers)
[4.737s] Level 1:colcon.colcon_core.environment:checking '/home/ani/yc_ws/install/robotiq_controllers' for CMake module files
[4.738s] DEBUG:colcon.colcon_core.event_handler.log_command:Invoked command in '/home/ani/yc_ws/build/robotiq_controllers' returned '0': CMAKE_PREFIX_PATH=${CMAKE_PREFIX_PATH}:/home/ani/yc_ws/install/app2:/home/ani/yc_ws/install/app:/opt/ros/humble /usr/bin/cmake --install /home/ani/yc_ws/build/robotiq_controllers
[4.738s] Level 1:colcon.colcon_core.environment:checking '/home/ani/yc_ws/install/robotiq_controllers' for CMake config files
[4.739s] Level 1:colcon.colcon_core.shell:create_environment_hook('robotiq_controllers', 'cmake_prefix_path')
[4.739s] INFO:colcon.colcon_core.shell:Creating environment hook '/home/ani/yc_ws/install/robotiq_controllers/share/robotiq_controllers/hook/cmake_prefix_path.ps1'
[4.740s] INFO:colcon.colcon_core.shell:Creating environment descriptor '/home/ani/yc_ws/install/robotiq_controllers/share/robotiq_controllers/hook/cmake_prefix_path.dsv'
[4.740s] INFO:colcon.colcon_core.shell:Creating environment hook '/home/ani/yc_ws/install/robotiq_controllers/share/robotiq_controllers/hook/cmake_prefix_path.sh'
[4.741s] Level 1:colcon.colcon_core.environment:checking '/home/ani/yc_ws/install/robotiq_controllers/lib'
[4.741s] Level 1:colcon.colcon_core.shell:create_environment_hook('robotiq_controllers', 'ld_library_path_lib')
[4.741s] INFO:colcon.colcon_core.shell:Creating environment hook '/home/ani/yc_ws/install/robotiq_controllers/share/robotiq_controllers/hook/ld_library_path_lib.ps1'
[4.742s] INFO:colcon.colcon_core.shell:Creating environment descriptor '/home/ani/yc_ws/install/robotiq_controllers/share/robotiq_controllers/hook/ld_library_path_lib.dsv'
[4.742s] INFO:colcon.colcon_core.shell:Creating environment hook '/home/ani/yc_ws/install/robotiq_controllers/share/robotiq_controllers/hook/ld_library_path_lib.sh'
[4.743s] Level 1:colcon.colcon_core.environment:checking '/home/ani/yc_ws/install/robotiq_controllers/bin'
[4.743s] Level 1:colcon.colcon_core.environment:checking '/home/ani/yc_ws/install/robotiq_controllers/lib/pkgconfig/robotiq_controllers.pc'
[4.743s] Level 1:colcon.colcon_core.environment:checking '/home/ani/yc_ws/install/robotiq_controllers/lib/python3.10/site-packages'
[4.743s] Level 1:colcon.colcon_core.environment:checking '/home/ani/yc_ws/install/robotiq_controllers/bin'
[4.743s] INFO:colcon.colcon_core.shell:Creating package script '/home/ani/yc_ws/install/robotiq_controllers/share/robotiq_controllers/package.ps1'
[4.744s] INFO:colcon.colcon_core.shell:Creating package descriptor '/home/ani/yc_ws/install/robotiq_controllers/share/robotiq_controllers/package.dsv'
[4.744s] INFO:colcon.colcon_core.shell:Creating package script '/home/ani/yc_ws/install/robotiq_controllers/share/robotiq_controllers/package.sh'
[4.745s] INFO:colcon.colcon_core.shell:Creating package script '/home/ani/yc_ws/install/robotiq_controllers/share/robotiq_controllers/package.bash'
[4.745s] INFO:colcon.colcon_core.shell:Creating package script '/home/ani/yc_ws/install/robotiq_controllers/share/robotiq_controllers/package.zsh'
[4.745s] Level 1:colcon.colcon_core.environment:create_file_with_runtime_dependencies(/home/ani/yc_ws/install/robotiq_controllers/share/colcon-core/packages/robotiq_controllers)
[4.767s] Level 1:colcon.colcon_core.environment:create_environment_scripts_only(robotiq_controllers)
[4.767s] Level 1:colcon.colcon_core.environment:checking '/home/ani/yc_ws/install/robotiq_controllers' for CMake module files
[4.768s] Level 1:colcon.colcon_core.environment:checking '/home/ani/yc_ws/install/robotiq_controllers' for CMake config files
[4.768s] Level 1:colcon.colcon_core.shell:create_environment_hook('robotiq_controllers', 'cmake_prefix_path')
[4.768s] INFO:colcon.colcon_core.shell:Creating environment hook '/home/ani/yc_ws/install/robotiq_controllers/share/robotiq_controllers/hook/cmake_prefix_path.ps1'
[4.769s] INFO:colcon.colcon_core.shell:Creating environment descriptor '/home/ani/yc_ws/install/robotiq_controllers/share/robotiq_controllers/hook/cmake_prefix_path.dsv'
[4.769s] INFO:colcon.colcon_core.shell:Creating environment hook '/home/ani/yc_ws/install/robotiq_controllers/share/robotiq_controllers/hook/cmake_prefix_path.sh'
[4.769s] Level 1:colcon.colcon_core.environment:checking '/home/ani/yc_ws/install/robotiq_controllers/lib'
[4.769s] Level 1:colcon.colcon_core.shell:create_environment_hook('robotiq_controllers', 'ld_library_path_lib')
[4.769s] INFO:colcon.colcon_core.shell:Creating environment hook '/home/ani/yc_ws/install/robotiq_controllers/share/robotiq_controllers/hook/ld_library_path_lib.ps1'
[4.770s] INFO:colcon.colcon_core.shell:Creating environment descriptor '/home/ani/yc_ws/install/robotiq_controllers/share/robotiq_controllers/hook/ld_library_path_lib.dsv'
[4.770s] INFO:colcon.colcon_core.shell:Creating environment hook '/home/ani/yc_ws/install/robotiq_controllers/share/robotiq_controllers/hook/ld_library_path_lib.sh'
[4.770s] Level 1:colcon.colcon_core.environment:checking '/home/ani/yc_ws/install/robotiq_controllers/bin'
[4.770s] Level 1:colcon.colcon_core.environment:checking '/home/ani/yc_ws/install/robotiq_controllers/lib/pkgconfig/robotiq_controllers.pc'
[4.770s] Level 1:colcon.colcon_core.environment:checking '/home/ani/yc_ws/install/robotiq_controllers/lib/python3.10/site-packages'
[4.770s] Level 1:colcon.colcon_core.environment:checking '/home/ani/yc_ws/install/robotiq_controllers/bin'
[4.771s] INFO:colcon.colcon_core.shell:Creating package script '/home/ani/yc_ws/install/robotiq_controllers/share/robotiq_controllers/package.ps1'
[4.771s] INFO:colcon.colcon_core.shell:Creating package descriptor '/home/ani/yc_ws/install/robotiq_controllers/share/robotiq_controllers/package.dsv'
[4.771s] INFO:colcon.colcon_core.shell:Creating package script '/home/ani/yc_ws/install/robotiq_controllers/share/robotiq_controllers/package.sh'
[4.771s] INFO:colcon.colcon_core.shell:Creating package script '/home/ani/yc_ws/install/robotiq_controllers/share/robotiq_controllers/package.bash'
[4.772s] INFO:colcon.colcon_core.shell:Creating package script '/home/ani/yc_ws/install/robotiq_controllers/share/robotiq_controllers/package.zsh'
[4.772s] Level 1:colcon.colcon_core.environment:create_file_with_runtime_dependencies(/home/ani/yc_ws/install/robotiq_controllers/share/colcon-core/packages/robotiq_controllers)
[8.304s] DEBUG:colcon.colcon_core.event_handler.log_command:Invoked command in '/home/ani/yc_ws/build/my_pkg' returned '2': CMAKE_PREFIX_PATH=${CMAKE_PREFIX_PATH}:/home/ani/yc_ws/install/app2:/home/ani/yc_ws/install/app:/opt/ros/humble /usr/bin/cmake --build /home/ani/yc_ws/build/my_pkg -- -j12 -l12
[8.324s] Level 1:colcon.colcon_core.environment:create_environment_scripts_only(my_pkg)
[8.324s] Level 1:colcon.colcon_core.environment:checking '/home/ani/yc_ws/install/my_pkg' for CMake module files
[8.324s] Level 1:colcon.colcon_core.environment:checking '/home/ani/yc_ws/install/my_pkg' for CMake config files
[8.324s] Level 1:colcon.colcon_core.environment:checking '/home/ani/yc_ws/install/my_pkg/bin'
[8.324s] Level 1:colcon.colcon_core.environment:checking '/home/ani/yc_ws/install/my_pkg/lib/pkgconfig/my_pkg.pc'
[8.324s] Level 1:colcon.colcon_core.environment:checking '/home/ani/yc_ws/install/my_pkg/lib/python3.10/site-packages'
[8.324s] Level 1:colcon.colcon_core.environment:checking '/home/ani/yc_ws/install/my_pkg/bin'
[8.324s] INFO:colcon.colcon_core.shell:Creating package script '/home/ani/yc_ws/install/my_pkg/share/my_pkg/package.ps1'
[8.325s] INFO:colcon.colcon_core.shell:Creating package descriptor '/home/ani/yc_ws/install/my_pkg/share/my_pkg/package.dsv'
[8.325s] INFO:colcon.colcon_core.shell:Creating package script '/home/ani/yc_ws/install/my_pkg/share/my_pkg/package.sh'
[8.325s] INFO:colcon.colcon_core.shell:Creating package script '/home/ani/yc_ws/install/my_pkg/share/my_pkg/package.bash'
[8.326s] INFO:colcon.colcon_core.shell:Creating package script '/home/ani/yc_ws/install/my_pkg/share/my_pkg/package.zsh'
[8.326s] Level 1:colcon.colcon_core.environment:create_file_with_runtime_dependencies(/home/ani/yc_ws/install/my_pkg/share/colcon-core/packages/my_pkg)
[12.787s] DEBUG:colcon.colcon_parallel_executor.executor.parallel:closing loop
[12.787s] DEBUG:colcon.colcon_parallel_executor.executor.parallel:loop closed
[12.787s] DEBUG:colcon.colcon_parallel_executor.executor.parallel:run_until_complete finished with '2'
[12.787s] DEBUG:colcon.colcon_core.event_reactor:joining thread
[12.791s] INFO:colcon.colcon_core.plugin_system:Skipping extension 'colcon_notification.desktop_notification.terminal_notifier': Not used on non-Darwin systems
[12.791s] INFO:colcon.colcon_core.plugin_system:Skipping extension 'colcon_notification.desktop_notification.win32': Not used on non-Windows systems
[12.791s] INFO:colcon.colcon_notification.desktop_notification:Sending desktop notification using 'notify2'
[12.801s] DEBUG:colcon.colcon_core.event_reactor:joined thread
[12.801s] INFO:colcon.colcon_core.shell:Creating prefix script '/home/ani/yc_ws/install/local_setup.ps1'
[12.802s] INFO:colcon.colcon_core.shell:Creating prefix util module '/home/ani/yc_ws/install/_local_setup_util_ps1.py'
[12.803s] INFO:colcon.colcon_core.shell:Creating prefix chain script '/home/ani/yc_ws/install/setup.ps1'
[12.804s] INFO:colcon.colcon_core.shell:Creating prefix script '/home/ani/yc_ws/install/local_setup.sh'
[12.804s] INFO:colcon.colcon_core.shell:Creating prefix util module '/home/ani/yc_ws/install/_local_setup_util_sh.py'
[12.805s] INFO:colcon.colcon_core.shell:Creating prefix chain script '/home/ani/yc_ws/install/setup.sh'
[12.805s] INFO:colcon.colcon_core.shell:Creating prefix script '/home/ani/yc_ws/install/local_setup.bash'
[12.806s] INFO:colcon.colcon_core.shell:Creating prefix chain script '/home/ani/yc_ws/install/setup.bash'
[12.806s] INFO:colcon.colcon_core.shell:Creating prefix script '/home/ani/yc_ws/install/local_setup.zsh'
[12.806s] INFO:colcon.colcon_core.shell:Creating prefix chain script '/home/ani/yc_ws/install/setup.zsh'
