[0.007s] Invoking command in '/home/ani/yc_ws/build/robotiq_driver': AMENT_PREFIX_PATH=/home/ani/yc_ws/install/serial:${AMENT_PREFIX_PATH} CMAKE_PREFIX_PATH=/home/ani/yc_ws/install/serial:/home/ani/yc_ws/install/ur_calibration:/home/ani/yc_ws/install/robotiq_hardware_tests:/home/ani/yc_ws/install/robotiq_driver:/home/ani/yc_ws/install/robotiq_description:/home/ani/yc_ws/install/robotiq_controllers:/home/ani/yc_ws/install/pilz_industrial_motion_planner_testutils:/home/ani/yc_ws/install/my_ur_driver:/home/ani/yc_ws/install/my_pkg:/home/ani/yc_ws/install/app2:/home/ani/yc_ws/install/app:/opt/ros/humble LD_LIBRARY_PATH=/home/ani/yc_ws/install/serial/lib:${LD_LIBRARY_PATH} /usr/bin/cmake /home/ani/yc_ws/src/gripper/robotiq_driver -DAMENT_CMAKE_SYMLINK_INSTALL=1 -DCMAKE_INSTALL_PREFIX=/home/ani/yc_ws/install/robotiq_driver
[0.054s] -- The CXX compiler identification is GNU 11.4.0
[0.060s] -- Detecting CXX compiler ABI info
[0.120s] -- Detecting CXX compiler ABI info - done
[0.125s] -- Check for working CXX compiler: /usr/bin/c++ - skipped
[0.125s] -- Detecting CXX compile features
[0.125s] -- Detecting CXX compile features - done
[0.129s] -- Found ament_cmake: 1.3.10 (/opt/ros/humble/share/ament_cmake/cmake)
[0.230s] -- Found Python3: /usr/bin/python3 (found version "3.10.12") found components: Interpreter 
[0.285s] -- Override CMake install command with custom implementation using symlinks instead of copying resources
[0.308s] -- Found hardware_interface: 2.43.1 (/opt/ros/humble/share/hardware_interface/cmake)
[0.339s] -- Found rosidl_generator_c: 3.1.5 (/opt/ros/humble/share/rosidl_generator_c/cmake)
[0.343s] -- Found rosidl_adapter: 3.1.5 (/opt/ros/humble/share/rosidl_adapter/cmake)
[0.350s] -- Found rosidl_generator_cpp: 3.1.5 (/opt/ros/humble/share/rosidl_generator_cpp/cmake)
[0.359s] -- Using all available rosidl_typesupport_c: rosidl_typesupport_fastrtps_c;rosidl_typesupport_introspection_c
[0.373s] -- Using all available rosidl_typesupport_cpp: rosidl_typesupport_fastrtps_cpp;rosidl_typesupport_introspection_cpp
[0.538s] -- Found rmw_implementation_cmake: 6.1.2 (/opt/ros/humble/share/rmw_implementation_cmake/cmake)
[0.540s] -- Found rmw_fastrtps_cpp: 6.2.7 (/opt/ros/humble/share/rmw_fastrtps_cpp/cmake)
[0.560s] -- Found TinyXML2 via Config file: TinyXML2_DIR-NOTFOUND
[0.605s] -- Found OpenSSL: /usr/lib/x86_64-linux-gnu/libcrypto.so (found version "3.0.2")  
[0.608s] -- Found TinyXML2 via Config file: TinyXML2_DIR-NOTFOUND
[0.623s] -- Found FastRTPS: /opt/ros/humble/include  
[0.626s] -- Found TinyXML2 via Config file: TinyXML2_DIR-NOTFOUND
[0.634s] -- Found TinyXML2 via Config file: TinyXML2_DIR-NOTFOUND
[0.645s] -- Using RMW implementation 'rmw_fastrtps_cpp' as default
[0.656s] -- Looking for C++ include pthread.h
[0.719s] -- Looking for C++ include pthread.h - found
[0.719s] -- Performing Test CMAKE_HAVE_LIBC_PTHREAD
[0.784s] -- Performing Test CMAKE_HAVE_LIBC_PTHREAD - Success
[0.785s] -- Found Threads: TRUE  
[0.824s] -- Found serial: 1.2.1 (/home/ani/yc_ws/install/serial/share/serial/cmake)
[0.837s] -- Found ament_cmake_gtest: 1.3.10 (/opt/ros/humble/share/ament_cmake_gtest/cmake)
[0.840s] -- Found ament_cmake_gmock: 1.3.10 (/opt/ros/humble/share/ament_cmake_gmock/cmake)
[0.842s] -- Found ament_lint_auto: 0.12.11 (/opt/ros/humble/share/ament_lint_auto/cmake)
[0.844s] -- Found ros2_control_test_assets: 2.43.1 (/opt/ros/humble/share/ros2_control_test_assets/cmake)
[0.920s] -- Found gmock sources under '/opt/ros/humble/src/gmock_vendor': C++ tests using 'Google Mock' will be built
[0.951s] -- The C compiler identification is GNU 11.4.0
[0.956s] -- Detecting C compiler ABI info
[1.008s] -- Detecting C compiler ABI info - done
[1.018s] -- Check for working C compiler: /usr/bin/cc - skipped
[1.018s] -- Detecting C compile features
[1.018s] -- Detecting C compile features - done
[1.023s] -- Found gtest sources under '/opt/ros/humble/src/gtest_vendor': C++ tests using 'Google Test' will be built
[1.079s] -- Configuring done
[1.195s] -- Generating done
[1.199s] -- Build files have been written to: /home/ani/yc_ws/build/robotiq_driver
[1.213s] Invoked command in '/home/ani/yc_ws/build/robotiq_driver' returned '0': AMENT_PREFIX_PATH=/home/ani/yc_ws/install/serial:${AMENT_PREFIX_PATH} CMAKE_PREFIX_PATH=/home/ani/yc_ws/install/serial:/home/ani/yc_ws/install/ur_calibration:/home/ani/yc_ws/install/robotiq_hardware_tests:/home/ani/yc_ws/install/robotiq_driver:/home/ani/yc_ws/install/robotiq_description:/home/ani/yc_ws/install/robotiq_controllers:/home/ani/yc_ws/install/pilz_industrial_motion_planner_testutils:/home/ani/yc_ws/install/my_ur_driver:/home/ani/yc_ws/install/my_pkg:/home/ani/yc_ws/install/app2:/home/ani/yc_ws/install/app:/opt/ros/humble LD_LIBRARY_PATH=/home/ani/yc_ws/install/serial/lib:${LD_LIBRARY_PATH} /usr/bin/cmake /home/ani/yc_ws/src/gripper/robotiq_driver -DAMENT_CMAKE_SYMLINK_INSTALL=1 -DCMAKE_INSTALL_PREFIX=/home/ani/yc_ws/install/robotiq_driver
[1.215s] Invoking command in '/home/ani/yc_ws/build/robotiq_driver': AMENT_PREFIX_PATH=/home/ani/yc_ws/install/serial:${AMENT_PREFIX_PATH} CMAKE_PREFIX_PATH=/home/ani/yc_ws/install/serial:/home/ani/yc_ws/install/ur_calibration:/home/ani/yc_ws/install/robotiq_hardware_tests:/home/ani/yc_ws/install/robotiq_driver:/home/ani/yc_ws/install/robotiq_description:/home/ani/yc_ws/install/robotiq_controllers:/home/ani/yc_ws/install/pilz_industrial_motion_planner_testutils:/home/ani/yc_ws/install/my_ur_driver:/home/ani/yc_ws/install/my_pkg:/home/ani/yc_ws/install/app2:/home/ani/yc_ws/install/app:/opt/ros/humble LD_LIBRARY_PATH=/home/ani/yc_ws/install/serial/lib:${LD_LIBRARY_PATH} /usr/bin/cmake --build /home/ani/yc_ws/build/robotiq_driver -- -j12 -l12
[1.261s] [  8%] [32mBuilding CXX object gmock/CMakeFiles/gmock.dir/opt/ros/humble/src/gtest_vendor/src/gtest-all.cc.o[0m
[1.261s] [ 12%] [32mBuilding CXX object CMakeFiles/robotiq_driver.dir/src/crc_utils.cpp.o[0m
[1.262s] [ 16%] [32mBuilding CXX object CMakeFiles/robotiq_driver.dir/src/hardware_interface.cpp.o[0m
[1.262s] [  8%] [32mBuilding CXX object CMakeFiles/robotiq_driver.dir/src/data_utils.cpp.o[0m
[1.262s] [ 20%] [32mBuilding CXX object gmock/CMakeFiles/gmock.dir/src/gmock-all.cc.o[0m
[1.262s] [ 29%] [32mBuilding CXX object CMakeFiles/robotiq_driver.dir/src/default_driver.cpp.o[0m
[1.262s] [ 29%] [32mBuilding CXX object CMakeFiles/robotiq_driver.dir/src/default_driver_factory.cpp.o[0m
[1.264s] [ 33%] [32mBuilding CXX object CMakeFiles/robotiq_driver.dir/src/fake/fake_driver.cpp.o[0m
[1.266s] [ 37%] [32mBuilding CXX object gmock/CMakeFiles/gmock_main.dir/src/gmock_main.cc.o[0m
[1.271s] [ 41%] [32mBuilding CXX object CMakeFiles/robotiq_driver.dir/src/default_serial.cpp.o[0m
[1.274s] [ 45%] [32mBuilding CXX object CMakeFiles/robotiq_driver.dir/src/default_serial_factory.cpp.o[0m
[2.588s] [ 50%] [32m[1mLinking CXX static library libgmock_main.a[0m
[2.667s] [ 50%] Built target gmock_main
[4.076s] [ 54%] [32m[1mLinking CXX static library libgmock.a[0m
[4.155s] [ 54%] Built target gmock
[4.654s] [ 58%] [32m[1mLinking CXX shared library librobotiq_driver.so[0m
[4.796s] [ 58%] Built target robotiq_driver
[4.814s] [ 66%] [32mBuilding CXX object tests/CMakeFiles/test_default_driver_factory.dir/test_default_driver_factory.cpp.o[0m
[4.814s] [ 66%] [32mBuilding CXX object tests/CMakeFiles/test_robotiq_gripper_hardware_interface.dir/test_robotiq_gripper_hardware_interface.cpp.o[0m
[4.814s] [ 70%] [32mBuilding CXX object tests/CMakeFiles/test_crc_utils.dir/test_crc_utils.cpp.o[0m
[4.814s] [ 75%] [32mBuilding CXX object tests/CMakeFiles/test_data_utils.dir/test_data_utils.cpp.o[0m
[4.816s] [ 79%] [32mBuilding CXX object tests/CMakeFiles/test_default_serial_factory.dir/test_default_serial_factory.cpp.o[0m
[5.552s] [ 83%] [32m[1mLinking CXX executable test_crc_utils[0m
[5.741s] [ 83%] Built target test_crc_utils
[5.972s] [ 87%] [32m[1mLinking CXX executable test_data_utils[0m
[6.161s] [ 87%] Built target test_data_utils
[6.791s] [ 91%] [32m[1mLinking CXX executable test_default_serial_factory[0m
[7.015s] [ 91%] Built target test_default_serial_factory
[7.763s] [ 95%] [32m[1mLinking CXX executable test_robotiq_gripper_hardware_interface[0m
[7.922s] [ 95%] Built target test_robotiq_gripper_hardware_interface
[8.430s] [100%] [32m[1mLinking CXX executable test_default_driver_factory[0m
[8.622s] [100%] Built target test_default_driver_factory
