[100%] Built target move_robot
-- Install configuration: ""
-- Execute custom install script
-- Up-to-date symlink: /home/ani/yc_ws/install/my_pkg/lib/my_pkg/move_robot
-- Up-to-date symlink: /home/ani/yc_ws/install/my_pkg/lib/my_pkg/calibration.py
-- Up-to-date symlink: /home/ani/yc_ws/install/my_pkg/lib/my_pkg/realsense_subscriber.py
-- Up-to-date symlink: /home/ani/yc_ws/install/my_pkg/lib/my_pkg/transformation.py
-- Up-to-date symlink: /home/ani/yc_ws/install/my_pkg/share/my_pkg/scripts/anygrasp_bridging/anygrasp_sdk/.TimeRecord
-- Up-to-date symlink: /home/ani/yc_ws/install/my_pkg/share/my_pkg/scripts/anygrasp_bridging/anygrasp_sdk/.git/HEAD
-- Up-to-date symlink: /home/ani/yc_ws/install/my_pkg/share/my_pkg/scripts/anygrasp_bridging/anygrasp_sdk/.git/config
-- Up-to-date symlink: /home/ani/yc_ws/install/my_pkg/share/my_pkg/scripts/anygrasp_bridging/anygrasp_sdk/.git/description
-- Up-to-date symlink: /home/ani/yc_ws/install/my_pkg/share/my_pkg/scripts/anygrasp_bridging/anygrasp_sdk/.git/hooks/applypatch-msg.sample
-- Up-to-date symlink: /home/ani/yc_ws/install/my_pkg/share/my_pkg/scripts/anygrasp_bridging/anygrasp_sdk/.git/hooks/commit-msg.sample
-- Up-to-date symlink: /home/ani/yc_ws/install/my_pkg/share/my_pkg/scripts/anygrasp_bridging/anygrasp_sdk/.git/hooks/fsmonitor-watchman.sample
-- Up-to-date symlink: /home/ani/yc_ws/install/my_pkg/share/my_pkg/scripts/anygrasp_bridging/anygrasp_sdk/.git/hooks/post-update.sample
-- Up-to-date symlink: /home/ani/yc_ws/install/my_pkg/share/my_pkg/scripts/anygrasp_bridging/anygrasp_sdk/.git/hooks/pre-applypatch.sample
-- Up-to-date symlink: /home/ani/yc_ws/install/my_pkg/share/my_pkg/scripts/anygrasp_bridging/anygrasp_sdk/.git/hooks/pre-commit.sample
-- Up-to-date symlink: /home/ani/yc_ws/install/my_pkg/share/my_pkg/scripts/anygrasp_bridging/anygrasp_sdk/.git/hooks/pre-merge-commit.sample
-- Up-to-date symlink: /home/ani/yc_ws/install/my_pkg/share/my_pkg/scripts/anygrasp_bridging/anygrasp_sdk/.git/hooks/pre-push.sample
-- Up-to-date symlink: /home/ani/yc_ws/install/my_pkg/share/my_pkg/scripts/anygrasp_bridging/anygrasp_sdk/.git/hooks/pre-rebase.sample
-- Up-to-date symlink: /home/ani/yc_ws/install/my_pkg/share/my_pkg/scripts/anygrasp_bridging/anygrasp_sdk/.git/hooks/pre-receive.sample
-- Up-to-date symlink: /home/ani/yc_ws/install/my_pkg/share/my_pkg/scripts/anygrasp_bridging/anygrasp_sdk/.git/hooks/prepare-commit-msg.sample
-- Up-to-date symlink: /home/ani/yc_ws/install/my_pkg/share/my_pkg/scripts/anygrasp_bridging/anygrasp_sdk/.git/hooks/push-to-checkout.sample
-- Up-to-date symlink: /home/ani/yc_ws/install/my_pkg/share/my_pkg/scripts/anygrasp_bridging/anygrasp_sdk/.git/hooks/update.sample
-- Up-to-date symlink: /home/ani/yc_ws/install/my_pkg/share/my_pkg/scripts/anygrasp_bridging/anygrasp_sdk/.git/index
-- Up-to-date symlink: /home/ani/yc_ws/install/my_pkg/share/my_pkg/scripts/anygrasp_bridging/anygrasp_sdk/.git/info/exclude
-- Up-to-date symlink: /home/ani/yc_ws/install/my_pkg/share/my_pkg/scripts/anygrasp_bridging/anygrasp_sdk/.git/logs/HEAD
-- Up-to-date symlink: /home/ani/yc_ws/install/my_pkg/share/my_pkg/scripts/anygrasp_bridging/anygrasp_sdk/.git/logs/refs/heads/main
-- Up-to-date symlink: /home/ani/yc_ws/install/my_pkg/share/my_pkg/scripts/anygrasp_bridging/anygrasp_sdk/.git/logs/refs/remotes/origin/HEAD
-- Up-to-date symlink: /home/ani/yc_ws/install/my_pkg/share/my_pkg/scripts/anygrasp_bridging/anygrasp_sdk/.git/objects/pack/pack-1cc72cb0864051820ed0ec8bf2c829e8aa33ebee.idx
-- Up-to-date symlink: /home/ani/yc_ws/install/my_pkg/share/my_pkg/scripts/anygrasp_bridging/anygrasp_sdk/.git/objects/pack/pack-1cc72cb0864051820ed0ec8bf2c829e8aa33ebee.pack
-- Up-to-date symlink: /home/ani/yc_ws/install/my_pkg/share/my_pkg/scripts/anygrasp_bridging/anygrasp_sdk/.git/packed-refs
-- Up-to-date symlink: /home/ani/yc_ws/install/my_pkg/share/my_pkg/scripts/anygrasp_bridging/anygrasp_sdk/.git/refs/heads/main
-- Up-to-date symlink: /home/ani/yc_ws/install/my_pkg/share/my_pkg/scripts/anygrasp_bridging/anygrasp_sdk/.git/refs/remotes/origin/HEAD
-- Up-to-date symlink: /home/ani/yc_ws/install/my_pkg/share/my_pkg/scripts/anygrasp_bridging/anygrasp_sdk/.gitignore
-- Up-to-date symlink: /home/ani/yc_ws/install/my_pkg/share/my_pkg/scripts/anygrasp_bridging/anygrasp_sdk/README.md
-- Up-to-date symlink: /home/ani/yc_ws/install/my_pkg/share/my_pkg/scripts/anygrasp_bridging/anygrasp_sdk/checkpoint_detection.tar
-- Up-to-date symlink: /home/ani/yc_ws/install/my_pkg/share/my_pkg/scripts/anygrasp_bridging/anygrasp_sdk/checkpoint_tracking.tar
-- Up-to-date symlink: /home/ani/yc_ws/install/my_pkg/share/my_pkg/scripts/anygrasp_bridging/anygrasp_sdk/data/1.png
-- Up-to-date symlink: /home/ani/yc_ws/install/my_pkg/share/my_pkg/scripts/anygrasp_bridging/anygrasp_sdk/data/11_Color.png
-- Up-to-date symlink: /home/ani/yc_ws/install/my_pkg/share/my_pkg/scripts/anygrasp_bridging/anygrasp_sdk/data/2.png
-- Up-to-date symlink: /home/ani/yc_ws/install/my_pkg/share/my_pkg/scripts/anygrasp_bridging/anygrasp_sdk/data/3.png
-- Up-to-date symlink: /home/ani/yc_ws/install/my_pkg/share/my_pkg/scripts/anygrasp_bridging/anygrasp_sdk/data/4.png
-- Up-to-date symlink: /home/ani/yc_ws/install/my_pkg/share/my_pkg/scripts/anygrasp_bridging/anygrasp_sdk/data/MyPicturePointCloud.png
-- Up-to-date symlink: /home/ani/yc_ws/install/my_pkg/share/my_pkg/scripts/anygrasp_bridging/anygrasp_sdk/data/color_image.png
-- Up-to-date symlink: /home/ani/yc_ws/install/my_pkg/share/my_pkg/scripts/anygrasp_bridging/anygrasp_sdk/data/color_image_0004.jpg
-- Up-to-date symlink: /home/ani/yc_ws/install/my_pkg/share/my_pkg/scripts/anygrasp_bridging/anygrasp_sdk/data/depth_image_gray.png
-- Up-to-date symlink: /home/ani/yc_ws/install/my_pkg/share/my_pkg/scripts/anygrasp_bridging/anygrasp_sdk/data/myOutput.png
-- Up-to-date symlink: /home/ani/yc_ws/install/my_pkg/share/my_pkg/scripts/anygrasp_bridging/anygrasp_sdk/data/output.png
-- Up-to-date symlink: /home/ani/yc_ws/install/my_pkg/share/my_pkg/scripts/anygrasp_bridging/anygrasp_sdk/grasp_detection/.TimeRecord
-- Up-to-date symlink: /home/ani/yc_ws/install/my_pkg/share/my_pkg/scripts/anygrasp_bridging/anygrasp_sdk/grasp_detection/Anygrasp_output_point clouds.zip
-- Up-to-date symlink: /home/ani/yc_ws/install/my_pkg/share/my_pkg/scripts/anygrasp_bridging/anygrasp_sdk/grasp_detection/Captured_images.zip
-- Up-to-date symlink: /home/ani/yc_ws/install/my_pkg/share/my_pkg/scripts/anygrasp_bridging/anygrasp_sdk/grasp_detection/Point Clouds 3D Images.zip
-- Up-to-date symlink: /home/ani/yc_ws/install/my_pkg/share/my_pkg/scripts/anygrasp_bridging/anygrasp_sdk/grasp_detection/README.md
-- Up-to-date symlink: /home/ani/yc_ws/install/my_pkg/share/my_pkg/scripts/anygrasp_bridging/anygrasp_sdk/grasp_detection/Screenshot from 2024-11-06 18-08-35.png
-- Up-to-date symlink: /home/ani/yc_ws/install/my_pkg/share/my_pkg/scripts/anygrasp_bridging/anygrasp_sdk/grasp_detection/anygrasp_application.py
-- Up-to-date symlink: /home/ani/yc_ws/install/my_pkg/share/my_pkg/scripts/anygrasp_bridging/anygrasp_sdk/grasp_detection/data/1.png
-- Up-to-date symlink: /home/ani/yc_ws/install/my_pkg/share/my_pkg/scripts/anygrasp_bridging/anygrasp_sdk/grasp_detection/data/11_Color.png
-- Up-to-date symlink: /home/ani/yc_ws/install/my_pkg/share/my_pkg/scripts/anygrasp_bridging/anygrasp_sdk/grasp_detection/data/2.png
-- Up-to-date symlink: /home/ani/yc_ws/install/my_pkg/share/my_pkg/scripts/anygrasp_bridging/anygrasp_sdk/grasp_detection/data/3.png
-- Up-to-date symlink: /home/ani/yc_ws/install/my_pkg/share/my_pkg/scripts/anygrasp_bridging/anygrasp_sdk/grasp_detection/data/4.png
-- Up-to-date symlink: /home/ani/yc_ws/install/my_pkg/share/my_pkg/scripts/anygrasp_bridging/anygrasp_sdk/grasp_detection/data/MyPicturePointCloud.png
-- Up-to-date symlink: /home/ani/yc_ws/install/my_pkg/share/my_pkg/scripts/anygrasp_bridging/anygrasp_sdk/grasp_detection/data/color_image.png
-- Up-to-date symlink: /home/ani/yc_ws/install/my_pkg/share/my_pkg/scripts/anygrasp_bridging/anygrasp_sdk/grasp_detection/data/color_image_0004.jpg
-- Up-to-date symlink: /home/ani/yc_ws/install/my_pkg/share/my_pkg/scripts/anygrasp_bridging/anygrasp_sdk/grasp_detection/data/depth_image_gray.png
-- Up-to-date symlink: /home/ani/yc_ws/install/my_pkg/share/my_pkg/scripts/anygrasp_bridging/anygrasp_sdk/grasp_detection/data/myOutput.png
-- Up-to-date symlink: /home/ani/yc_ws/install/my_pkg/share/my_pkg/scripts/anygrasp_bridging/anygrasp_sdk/grasp_detection/data/output.png
-- Up-to-date symlink: /home/ani/yc_ws/install/my_pkg/share/my_pkg/scripts/anygrasp_bridging/anygrasp_sdk/grasp_detection/demo.py
-- Up-to-date symlink: /home/ani/yc_ws/install/my_pkg/share/my_pkg/scripts/anygrasp_bridging/anygrasp_sdk/grasp_detection/demo.sh
-- Up-to-date symlink: /home/ani/yc_ws/install/my_pkg/share/my_pkg/scripts/anygrasp_bridging/anygrasp_sdk/grasp_detection/example_data/6.png
-- Up-to-date symlink: /home/ani/yc_ws/install/my_pkg/share/my_pkg/scripts/anygrasp_bridging/anygrasp_sdk/grasp_detection/example_data/7.png
-- Up-to-date symlink: /home/ani/yc_ws/install/my_pkg/share/my_pkg/scripts/anygrasp_bridging/anygrasp_sdk/grasp_detection/example_data/color.png
-- Up-to-date symlink: /home/ani/yc_ws/install/my_pkg/share/my_pkg/scripts/anygrasp_bridging/anygrasp_sdk/grasp_detection/example_data/color_image_00.png
-- Up-to-date symlink: /home/ani/yc_ws/install/my_pkg/share/my_pkg/scripts/anygrasp_bridging/anygrasp_sdk/grasp_detection/example_data/color_image_0004.png
-- Up-to-date symlink: /home/ani/yc_ws/install/my_pkg/share/my_pkg/scripts/anygrasp_bridging/anygrasp_sdk/grasp_detection/example_data/color_image_01.png
-- Up-to-date symlink: /home/ani/yc_ws/install/my_pkg/share/my_pkg/scripts/anygrasp_bridging/anygrasp_sdk/grasp_detection/example_data/color_image_02.png
-- Up-to-date symlink: /home/ani/yc_ws/install/my_pkg/share/my_pkg/scripts/anygrasp_bridging/anygrasp_sdk/grasp_detection/example_data/color_image_03.png
-- Up-to-date symlink: /home/ani/yc_ws/install/my_pkg/share/my_pkg/scripts/anygrasp_bridging/anygrasp_sdk/grasp_detection/example_data/color_image_04.png
-- Up-to-date symlink: /home/ani/yc_ws/install/my_pkg/share/my_pkg/scripts/anygrasp_bridging/anygrasp_sdk/grasp_detection/example_data/color_image_05.png
-- Up-to-date symlink: /home/ani/yc_ws/install/my_pkg/share/my_pkg/scripts/anygrasp_bridging/anygrasp_sdk/grasp_detection/example_data/color_image_06.png
-- Up-to-date symlink: /home/ani/yc_ws/install/my_pkg/share/my_pkg/scripts/anygrasp_bridging/anygrasp_sdk/grasp_detection/example_data/color_image_07.png
-- Up-to-date symlink: /home/ani/yc_ws/install/my_pkg/share/my_pkg/scripts/anygrasp_bridging/anygrasp_sdk/grasp_detection/example_data/color_image_08.png
-- Up-to-date symlink: /home/ani/yc_ws/install/my_pkg/share/my_pkg/scripts/anygrasp_bridging/anygrasp_sdk/grasp_detection/example_data/color_image_09.png
-- Up-to-date symlink: /home/ani/yc_ws/install/my_pkg/share/my_pkg/scripts/anygrasp_bridging/anygrasp_sdk/grasp_detection/example_data/color_image_10.png
-- Up-to-date symlink: /home/ani/yc_ws/install/my_pkg/share/my_pkg/scripts/anygrasp_bridging/anygrasp_sdk/grasp_detection/example_data/color_image_11.png
-- Up-to-date symlink: /home/ani/yc_ws/install/my_pkg/share/my_pkg/scripts/anygrasp_bridging/anygrasp_sdk/grasp_detection/example_data/color_image_12.png
-- Up-to-date symlink: /home/ani/yc_ws/install/my_pkg/share/my_pkg/scripts/anygrasp_bridging/anygrasp_sdk/grasp_detection/example_data/color_image_13.png
-- Up-to-date symlink: /home/ani/yc_ws/install/my_pkg/share/my_pkg/scripts/anygrasp_bridging/anygrasp_sdk/grasp_detection/example_data/color_image_14.png
-- Up-to-date symlink: /home/ani/yc_ws/install/my_pkg/share/my_pkg/scripts/anygrasp_bridging/anygrasp_sdk/grasp_detection/example_data/color_image_15.png
-- Up-to-date symlink: /home/ani/yc_ws/install/my_pkg/share/my_pkg/scripts/anygrasp_bridging/anygrasp_sdk/grasp_detection/example_data/color_image_16.png
-- Up-to-date symlink: /home/ani/yc_ws/install/my_pkg/share/my_pkg/scripts/anygrasp_bridging/anygrasp_sdk/grasp_detection/example_data/color_image_17.png
-- Up-to-date symlink: /home/ani/yc_ws/install/my_pkg/share/my_pkg/scripts/anygrasp_bridging/anygrasp_sdk/grasp_detection/example_data/color_image_18.png
-- Up-to-date symlink: /home/ani/yc_ws/install/my_pkg/share/my_pkg/scripts/anygrasp_bridging/anygrasp_sdk/grasp_detection/example_data/color_image_19.png
-- Up-to-date symlink: /home/ani/yc_ws/install/my_pkg/share/my_pkg/scripts/anygrasp_bridging/anygrasp_sdk/grasp_detection/example_data/color_image_20.png
-- Up-to-date symlink: /home/ani/yc_ws/install/my_pkg/share/my_pkg/scripts/anygrasp_bridging/anygrasp_sdk/grasp_detection/example_data/color_image_21.png
-- Up-to-date symlink: /home/ani/yc_ws/install/my_pkg/share/my_pkg/scripts/anygrasp_bridging/anygrasp_sdk/grasp_detection/example_data/color_image_22.png
-- Up-to-date symlink: /home/ani/yc_ws/install/my_pkg/share/my_pkg/scripts/anygrasp_bridging/anygrasp_sdk/grasp_detection/example_data/depth.png
-- Up-to-date symlink: /home/ani/yc_ws/install/my_pkg/share/my_pkg/scripts/anygrasp_bridging/anygrasp_sdk/grasp_detection/example_data/depth_image_00.png
-- Up-to-date symlink: /home/ani/yc_ws/install/my_pkg/share/my_pkg/scripts/anygrasp_bridging/anygrasp_sdk/grasp_detection/example_data/depth_image_0004.png
-- Up-to-date symlink: /home/ani/yc_ws/install/my_pkg/share/my_pkg/scripts/anygrasp_bridging/anygrasp_sdk/grasp_detection/example_data/depth_image_01.png
-- Up-to-date symlink: /home/ani/yc_ws/install/my_pkg/share/my_pkg/scripts/anygrasp_bridging/anygrasp_sdk/grasp_detection/example_data/depth_image_02.png
-- Up-to-date symlink: /home/ani/yc_ws/install/my_pkg/share/my_pkg/scripts/anygrasp_bridging/anygrasp_sdk/grasp_detection/example_data/depth_image_03.png
-- Up-to-date symlink: /home/ani/yc_ws/install/my_pkg/share/my_pkg/scripts/anygrasp_bridging/anygrasp_sdk/grasp_detection/example_data/depth_image_04.png
-- Up-to-date symlink: /home/ani/yc_ws/install/my_pkg/share/my_pkg/scripts/anygrasp_bridging/anygrasp_sdk/grasp_detection/example_data/depth_image_05.png
-- Up-to-date symlink: /home/ani/yc_ws/install/my_pkg/share/my_pkg/scripts/anygrasp_bridging/anygrasp_sdk/grasp_detection/example_data/depth_image_06.png
-- Up-to-date symlink: /home/ani/yc_ws/install/my_pkg/share/my_pkg/scripts/anygrasp_bridging/anygrasp_sdk/grasp_detection/example_data/depth_image_07.png
-- Up-to-date symlink: /home/ani/yc_ws/install/my_pkg/share/my_pkg/scripts/anygrasp_bridging/anygrasp_sdk/grasp_detection/example_data/depth_image_08.png
-- Up-to-date symlink: /home/ani/yc_ws/install/my_pkg/share/my_pkg/scripts/anygrasp_bridging/anygrasp_sdk/grasp_detection/example_data/depth_image_09.png
-- Up-to-date symlink: /home/ani/yc_ws/install/my_pkg/share/my_pkg/scripts/anygrasp_bridging/anygrasp_sdk/grasp_detection/example_data/depth_image_10.png
-- Up-to-date symlink: /home/ani/yc_ws/install/my_pkg/share/my_pkg/scripts/anygrasp_bridging/anygrasp_sdk/grasp_detection/example_data/depth_image_11.png
-- Up-to-date symlink: /home/ani/yc_ws/install/my_pkg/share/my_pkg/scripts/anygrasp_bridging/anygrasp_sdk/grasp_detection/example_data/depth_image_12.png
-- Up-to-date symlink: /home/ani/yc_ws/install/my_pkg/share/my_pkg/scripts/anygrasp_bridging/anygrasp_sdk/grasp_detection/example_data/depth_image_13.png
-- Up-to-date symlink: /home/ani/yc_ws/install/my_pkg/share/my_pkg/scripts/anygrasp_bridging/anygrasp_sdk/grasp_detection/example_data/depth_image_14.png
-- Up-to-date symlink: /home/ani/yc_ws/install/my_pkg/share/my_pkg/scripts/anygrasp_bridging/anygrasp_sdk/grasp_detection/example_data/depth_image_15.png
-- Up-to-date symlink: /home/ani/yc_ws/install/my_pkg/share/my_pkg/scripts/anygrasp_bridging/anygrasp_sdk/grasp_detection/example_data/depth_image_16.png
-- Up-to-date symlink: /home/ani/yc_ws/install/my_pkg/share/my_pkg/scripts/anygrasp_bridging/anygrasp_sdk/grasp_detection/example_data/depth_image_17.png
-- Up-to-date symlink: /home/ani/yc_ws/install/my_pkg/share/my_pkg/scripts/anygrasp_bridging/anygrasp_sdk/grasp_detection/example_data/depth_image_18.png
-- Up-to-date symlink: /home/ani/yc_ws/install/my_pkg/share/my_pkg/scripts/anygrasp_bridging/anygrasp_sdk/grasp_detection/example_data/depth_image_19.png
-- Up-to-date symlink: /home/ani/yc_ws/install/my_pkg/share/my_pkg/scripts/anygrasp_bridging/anygrasp_sdk/grasp_detection/example_data/depth_image_20.png
-- Up-to-date symlink: /home/ani/yc_ws/install/my_pkg/share/my_pkg/scripts/anygrasp_bridging/anygrasp_sdk/grasp_detection/example_data/depth_image_21.png
-- Up-to-date symlink: /home/ani/yc_ws/install/my_pkg/share/my_pkg/scripts/anygrasp_bridging/anygrasp_sdk/grasp_detection/example_data/depth_image_22.png
-- Up-to-date symlink: /home/ani/yc_ws/install/my_pkg/share/my_pkg/scripts/anygrasp_bridging/anygrasp_sdk/grasp_detection/gsnet.so
-- Up-to-date symlink: /home/ani/yc_ws/install/my_pkg/share/my_pkg/scripts/anygrasp_bridging/anygrasp_sdk/grasp_detection/gsnet_versions/gsnet.cpython-310-x86_64-linux-gnu.so
-- Up-to-date symlink: /home/ani/yc_ws/install/my_pkg/share/my_pkg/scripts/anygrasp_bridging/anygrasp_sdk/grasp_detection/gsnet_versions/gsnet.cpython-36m-x86_64-linux-gnu.so
-- Up-to-date symlink: /home/ani/yc_ws/install/my_pkg/share/my_pkg/scripts/anygrasp_bridging/anygrasp_sdk/grasp_detection/gsnet_versions/gsnet.cpython-37m-x86_64-linux-gnu.so
-- Up-to-date symlink: /home/ani/yc_ws/install/my_pkg/share/my_pkg/scripts/anygrasp_bridging/anygrasp_sdk/grasp_detection/gsnet_versions/gsnet.cpython-38-x86_64-linux-gnu.so
-- Up-to-date symlink: /home/ani/yc_ws/install/my_pkg/share/my_pkg/scripts/anygrasp_bridging/anygrasp_sdk/grasp_detection/gsnet_versions/gsnet.cpython-39-x86_64-linux-gnu.so
-- Up-to-date symlink: /home/ani/yc_ws/install/my_pkg/share/my_pkg/scripts/anygrasp_bridging/anygrasp_sdk/grasp_detection/image/3/point_cloud_00.ply
-- Up-to-date symlink: /home/ani/yc_ws/install/my_pkg/share/my_pkg/scripts/anygrasp_bridging/anygrasp_sdk/grasp_detection/image/3/point_cloud_00.png
-- Up-to-date symlink: /home/ani/yc_ws/install/my_pkg/share/my_pkg/scripts/anygrasp_bridging/anygrasp_sdk/grasp_detection/image/3/point_cloud_01.ply
-- Up-to-date symlink: /home/ani/yc_ws/install/my_pkg/share/my_pkg/scripts/anygrasp_bridging/anygrasp_sdk/grasp_detection/image/3/point_cloud_01.png
-- Up-to-date symlink: /home/ani/yc_ws/install/my_pkg/share/my_pkg/scripts/anygrasp_bridging/anygrasp_sdk/grasp_detection/image/3/point_cloud_02.ply
-- Up-to-date symlink: /home/ani/yc_ws/install/my_pkg/share/my_pkg/scripts/anygrasp_bridging/anygrasp_sdk/grasp_detection/image/3/point_cloud_02.png
-- Up-to-date symlink: /home/ani/yc_ws/install/my_pkg/share/my_pkg/scripts/anygrasp_bridging/anygrasp_sdk/grasp_detection/image/3/point_cloud_03.ply
-- Up-to-date symlink: /home/ani/yc_ws/install/my_pkg/share/my_pkg/scripts/anygrasp_bridging/anygrasp_sdk/grasp_detection/image/3/point_cloud_03.png
-- Up-to-date symlink: /home/ani/yc_ws/install/my_pkg/share/my_pkg/scripts/anygrasp_bridging/anygrasp_sdk/grasp_detection/image/3/point_cloud_04.png
-- Up-to-date symlink: /home/ani/yc_ws/install/my_pkg/share/my_pkg/scripts/anygrasp_bridging/anygrasp_sdk/grasp_detection/image/3/point_cloud_05.png
-- Up-to-date symlink: /home/ani/yc_ws/install/my_pkg/share/my_pkg/scripts/anygrasp_bridging/anygrasp_sdk/grasp_detection/image/3/point_cloud_06.png
-- Up-to-date symlink: /home/ani/yc_ws/install/my_pkg/share/my_pkg/scripts/anygrasp_bridging/anygrasp_sdk/grasp_detection/image/3/point_cloud_07.png
-- Up-to-date symlink: /home/ani/yc_ws/install/my_pkg/share/my_pkg/scripts/anygrasp_bridging/anygrasp_sdk/grasp_detection/image/3/point_cloud_08.png
-- Up-to-date symlink: /home/ani/yc_ws/install/my_pkg/share/my_pkg/scripts/anygrasp_bridging/anygrasp_sdk/grasp_detection/image/3/point_cloud_09.png
-- Up-to-date symlink: /home/ani/yc_ws/install/my_pkg/share/my_pkg/scripts/anygrasp_bridging/anygrasp_sdk/grasp_detection/image/3/point_cloud_10.png
-- Up-to-date symlink: /home/ani/yc_ws/install/my_pkg/share/my_pkg/scripts/anygrasp_bridging/anygrasp_sdk/grasp_detection/image/3/point_cloud_11.png
-- Up-to-date symlink: /home/ani/yc_ws/install/my_pkg/share/my_pkg/scripts/anygrasp_bridging/anygrasp_sdk/grasp_detection/image/3/point_cloud_12.png
-- Up-to-date symlink: /home/ani/yc_ws/install/my_pkg/share/my_pkg/scripts/anygrasp_bridging/anygrasp_sdk/grasp_detection/image/3/point_cloud_13.png
-- Up-to-date symlink: /home/ani/yc_ws/install/my_pkg/share/my_pkg/scripts/anygrasp_bridging/anygrasp_sdk/grasp_detection/image/3/point_cloud_14.png
-- Up-to-date symlink: /home/ani/yc_ws/install/my_pkg/share/my_pkg/scripts/anygrasp_bridging/anygrasp_sdk/grasp_detection/image/3/point_cloud_15.png
-- Up-to-date symlink: /home/ani/yc_ws/install/my_pkg/share/my_pkg/scripts/anygrasp_bridging/anygrasp_sdk/grasp_detection/image/3/point_cloud_16.png
-- Up-to-date symlink: /home/ani/yc_ws/install/my_pkg/share/my_pkg/scripts/anygrasp_bridging/anygrasp_sdk/grasp_detection/image/3/point_cloud_17.png
-- Up-to-date symlink: /home/ani/yc_ws/install/my_pkg/share/my_pkg/scripts/anygrasp_bridging/anygrasp_sdk/grasp_detection/image/3/point_cloud_18.png
-- Up-to-date symlink: /home/ani/yc_ws/install/my_pkg/share/my_pkg/scripts/anygrasp_bridging/anygrasp_sdk/grasp_detection/image/3/point_cloud_19.png
-- Up-to-date symlink: /home/ani/yc_ws/install/my_pkg/share/my_pkg/scripts/anygrasp_bridging/anygrasp_sdk/grasp_detection/image/3/point_cloud_20.png
-- Up-to-date symlink: /home/ani/yc_ws/install/my_pkg/share/my_pkg/scripts/anygrasp_bridging/anygrasp_sdk/grasp_detection/image/3/point_cloud_21.png
-- Up-to-date symlink: /home/ani/yc_ws/install/my_pkg/share/my_pkg/scripts/anygrasp_bridging/anygrasp_sdk/grasp_detection/image/3/point_cloud_22.png
-- Up-to-date symlink: /home/ani/yc_ws/install/my_pkg/share/my_pkg/scripts/anygrasp_bridging/anygrasp_sdk/grasp_detection/image/new/6.png
-- Up-to-date symlink: /home/ani/yc_ws/install/my_pkg/share/my_pkg/scripts/anygrasp_bridging/anygrasp_sdk/grasp_detection/image/new/7.png
-- Up-to-date symlink: /home/ani/yc_ws/install/my_pkg/share/my_pkg/scripts/anygrasp_bridging/anygrasp_sdk/grasp_detection/image/new/color.png
-- Up-to-date symlink: /home/ani/yc_ws/install/my_pkg/share/my_pkg/scripts/anygrasp_bridging/anygrasp_sdk/grasp_detection/image/new/color_image_00.png
-- Up-to-date symlink: /home/ani/yc_ws/install/my_pkg/share/my_pkg/scripts/anygrasp_bridging/anygrasp_sdk/grasp_detection/image/new/color_image_0004.png
-- Up-to-date symlink: /home/ani/yc_ws/install/my_pkg/share/my_pkg/scripts/anygrasp_bridging/anygrasp_sdk/grasp_detection/image/new/color_image_06.png
-- Up-to-date symlink: /home/ani/yc_ws/install/my_pkg/share/my_pkg/scripts/anygrasp_bridging/anygrasp_sdk/grasp_detection/image/new/color_image_07.png
-- Up-to-date symlink: /home/ani/yc_ws/install/my_pkg/share/my_pkg/scripts/anygrasp_bridging/anygrasp_sdk/grasp_detection/image/new/color_image_08.png
-- Up-to-date symlink: /home/ani/yc_ws/install/my_pkg/share/my_pkg/scripts/anygrasp_bridging/anygrasp_sdk/grasp_detection/image/new/color_image_09.png
-- Up-to-date symlink: /home/ani/yc_ws/install/my_pkg/share/my_pkg/scripts/anygrasp_bridging/anygrasp_sdk/grasp_detection/image/new/color_image_10.png
-- Up-to-date symlink: /home/ani/yc_ws/install/my_pkg/share/my_pkg/scripts/anygrasp_bridging/anygrasp_sdk/grasp_detection/image/new/color_image_11.png
-- Up-to-date symlink: /home/ani/yc_ws/install/my_pkg/share/my_pkg/scripts/anygrasp_bridging/anygrasp_sdk/grasp_detection/image/new/color_image_19.png
-- Up-to-date symlink: /home/ani/yc_ws/install/my_pkg/share/my_pkg/scripts/anygrasp_bridging/anygrasp_sdk/grasp_detection/image/new/color_image_50.png
-- Up-to-date symlink: /home/ani/yc_ws/install/my_pkg/share/my_pkg/scripts/anygrasp_bridging/anygrasp_sdk/grasp_detection/image/new/depth.png
-- Up-to-date symlink: /home/ani/yc_ws/install/my_pkg/share/my_pkg/scripts/anygrasp_bridging/anygrasp_sdk/grasp_detection/image/new/depth_image_00.png
-- Up-to-date symlink: /home/ani/yc_ws/install/my_pkg/share/my_pkg/scripts/anygrasp_bridging/anygrasp_sdk/grasp_detection/image/new/depth_image_0004.png
-- Up-to-date symlink: /home/ani/yc_ws/install/my_pkg/share/my_pkg/scripts/anygrasp_bridging/anygrasp_sdk/grasp_detection/image/new/depth_image_06.png
-- Up-to-date symlink: /home/ani/yc_ws/install/my_pkg/share/my_pkg/scripts/anygrasp_bridging/anygrasp_sdk/grasp_detection/image/new/depth_image_07.png
-- Up-to-date symlink: /home/ani/yc_ws/install/my_pkg/share/my_pkg/scripts/anygrasp_bridging/anygrasp_sdk/grasp_detection/image/new/depth_image_08.png
-- Up-to-date symlink: /home/ani/yc_ws/install/my_pkg/share/my_pkg/scripts/anygrasp_bridging/anygrasp_sdk/grasp_detection/image/new/depth_image_09.png
-- Up-to-date symlink: /home/ani/yc_ws/install/my_pkg/share/my_pkg/scripts/anygrasp_bridging/anygrasp_sdk/grasp_detection/image/new/depth_image_10.png
-- Up-to-date symlink: /home/ani/yc_ws/install/my_pkg/share/my_pkg/scripts/anygrasp_bridging/anygrasp_sdk/grasp_detection/image/new/depth_image_11.png
-- Up-to-date symlink: /home/ani/yc_ws/install/my_pkg/share/my_pkg/scripts/anygrasp_bridging/anygrasp_sdk/grasp_detection/image/new/depth_image_19.png
-- Up-to-date symlink: /home/ani/yc_ws/install/my_pkg/share/my_pkg/scripts/anygrasp_bridging/anygrasp_sdk/grasp_detection/image/new/depth_image_50.png
-- Up-to-date symlink: /home/ani/yc_ws/install/my_pkg/share/my_pkg/scripts/anygrasp_bridging/anygrasp_sdk/grasp_detection/image/new/point_cloud_00.png
-- Up-to-date symlink: /home/ani/yc_ws/install/my_pkg/share/my_pkg/scripts/anygrasp_bridging/anygrasp_sdk/grasp_detection/image/new/point_cloud_01.png
-- Up-to-date symlink: /home/ani/yc_ws/install/my_pkg/share/my_pkg/scripts/anygrasp_bridging/anygrasp_sdk/grasp_detection/image/new/point_cloud_02.png
-- Up-to-date symlink: /home/ani/yc_ws/install/my_pkg/share/my_pkg/scripts/anygrasp_bridging/anygrasp_sdk/grasp_detection/image/new/point_cloud_03.png
-- Up-to-date symlink: /home/ani/yc_ws/install/my_pkg/share/my_pkg/scripts/anygrasp_bridging/anygrasp_sdk/grasp_detection/image/new/point_cloud_04.png
-- Up-to-date symlink: /home/ani/yc_ws/install/my_pkg/share/my_pkg/scripts/anygrasp_bridging/anygrasp_sdk/grasp_detection/image/new/point_cloud_05.png
-- Up-to-date symlink: /home/ani/yc_ws/install/my_pkg/share/my_pkg/scripts/anygrasp_bridging/anygrasp_sdk/grasp_detection/image/new/point_cloud_06.png
-- Up-to-date symlink: /home/ani/yc_ws/install/my_pkg/share/my_pkg/scripts/anygrasp_bridging/anygrasp_sdk/grasp_detection/image/new/point_cloud_07.png
-- Up-to-date symlink: /home/ani/yc_ws/install/my_pkg/share/my_pkg/scripts/anygrasp_bridging/anygrasp_sdk/grasp_detection/image/new/point_cloud_08.png
-- Up-to-date symlink: /home/ani/yc_ws/install/my_pkg/share/my_pkg/scripts/anygrasp_bridging/anygrasp_sdk/grasp_detection/image/new/point_cloud_09.png
-- Up-to-date symlink: /home/ani/yc_ws/install/my_pkg/share/my_pkg/scripts/anygrasp_bridging/anygrasp_sdk/grasp_detection/image/new/point_cloud_10.png
-- Up-to-date symlink: /home/ani/yc_ws/install/my_pkg/share/my_pkg/scripts/anygrasp_bridging/anygrasp_sdk/grasp_detection/image/new/point_cloud_11.png
-- Up-to-date symlink: /home/ani/yc_ws/install/my_pkg/share/my_pkg/scripts/anygrasp_bridging/anygrasp_sdk/grasp_detection/image/new/point_cloud_12.png
-- Up-to-date symlink: /home/ani/yc_ws/install/my_pkg/share/my_pkg/scripts/anygrasp_bridging/anygrasp_sdk/grasp_detection/image/new/point_cloud_13.png
-- Up-to-date symlink: /home/ani/yc_ws/install/my_pkg/share/my_pkg/scripts/anygrasp_bridging/anygrasp_sdk/grasp_detection/image/new/point_cloud_14.png
-- Up-to-date symlink: /home/ani/yc_ws/install/my_pkg/share/my_pkg/scripts/anygrasp_bridging/anygrasp_sdk/grasp_detection/image/new/point_cloud_15.png
-- Up-to-date symlink: /home/ani/yc_ws/install/my_pkg/share/my_pkg/scripts/anygrasp_bridging/anygrasp_sdk/grasp_detection/image/output_images/point_cloud_00.ply
-- Up-to-date symlink: /home/ani/yc_ws/install/my_pkg/share/my_pkg/scripts/anygrasp_bridging/anygrasp_sdk/grasp_detection/image/output_images/point_cloud_00.png
-- Up-to-date symlink: /home/ani/yc_ws/install/my_pkg/share/my_pkg/scripts/anygrasp_bridging/anygrasp_sdk/grasp_detection/image/output_images/point_cloud_01.ply
-- Up-to-date symlink: /home/ani/yc_ws/install/my_pkg/share/my_pkg/scripts/anygrasp_bridging/anygrasp_sdk/grasp_detection/image/output_images/point_cloud_01.png
-- Up-to-date symlink: /home/ani/yc_ws/install/my_pkg/share/my_pkg/scripts/anygrasp_bridging/anygrasp_sdk/grasp_detection/image/output_images/point_cloud_02.ply
-- Up-to-date symlink: /home/ani/yc_ws/install/my_pkg/share/my_pkg/scripts/anygrasp_bridging/anygrasp_sdk/grasp_detection/image/output_images/point_cloud_02.png
-- Up-to-date symlink: /home/ani/yc_ws/install/my_pkg/share/my_pkg/scripts/anygrasp_bridging/anygrasp_sdk/grasp_detection/image/output_images/point_cloud_03.ply
-- Up-to-date symlink: /home/ani/yc_ws/install/my_pkg/share/my_pkg/scripts/anygrasp_bridging/anygrasp_sdk/grasp_detection/image/output_images/point_cloud_03.png
-- Up-to-date symlink: /home/ani/yc_ws/install/my_pkg/share/my_pkg/scripts/anygrasp_bridging/anygrasp_sdk/grasp_detection/image/output_images/point_cloud_04.png
-- Up-to-date symlink: /home/ani/yc_ws/install/my_pkg/share/my_pkg/scripts/anygrasp_bridging/anygrasp_sdk/grasp_detection/image/output_images/point_cloud_05.png
-- Up-to-date symlink: /home/ani/yc_ws/install/my_pkg/share/my_pkg/scripts/anygrasp_bridging/anygrasp_sdk/grasp_detection/image/output_images/point_cloud_06.png
-- Up-to-date symlink: /home/ani/yc_ws/install/my_pkg/share/my_pkg/scripts/anygrasp_bridging/anygrasp_sdk/grasp_detection/image/output_images/point_cloud_07.png
-- Up-to-date symlink: /home/ani/yc_ws/install/my_pkg/share/my_pkg/scripts/anygrasp_bridging/anygrasp_sdk/grasp_detection/image/output_images/point_cloud_08.png
-- Up-to-date symlink: /home/ani/yc_ws/install/my_pkg/share/my_pkg/scripts/anygrasp_bridging/anygrasp_sdk/grasp_detection/image/output_images/point_cloud_09.png
-- Up-to-date symlink: /home/ani/yc_ws/install/my_pkg/share/my_pkg/scripts/anygrasp_bridging/anygrasp_sdk/grasp_detection/image/output_images/point_cloud_10.png
-- Up-to-date symlink: /home/ani/yc_ws/install/my_pkg/share/my_pkg/scripts/anygrasp_bridging/anygrasp_sdk/grasp_detection/image/output_images/point_cloud_11.png
-- Up-to-date symlink: /home/ani/yc_ws/install/my_pkg/share/my_pkg/scripts/anygrasp_bridging/anygrasp_sdk/grasp_detection/image/output_images/point_cloud_12.png
-- Up-to-date symlink: /home/ani/yc_ws/install/my_pkg/share/my_pkg/scripts/anygrasp_bridging/anygrasp_sdk/grasp_detection/image/output_images/point_cloud_13.png
-- Up-to-date symlink: /home/ani/yc_ws/install/my_pkg/share/my_pkg/scripts/anygrasp_bridging/anygrasp_sdk/grasp_detection/image/output_images/point_cloud_14.png
-- Up-to-date symlink: /home/ani/yc_ws/install/my_pkg/share/my_pkg/scripts/anygrasp_bridging/anygrasp_sdk/grasp_detection/image/output_images/point_cloud_15.png
-- Up-to-date symlink: /home/ani/yc_ws/install/my_pkg/share/my_pkg/scripts/anygrasp_bridging/anygrasp_sdk/grasp_detection/image/output_images/point_cloud_16.png
-- Up-to-date symlink: /home/ani/yc_ws/install/my_pkg/share/my_pkg/scripts/anygrasp_bridging/anygrasp_sdk/grasp_detection/image/output_images/point_cloud_17.png
-- Up-to-date symlink: /home/ani/yc_ws/install/my_pkg/share/my_pkg/scripts/anygrasp_bridging/anygrasp_sdk/grasp_detection/image/output_images/point_cloud_18.png
-- Up-to-date symlink: /home/ani/yc_ws/install/my_pkg/share/my_pkg/scripts/anygrasp_bridging/anygrasp_sdk/grasp_detection/image/output_images/point_cloud_19.png
-- Up-to-date symlink: /home/ani/yc_ws/install/my_pkg/share/my_pkg/scripts/anygrasp_bridging/anygrasp_sdk/grasp_detection/image/output_images/point_cloud_20.png
-- Up-to-date symlink: /home/ani/yc_ws/install/my_pkg/share/my_pkg/scripts/anygrasp_bridging/anygrasp_sdk/grasp_detection/image/output_images/point_cloud_21.png
-- Up-to-date symlink: /home/ani/yc_ws/install/my_pkg/share/my_pkg/scripts/anygrasp_bridging/anygrasp_sdk/grasp_detection/image/output_images/point_cloud_22.png
-- Up-to-date symlink: /home/ani/yc_ws/install/my_pkg/share/my_pkg/scripts/anygrasp_bridging/anygrasp_sdk/grasp_detection/image/output_images10/point_cloud_00.png
-- Up-to-date symlink: /home/ani/yc_ws/install/my_pkg/share/my_pkg/scripts/anygrasp_bridging/anygrasp_sdk/grasp_detection/image/output_images10/point_cloud_01.png
-- Up-to-date symlink: /home/ani/yc_ws/install/my_pkg/share/my_pkg/scripts/anygrasp_bridging/anygrasp_sdk/grasp_detection/image/output_images10/point_cloud_02.png
-- Up-to-date symlink: /home/ani/yc_ws/install/my_pkg/share/my_pkg/scripts/anygrasp_bridging/anygrasp_sdk/grasp_detection/image/output_images10/point_cloud_03.png
-- Up-to-date symlink: /home/ani/yc_ws/install/my_pkg/share/my_pkg/scripts/anygrasp_bridging/anygrasp_sdk/grasp_detection/image/output_images10/point_cloud_04.png
-- Up-to-date symlink: /home/ani/yc_ws/install/my_pkg/share/my_pkg/scripts/anygrasp_bridging/anygrasp_sdk/grasp_detection/image/output_images10/point_cloud_05.png
-- Up-to-date symlink: /home/ani/yc_ws/install/my_pkg/share/my_pkg/scripts/anygrasp_bridging/anygrasp_sdk/grasp_detection/image/output_images10/point_cloud_06.png
-- Up-to-date symlink: /home/ani/yc_ws/install/my_pkg/share/my_pkg/scripts/anygrasp_bridging/anygrasp_sdk/grasp_detection/image/output_images10/point_cloud_07.png
-- Up-to-date symlink: /home/ani/yc_ws/install/my_pkg/share/my_pkg/scripts/anygrasp_bridging/anygrasp_sdk/grasp_detection/image/output_images10/point_cloud_08.png
-- Up-to-date symlink: /home/ani/yc_ws/install/my_pkg/share/my_pkg/scripts/anygrasp_bridging/anygrasp_sdk/grasp_detection/image/output_images10/point_cloud_09.png
-- Up-to-date symlink: /home/ani/yc_ws/install/my_pkg/share/my_pkg/scripts/anygrasp_bridging/anygrasp_sdk/grasp_detection/image/output_images10/point_cloud_10.png
-- Up-to-date symlink: /home/ani/yc_ws/install/my_pkg/share/my_pkg/scripts/anygrasp_bridging/anygrasp_sdk/grasp_detection/image/output_images10/point_cloud_11.png
-- Up-to-date symlink: /home/ani/yc_ws/install/my_pkg/share/my_pkg/scripts/anygrasp_bridging/anygrasp_sdk/grasp_detection/image/output_images10/point_cloud_12.png
-- Up-to-date symlink: /home/ani/yc_ws/install/my_pkg/share/my_pkg/scripts/anygrasp_bridging/anygrasp_sdk/grasp_detection/image/output_images10/point_cloud_13.png
-- Up-to-date symlink: /home/ani/yc_ws/install/my_pkg/share/my_pkg/scripts/anygrasp_bridging/anygrasp_sdk/grasp_detection/image/output_images10/point_cloud_14.png
-- Up-to-date symlink: /home/ani/yc_ws/install/my_pkg/share/my_pkg/scripts/anygrasp_bridging/anygrasp_sdk/grasp_detection/image/output_images10/point_cloud_15.png
-- Up-to-date symlink: /home/ani/yc_ws/install/my_pkg/share/my_pkg/scripts/anygrasp_bridging/anygrasp_sdk/grasp_detection/image/output_images10/point_cloud_16.png
-- Up-to-date symlink: /home/ani/yc_ws/install/my_pkg/share/my_pkg/scripts/anygrasp_bridging/anygrasp_sdk/grasp_detection/image/output_images10/point_cloud_17.png
-- Up-to-date symlink: /home/ani/yc_ws/install/my_pkg/share/my_pkg/scripts/anygrasp_bridging/anygrasp_sdk/grasp_detection/image/output_images10/point_cloud_18.png
-- Up-to-date symlink: /home/ani/yc_ws/install/my_pkg/share/my_pkg/scripts/anygrasp_bridging/anygrasp_sdk/grasp_detection/image/output_images10/point_cloud_19.png
-- Up-to-date symlink: /home/ani/yc_ws/install/my_pkg/share/my_pkg/scripts/anygrasp_bridging/anygrasp_sdk/grasp_detection/image/output_images10/point_cloud_20.png
-- Up-to-date symlink: /home/ani/yc_ws/install/my_pkg/share/my_pkg/scripts/anygrasp_bridging/anygrasp_sdk/grasp_detection/image/output_images10/point_cloud_21.png
-- Up-to-date symlink: /home/ani/yc_ws/install/my_pkg/share/my_pkg/scripts/anygrasp_bridging/anygrasp_sdk/grasp_detection/image/output_images10/point_cloud_22.png
-- Up-to-date symlink: /home/ani/yc_ws/install/my_pkg/share/my_pkg/scripts/anygrasp_bridging/anygrasp_sdk/grasp_detection/image/output_images11/point_cloud_00.png
-- Up-to-date symlink: /home/ani/yc_ws/install/my_pkg/share/my_pkg/scripts/anygrasp_bridging/anygrasp_sdk/grasp_detection/image/output_images11/point_cloud_01.png
-- Up-to-date symlink: /home/ani/yc_ws/install/my_pkg/share/my_pkg/scripts/anygrasp_bridging/anygrasp_sdk/grasp_detection/image/output_images11/point_cloud_02.png
-- Up-to-date symlink: /home/ani/yc_ws/install/my_pkg/share/my_pkg/scripts/anygrasp_bridging/anygrasp_sdk/grasp_detection/image/output_images11/point_cloud_03.png
-- Up-to-date symlink: /home/ani/yc_ws/install/my_pkg/share/my_pkg/scripts/anygrasp_bridging/anygrasp_sdk/grasp_detection/image/output_images11/point_cloud_04.png
-- Up-to-date symlink: /home/ani/yc_ws/install/my_pkg/share/my_pkg/scripts/anygrasp_bridging/anygrasp_sdk/grasp_detection/image/output_images11/point_cloud_05.png
-- Up-to-date symlink: /home/ani/yc_ws/install/my_pkg/share/my_pkg/scripts/anygrasp_bridging/anygrasp_sdk/grasp_detection/image/output_images11/point_cloud_06.png
-- Up-to-date symlink: /home/ani/yc_ws/install/my_pkg/share/my_pkg/scripts/anygrasp_bridging/anygrasp_sdk/grasp_detection/image/output_images11/point_cloud_07.png
-- Up-to-date symlink: /home/ani/yc_ws/install/my_pkg/share/my_pkg/scripts/anygrasp_bridging/anygrasp_sdk/grasp_detection/image/output_images11/point_cloud_08.png
-- Up-to-date symlink: /home/ani/yc_ws/install/my_pkg/share/my_pkg/scripts/anygrasp_bridging/anygrasp_sdk/grasp_detection/image/output_images11/point_cloud_09.png
-- Up-to-date symlink: /home/ani/yc_ws/install/my_pkg/share/my_pkg/scripts/anygrasp_bridging/anygrasp_sdk/grasp_detection/image/output_images11/point_cloud_10.png
-- Up-to-date symlink: /home/ani/yc_ws/install/my_pkg/share/my_pkg/scripts/anygrasp_bridging/anygrasp_sdk/grasp_detection/image/output_images11/point_cloud_11.png
-- Up-to-date symlink: /home/ani/yc_ws/install/my_pkg/share/my_pkg/scripts/anygrasp_bridging/anygrasp_sdk/grasp_detection/image/output_images11/point_cloud_12.png
-- Up-to-date symlink: /home/ani/yc_ws/install/my_pkg/share/my_pkg/scripts/anygrasp_bridging/anygrasp_sdk/grasp_detection/image/output_images11/point_cloud_13.png
-- Up-to-date symlink: /home/ani/yc_ws/install/my_pkg/share/my_pkg/scripts/anygrasp_bridging/anygrasp_sdk/grasp_detection/image/output_images11/point_cloud_14.png
-- Up-to-date symlink: /home/ani/yc_ws/install/my_pkg/share/my_pkg/scripts/anygrasp_bridging/anygrasp_sdk/grasp_detection/image/output_images11/point_cloud_15.png
-- Up-to-date symlink: /home/ani/yc_ws/install/my_pkg/share/my_pkg/scripts/anygrasp_bridging/anygrasp_sdk/grasp_detection/image/output_images11/point_cloud_16.png
-- Up-to-date symlink: /home/ani/yc_ws/install/my_pkg/share/my_pkg/scripts/anygrasp_bridging/anygrasp_sdk/grasp_detection/image/output_images11/point_cloud_17.png
-- Up-to-date symlink: /home/ani/yc_ws/install/my_pkg/share/my_pkg/scripts/anygrasp_bridging/anygrasp_sdk/grasp_detection/image/output_images11/point_cloud_18.png
-- Up-to-date symlink: /home/ani/yc_ws/install/my_pkg/share/my_pkg/scripts/anygrasp_bridging/anygrasp_sdk/grasp_detection/image/output_images11/point_cloud_19.png
-- Up-to-date symlink: /home/ani/yc_ws/install/my_pkg/share/my_pkg/scripts/anygrasp_bridging/anygrasp_sdk/grasp_detection/image/output_images11/point_cloud_20.png
-- Up-to-date symlink: /home/ani/yc_ws/install/my_pkg/share/my_pkg/scripts/anygrasp_bridging/anygrasp_sdk/grasp_detection/image/output_images11/point_cloud_21.png
-- Up-to-date symlink: /home/ani/yc_ws/install/my_pkg/share/my_pkg/scripts/anygrasp_bridging/anygrasp_sdk/grasp_detection/image/output_images11/point_cloud_22.png
-- Up-to-date symlink: /home/ani/yc_ws/install/my_pkg/share/my_pkg/scripts/anygrasp_bridging/anygrasp_sdk/grasp_detection/image/output_images12/point_cloud_00.png
-- Up-to-date symlink: /home/ani/yc_ws/install/my_pkg/share/my_pkg/scripts/anygrasp_bridging/anygrasp_sdk/grasp_detection/image/output_images12/point_cloud_01.png
-- Up-to-date symlink: /home/ani/yc_ws/install/my_pkg/share/my_pkg/scripts/anygrasp_bridging/anygrasp_sdk/grasp_detection/image/output_images12/point_cloud_02.png
-- Up-to-date symlink: /home/ani/yc_ws/install/my_pkg/share/my_pkg/scripts/anygrasp_bridging/anygrasp_sdk/grasp_detection/image/output_images12/point_cloud_03.png
-- Up-to-date symlink: /home/ani/yc_ws/install/my_pkg/share/my_pkg/scripts/anygrasp_bridging/anygrasp_sdk/grasp_detection/image/output_images4/point_cloud_00.ply
-- Up-to-date symlink: /home/ani/yc_ws/install/my_pkg/share/my_pkg/scripts/anygrasp_bridging/anygrasp_sdk/grasp_detection/image/output_images4/point_cloud_00.png
-- Up-to-date symlink: /home/ani/yc_ws/install/my_pkg/share/my_pkg/scripts/anygrasp_bridging/anygrasp_sdk/grasp_detection/image/output_images6/point_cloud_00.png
-- Up-to-date symlink: /home/ani/yc_ws/install/my_pkg/share/my_pkg/scripts/anygrasp_bridging/anygrasp_sdk/grasp_detection/image/output_images6/point_cloud_01.png
-- Up-to-date symlink: /home/ani/yc_ws/install/my_pkg/share/my_pkg/scripts/anygrasp_bridging/anygrasp_sdk/grasp_detection/image/output_images6/point_cloud_02.png
-- Up-to-date symlink: /home/ani/yc_ws/install/my_pkg/share/my_pkg/scripts/anygrasp_bridging/anygrasp_sdk/grasp_detection/image/output_images6/point_cloud_03.png
-- Up-to-date symlink: /home/ani/yc_ws/install/my_pkg/share/my_pkg/scripts/anygrasp_bridging/anygrasp_sdk/grasp_detection/image/output_images6/point_cloud_04.png
-- Up-to-date symlink: /home/ani/yc_ws/install/my_pkg/share/my_pkg/scripts/anygrasp_bridging/anygrasp_sdk/grasp_detection/image/output_images7/point_cloud_00.png
-- Up-to-date symlink: /home/ani/yc_ws/install/my_pkg/share/my_pkg/scripts/anygrasp_bridging/anygrasp_sdk/grasp_detection/image/output_images7/point_cloud_01.png
-- Up-to-date symlink: /home/ani/yc_ws/install/my_pkg/share/my_pkg/scripts/anygrasp_bridging/anygrasp_sdk/grasp_detection/image/output_images7/point_cloud_02.png
-- Up-to-date symlink: /home/ani/yc_ws/install/my_pkg/share/my_pkg/scripts/anygrasp_bridging/anygrasp_sdk/grasp_detection/image/output_images7/point_cloud_03.png
-- Up-to-date symlink: /home/ani/yc_ws/install/my_pkg/share/my_pkg/scripts/anygrasp_bridging/anygrasp_sdk/grasp_detection/image/output_images7/point_cloud_04.png
-- Up-to-date symlink: /home/ani/yc_ws/install/my_pkg/share/my_pkg/scripts/anygrasp_bridging/anygrasp_sdk/grasp_detection/image/output_images7/point_cloud_05.png
-- Up-to-date symlink: /home/ani/yc_ws/install/my_pkg/share/my_pkg/scripts/anygrasp_bridging/anygrasp_sdk/grasp_detection/image/output_images7/point_cloud_06.png
-- Up-to-date symlink: /home/ani/yc_ws/install/my_pkg/share/my_pkg/scripts/anygrasp_bridging/anygrasp_sdk/grasp_detection/image/output_images7/point_cloud_07.png
-- Up-to-date symlink: /home/ani/yc_ws/install/my_pkg/share/my_pkg/scripts/anygrasp_bridging/anygrasp_sdk/grasp_detection/image/output_images7/point_cloud_08.png
-- Up-to-date symlink: /home/ani/yc_ws/install/my_pkg/share/my_pkg/scripts/anygrasp_bridging/anygrasp_sdk/grasp_detection/image/output_images7/point_cloud_09.png
-- Up-to-date symlink: /home/ani/yc_ws/install/my_pkg/share/my_pkg/scripts/anygrasp_bridging/anygrasp_sdk/grasp_detection/image/output_images7/point_cloud_10.png
-- Up-to-date symlink: /home/ani/yc_ws/install/my_pkg/share/my_pkg/scripts/anygrasp_bridging/anygrasp_sdk/grasp_detection/image/output_images7/point_cloud_11.png
-- Up-to-date symlink: /home/ani/yc_ws/install/my_pkg/share/my_pkg/scripts/anygrasp_bridging/anygrasp_sdk/grasp_detection/image/output_images7/point_cloud_12.png
-- Up-to-date symlink: /home/ani/yc_ws/install/my_pkg/share/my_pkg/scripts/anygrasp_bridging/anygrasp_sdk/grasp_detection/image/output_images7/point_cloud_13.png
-- Up-to-date symlink: /home/ani/yc_ws/install/my_pkg/share/my_pkg/scripts/anygrasp_bridging/anygrasp_sdk/grasp_detection/image/output_images7/point_cloud_14.png
-- Up-to-date symlink: /home/ani/yc_ws/install/my_pkg/share/my_pkg/scripts/anygrasp_bridging/anygrasp_sdk/grasp_detection/image/output_images7/point_cloud_15.png
-- Up-to-date symlink: /home/ani/yc_ws/install/my_pkg/share/my_pkg/scripts/anygrasp_bridging/anygrasp_sdk/grasp_detection/image/output_images7/point_cloud_16.png
-- Up-to-date symlink: /home/ani/yc_ws/install/my_pkg/share/my_pkg/scripts/anygrasp_bridging/anygrasp_sdk/grasp_detection/image/output_images7/point_cloud_17.png
-- Up-to-date symlink: /home/ani/yc_ws/install/my_pkg/share/my_pkg/scripts/anygrasp_bridging/anygrasp_sdk/grasp_detection/image/output_images7/point_cloud_18.png
-- Up-to-date symlink: /home/ani/yc_ws/install/my_pkg/share/my_pkg/scripts/anygrasp_bridging/anygrasp_sdk/grasp_detection/image/output_images7/point_cloud_19.png
-- Up-to-date symlink: /home/ani/yc_ws/install/my_pkg/share/my_pkg/scripts/anygrasp_bridging/anygrasp_sdk/grasp_detection/image/output_images7/point_cloud_20.png
-- Up-to-date symlink: /home/ani/yc_ws/install/my_pkg/share/my_pkg/scripts/anygrasp_bridging/anygrasp_sdk/grasp_detection/image/output_images7/point_cloud_21.png
-- Up-to-date symlink: /home/ani/yc_ws/install/my_pkg/share/my_pkg/scripts/anygrasp_bridging/anygrasp_sdk/grasp_detection/image/output_images7/point_cloud_22.png
-- Up-to-date symlink: /home/ani/yc_ws/install/my_pkg/share/my_pkg/scripts/anygrasp_bridging/anygrasp_sdk/grasp_detection/image/output_images8/point_cloud_00.png
-- Up-to-date symlink: /home/ani/yc_ws/install/my_pkg/share/my_pkg/scripts/anygrasp_bridging/anygrasp_sdk/grasp_detection/image/output_images8/point_cloud_01.png
-- Up-to-date symlink: /home/ani/yc_ws/install/my_pkg/share/my_pkg/scripts/anygrasp_bridging/anygrasp_sdk/grasp_detection/image/output_imagesFInal/point_cloud_00.png
-- Up-to-date symlink: /home/ani/yc_ws/install/my_pkg/share/my_pkg/scripts/anygrasp_bridging/anygrasp_sdk/grasp_detection/image/output_imagesFInal/point_cloud_01.png
-- Up-to-date symlink: /home/ani/yc_ws/install/my_pkg/share/my_pkg/scripts/anygrasp_bridging/anygrasp_sdk/grasp_detection/image/output_imagesFInal/point_cloud_02.png
-- Up-to-date symlink: /home/ani/yc_ws/install/my_pkg/share/my_pkg/scripts/anygrasp_bridging/anygrasp_sdk/grasp_detection/image/output_imagesFInal/point_cloud_03.png
-- Up-to-date symlink: /home/ani/yc_ws/install/my_pkg/share/my_pkg/scripts/anygrasp_bridging/anygrasp_sdk/grasp_detection/image/output_imagesFInal/point_cloud_04.png
-- Up-to-date symlink: /home/ani/yc_ws/install/my_pkg/share/my_pkg/scripts/anygrasp_bridging/anygrasp_sdk/grasp_detection/image/output_imagesFInal/point_cloud_05.png
-- Up-to-date symlink: /home/ani/yc_ws/install/my_pkg/share/my_pkg/scripts/anygrasp_bridging/anygrasp_sdk/grasp_detection/image/output_imagesFInal/point_cloud_06.png
-- Up-to-date symlink: /home/ani/yc_ws/install/my_pkg/share/my_pkg/scripts/anygrasp_bridging/anygrasp_sdk/grasp_detection/image/output_imagesFInal/point_cloud_07.png
-- Up-to-date symlink: /home/ani/yc_ws/install/my_pkg/share/my_pkg/scripts/anygrasp_bridging/anygrasp_sdk/grasp_detection/image/output_imagesFInal/point_cloud_08.png
-- Up-to-date symlink: /home/ani/yc_ws/install/my_pkg/share/my_pkg/scripts/anygrasp_bridging/anygrasp_sdk/grasp_detection/image/output_imagesFInal/point_cloud_09.png
-- Up-to-date symlink: /home/ani/yc_ws/install/my_pkg/share/my_pkg/scripts/anygrasp_bridging/anygrasp_sdk/grasp_detection/image/output_imagesFInal/point_cloud_10.png
-- Up-to-date symlink: /home/ani/yc_ws/install/my_pkg/share/my_pkg/scripts/anygrasp_bridging/anygrasp_sdk/grasp_detection/image/output_imagesFInal/point_cloud_11.png
-- Up-to-date symlink: /home/ani/yc_ws/install/my_pkg/share/my_pkg/scripts/anygrasp_bridging/anygrasp_sdk/grasp_detection/image/output_imagesFInal/point_cloud_12.png
-- Up-to-date symlink: /home/ani/yc_ws/install/my_pkg/share/my_pkg/scripts/anygrasp_bridging/anygrasp_sdk/grasp_detection/image/output_imagesFInal/point_cloud_13.png
-- Up-to-date symlink: /home/ani/yc_ws/install/my_pkg/share/my_pkg/scripts/anygrasp_bridging/anygrasp_sdk/grasp_detection/image/output_imagesFInal/point_cloud_14.png
-- Up-to-date symlink: /home/ani/yc_ws/install/my_pkg/share/my_pkg/scripts/anygrasp_bridging/anygrasp_sdk/grasp_detection/image/output_imagesFInal/point_cloud_15.png
-- Up-to-date symlink: /home/ani/yc_ws/install/my_pkg/share/my_pkg/scripts/anygrasp_bridging/anygrasp_sdk/grasp_detection/image/output_imagesFInal/point_cloud_16.png
-- Up-to-date symlink: /home/ani/yc_ws/install/my_pkg/share/my_pkg/scripts/anygrasp_bridging/anygrasp_sdk/grasp_detection/image/output_imagesFInal/point_cloud_17.png
-- Up-to-date symlink: /home/ani/yc_ws/install/my_pkg/share/my_pkg/scripts/anygrasp_bridging/anygrasp_sdk/grasp_detection/image/output_imagesFInal/point_cloud_18.png
-- Up-to-date symlink: /home/ani/yc_ws/install/my_pkg/share/my_pkg/scripts/anygrasp_bridging/anygrasp_sdk/grasp_detection/image/output_imagesFInal/point_cloud_19.png
-- Up-to-date symlink: /home/ani/yc_ws/install/my_pkg/share/my_pkg/scripts/anygrasp_bridging/anygrasp_sdk/grasp_detection/image/output_imagesFInal/point_cloud_20.png
-- Up-to-date symlink: /home/ani/yc_ws/install/my_pkg/share/my_pkg/scripts/anygrasp_bridging/anygrasp_sdk/grasp_detection/image/output_imagesFInal/point_cloud_21.png
-- Up-to-date symlink: /home/ani/yc_ws/install/my_pkg/share/my_pkg/scripts/anygrasp_bridging/anygrasp_sdk/grasp_detection/image/output_imagesFInal/point_cloud_22.png
-- Up-to-date symlink: /home/ani/yc_ws/install/my_pkg/share/my_pkg/scripts/anygrasp_bridging/anygrasp_sdk/grasp_detection/image/output_imagesFInal2/point_cloud_00.png
-- Up-to-date symlink: /home/ani/yc_ws/install/my_pkg/share/my_pkg/scripts/anygrasp_bridging/anygrasp_sdk/grasp_detection/image/output_imagesFInal2/point_cloud_01.png
-- Up-to-date symlink: /home/ani/yc_ws/install/my_pkg/share/my_pkg/scripts/anygrasp_bridging/anygrasp_sdk/grasp_detection/image/output_imagesFInal2/point_cloud_02.png
-- Up-to-date symlink: /home/ani/yc_ws/install/my_pkg/share/my_pkg/scripts/anygrasp_bridging/anygrasp_sdk/grasp_detection/image/output_imagesFInal2/point_cloud_03.png
-- Up-to-date symlink: /home/ani/yc_ws/install/my_pkg/share/my_pkg/scripts/anygrasp_bridging/anygrasp_sdk/grasp_detection/image/output_imagesFInal2/point_cloud_04.png
-- Up-to-date symlink: /home/ani/yc_ws/install/my_pkg/share/my_pkg/scripts/anygrasp_bridging/anygrasp_sdk/grasp_detection/image/output_imagesFInal2/point_cloud_05.png
-- Up-to-date symlink: /home/ani/yc_ws/install/my_pkg/share/my_pkg/scripts/anygrasp_bridging/anygrasp_sdk/grasp_detection/image/output_imagesFInal2/point_cloud_06.png
-- Up-to-date symlink: /home/ani/yc_ws/install/my_pkg/share/my_pkg/scripts/anygrasp_bridging/anygrasp_sdk/grasp_detection/image/output_imagesFInal2/point_cloud_07.png
-- Up-to-date symlink: /home/ani/yc_ws/install/my_pkg/share/my_pkg/scripts/anygrasp_bridging/anygrasp_sdk/grasp_detection/image/output_imagesFInal2/point_cloud_08.png
-- Up-to-date symlink: /home/ani/yc_ws/install/my_pkg/share/my_pkg/scripts/anygrasp_bridging/anygrasp_sdk/grasp_detection/image/output_imagesFInal2/point_cloud_09.png
-- Up-to-date symlink: /home/ani/yc_ws/install/my_pkg/share/my_pkg/scripts/anygrasp_bridging/anygrasp_sdk/grasp_detection/image/output_imagesFInal2/point_cloud_10.png
-- Up-to-date symlink: /home/ani/yc_ws/install/my_pkg/share/my_pkg/scripts/anygrasp_bridging/anygrasp_sdk/grasp_detection/image/output_imagesFInal2/point_cloud_11.png
-- Up-to-date symlink: /home/ani/yc_ws/install/my_pkg/share/my_pkg/scripts/anygrasp_bridging/anygrasp_sdk/grasp_detection/image/output_imagesFInal2/point_cloud_12.png
-- Up-to-date symlink: /home/ani/yc_ws/install/my_pkg/share/my_pkg/scripts/anygrasp_bridging/anygrasp_sdk/grasp_detection/image/output_imagesFInal2/point_cloud_13.png
-- Up-to-date symlink: /home/ani/yc_ws/install/my_pkg/share/my_pkg/scripts/anygrasp_bridging/anygrasp_sdk/grasp_detection/image/output_imagesFInal2/point_cloud_14.png
-- Up-to-date symlink: /home/ani/yc_ws/install/my_pkg/share/my_pkg/scripts/anygrasp_bridging/anygrasp_sdk/grasp_detection/image/output_imagesFInal2/point_cloud_15.png
-- Up-to-date symlink: /home/ani/yc_ws/install/my_pkg/share/my_pkg/scripts/anygrasp_bridging/anygrasp_sdk/grasp_detection/image/output_imagesFInal2/point_cloud_16.png
-- Up-to-date symlink: /home/ani/yc_ws/install/my_pkg/share/my_pkg/scripts/anygrasp_bridging/anygrasp_sdk/grasp_detection/image/output_imagesFInal2/point_cloud_17.png
-- Up-to-date symlink: /home/ani/yc_ws/install/my_pkg/share/my_pkg/scripts/anygrasp_bridging/anygrasp_sdk/grasp_detection/image/output_imagesFInal2/point_cloud_18.png
-- Up-to-date symlink: /home/ani/yc_ws/install/my_pkg/share/my_pkg/scripts/anygrasp_bridging/anygrasp_sdk/grasp_detection/image/output_imagesFInal2/point_cloud_19.png
-- Up-to-date symlink: /home/ani/yc_ws/install/my_pkg/share/my_pkg/scripts/anygrasp_bridging/anygrasp_sdk/grasp_detection/image/output_imagesFInal2/point_cloud_20.png
-- Up-to-date symlink: /home/ani/yc_ws/install/my_pkg/share/my_pkg/scripts/anygrasp_bridging/anygrasp_sdk/grasp_detection/image/output_imagesFInal2/point_cloud_21.png
-- Up-to-date symlink: /home/ani/yc_ws/install/my_pkg/share/my_pkg/scripts/anygrasp_bridging/anygrasp_sdk/grasp_detection/image/output_imagesFInal2/point_cloud_22.png
-- Up-to-date symlink: /home/ani/yc_ws/install/my_pkg/share/my_pkg/scripts/anygrasp_bridging/anygrasp_sdk/grasp_detection/image/output_imagesFInal3/point_cloud_16.png
-- Up-to-date symlink: /home/ani/yc_ws/install/my_pkg/share/my_pkg/scripts/anygrasp_bridging/anygrasp_sdk/grasp_detection/image/point_cloud_00.ply
-- Up-to-date symlink: /home/ani/yc_ws/install/my_pkg/share/my_pkg/scripts/anygrasp_bridging/anygrasp_sdk/grasp_detection/image/point_cloud_00.png
-- Up-to-date symlink: /home/ani/yc_ws/install/my_pkg/share/my_pkg/scripts/anygrasp_bridging/anygrasp_sdk/grasp_detection/image/point_cloud_01.ply
-- Up-to-date symlink: /home/ani/yc_ws/install/my_pkg/share/my_pkg/scripts/anygrasp_bridging/anygrasp_sdk/grasp_detection/image/point_cloud_01.png
-- Up-to-date symlink: /home/ani/yc_ws/install/my_pkg/share/my_pkg/scripts/anygrasp_bridging/anygrasp_sdk/grasp_detection/image/point_cloud_02.ply
-- Up-to-date symlink: /home/ani/yc_ws/install/my_pkg/share/my_pkg/scripts/anygrasp_bridging/anygrasp_sdk/grasp_detection/image/point_cloud_02.png
-- Up-to-date symlink: /home/ani/yc_ws/install/my_pkg/share/my_pkg/scripts/anygrasp_bridging/anygrasp_sdk/grasp_detection/image/point_cloud_03.ply
-- Up-to-date symlink: /home/ani/yc_ws/install/my_pkg/share/my_pkg/scripts/anygrasp_bridging/anygrasp_sdk/grasp_detection/image/point_cloud_03.png
-- Up-to-date symlink: /home/ani/yc_ws/install/my_pkg/share/my_pkg/scripts/anygrasp_bridging/anygrasp_sdk/grasp_detection/image/point_cloud_04.png
-- Up-to-date symlink: /home/ani/yc_ws/install/my_pkg/share/my_pkg/scripts/anygrasp_bridging/anygrasp_sdk/grasp_detection/image/point_cloud_05.png
-- Up-to-date symlink: /home/ani/yc_ws/install/my_pkg/share/my_pkg/scripts/anygrasp_bridging/anygrasp_sdk/grasp_detection/image/point_cloud_06.png
-- Up-to-date symlink: /home/ani/yc_ws/install/my_pkg/share/my_pkg/scripts/anygrasp_bridging/anygrasp_sdk/grasp_detection/image/point_cloud_07.png
-- Up-to-date symlink: /home/ani/yc_ws/install/my_pkg/share/my_pkg/scripts/anygrasp_bridging/anygrasp_sdk/grasp_detection/image/point_cloud_08.png
-- Up-to-date symlink: /home/ani/yc_ws/install/my_pkg/share/my_pkg/scripts/anygrasp_bridging/anygrasp_sdk/grasp_detection/image/point_cloud_09.png
-- Up-to-date symlink: /home/ani/yc_ws/install/my_pkg/share/my_pkg/scripts/anygrasp_bridging/anygrasp_sdk/grasp_detection/image/point_cloud_10.png
-- Up-to-date symlink: /home/ani/yc_ws/install/my_pkg/share/my_pkg/scripts/anygrasp_bridging/anygrasp_sdk/grasp_detection/image/point_cloud_11.png
-- Up-to-date symlink: /home/ani/yc_ws/install/my_pkg/share/my_pkg/scripts/anygrasp_bridging/anygrasp_sdk/grasp_detection/image/point_cloud_12.png
-- Up-to-date symlink: /home/ani/yc_ws/install/my_pkg/share/my_pkg/scripts/anygrasp_bridging/anygrasp_sdk/grasp_detection/image/point_cloud_13.png
-- Up-to-date symlink: /home/ani/yc_ws/install/my_pkg/share/my_pkg/scripts/anygrasp_bridging/anygrasp_sdk/grasp_detection/image/point_cloud_14.png
-- Up-to-date symlink: /home/ani/yc_ws/install/my_pkg/share/my_pkg/scripts/anygrasp_bridging/anygrasp_sdk/grasp_detection/image/point_cloud_15.png
-- Up-to-date symlink: /home/ani/yc_ws/install/my_pkg/share/my_pkg/scripts/anygrasp_bridging/anygrasp_sdk/grasp_detection/lib_cxx.so
-- Up-to-date symlink: /home/ani/yc_ws/install/my_pkg/share/my_pkg/scripts/anygrasp_bridging/anygrasp_sdk/grasp_detection/license/AbdelrahmanAlordy.lic
-- Up-to-date symlink: /home/ani/yc_ws/install/my_pkg/share/my_pkg/scripts/anygrasp_bridging/anygrasp_sdk/grasp_detection/license/AbdelrahmanAlordy.public_key
-- Up-to-date symlink: /home/ani/yc_ws/install/my_pkg/share/my_pkg/scripts/anygrasp_bridging/anygrasp_sdk/grasp_detection/license/AbdelrahmanAlordy.signature
-- Up-to-date symlink: /home/ani/yc_ws/install/my_pkg/share/my_pkg/scripts/anygrasp_bridging/anygrasp_sdk/grasp_detection/license/licenseCfg.json
-- Up-to-date symlink: /home/ani/yc_ws/install/my_pkg/share/my_pkg/scripts/anygrasp_bridging/anygrasp_sdk/grasp_detection/log/checkpoint_detection.tar
-- Up-to-date symlink: /home/ani/yc_ws/install/my_pkg/share/my_pkg/scripts/anygrasp_bridging/anygrasp_sdk/grasp_detection/output_imagesFInal20/point_cloud_00.ply
-- Up-to-date symlink: /home/ani/yc_ws/install/my_pkg/share/my_pkg/scripts/anygrasp_bridging/anygrasp_sdk/grasp_detection/output_imagesFInal20/point_cloud_01.ply
-- Up-to-date symlink: /home/ani/yc_ws/install/my_pkg/share/my_pkg/scripts/anygrasp_bridging/anygrasp_sdk/grasp_detection/output_imagesFInal20/point_cloud_02.ply
-- Up-to-date symlink: /home/ani/yc_ws/install/my_pkg/share/my_pkg/scripts/anygrasp_bridging/anygrasp_sdk/grasp_detection/output_images_final/point_cloud_00.ply
-- Up-to-date symlink: /home/ani/yc_ws/install/my_pkg/share/my_pkg/scripts/anygrasp_bridging/anygrasp_sdk/grasp_detection/output_images_final/point_cloud_01.ply
-- Up-to-date symlink: /home/ani/yc_ws/install/my_pkg/share/my_pkg/scripts/anygrasp_bridging/anygrasp_sdk/grasp_detection/output_images_final/point_cloud_02.ply
-- Up-to-date symlink: /home/ani/yc_ws/install/my_pkg/share/my_pkg/scripts/anygrasp_bridging/anygrasp_sdk/grasp_detection/output_images_final/point_cloud_03.ply
-- Up-to-date symlink: /home/ani/yc_ws/install/my_pkg/share/my_pkg/scripts/anygrasp_bridging/anygrasp_sdk/grasp_detection/output_images_final/point_cloud_04.ply
-- Up-to-date symlink: /home/ani/yc_ws/install/my_pkg/share/my_pkg/scripts/anygrasp_bridging/anygrasp_sdk/grasp_detection/output_images_final/point_cloud_05.ply
-- Up-to-date symlink: /home/ani/yc_ws/install/my_pkg/share/my_pkg/scripts/anygrasp_bridging/anygrasp_sdk/grasp_detection/output_images_final/point_cloud_06.ply
-- Up-to-date symlink: /home/ani/yc_ws/install/my_pkg/share/my_pkg/scripts/anygrasp_bridging/anygrasp_sdk/grasp_detection/output_images_final/point_cloud_07.ply
-- Up-to-date symlink: /home/ani/yc_ws/install/my_pkg/share/my_pkg/scripts/anygrasp_bridging/anygrasp_sdk/grasp_detection/output_images_final/point_cloud_08.ply
-- Up-to-date symlink: /home/ani/yc_ws/install/my_pkg/share/my_pkg/scripts/anygrasp_bridging/anygrasp_sdk/grasp_detection/output_images_final/point_cloud_09.ply
-- Up-to-date symlink: /home/ani/yc_ws/install/my_pkg/share/my_pkg/scripts/anygrasp_bridging/anygrasp_sdk/grasp_detection/output_images_final/point_cloud_10.ply
-- Up-to-date symlink: /home/ani/yc_ws/install/my_pkg/share/my_pkg/scripts/anygrasp_bridging/anygrasp_sdk/grasp_detection/output_images_final/point_cloud_11.ply
-- Up-to-date symlink: /home/ani/yc_ws/install/my_pkg/share/my_pkg/scripts/anygrasp_bridging/anygrasp_sdk/grasp_detection/output_images_final/point_cloud_12.ply
-- Up-to-date symlink: /home/ani/yc_ws/install/my_pkg/share/my_pkg/scripts/anygrasp_bridging/anygrasp_sdk/grasp_detection/output_images_final/point_cloud_13.ply
-- Up-to-date symlink: /home/ani/yc_ws/install/my_pkg/share/my_pkg/scripts/anygrasp_bridging/anygrasp_sdk/grasp_detection/output_images_final/point_cloud_14.ply
-- Up-to-date symlink: /home/ani/yc_ws/install/my_pkg/share/my_pkg/scripts/anygrasp_bridging/anygrasp_sdk/grasp_detection/output_images_final/point_cloud_15.ply
-- Up-to-date symlink: /home/ani/yc_ws/install/my_pkg/share/my_pkg/scripts/anygrasp_bridging/anygrasp_sdk/grasp_detection/output_images_final/point_cloud_16.ply
-- Up-to-date symlink: /home/ani/yc_ws/install/my_pkg/share/my_pkg/scripts/anygrasp_bridging/anygrasp_sdk/grasp_detection/output_images_final/point_cloud_17.ply
-- Up-to-date symlink: /home/ani/yc_ws/install/my_pkg/share/my_pkg/scripts/anygrasp_bridging/anygrasp_sdk/grasp_detection/output_images_final/point_cloud_18.ply
-- Up-to-date symlink: /home/ani/yc_ws/install/my_pkg/share/my_pkg/scripts/anygrasp_bridging/anygrasp_sdk/grasp_detection/output_images_final/point_cloud_19.ply
-- Up-to-date symlink: /home/ani/yc_ws/install/my_pkg/share/my_pkg/scripts/anygrasp_bridging/anygrasp_sdk/grasp_detection/output_images_final/point_cloud_20.ply
-- Up-to-date symlink: /home/ani/yc_ws/install/my_pkg/share/my_pkg/scripts/anygrasp_bridging/anygrasp_sdk/grasp_detection/output_images_final/point_cloud_21.ply
-- Up-to-date symlink: /home/ani/yc_ws/install/my_pkg/share/my_pkg/scripts/anygrasp_bridging/anygrasp_sdk/grasp_detection/output_images_final/point_cloud_22.ply
-- Up-to-date symlink: /home/ani/yc_ws/install/my_pkg/share/my_pkg/scripts/anygrasp_bridging/anygrasp_sdk/grasp_tracking/README.md
-- Up-to-date symlink: /home/ani/yc_ws/install/my_pkg/share/my_pkg/scripts/anygrasp_bridging/anygrasp_sdk/grasp_tracking/demo.py
-- Up-to-date symlink: /home/ani/yc_ws/install/my_pkg/share/my_pkg/scripts/anygrasp_bridging/anygrasp_sdk/grasp_tracking/demo.sh
-- Up-to-date symlink: /home/ani/yc_ws/install/my_pkg/share/my_pkg/scripts/anygrasp_bridging/anygrasp_sdk/grasp_tracking/example_data/color_000.png
-- Up-to-date symlink: /home/ani/yc_ws/install/my_pkg/share/my_pkg/scripts/anygrasp_bridging/anygrasp_sdk/grasp_tracking/example_data/color_001.png
-- Up-to-date symlink: /home/ani/yc_ws/install/my_pkg/share/my_pkg/scripts/anygrasp_bridging/anygrasp_sdk/grasp_tracking/example_data/color_002.png
-- Up-to-date symlink: /home/ani/yc_ws/install/my_pkg/share/my_pkg/scripts/anygrasp_bridging/anygrasp_sdk/grasp_tracking/example_data/color_003.png
-- Up-to-date symlink: /home/ani/yc_ws/install/my_pkg/share/my_pkg/scripts/anygrasp_bridging/anygrasp_sdk/grasp_tracking/example_data/color_004.png
-- Up-to-date symlink: /home/ani/yc_ws/install/my_pkg/share/my_pkg/scripts/anygrasp_bridging/anygrasp_sdk/grasp_tracking/example_data/color_005.png
-- Up-to-date symlink: /home/ani/yc_ws/install/my_pkg/share/my_pkg/scripts/anygrasp_bridging/anygrasp_sdk/grasp_tracking/example_data/color_006.png
-- Up-to-date symlink: /home/ani/yc_ws/install/my_pkg/share/my_pkg/scripts/anygrasp_bridging/anygrasp_sdk/grasp_tracking/example_data/color_007.png
-- Up-to-date symlink: /home/ani/yc_ws/install/my_pkg/share/my_pkg/scripts/anygrasp_bridging/anygrasp_sdk/grasp_tracking/example_data/color_008.png
-- Up-to-date symlink: /home/ani/yc_ws/install/my_pkg/share/my_pkg/scripts/anygrasp_bridging/anygrasp_sdk/grasp_tracking/example_data/color_009.png
-- Up-to-date symlink: /home/ani/yc_ws/install/my_pkg/share/my_pkg/scripts/anygrasp_bridging/anygrasp_sdk/grasp_tracking/example_data/color_010.png
-- Up-to-date symlink: /home/ani/yc_ws/install/my_pkg/share/my_pkg/scripts/anygrasp_bridging/anygrasp_sdk/grasp_tracking/example_data/color_011.png
-- Up-to-date symlink: /home/ani/yc_ws/install/my_pkg/share/my_pkg/scripts/anygrasp_bridging/anygrasp_sdk/grasp_tracking/example_data/color_012.png
-- Up-to-date symlink: /home/ani/yc_ws/install/my_pkg/share/my_pkg/scripts/anygrasp_bridging/anygrasp_sdk/grasp_tracking/example_data/color_013.png
-- Up-to-date symlink: /home/ani/yc_ws/install/my_pkg/share/my_pkg/scripts/anygrasp_bridging/anygrasp_sdk/grasp_tracking/example_data/color_014.png
-- Up-to-date symlink: /home/ani/yc_ws/install/my_pkg/share/my_pkg/scripts/anygrasp_bridging/anygrasp_sdk/grasp_tracking/example_data/color_015.png
-- Up-to-date symlink: /home/ani/yc_ws/install/my_pkg/share/my_pkg/scripts/anygrasp_bridging/anygrasp_sdk/grasp_tracking/example_data/color_016.png
-- Up-to-date symlink: /home/ani/yc_ws/install/my_pkg/share/my_pkg/scripts/anygrasp_bridging/anygrasp_sdk/grasp_tracking/example_data/color_017.png
-- Up-to-date symlink: /home/ani/yc_ws/install/my_pkg/share/my_pkg/scripts/anygrasp_bridging/anygrasp_sdk/grasp_tracking/example_data/color_018.png
-- Up-to-date symlink: /home/ani/yc_ws/install/my_pkg/share/my_pkg/scripts/anygrasp_bridging/anygrasp_sdk/grasp_tracking/example_data/color_019.png
-- Up-to-date symlink: /home/ani/yc_ws/install/my_pkg/share/my_pkg/scripts/anygrasp_bridging/anygrasp_sdk/grasp_tracking/example_data/color_020.png
-- Up-to-date symlink: /home/ani/yc_ws/install/my_pkg/share/my_pkg/scripts/anygrasp_bridging/anygrasp_sdk/grasp_tracking/example_data/color_021.png
-- Up-to-date symlink: /home/ani/yc_ws/install/my_pkg/share/my_pkg/scripts/anygrasp_bridging/anygrasp_sdk/grasp_tracking/example_data/color_022.png
-- Up-to-date symlink: /home/ani/yc_ws/install/my_pkg/share/my_pkg/scripts/anygrasp_bridging/anygrasp_sdk/grasp_tracking/example_data/color_023.png
-- Up-to-date symlink: /home/ani/yc_ws/install/my_pkg/share/my_pkg/scripts/anygrasp_bridging/anygrasp_sdk/grasp_tracking/example_data/color_024.png
-- Up-to-date symlink: /home/ani/yc_ws/install/my_pkg/share/my_pkg/scripts/anygrasp_bridging/anygrasp_sdk/grasp_tracking/example_data/color_025.png
-- Up-to-date symlink: /home/ani/yc_ws/install/my_pkg/share/my_pkg/scripts/anygrasp_bridging/anygrasp_sdk/grasp_tracking/example_data/color_026.png
-- Up-to-date symlink: /home/ani/yc_ws/install/my_pkg/share/my_pkg/scripts/anygrasp_bridging/anygrasp_sdk/grasp_tracking/example_data/color_027.png
-- Up-to-date symlink: /home/ani/yc_ws/install/my_pkg/share/my_pkg/scripts/anygrasp_bridging/anygrasp_sdk/grasp_tracking/example_data/color_028.png
-- Up-to-date symlink: /home/ani/yc_ws/install/my_pkg/share/my_pkg/scripts/anygrasp_bridging/anygrasp_sdk/grasp_tracking/example_data/color_029.png
-- Up-to-date symlink: /home/ani/yc_ws/install/my_pkg/share/my_pkg/scripts/anygrasp_bridging/anygrasp_sdk/grasp_tracking/example_data/depth_000.npy
-- Up-to-date symlink: /home/ani/yc_ws/install/my_pkg/share/my_pkg/scripts/anygrasp_bridging/anygrasp_sdk/grasp_tracking/example_data/depth_001.npy
-- Up-to-date symlink: /home/ani/yc_ws/install/my_pkg/share/my_pkg/scripts/anygrasp_bridging/anygrasp_sdk/grasp_tracking/example_data/depth_002.npy
-- Up-to-date symlink: /home/ani/yc_ws/install/my_pkg/share/my_pkg/scripts/anygrasp_bridging/anygrasp_sdk/grasp_tracking/example_data/depth_003.npy
-- Up-to-date symlink: /home/ani/yc_ws/install/my_pkg/share/my_pkg/scripts/anygrasp_bridging/anygrasp_sdk/grasp_tracking/example_data/depth_004.npy
-- Up-to-date symlink: /home/ani/yc_ws/install/my_pkg/share/my_pkg/scripts/anygrasp_bridging/anygrasp_sdk/grasp_tracking/example_data/depth_005.npy
-- Up-to-date symlink: /home/ani/yc_ws/install/my_pkg/share/my_pkg/scripts/anygrasp_bridging/anygrasp_sdk/grasp_tracking/example_data/depth_006.npy
-- Up-to-date symlink: /home/ani/yc_ws/install/my_pkg/share/my_pkg/scripts/anygrasp_bridging/anygrasp_sdk/grasp_tracking/example_data/depth_007.npy
-- Up-to-date symlink: /home/ani/yc_ws/install/my_pkg/share/my_pkg/scripts/anygrasp_bridging/anygrasp_sdk/grasp_tracking/example_data/depth_008.npy
-- Up-to-date symlink: /home/ani/yc_ws/install/my_pkg/share/my_pkg/scripts/anygrasp_bridging/anygrasp_sdk/grasp_tracking/example_data/depth_009.npy
-- Up-to-date symlink: /home/ani/yc_ws/install/my_pkg/share/my_pkg/scripts/anygrasp_bridging/anygrasp_sdk/grasp_tracking/example_data/depth_010.npy
-- Up-to-date symlink: /home/ani/yc_ws/install/my_pkg/share/my_pkg/scripts/anygrasp_bridging/anygrasp_sdk/grasp_tracking/example_data/depth_011.npy
-- Up-to-date symlink: /home/ani/yc_ws/install/my_pkg/share/my_pkg/scripts/anygrasp_bridging/anygrasp_sdk/grasp_tracking/example_data/depth_012.npy
-- Up-to-date symlink: /home/ani/yc_ws/install/my_pkg/share/my_pkg/scripts/anygrasp_bridging/anygrasp_sdk/grasp_tracking/example_data/depth_013.npy
-- Up-to-date symlink: /home/ani/yc_ws/install/my_pkg/share/my_pkg/scripts/anygrasp_bridging/anygrasp_sdk/grasp_tracking/example_data/depth_014.npy
-- Up-to-date symlink: /home/ani/yc_ws/install/my_pkg/share/my_pkg/scripts/anygrasp_bridging/anygrasp_sdk/grasp_tracking/example_data/depth_015.npy
-- Up-to-date symlink: /home/ani/yc_ws/install/my_pkg/share/my_pkg/scripts/anygrasp_bridging/anygrasp_sdk/grasp_tracking/example_data/depth_016.npy
-- Up-to-date symlink: /home/ani/yc_ws/install/my_pkg/share/my_pkg/scripts/anygrasp_bridging/anygrasp_sdk/grasp_tracking/example_data/depth_017.npy
-- Up-to-date symlink: /home/ani/yc_ws/install/my_pkg/share/my_pkg/scripts/anygrasp_bridging/anygrasp_sdk/grasp_tracking/example_data/depth_018.npy
-- Up-to-date symlink: /home/ani/yc_ws/install/my_pkg/share/my_pkg/scripts/anygrasp_bridging/anygrasp_sdk/grasp_tracking/example_data/depth_019.npy
-- Up-to-date symlink: /home/ani/yc_ws/install/my_pkg/share/my_pkg/scripts/anygrasp_bridging/anygrasp_sdk/grasp_tracking/example_data/depth_020.npy
-- Up-to-date symlink: /home/ani/yc_ws/install/my_pkg/share/my_pkg/scripts/anygrasp_bridging/anygrasp_sdk/grasp_tracking/example_data/depth_021.npy
-- Up-to-date symlink: /home/ani/yc_ws/install/my_pkg/share/my_pkg/scripts/anygrasp_bridging/anygrasp_sdk/grasp_tracking/example_data/depth_022.npy
-- Up-to-date symlink: /home/ani/yc_ws/install/my_pkg/share/my_pkg/scripts/anygrasp_bridging/anygrasp_sdk/grasp_tracking/example_data/depth_023.npy
-- Up-to-date symlink: /home/ani/yc_ws/install/my_pkg/share/my_pkg/scripts/anygrasp_bridging/anygrasp_sdk/grasp_tracking/example_data/depth_024.npy
-- Up-to-date symlink: /home/ani/yc_ws/install/my_pkg/share/my_pkg/scripts/anygrasp_bridging/anygrasp_sdk/grasp_tracking/example_data/depth_025.npy
-- Up-to-date symlink: /home/ani/yc_ws/install/my_pkg/share/my_pkg/scripts/anygrasp_bridging/anygrasp_sdk/grasp_tracking/example_data/depth_026.npy
-- Up-to-date symlink: /home/ani/yc_ws/install/my_pkg/share/my_pkg/scripts/anygrasp_bridging/anygrasp_sdk/grasp_tracking/example_data/depth_027.npy
-- Up-to-date symlink: /home/ani/yc_ws/install/my_pkg/share/my_pkg/scripts/anygrasp_bridging/anygrasp_sdk/grasp_tracking/example_data/depth_028.npy
-- Up-to-date symlink: /home/ani/yc_ws/install/my_pkg/share/my_pkg/scripts/anygrasp_bridging/anygrasp_sdk/grasp_tracking/example_data/depth_029.npy
-- Up-to-date symlink: /home/ani/yc_ws/install/my_pkg/share/my_pkg/scripts/anygrasp_bridging/anygrasp_sdk/grasp_tracking/tracker_versions/tracker.cpython-310-x86_64-linux-gnu.so
-- Up-to-date symlink: /home/ani/yc_ws/install/my_pkg/share/my_pkg/scripts/anygrasp_bridging/anygrasp_sdk/grasp_tracking/tracker_versions/tracker.cpython-36m-x86_64-linux-gnu.so
-- Up-to-date symlink: /home/ani/yc_ws/install/my_pkg/share/my_pkg/scripts/anygrasp_bridging/anygrasp_sdk/grasp_tracking/tracker_versions/tracker.cpython-37m-x86_64-linux-gnu.so
-- Up-to-date symlink: /home/ani/yc_ws/install/my_pkg/share/my_pkg/scripts/anygrasp_bridging/anygrasp_sdk/grasp_tracking/tracker_versions/tracker.cpython-38-x86_64-linux-gnu.so
-- Up-to-date symlink: /home/ani/yc_ws/install/my_pkg/share/my_pkg/scripts/anygrasp_bridging/anygrasp_sdk/grasp_tracking/tracker_versions/tracker.cpython-39-x86_64-linux-gnu.so
-- Up-to-date symlink: /home/ani/yc_ws/install/my_pkg/share/my_pkg/scripts/anygrasp_bridging/anygrasp_sdk/license_AbdelrahmanAlordy.zip
-- Up-to-date symlink: /home/ani/yc_ws/install/my_pkg/share/my_pkg/scripts/anygrasp_bridging/anygrasp_sdk/license_registration/.TimeRecord
-- Up-to-date symlink: /home/ani/yc_ws/install/my_pkg/share/my_pkg/scripts/anygrasp_bridging/anygrasp_sdk/license_registration/AbdelrahmanAlordy.lic
-- Up-to-date symlink: /home/ani/yc_ws/install/my_pkg/share/my_pkg/scripts/anygrasp_bridging/anygrasp_sdk/license_registration/AbdelrahmanAlordy.public_key
-- Up-to-date symlink: /home/ani/yc_ws/install/my_pkg/share/my_pkg/scripts/anygrasp_bridging/anygrasp_sdk/license_registration/AbdelrahmanAlordy.signature
-- Up-to-date symlink: /home/ani/yc_ws/install/my_pkg/share/my_pkg/scripts/anygrasp_bridging/anygrasp_sdk/license_registration/README.md
-- Up-to-date symlink: /home/ani/yc_ws/install/my_pkg/share/my_pkg/scripts/anygrasp_bridging/anygrasp_sdk/license_registration/lib_cxx_versions/lib_cxx.cpython-310-x86_64-linux-gnu.so
-- Up-to-date symlink: /home/ani/yc_ws/install/my_pkg/share/my_pkg/scripts/anygrasp_bridging/anygrasp_sdk/license_registration/lib_cxx_versions/lib_cxx.cpython-36m-x86_64-linux-gnu.so
-- Up-to-date symlink: /home/ani/yc_ws/install/my_pkg/share/my_pkg/scripts/anygrasp_bridging/anygrasp_sdk/license_registration/lib_cxx_versions/lib_cxx.cpython-37m-x86_64-linux-gnu.so
-- Up-to-date symlink: /home/ani/yc_ws/install/my_pkg/share/my_pkg/scripts/anygrasp_bridging/anygrasp_sdk/license_registration/lib_cxx_versions/lib_cxx.cpython-38-x86_64-linux-gnu.so
-- Up-to-date symlink: /home/ani/yc_ws/install/my_pkg/share/my_pkg/scripts/anygrasp_bridging/anygrasp_sdk/license_registration/lib_cxx_versions/lib_cxx.cpython-39-x86_64-linux-gnu.so
-- Up-to-date symlink: /home/ani/yc_ws/install/my_pkg/share/my_pkg/scripts/anygrasp_bridging/anygrasp_sdk/license_registration/libssl1.1_1.1.1f-1ubuntu2_amd64.deb
-- Up-to-date symlink: /home/ani/yc_ws/install/my_pkg/share/my_pkg/scripts/anygrasp_bridging/anygrasp_sdk/license_registration/license/AbdelrahmanAlordy.lic
-- Up-to-date symlink: /home/ani/yc_ws/install/my_pkg/share/my_pkg/scripts/anygrasp_bridging/anygrasp_sdk/license_registration/license/AbdelrahmanAlordy.public_key
-- Up-to-date symlink: /home/ani/yc_ws/install/my_pkg/share/my_pkg/scripts/anygrasp_bridging/anygrasp_sdk/license_registration/license/AbdelrahmanAlordy.signature
-- Up-to-date symlink: /home/ani/yc_ws/install/my_pkg/share/my_pkg/scripts/anygrasp_bridging/anygrasp_sdk/license_registration/license/licenseCfg.json
-- Up-to-date symlink: /home/ani/yc_ws/install/my_pkg/share/my_pkg/scripts/anygrasp_bridging/anygrasp_sdk/license_registration/licenseCfg.json
-- Up-to-date symlink: /home/ani/yc_ws/install/my_pkg/share/my_pkg/scripts/anygrasp_bridging/anygrasp_sdk/license_registration/license_AbdelrahmanAlordy.zip
-- Up-to-date symlink: /home/ani/yc_ws/install/my_pkg/share/my_pkg/scripts/anygrasp_bridging/anygrasp_sdk/license_registration/license_checker
-- Up-to-date symlink: /home/ani/yc_ws/install/my_pkg/share/my_pkg/scripts/anygrasp_bridging/anygrasp_sdk/license_registration/sample_license/ai_123.lic
-- Up-to-date symlink: /home/ani/yc_ws/install/my_pkg/share/my_pkg/scripts/anygrasp_bridging/anygrasp_sdk/license_registration/sample_license/ai_123.public_key
-- Up-to-date symlink: /home/ani/yc_ws/install/my_pkg/share/my_pkg/scripts/anygrasp_bridging/anygrasp_sdk/license_registration/sample_license/ai_123.signature
-- Up-to-date symlink: /home/ani/yc_ws/install/my_pkg/share/my_pkg/scripts/anygrasp_bridging/anygrasp_sdk/license_registration/sample_license/licenseCfg.json
-- Up-to-date symlink: /home/ani/yc_ws/install/my_pkg/share/my_pkg/scripts/anygrasp_bridging/anygrasp_sdk/pointnet2/build/lib.linux-x86_64-cpython-38/pointnet2/__init__.py
-- Up-to-date symlink: /home/ani/yc_ws/install/my_pkg/share/my_pkg/scripts/anygrasp_bridging/anygrasp_sdk/pointnet2/build/lib.linux-x86_64-cpython-38/pointnet2/_ext.cpython-38-x86_64-linux-gnu.so
-- Up-to-date symlink: /home/ani/yc_ws/install/my_pkg/share/my_pkg/scripts/anygrasp_bridging/anygrasp_sdk/pointnet2/build/lib.linux-x86_64-cpython-38/pointnet2/pointnet2_modules.py
-- Up-to-date symlink: /home/ani/yc_ws/install/my_pkg/share/my_pkg/scripts/anygrasp_bridging/anygrasp_sdk/pointnet2/build/lib.linux-x86_64-cpython-38/pointnet2/pointnet2_utils.py
-- Up-to-date symlink: /home/ani/yc_ws/install/my_pkg/share/my_pkg/scripts/anygrasp_bridging/anygrasp_sdk/pointnet2/build/lib.linux-x86_64-cpython-38/pointnet2/pytorch_utils.py
-- Up-to-date symlink: /home/ani/yc_ws/install/my_pkg/share/my_pkg/scripts/anygrasp_bridging/anygrasp_sdk/pointnet2/build/temp.linux-x86_64-cpython-38/.ninja_deps
-- Up-to-date symlink: /home/ani/yc_ws/install/my_pkg/share/my_pkg/scripts/anygrasp_bridging/anygrasp_sdk/pointnet2/build/temp.linux-x86_64-cpython-38/.ninja_log
-- Up-to-date symlink: /home/ani/yc_ws/install/my_pkg/share/my_pkg/scripts/anygrasp_bridging/anygrasp_sdk/pointnet2/build/temp.linux-x86_64-cpython-38/build.ninja
-- Up-to-date symlink: /home/ani/yc_ws/install/my_pkg/share/my_pkg/scripts/anygrasp_bridging/anygrasp_sdk/pointnet2/build/temp.linux-x86_64-cpython-38/pointnet2/_ext_src/src/ball_query.o
-- Up-to-date symlink: /home/ani/yc_ws/install/my_pkg/share/my_pkg/scripts/anygrasp_bridging/anygrasp_sdk/pointnet2/build/temp.linux-x86_64-cpython-38/pointnet2/_ext_src/src/ball_query_gpu.o
-- Up-to-date symlink: /home/ani/yc_ws/install/my_pkg/share/my_pkg/scripts/anygrasp_bridging/anygrasp_sdk/pointnet2/build/temp.linux-x86_64-cpython-38/pointnet2/_ext_src/src/bindings.o
-- Up-to-date symlink: /home/ani/yc_ws/install/my_pkg/share/my_pkg/scripts/anygrasp_bridging/anygrasp_sdk/pointnet2/build/temp.linux-x86_64-cpython-38/pointnet2/_ext_src/src/cylinder_query.o
-- Up-to-date symlink: /home/ani/yc_ws/install/my_pkg/share/my_pkg/scripts/anygrasp_bridging/anygrasp_sdk/pointnet2/build/temp.linux-x86_64-cpython-38/pointnet2/_ext_src/src/cylinder_query_gpu.o
-- Up-to-date symlink: /home/ani/yc_ws/install/my_pkg/share/my_pkg/scripts/anygrasp_bridging/anygrasp_sdk/pointnet2/build/temp.linux-x86_64-cpython-38/pointnet2/_ext_src/src/group_points.o
-- Up-to-date symlink: /home/ani/yc_ws/install/my_pkg/share/my_pkg/scripts/anygrasp_bridging/anygrasp_sdk/pointnet2/build/temp.linux-x86_64-cpython-38/pointnet2/_ext_src/src/group_points_gpu.o
-- Up-to-date symlink: /home/ani/yc_ws/install/my_pkg/share/my_pkg/scripts/anygrasp_bridging/anygrasp_sdk/pointnet2/build/temp.linux-x86_64-cpython-38/pointnet2/_ext_src/src/interpolate.o
-- Up-to-date symlink: /home/ani/yc_ws/install/my_pkg/share/my_pkg/scripts/anygrasp_bridging/anygrasp_sdk/pointnet2/build/temp.linux-x86_64-cpython-38/pointnet2/_ext_src/src/interpolate_gpu.o
-- Up-to-date symlink: /home/ani/yc_ws/install/my_pkg/share/my_pkg/scripts/anygrasp_bridging/anygrasp_sdk/pointnet2/build/temp.linux-x86_64-cpython-38/pointnet2/_ext_src/src/sampling.o
-- Up-to-date symlink: /home/ani/yc_ws/install/my_pkg/share/my_pkg/scripts/anygrasp_bridging/anygrasp_sdk/pointnet2/build/temp.linux-x86_64-cpython-38/pointnet2/_ext_src/src/sampling_gpu.o
-- Up-to-date symlink: /home/ani/yc_ws/install/my_pkg/share/my_pkg/scripts/anygrasp_bridging/anygrasp_sdk/pointnet2/dist/pointnet2-0.0.0-py3.8-linux-x86_64.egg
-- Up-to-date symlink: /home/ani/yc_ws/install/my_pkg/share/my_pkg/scripts/anygrasp_bridging/anygrasp_sdk/pointnet2/pointnet2.egg-info/PKG-INFO
-- Up-to-date symlink: /home/ani/yc_ws/install/my_pkg/share/my_pkg/scripts/anygrasp_bridging/anygrasp_sdk/pointnet2/pointnet2.egg-info/SOURCES.txt
-- Up-to-date symlink: /home/ani/yc_ws/install/my_pkg/share/my_pkg/scripts/anygrasp_bridging/anygrasp_sdk/pointnet2/pointnet2.egg-info/dependency_links.txt
-- Up-to-date symlink: /home/ani/yc_ws/install/my_pkg/share/my_pkg/scripts/anygrasp_bridging/anygrasp_sdk/pointnet2/pointnet2.egg-info/top_level.txt
-- Up-to-date symlink: /home/ani/yc_ws/install/my_pkg/share/my_pkg/scripts/anygrasp_bridging/anygrasp_sdk/pointnet2/pointnet2/__init__.py
-- Up-to-date symlink: /home/ani/yc_ws/install/my_pkg/share/my_pkg/scripts/anygrasp_bridging/anygrasp_sdk/pointnet2/pointnet2/_ext_src/include/ball_query.h
-- Up-to-date symlink: /home/ani/yc_ws/install/my_pkg/share/my_pkg/scripts/anygrasp_bridging/anygrasp_sdk/pointnet2/pointnet2/_ext_src/include/cuda_utils.h
-- Up-to-date symlink: /home/ani/yc_ws/install/my_pkg/share/my_pkg/scripts/anygrasp_bridging/anygrasp_sdk/pointnet2/pointnet2/_ext_src/include/cylinder_query.h
-- Up-to-date symlink: /home/ani/yc_ws/install/my_pkg/share/my_pkg/scripts/anygrasp_bridging/anygrasp_sdk/pointnet2/pointnet2/_ext_src/include/group_points.h
-- Up-to-date symlink: /home/ani/yc_ws/install/my_pkg/share/my_pkg/scripts/anygrasp_bridging/anygrasp_sdk/pointnet2/pointnet2/_ext_src/include/interpolate.h
-- Up-to-date symlink: /home/ani/yc_ws/install/my_pkg/share/my_pkg/scripts/anygrasp_bridging/anygrasp_sdk/pointnet2/pointnet2/_ext_src/include/sampling.h
-- Up-to-date symlink: /home/ani/yc_ws/install/my_pkg/share/my_pkg/scripts/anygrasp_bridging/anygrasp_sdk/pointnet2/pointnet2/_ext_src/include/utils.h
-- Up-to-date symlink: /home/ani/yc_ws/install/my_pkg/share/my_pkg/scripts/anygrasp_bridging/anygrasp_sdk/pointnet2/pointnet2/_ext_src/src/ball_query.cpp
-- Up-to-date symlink: /home/ani/yc_ws/install/my_pkg/share/my_pkg/scripts/anygrasp_bridging/anygrasp_sdk/pointnet2/pointnet2/_ext_src/src/ball_query_gpu.cu
-- Up-to-date symlink: /home/ani/yc_ws/install/my_pkg/share/my_pkg/scripts/anygrasp_bridging/anygrasp_sdk/pointnet2/pointnet2/_ext_src/src/bindings.cpp
-- Up-to-date symlink: /home/ani/yc_ws/install/my_pkg/share/my_pkg/scripts/anygrasp_bridging/anygrasp_sdk/pointnet2/pointnet2/_ext_src/src/cylinder_query.cpp
-- Up-to-date symlink: /home/ani/yc_ws/install/my_pkg/share/my_pkg/scripts/anygrasp_bridging/anygrasp_sdk/pointnet2/pointnet2/_ext_src/src/cylinder_query_gpu.cu
-- Up-to-date symlink: /home/ani/yc_ws/install/my_pkg/share/my_pkg/scripts/anygrasp_bridging/anygrasp_sdk/pointnet2/pointnet2/_ext_src/src/group_points.cpp
-- Up-to-date symlink: /home/ani/yc_ws/install/my_pkg/share/my_pkg/scripts/anygrasp_bridging/anygrasp_sdk/pointnet2/pointnet2/_ext_src/src/group_points_gpu.cu
-- Up-to-date symlink: /home/ani/yc_ws/install/my_pkg/share/my_pkg/scripts/anygrasp_bridging/anygrasp_sdk/pointnet2/pointnet2/_ext_src/src/interpolate.cpp
-- Up-to-date symlink: /home/ani/yc_ws/install/my_pkg/share/my_pkg/scripts/anygrasp_bridging/anygrasp_sdk/pointnet2/pointnet2/_ext_src/src/interpolate_gpu.cu
-- Up-to-date symlink: /home/ani/yc_ws/install/my_pkg/share/my_pkg/scripts/anygrasp_bridging/anygrasp_sdk/pointnet2/pointnet2/_ext_src/src/sampling.cpp
-- Up-to-date symlink: /home/ani/yc_ws/install/my_pkg/share/my_pkg/scripts/anygrasp_bridging/anygrasp_sdk/pointnet2/pointnet2/_ext_src/src/sampling_gpu.cu
-- Up-to-date symlink: /home/ani/yc_ws/install/my_pkg/share/my_pkg/scripts/anygrasp_bridging/anygrasp_sdk/pointnet2/pointnet2/pointnet2_modules.py
-- Up-to-date symlink: /home/ani/yc_ws/install/my_pkg/share/my_pkg/scripts/anygrasp_bridging/anygrasp_sdk/pointnet2/pointnet2/pointnet2_utils.py
-- Up-to-date symlink: /home/ani/yc_ws/install/my_pkg/share/my_pkg/scripts/anygrasp_bridging/anygrasp_sdk/pointnet2/pointnet2/pytorch_utils.py
-- Up-to-date symlink: /home/ani/yc_ws/install/my_pkg/share/my_pkg/scripts/anygrasp_bridging/anygrasp_sdk/pointnet2/setup.py
-- Up-to-date symlink: /home/ani/yc_ws/install/my_pkg/share/my_pkg/scripts/anygrasp_bridging/anygrasp_sdk/requirements.txt
-- Up-to-date symlink: /home/ani/yc_ws/install/my_pkg/share/my_pkg/scripts/calibration/00p_calib_step_01.py
-- Up-to-date symlink: /home/ani/yc_ws/install/my_pkg/share/my_pkg/scripts/calibration/__init__.py
-- Up-to-date symlink: /home/ani/yc_ws/install/my_pkg/share/my_pkg/scripts/calibration/__pycache__/camera_interface.cpython-310.pyc
-- Up-to-date symlink: /home/ani/yc_ws/install/my_pkg/share/my_pkg/scripts/calibration/__pycache__/myfileorganiser.cpython-310.pyc
-- Up-to-date symlink: /home/ani/yc_ws/install/my_pkg/share/my_pkg/scripts/calibration/__pycache__/myframe.cpython-310.pyc
-- Up-to-date symlink: /home/ani/yc_ws/install/my_pkg/share/my_pkg/scripts/calibration/__pycache__/myframe.cpython-312.pyc
-- Up-to-date symlink: /home/ani/yc_ws/install/my_pkg/share/my_pkg/scripts/calibration/__pycache__/myframe.cpython-38.pyc
-- Up-to-date symlink: /home/ani/yc_ws/install/my_pkg/share/my_pkg/scripts/calibration/calibration.py
-- Up-to-date symlink: /home/ani/yc_ws/install/my_pkg/share/my_pkg/scripts/calibration/captured_images.zip
-- Up-to-date symlink: /home/ani/yc_ws/install/my_pkg/share/my_pkg/scripts/calibration/captured_images/color_image_00.png
-- Up-to-date symlink: /home/ani/yc_ws/install/my_pkg/share/my_pkg/scripts/calibration/captured_images/color_image_01.png
-- Up-to-date symlink: /home/ani/yc_ws/install/my_pkg/share/my_pkg/scripts/calibration/captured_images/color_image_02.png
-- Up-to-date symlink: /home/ani/yc_ws/install/my_pkg/share/my_pkg/scripts/calibration/captured_images/color_image_03.png
-- Up-to-date symlink: /home/ani/yc_ws/install/my_pkg/share/my_pkg/scripts/calibration/captured_images/color_image_04.png
-- Up-to-date symlink: /home/ani/yc_ws/install/my_pkg/share/my_pkg/scripts/calibration/captured_images/color_image_05.png
-- Up-to-date symlink: /home/ani/yc_ws/install/my_pkg/share/my_pkg/scripts/calibration/captured_images/color_image_06.png
-- Up-to-date symlink: /home/ani/yc_ws/install/my_pkg/share/my_pkg/scripts/calibration/captured_images/color_image_07.png
-- Up-to-date symlink: /home/ani/yc_ws/install/my_pkg/share/my_pkg/scripts/calibration/captured_images/color_image_08.png
-- Up-to-date symlink: /home/ani/yc_ws/install/my_pkg/share/my_pkg/scripts/calibration/captured_images/color_image_09.png
-- Up-to-date symlink: /home/ani/yc_ws/install/my_pkg/share/my_pkg/scripts/calibration/captured_images/color_image_10.png
-- Up-to-date symlink: /home/ani/yc_ws/install/my_pkg/share/my_pkg/scripts/calibration/captured_images/color_image_11.png
-- Up-to-date symlink: /home/ani/yc_ws/install/my_pkg/share/my_pkg/scripts/calibration/captured_images/color_image_12.png
-- Up-to-date symlink: /home/ani/yc_ws/install/my_pkg/share/my_pkg/scripts/calibration/captured_images/color_image_13.png
-- Up-to-date symlink: /home/ani/yc_ws/install/my_pkg/share/my_pkg/scripts/calibration/captured_images/color_image_14.png
-- Up-to-date symlink: /home/ani/yc_ws/install/my_pkg/share/my_pkg/scripts/calibration/captured_images/color_image_15.png
-- Up-to-date symlink: /home/ani/yc_ws/install/my_pkg/share/my_pkg/scripts/calibration/captured_images/color_image_16.png
-- Up-to-date symlink: /home/ani/yc_ws/install/my_pkg/share/my_pkg/scripts/calibration/captured_images/color_image_17.png
-- Up-to-date symlink: /home/ani/yc_ws/install/my_pkg/share/my_pkg/scripts/calibration/captured_images/color_image_18.png
-- Up-to-date symlink: /home/ani/yc_ws/install/my_pkg/share/my_pkg/scripts/calibration/captured_images/color_image_19.png
-- Up-to-date symlink: /home/ani/yc_ws/install/my_pkg/share/my_pkg/scripts/calibration/captured_images/color_image_20.png
-- Up-to-date symlink: /home/ani/yc_ws/install/my_pkg/share/my_pkg/scripts/calibration/captured_images/color_image_21.png
-- Up-to-date symlink: /home/ani/yc_ws/install/my_pkg/share/my_pkg/scripts/calibration/captured_images/color_image_22.png
-- Up-to-date symlink: /home/ani/yc_ws/install/my_pkg/share/my_pkg/scripts/calibration/captured_images/depth_image_00.png
-- Up-to-date symlink: /home/ani/yc_ws/install/my_pkg/share/my_pkg/scripts/calibration/captured_images/depth_image_01.png
-- Up-to-date symlink: /home/ani/yc_ws/install/my_pkg/share/my_pkg/scripts/calibration/captured_images/depth_image_02.png
-- Up-to-date symlink: /home/ani/yc_ws/install/my_pkg/share/my_pkg/scripts/calibration/captured_images/depth_image_03.png
-- Up-to-date symlink: /home/ani/yc_ws/install/my_pkg/share/my_pkg/scripts/calibration/captured_images/depth_image_04.png
-- Up-to-date symlink: /home/ani/yc_ws/install/my_pkg/share/my_pkg/scripts/calibration/captured_images/depth_image_05.png
-- Up-to-date symlink: /home/ani/yc_ws/install/my_pkg/share/my_pkg/scripts/calibration/captured_images/depth_image_06.png
-- Up-to-date symlink: /home/ani/yc_ws/install/my_pkg/share/my_pkg/scripts/calibration/captured_images/depth_image_07.png
-- Up-to-date symlink: /home/ani/yc_ws/install/my_pkg/share/my_pkg/scripts/calibration/captured_images/depth_image_08.png
-- Up-to-date symlink: /home/ani/yc_ws/install/my_pkg/share/my_pkg/scripts/calibration/captured_images/depth_image_09.png
-- Up-to-date symlink: /home/ani/yc_ws/install/my_pkg/share/my_pkg/scripts/calibration/captured_images/depth_image_10.png
-- Up-to-date symlink: /home/ani/yc_ws/install/my_pkg/share/my_pkg/scripts/calibration/captured_images/depth_image_11.png
-- Up-to-date symlink: /home/ani/yc_ws/install/my_pkg/share/my_pkg/scripts/calibration/captured_images/depth_image_12.png
-- Up-to-date symlink: /home/ani/yc_ws/install/my_pkg/share/my_pkg/scripts/calibration/captured_images/depth_image_13.png
-- Up-to-date symlink: /home/ani/yc_ws/install/my_pkg/share/my_pkg/scripts/calibration/captured_images/depth_image_14.png
-- Up-to-date symlink: /home/ani/yc_ws/install/my_pkg/share/my_pkg/scripts/calibration/captured_images/depth_image_15.png
-- Up-to-date symlink: /home/ani/yc_ws/install/my_pkg/share/my_pkg/scripts/calibration/captured_images/depth_image_16.png
-- Up-to-date symlink: /home/ani/yc_ws/install/my_pkg/share/my_pkg/scripts/calibration/captured_images/depth_image_17.png
-- Up-to-date symlink: /home/ani/yc_ws/install/my_pkg/share/my_pkg/scripts/calibration/captured_images/depth_image_18.png
-- Up-to-date symlink: /home/ani/yc_ws/install/my_pkg/share/my_pkg/scripts/calibration/captured_images/depth_image_19.png
-- Up-to-date symlink: /home/ani/yc_ws/install/my_pkg/share/my_pkg/scripts/calibration/captured_images/depth_image_20.png
-- Up-to-date symlink: /home/ani/yc_ws/install/my_pkg/share/my_pkg/scripts/calibration/captured_images/depth_image_21.png
-- Up-to-date symlink: /home/ani/yc_ws/install/my_pkg/share/my_pkg/scripts/calibration/captured_images/depth_image_22.png
-- Up-to-date symlink: /home/ani/yc_ws/install/my_pkg/share/my_pkg/scripts/calibration/captured_images2/color_image_00.png
-- Up-to-date symlink: /home/ani/yc_ws/install/my_pkg/share/my_pkg/scripts/calibration/captured_images2/color_image_01.png
-- Up-to-date symlink: /home/ani/yc_ws/install/my_pkg/share/my_pkg/scripts/calibration/captured_images2/color_image_02.png
-- Up-to-date symlink: /home/ani/yc_ws/install/my_pkg/share/my_pkg/scripts/calibration/captured_images2/color_image_03.png
-- Up-to-date symlink: /home/ani/yc_ws/install/my_pkg/share/my_pkg/scripts/calibration/captured_images2/color_image_04.png
-- Up-to-date symlink: /home/ani/yc_ws/install/my_pkg/share/my_pkg/scripts/calibration/captured_images2/color_image_05.png
-- Up-to-date symlink: /home/ani/yc_ws/install/my_pkg/share/my_pkg/scripts/calibration/captured_images2/depth_image_00.png
-- Up-to-date symlink: /home/ani/yc_ws/install/my_pkg/share/my_pkg/scripts/calibration/captured_images2/depth_image_01.png
-- Up-to-date symlink: /home/ani/yc_ws/install/my_pkg/share/my_pkg/scripts/calibration/captured_images2/depth_image_02.png
-- Up-to-date symlink: /home/ani/yc_ws/install/my_pkg/share/my_pkg/scripts/calibration/captured_images2/depth_image_03.png
-- Up-to-date symlink: /home/ani/yc_ws/install/my_pkg/share/my_pkg/scripts/calibration/captured_images2/depth_image_04.png
-- Up-to-date symlink: /home/ani/yc_ws/install/my_pkg/share/my_pkg/scripts/calibration/captured_images2/depth_image_05.png
-- Up-to-date symlink: /home/ani/yc_ws/install/my_pkg/share/my_pkg/scripts/calibration/data/20241007_184458H/00.png
-- Up-to-date symlink: /home/ani/yc_ws/install/my_pkg/share/my_pkg/scripts/calibration/data/20241007_184458H/01.png
-- Up-to-date symlink: /home/ani/yc_ws/install/my_pkg/share/my_pkg/scripts/calibration/data/20241007_184458H/02.png
-- Up-to-date symlink: /home/ani/yc_ws/install/my_pkg/share/my_pkg/scripts/calibration/data/20241007_184458H/03.png
-- Up-to-date symlink: /home/ani/yc_ws/install/my_pkg/share/my_pkg/scripts/calibration/data/20241007_184458H/04.png
-- Up-to-date symlink: /home/ani/yc_ws/install/my_pkg/share/my_pkg/scripts/calibration/data/20241007_184458H/05.png
-- Up-to-date symlink: /home/ani/yc_ws/install/my_pkg/share/my_pkg/scripts/calibration/data/20241007_184458H/06.png
-- Up-to-date symlink: /home/ani/yc_ws/install/my_pkg/share/my_pkg/scripts/calibration/data/20241007_184458H/07.png
-- Up-to-date symlink: /home/ani/yc_ws/install/my_pkg/share/my_pkg/scripts/calibration/data/20241007_184458H/08.png
-- Up-to-date symlink: /home/ani/yc_ws/install/my_pkg/share/my_pkg/scripts/calibration/data/20241007_184458H/09.png
-- Up-to-date symlink: /home/ani/yc_ws/install/my_pkg/share/my_pkg/scripts/calibration/data/20241007_184458H/10.png
-- Up-to-date symlink: /home/ani/yc_ws/install/my_pkg/share/my_pkg/scripts/calibration/data/20241007_184458H/11.png
-- Up-to-date symlink: /home/ani/yc_ws/install/my_pkg/share/my_pkg/scripts/calibration/data/20241007_184458H/12.png
-- Up-to-date symlink: /home/ani/yc_ws/install/my_pkg/share/my_pkg/scripts/calibration/data/20241007_184458H/13.png
-- Up-to-date symlink: /home/ani/yc_ws/install/my_pkg/share/my_pkg/scripts/calibration/data/20241007_184458H/14.png
-- Up-to-date symlink: /home/ani/yc_ws/install/my_pkg/share/my_pkg/scripts/calibration/data/20241007_184458H/15.png
-- Up-to-date symlink: /home/ani/yc_ws/install/my_pkg/share/my_pkg/scripts/calibration/data/20241007_184458H/poses.json
-- Up-to-date symlink: /home/ani/yc_ws/install/my_pkg/share/my_pkg/scripts/calibration/data/20241007_184458H/results.json
-- Up-to-date symlink: /home/ani/yc_ws/install/my_pkg/share/my_pkg/scripts/calibration/data/images/00.png
-- Up-to-date symlink: /home/ani/yc_ws/install/my_pkg/share/my_pkg/scripts/calibration/data/images/01.png
-- Up-to-date symlink: /home/ani/yc_ws/install/my_pkg/share/my_pkg/scripts/calibration/data/images/02.png
-- Up-to-date symlink: /home/ani/yc_ws/install/my_pkg/share/my_pkg/scripts/calibration/data/images/03.png
-- Up-to-date symlink: /home/ani/yc_ws/install/my_pkg/share/my_pkg/scripts/calibration/data/images/04.png
-- Up-to-date symlink: /home/ani/yc_ws/install/my_pkg/share/my_pkg/scripts/calibration/data/images/05.png
-- Up-to-date symlink: /home/ani/yc_ws/install/my_pkg/share/my_pkg/scripts/calibration/data/images/06.png
-- Up-to-date symlink: /home/ani/yc_ws/install/my_pkg/share/my_pkg/scripts/calibration/data/images/07.png
-- Up-to-date symlink: /home/ani/yc_ws/install/my_pkg/share/my_pkg/scripts/calibration/data/images/08.png
-- Up-to-date symlink: /home/ani/yc_ws/install/my_pkg/share/my_pkg/scripts/calibration/data/images/09.png
-- Up-to-date symlink: /home/ani/yc_ws/install/my_pkg/share/my_pkg/scripts/calibration/data/images/10.png
-- Up-to-date symlink: /home/ani/yc_ws/install/my_pkg/share/my_pkg/scripts/calibration/data/images/11.png
-- Up-to-date symlink: /home/ani/yc_ws/install/my_pkg/share/my_pkg/scripts/calibration/data/images/12.png
-- Up-to-date symlink: /home/ani/yc_ws/install/my_pkg/share/my_pkg/scripts/calibration/data/images/13.png
-- Up-to-date symlink: /home/ani/yc_ws/install/my_pkg/share/my_pkg/scripts/calibration/data/images/14.png
-- Up-to-date symlink: /home/ani/yc_ws/install/my_pkg/share/my_pkg/scripts/calibration/data/images/15.png
-- Up-to-date symlink: /home/ani/yc_ws/install/my_pkg/share/my_pkg/scripts/calibration/data/images/16.png
-- Up-to-date symlink: /home/ani/yc_ws/install/my_pkg/share/my_pkg/scripts/calibration/data/images/17.png
-- Up-to-date symlink: /home/ani/yc_ws/install/my_pkg/share/my_pkg/scripts/calibration/data/images/18.png
-- Up-to-date symlink: /home/ani/yc_ws/install/my_pkg/share/my_pkg/scripts/calibration/data/images/19.png
-- Up-to-date symlink: /home/ani/yc_ws/install/my_pkg/share/my_pkg/scripts/calibration/data/images/20.png
-- Up-to-date symlink: /home/ani/yc_ws/install/my_pkg/share/my_pkg/scripts/calibration/data/images/21.png
-- Up-to-date symlink: /home/ani/yc_ws/install/my_pkg/share/my_pkg/scripts/calibration/data/images/22.png
-- Up-to-date symlink: /home/ani/yc_ws/install/my_pkg/share/my_pkg/scripts/calibration/data/images/23.png
-- Up-to-date symlink: /home/ani/yc_ws/install/my_pkg/share/my_pkg/scripts/calibration/data/images/24.png
-- Up-to-date symlink: /home/ani/yc_ws/install/my_pkg/share/my_pkg/scripts/calibration/data/images/25.png
-- Up-to-date symlink: /home/ani/yc_ws/install/my_pkg/share/my_pkg/scripts/calibration/data/images/26.png
-- Up-to-date symlink: /home/ani/yc_ws/install/my_pkg/share/my_pkg/scripts/calibration/data/images/27.png
-- Up-to-date symlink: /home/ani/yc_ws/install/my_pkg/share/my_pkg/scripts/calibration/data/images/28.png
-- Up-to-date symlink: /home/ani/yc_ws/install/my_pkg/share/my_pkg/scripts/calibration/data/images/poses.json
-- Up-to-date symlink: /home/ani/yc_ws/install/my_pkg/share/my_pkg/scripts/calibration/data/images/results.json
-- Up-to-date symlink: /home/ani/yc_ws/install/my_pkg/share/my_pkg/scripts/calibration/files/generated_poses.json
-- Up-to-date symlink: /home/ani/yc_ws/install/my_pkg/share/my_pkg/scripts/calibration/files/poses.json
-- Up-to-date symlink: /home/ani/yc_ws/install/my_pkg/share/my_pkg/scripts/calibration/files/poses/poses.json
-- Up-to-date symlink: /home/ani/yc_ws/install/my_pkg/share/my_pkg/scripts/calibration/files/poses/results.json
-- Up-to-date symlink: /home/ani/yc_ws/install/my_pkg/share/my_pkg/scripts/calibration/files/results.json
-- Up-to-date symlink: /home/ani/yc_ws/install/my_pkg/share/my_pkg/scripts/calibration/myfileorganiser.py
-- Up-to-date symlink: /home/ani/yc_ws/install/my_pkg/share/my_pkg/scripts/calibration/myframe.py
-- Up-to-date symlink: /home/ani/yc_ws/install/my_pkg/share/my_pkg/scripts/calibration/try.py
-- Up-to-date symlink: /home/ani/yc_ws/install/my_pkg/share/my_pkg/scripts/mine/02RECORD.py
-- Up-to-date symlink: /home/ani/yc_ws/install/my_pkg/share/my_pkg/scripts/mine/RECORD.py
-- Up-to-date symlink: /home/ani/yc_ws/install/my_pkg/share/my_pkg/scripts/mine/__init__.py
-- Up-to-date symlink: /home/ani/yc_ws/install/my_pkg/share/my_pkg/scripts/mine/myframe.py
-- Up-to-date symlink: /home/ani/yc_ws/install/my_pkg/share/my_pkg/scripts/mine/realsense_subscriber.py
-- Up-to-date symlink: /home/ani/yc_ws/install/my_pkg/share/my_pkg/scripts/mine/transformation.py
-- Up-to-date symlink: /home/ani/yc_ws/install/my_pkg/share/ament_index/resource_index/package_run_dependencies/my_pkg
-- Up-to-date symlink: /home/ani/yc_ws/install/my_pkg/share/ament_index/resource_index/parent_prefix_path/my_pkg
-- Up-to-date symlink: /home/ani/yc_ws/install/my_pkg/share/my_pkg/environment/ament_prefix_path.sh
-- Up-to-date symlink: /home/ani/yc_ws/install/my_pkg/share/my_pkg/environment/ament_prefix_path.dsv
-- Up-to-date symlink: /home/ani/yc_ws/install/my_pkg/share/my_pkg/environment/path.sh
-- Up-to-date symlink: /home/ani/yc_ws/install/my_pkg/share/my_pkg/environment/path.dsv
-- Up-to-date symlink: /home/ani/yc_ws/install/my_pkg/share/my_pkg/local_setup.bash
-- Up-to-date symlink: /home/ani/yc_ws/install/my_pkg/share/my_pkg/local_setup.sh
-- Up-to-date symlink: /home/ani/yc_ws/install/my_pkg/share/my_pkg/local_setup.zsh
-- Up-to-date symlink: /home/ani/yc_ws/install/my_pkg/share/my_pkg/local_setup.dsv
-- Up-to-date symlink: /home/ani/yc_ws/install/my_pkg/share/my_pkg/package.dsv
-- Up-to-date symlink: /home/ani/yc_ws/install/my_pkg/share/ament_index/resource_index/packages/my_pkg
-- Up-to-date symlink: /home/ani/yc_ws/install/my_pkg/share/my_pkg/cmake/my_pkgConfig.cmake
-- Up-to-date symlink: /home/ani/yc_ws/install/my_pkg/share/my_pkg/cmake/my_pkgConfig-version.cmake
-- Up-to-date symlink: /home/ani/yc_ws/install/my_pkg/share/my_pkg/package.xml
