[0.362s] Invoking command in '/home/ani/yc_ws/build/ur_calibration': CMAKE_PREFIX_PATH=/opt/ros/humble /usr/bin/cmake --build /home/ani/yc_ws/build/ur_calibration -- -j12 -l12
[0.417s] [ 60%] Built target calibration
[0.434s] [100%] Built target calibration_correction
[0.506s] Invoked command in '/home/ani/yc_ws/build/ur_calibration' returned '0': CMAKE_PREFIX_PATH=/opt/ros/humble /usr/bin/cmake --build /home/ani/yc_ws/build/ur_calibration -- -j12 -l12
[0.507s] Invoking command in '/home/ani/yc_ws/build/ur_calibration': CMAKE_PREFIX_PATH=/opt/ros/humble /usr/bin/cmake --install /home/ani/yc_ws/build/ur_calibration
[0.513s] -- Install configuration: "RelWithDebInfo"
[0.513s] -- Execute custom install script
[0.514s] -- Up-to-date symlink: /home/ani/yc_ws/install/ur_calibration/lib/ur_calibration/calibration_correction
[0.514s] -- Up-to-date symlink: /home/ani/yc_ws/install/ur_calibration/include/ur_calibration/calibration.hpp
[0.514s] -- Up-to-date symlink: /home/ani/yc_ws/install/ur_calibration/include/ur_calibration/calibration_consumer.hpp
[0.515s] -- Up-to-date symlink: /home/ani/yc_ws/install/ur_calibration/share/ur_calibration/launch/calibration_correction.launch.py
[0.515s] -- Up-to-date symlink: /home/ani/yc_ws/install/ur_calibration/share/ament_index/resource_index/package_run_dependencies/ur_calibration
[0.515s] -- Up-to-date symlink: /home/ani/yc_ws/install/ur_calibration/share/ament_index/resource_index/parent_prefix_path/ur_calibration
[0.516s] -- Up-to-date symlink: /home/ani/yc_ws/install/ur_calibration/share/ur_calibration/environment/ament_prefix_path.sh
[0.516s] -- Up-to-date symlink: /home/ani/yc_ws/install/ur_calibration/share/ur_calibration/environment/ament_prefix_path.dsv
[0.516s] -- Up-to-date symlink: /home/ani/yc_ws/install/ur_calibration/share/ur_calibration/environment/path.sh
[0.516s] -- Up-to-date symlink: /home/ani/yc_ws/install/ur_calibration/share/ur_calibration/environment/path.dsv
[0.516s] -- Up-to-date symlink: /home/ani/yc_ws/install/ur_calibration/share/ur_calibration/local_setup.bash
[0.516s] -- Up-to-date symlink: /home/ani/yc_ws/install/ur_calibration/share/ur_calibration/local_setup.sh
[0.517s] -- Up-to-date symlink: /home/ani/yc_ws/install/ur_calibration/share/ur_calibration/local_setup.zsh
[0.517s] -- Up-to-date symlink: /home/ani/yc_ws/install/ur_calibration/share/ur_calibration/local_setup.dsv
[0.517s] -- Symlinking: /home/ani/yc_ws/install/ur_calibration/share/ur_calibration/package.dsv
[0.522s] -- Up-to-date symlink: /home/ani/yc_ws/install/ur_calibration/share/ament_index/resource_index/packages/ur_calibration
[0.522s] -- Up-to-date symlink: /home/ani/yc_ws/install/ur_calibration/share/ur_calibration/cmake/ament_cmake_export_include_directories-extras.cmake
[0.522s] -- Up-to-date symlink: /home/ani/yc_ws/install/ur_calibration/share/ur_calibration/cmake/ament_cmake_export_dependencies-extras.cmake
[0.523s] -- Up-to-date symlink: /home/ani/yc_ws/install/ur_calibration/share/ur_calibration/cmake/ur_calibrationConfig.cmake
[0.523s] -- Up-to-date symlink: /home/ani/yc_ws/install/ur_calibration/share/ur_calibration/cmake/ur_calibrationConfig-version.cmake
[0.523s] -- Up-to-date symlink: /home/ani/yc_ws/install/ur_calibration/share/ur_calibration/package.xml
[0.532s] Invoked command in '/home/ani/yc_ws/build/ur_calibration' returned '0': CMAKE_PREFIX_PATH=/opt/ros/humble /usr/bin/cmake --install /home/ani/yc_ws/build/ur_calibration
