[0.007s] Invoking command in '/home/ani/yc_ws/src/build/robotiq_driver': AMENT_PREFIX_PATH=/home/ani/yc_ws/src/install/serial:${AMENT_PREFIX_PATH} CMAKE_PREFIX_PATH=/home/ani/yc_ws/src/install/serial:/opt/ros/humble LD_LIBRARY_PATH=/home/ani/yc_ws/src/install/serial/lib:${LD_LIBRARY_PATH} /usr/bin/cmake /home/ani/yc_ws/src/gripper/robotiq_driver -DAMENT_CMAKE_SYMLINK_INSTALL=1 -DCMAKE_INSTALL_PREFIX=/home/ani/yc_ws/src/install/robotiq_driver
[0.063s] -- The CXX compiler identification is GNU 11.4.0
[0.069s] -- Detecting CXX compiler ABI info
[0.137s] -- Detecting CXX compiler ABI info - done
[0.143s] -- Check for working CXX compiler: /usr/bin/c++ - skipped
[0.143s] -- Detecting CXX compile features
[0.144s] -- Detecting CXX compile features - done
[0.148s] -- Found ament_cmake: 1.3.10 (/opt/ros/humble/share/ament_cmake/cmake)
[0.271s] -- Found Python3: /usr/bin/python3 (found version "3.10.12") found components: Interpreter 
[0.312s] -- Override CMake install command with custom implementation using symlinks instead of copying resources
[0.336s] -- Found hardware_interface: 2.43.1 (/opt/ros/humble/share/hardware_interface/cmake)
[0.367s] -- Found rosidl_generator_c: 3.1.5 (/opt/ros/humble/share/rosidl_generator_c/cmake)
[0.371s] -- Found rosidl_adapter: 3.1.5 (/opt/ros/humble/share/rosidl_adapter/cmake)
[0.377s] -- Found rosidl_generator_cpp: 3.1.5 (/opt/ros/humble/share/rosidl_generator_cpp/cmake)
[0.385s] -- Using all available rosidl_typesupport_c: rosidl_typesupport_fastrtps_c;rosidl_typesupport_introspection_c
[0.396s] -- Using all available rosidl_typesupport_cpp: rosidl_typesupport_fastrtps_cpp;rosidl_typesupport_introspection_cpp
[0.555s] -- Found rmw_implementation_cmake: 6.1.2 (/opt/ros/humble/share/rmw_implementation_cmake/cmake)
[0.557s] -- Found rmw_fastrtps_cpp: 6.2.7 (/opt/ros/humble/share/rmw_fastrtps_cpp/cmake)
[0.575s] -- Found TinyXML2 via Config file: TinyXML2_DIR-NOTFOUND
[0.620s] -- Found OpenSSL: /usr/lib/x86_64-linux-gnu/libcrypto.so (found version "3.0.2")  
[0.622s] -- Found TinyXML2 via Config file: TinyXML2_DIR-NOTFOUND
[0.635s] -- Found FastRTPS: /opt/ros/humble/include  
[0.637s] -- Found TinyXML2 via Config file: TinyXML2_DIR-NOTFOUND
[0.644s] -- Found TinyXML2 via Config file: TinyXML2_DIR-NOTFOUND
[0.652s] -- Using RMW implementation 'rmw_fastrtps_cpp' as default
[0.659s] -- Looking for C++ include pthread.h
[0.730s] -- Looking for C++ include pthread.h - found
[0.730s] -- Performing Test CMAKE_HAVE_LIBC_PTHREAD
[0.809s] -- Performing Test CMAKE_HAVE_LIBC_PTHREAD - Success
[0.809s] -- Found Threads: TRUE  
[0.844s] -- Found serial: 1.2.1 (/home/ani/yc_ws/src/install/serial/share/serial/cmake)
[0.857s] -- Found ament_cmake_gtest: 1.3.10 (/opt/ros/humble/share/ament_cmake_gtest/cmake)
[0.858s] -- Found ament_cmake_gmock: 1.3.10 (/opt/ros/humble/share/ament_cmake_gmock/cmake)
[0.860s] -- Found ament_lint_auto: 0.12.11 (/opt/ros/humble/share/ament_lint_auto/cmake)
[0.861s] -- Found ros2_control_test_assets: 2.43.1 (/opt/ros/humble/share/ros2_control_test_assets/cmake)
[0.940s] -- Found gmock sources under '/opt/ros/humble/src/gmock_vendor': C++ tests using 'Google Mock' will be built
[0.975s] -- The C compiler identification is GNU 11.4.0
[0.981s] -- Detecting C compiler ABI info
[1.033s] -- Detecting C compiler ABI info - done
[1.038s] -- Check for working C compiler: /usr/bin/cc - skipped
[1.039s] -- Detecting C compile features
[1.039s] -- Detecting C compile features - done
[1.041s] -- Found gtest sources under '/opt/ros/humble/src/gtest_vendor': C++ tests using 'Google Test' will be built
[1.098s] -- Configuring done
[1.203s] -- Generating done
[1.220s] -- Build files have been written to: /home/ani/yc_ws/src/build/robotiq_driver
[1.232s] Invoked command in '/home/ani/yc_ws/src/build/robotiq_driver' returned '0': AMENT_PREFIX_PATH=/home/ani/yc_ws/src/install/serial:${AMENT_PREFIX_PATH} CMAKE_PREFIX_PATH=/home/ani/yc_ws/src/install/serial:/opt/ros/humble LD_LIBRARY_PATH=/home/ani/yc_ws/src/install/serial/lib:${LD_LIBRARY_PATH} /usr/bin/cmake /home/ani/yc_ws/src/gripper/robotiq_driver -DAMENT_CMAKE_SYMLINK_INSTALL=1 -DCMAKE_INSTALL_PREFIX=/home/ani/yc_ws/src/install/robotiq_driver
[1.234s] Invoking command in '/home/ani/yc_ws/src/build/robotiq_driver': AMENT_PREFIX_PATH=/home/ani/yc_ws/src/install/serial:${AMENT_PREFIX_PATH} CMAKE_PREFIX_PATH=/home/ani/yc_ws/src/install/serial:/opt/ros/humble LD_LIBRARY_PATH=/home/ani/yc_ws/src/install/serial/lib:${LD_LIBRARY_PATH} /usr/bin/cmake --build /home/ani/yc_ws/src/build/robotiq_driver -- -j12 -l12
[1.275s] [  4%] [32mBuilding CXX object gmock/CMakeFiles/gmock_main.dir/src/gmock_main.cc.o[0m
[1.276s] [  8%] [32mBuilding CXX object CMakeFiles/robotiq_driver.dir/src/default_driver_factory.cpp.o[0m
[1.276s] [ 12%] [32mBuilding CXX object CMakeFiles/robotiq_driver.dir/src/data_utils.cpp.o[0m
[1.277s] [ 20%] [32mBuilding CXX object CMakeFiles/robotiq_driver.dir/src/crc_utils.cpp.o[0m
[1.278s] [ 20%] [32mBuilding CXX object CMakeFiles/robotiq_driver.dir/src/fake/fake_driver.cpp.o[0m
[1.281s] [ 29%] [32mBuilding CXX object CMakeFiles/robotiq_driver.dir/src/default_serial.cpp.o[0m
[1.281s] [ 33%] [32mBuilding CXX object CMakeFiles/robotiq_driver.dir/src/hardware_interface.cpp.o[0m
[1.281s] [ 29%] [32mBuilding CXX object gmock/CMakeFiles/gmock.dir/opt/ros/humble/src/gtest_vendor/src/gtest-all.cc.o[0m
[1.281s] [ 37%] [32mBuilding CXX object CMakeFiles/robotiq_driver.dir/src/default_driver.cpp.o[0m
[1.282s] [ 41%] [32mBuilding CXX object CMakeFiles/robotiq_driver.dir/src/default_serial_factory.cpp.o[0m
[1.284s] [ 45%] [32mBuilding CXX object gmock/CMakeFiles/gmock.dir/src/gmock-all.cc.o[0m
[2.468s] [ 50%] [32m[1mLinking CXX static library libgmock_main.a[0m
[2.522s] [ 50%] Built target gmock_main
[3.840s] [ 54%] [32m[1mLinking CXX static library libgmock.a[0m
[3.922s] [ 54%] Built target gmock
[4.726s] [ 58%] [32m[1mLinking CXX shared library librobotiq_driver.so[0m
[4.863s] [ 58%] Built target robotiq_driver
[4.879s] [ 62%] [32mBuilding CXX object tests/CMakeFiles/test_default_serial_factory.dir/test_default_serial_factory.cpp.o[0m
[4.880s] [ 66%] [32mBuilding CXX object tests/CMakeFiles/test_data_utils.dir/test_data_utils.cpp.o[0m
[4.880s] [ 70%] [32mBuilding CXX object tests/CMakeFiles/test_default_driver_factory.dir/test_default_driver_factory.cpp.o[0m
[4.882s] [ 75%] [32mBuilding CXX object tests/CMakeFiles/test_robotiq_gripper_hardware_interface.dir/test_robotiq_gripper_hardware_interface.cpp.o[0m
[4.882s] [ 79%] [32mBuilding CXX object tests/CMakeFiles/test_crc_utils.dir/test_crc_utils.cpp.o[0m
[5.647s] [ 83%] [32m[1mLinking CXX executable test_data_utils[0m
[5.850s] [ 83%] Built target test_data_utils
[5.945s] [ 87%] [32m[1mLinking CXX executable test_crc_utils[0m
[6.133s] [ 87%] Built target test_crc_utils
[7.101s] [ 91%] [32m[1mLinking CXX executable test_default_serial_factory[0m
[7.330s] [ 91%] Built target test_default_serial_factory
[7.803s] [ 95%] [32m[1mLinking CXX executable test_robotiq_gripper_hardware_interface[0m
[7.961s] [ 95%] Built target test_robotiq_gripper_hardware_interface
[8.164s] [100%] [32m[1mLinking CXX executable test_default_driver_factory[0m
[8.366s] [100%] Built target test_default_driver_factory
[8.374s] Invoked command in '/home/ani/yc_ws/src/build/robotiq_driver' returned '0': AMENT_PREFIX_PATH=/home/ani/yc_ws/src/install/serial:${AMENT_PREFIX_PATH} CMAKE_PREFIX_PATH=/home/ani/yc_ws/src/install/serial:/opt/ros/humble LD_LIBRARY_PATH=/home/ani/yc_ws/src/install/serial/lib:${LD_LIBRARY_PATH} /usr/bin/cmake --build /home/ani/yc_ws/src/build/robotiq_driver -- -j12 -l12
[8.375s] Invoking command in '/home/ani/yc_ws/src/build/robotiq_driver': AMENT_PREFIX_PATH=/home/ani/yc_ws/src/install/serial:${AMENT_PREFIX_PATH} CMAKE_PREFIX_PATH=/home/ani/yc_ws/src/install/serial:/opt/ros/humble LD_LIBRARY_PATH=/home/ani/yc_ws/src/install/serial/lib:${LD_LIBRARY_PATH} /usr/bin/cmake --install /home/ani/yc_ws/src/build/robotiq_driver
[8.380s] -- Install configuration: ""
[8.380s] -- Execute custom install script
[8.380s] -- Symlinking: /home/ani/yc_ws/src/install/robotiq_driver/share/robotiq_driver//hardware_interface_plugin.xml
[8.386s] -- Symlinking: /home/ani/yc_ws/src/install/robotiq_driver/share/robotiq_driver/environment/library_path.sh
[8.392s] -- Symlinking: /home/ani/yc_ws/src/install/robotiq_driver/share/robotiq_driver/environment/library_path.dsv
[8.398s] -- Symlinking: /home/ani/yc_ws/src/install/robotiq_driver/include/robotiq_driver/crc_utils.hpp
[8.404s] -- Symlinking: /home/ani/yc_ws/src/install/robotiq_driver/include/robotiq_driver/data_utils.hpp
[8.410s] -- Symlinking: /home/ani/yc_ws/src/install/robotiq_driver/include/robotiq_driver/default_driver.hpp
[8.416s] -- Symlinking: /home/ani/yc_ws/src/install/robotiq_driver/include/robotiq_driver/default_driver_factory.hpp
[8.422s] -- Symlinking: /home/ani/yc_ws/src/install/robotiq_driver/include/robotiq_driver/default_serial.hpp
[8.428s] -- Symlinking: /home/ani/yc_ws/src/install/robotiq_driver/include/robotiq_driver/default_serial_factory.hpp
[8.433s] -- Symlinking: /home/ani/yc_ws/src/install/robotiq_driver/include/robotiq_driver/driver.hpp
[8.440s] -- Symlinking: /home/ani/yc_ws/src/install/robotiq_driver/include/robotiq_driver/driver_exception.hpp
[8.445s] -- Symlinking: /home/ani/yc_ws/src/install/robotiq_driver/include/robotiq_driver/driver_factory.hpp
[8.451s] -- Symlinking: /home/ani/yc_ws/src/install/robotiq_driver/include/robotiq_driver/fake/fake_driver.hpp
[8.457s] -- Symlinking: /home/ani/yc_ws/src/install/robotiq_driver/include/robotiq_driver/hardware_interface.hpp
[8.462s] -- Symlinking: /home/ani/yc_ws/src/install/robotiq_driver/include/robotiq_driver/serial.hpp
[8.468s] -- Symlinking: /home/ani/yc_ws/src/install/robotiq_driver/include/robotiq_driver/serial_factory.hpp
[8.474s] -- Symlinking: /home/ani/yc_ws/src/install/robotiq_driver/include/robotiq_driver/visibility_control.hpp
[8.480s] -- Symlinking: /home/ani/yc_ws/src/install/robotiq_driver/share/ament_index/resource_index/package_run_dependencies/robotiq_driver
[8.485s] -- Symlinking: /home/ani/yc_ws/src/install/robotiq_driver/share/ament_index/resource_index/parent_prefix_path/robotiq_driver
[8.491s] -- Symlinking: /home/ani/yc_ws/src/install/robotiq_driver/share/robotiq_driver/environment/ament_prefix_path.sh
[8.497s] -- Symlinking: /home/ani/yc_ws/src/install/robotiq_driver/share/robotiq_driver/environment/ament_prefix_path.dsv
[8.503s] -- Symlinking: /home/ani/yc_ws/src/install/robotiq_driver/share/robotiq_driver/environment/path.sh
[8.509s] -- Symlinking: /home/ani/yc_ws/src/install/robotiq_driver/share/robotiq_driver/environment/path.dsv
[8.515s] -- Symlinking: /home/ani/yc_ws/src/install/robotiq_driver/share/robotiq_driver/local_setup.bash
[8.521s] -- Symlinking: /home/ani/yc_ws/src/install/robotiq_driver/share/robotiq_driver/local_setup.sh
[8.526s] -- Symlinking: /home/ani/yc_ws/src/install/robotiq_driver/share/robotiq_driver/local_setup.zsh
[8.532s] -- Symlinking: /home/ani/yc_ws/src/install/robotiq_driver/share/robotiq_driver/local_setup.dsv
[8.538s] -- Symlinking: /home/ani/yc_ws/src/install/robotiq_driver/share/robotiq_driver/package.dsv
[8.544s] -- Symlinking: /home/ani/yc_ws/src/install/robotiq_driver/share/ament_index/resource_index/packages/robotiq_driver
[8.549s] -- Symlinking: /home/ani/yc_ws/src/install/robotiq_driver/share/ament_index/resource_index/hardware_interface__pluginlib__plugin/robotiq_driver
[8.555s] -- Symlinking: /home/ani/yc_ws/src/install/robotiq_driver/share/robotiq_driver/cmake/ament_cmake_export_targets-extras.cmake
[8.561s] -- Symlinking: /home/ani/yc_ws/src/install/robotiq_driver/share/robotiq_driver/cmake/ament_cmake_export_dependencies-extras.cmake
[8.567s] -- Symlinking: /home/ani/yc_ws/src/install/robotiq_driver/share/robotiq_driver/cmake/ament_cmake_export_include_directories-extras.cmake
[8.573s] -- Symlinking: /home/ani/yc_ws/src/install/robotiq_driver/share/robotiq_driver/cmake/ament_cmake_export_libraries-extras.cmake
[8.579s] -- Symlinking: /home/ani/yc_ws/src/install/robotiq_driver/share/robotiq_driver/cmake/robotiq_driverConfig.cmake
[8.585s] -- Symlinking: /home/ani/yc_ws/src/install/robotiq_driver/share/robotiq_driver/cmake/robotiq_driverConfig-version.cmake
[8.590s] -- Symlinking: /home/ani/yc_ws/src/install/robotiq_driver/share/robotiq_driver/package.xml
[8.596s] -- Installing: /home/ani/yc_ws/src/install/robotiq_driver/lib/librobotiq_driver.so
[8.598s] -- Set runtime path of "/home/ani/yc_ws/src/install/robotiq_driver/lib/librobotiq_driver.so" to ""
[8.598s] -- Installing: /home/ani/yc_ws/src/install/robotiq_driver/share/robotiq_driver/cmake/robotiq_driver_targetsExport.cmake
[8.598s] -- Installing: /home/ani/yc_ws/src/install/robotiq_driver/share/robotiq_driver/cmake/robotiq_driver_targetsExport-noconfig.cmake
[8.600s] Invoked command in '/home/ani/yc_ws/src/build/robotiq_driver' returned '0': AMENT_PREFIX_PATH=/home/ani/yc_ws/src/install/serial:${AMENT_PREFIX_PATH} CMAKE_PREFIX_PATH=/home/ani/yc_ws/src/install/serial:/opt/ros/humble LD_LIBRARY_PATH=/home/ani/yc_ws/src/install/serial/lib:${LD_LIBRARY_PATH} /usr/bin/cmake --install /home/ani/yc_ws/src/build/robotiq_driver
