[0.360s] Invoking command in '/home/ani/yc_ws/build/ur_calibration': CMAKE_PREFIX_PATH=/opt/ros/humble /usr/bin/cmake --build /home/ani/yc_ws/build/ur_calibration -- -j12 -l12
[0.412s] [ 60%] Built target calibration
[0.431s] [100%] Built target calibration_correction
[0.444s] Invoked command in '/home/ani/yc_ws/build/ur_calibration' returned '0': CMAKE_PREFIX_PATH=/opt/ros/humble /usr/bin/cmake --build /home/ani/yc_ws/build/ur_calibration -- -j12 -l12
[0.444s] Invoking command in '/home/ani/yc_ws/build/ur_calibration': CMAKE_PREFIX_PATH=/opt/ros/humble /usr/bin/cmake --install /home/ani/yc_ws/build/ur_calibration
[0.448s] -- Install configuration: "RelWithDebInfo"
[0.448s] -- Execute custom install script
[0.449s] -- Up-to-date symlink: /home/ani/yc_ws/install/ur_calibration/lib/ur_calibration/calibration_correction
[0.449s] -- Up-to-date symlink: /home/ani/yc_ws/install/ur_calibration/include/ur_calibration/calibration.hpp
[0.449s] -- Up-to-date symlink: /home/ani/yc_ws/install/ur_calibration/include/ur_calibration/calibration_consumer.hpp
[0.449s] -- Up-to-date symlink: /home/ani/yc_ws/install/ur_calibration/share/ur_calibration/launch/calibration_correction.launch.py
[0.449s] -- Up-to-date symlink: /home/ani/yc_ws/install/ur_calibration/share/ament_index/resource_index/package_run_dependencies/ur_calibration
[0.450s] -- Up-to-date symlink: /home/ani/yc_ws/install/ur_calibration/share/ament_index/resource_index/parent_prefix_path/ur_calibration
[0.450s] -- Up-to-date symlink: /home/ani/yc_ws/install/ur_calibration/share/ur_calibration/environment/ament_prefix_path.sh
[0.450s] -- Up-to-date symlink: /home/ani/yc_ws/install/ur_calibration/share/ur_calibration/environment/ament_prefix_path.dsv
[0.450s] -- Up-to-date symlink: /home/ani/yc_ws/install/ur_calibration/share/ur_calibration/environment/path.sh
[0.450s] -- Up-to-date symlink: /home/ani/yc_ws/install/ur_calibration/share/ur_calibration/environment/path.dsv
[0.450s] -- Up-to-date symlink: /home/ani/yc_ws/install/ur_calibration/share/ur_calibration/local_setup.bash
[0.450s] -- Up-to-date symlink: /home/ani/yc_ws/install/ur_calibration/share/ur_calibration/local_setup.sh
[0.451s] -- Up-to-date symlink: /home/ani/yc_ws/install/ur_calibration/share/ur_calibration/local_setup.zsh
[0.451s] -- Up-to-date symlink: /home/ani/yc_ws/install/ur_calibration/share/ur_calibration/local_setup.dsv
[0.451s] -- Symlinking: /home/ani/yc_ws/install/ur_calibration/share/ur_calibration/package.dsv
[0.461s] -- Up-to-date symlink: /home/ani/yc_ws/install/ur_calibration/share/ament_index/resource_index/packages/ur_calibration
[0.461s] -- Up-to-date symlink: /home/ani/yc_ws/install/ur_calibration/share/ur_calibration/cmake/ament_cmake_export_include_directories-extras.cmake
[0.464s] -- Up-to-date symlink: /home/ani/yc_ws/install/ur_calibration/share/ur_calibration/cmake/ament_cmake_export_dependencies-extras.cmake
[0.464s] -- Up-to-date symlink: /home/ani/yc_ws/install/ur_calibration/share/ur_calibration/cmake/ur_calibrationConfig.cmake
[0.464s] -- Up-to-date symlink: /home/ani/yc_ws/install/ur_calibration/share/ur_calibration/cmake/ur_calibrationConfig-version.cmake
[0.464s] -- Up-to-date symlink: /home/ani/yc_ws/install/ur_calibration/share/ur_calibration/package.xml
[0.501s] Invoked command in '/home/ani/yc_ws/build/ur_calibration' returned '0': CMAKE_PREFIX_PATH=/opt/ros/humble /usr/bin/cmake --install /home/ani/yc_ws/build/ur_calibration
