[0.283s] Invoking command in '/home/ani/yc_ws/build/robotiq_description': CMAKE_PREFIX_PATH=${CMAKE_PREFIX_PATH}:/home/ani/yc_ws/install/app2:/home/ani/yc_ws/install/app:/opt/ros/humble /usr/bin/cmake /home/ani/yc_ws/src/gripper/robotiq_description -DAMENT_CMAKE_SYMLINK_INSTALL=1 -DCMAKE_INSTALL_PREFIX=/home/ani/yc_ws/install/robotiq_description
[0.289s] -- Found ament_cmake: 1.3.10 (/opt/ros/humble/share/ament_cmake/cmake)
[0.382s] -- Override CMake install command with custom implementation using symlinks instead of copying resources
[0.459s] -- Configuring done
[0.462s] -- Generating done
[0.463s] -- Build files have been written to: /home/ani/yc_ws/build/robotiq_description
[0.467s] Invoked command in '/home/ani/yc_ws/build/robotiq_description' returned '0': CMAKE_PREFIX_PATH=${CMAKE_PREFIX_PATH}:/home/ani/yc_ws/install/app2:/home/ani/yc_ws/install/app:/opt/ros/humble /usr/bin/cmake /home/ani/yc_ws/src/gripper/robotiq_description -DAMENT_CMAKE_SYMLINK_INSTALL=1 -DCMAKE_INSTALL_PREFIX=/home/ani/yc_ws/install/robotiq_description
[0.468s] Invoking command in '/home/ani/yc_ws/build/robotiq_description': CMAKE_PREFIX_PATH=${CMAKE_PREFIX_PATH}:/home/ani/yc_ws/install/app2:/home/ani/yc_ws/install/app:/opt/ros/humble /usr/bin/cmake --build /home/ani/yc_ws/build/robotiq_description -- -j12 -l12
[0.510s] Invoked command in '/home/ani/yc_ws/build/robotiq_description' returned '0': CMAKE_PREFIX_PATH=${CMAKE_PREFIX_PATH}:/home/ani/yc_ws/install/app2:/home/ani/yc_ws/install/app:/opt/ros/humble /usr/bin/cmake --build /home/ani/yc_ws/build/robotiq_description -- -j12 -l12
[0.546s] Invoking command in '/home/ani/yc_ws/build/robotiq_description': CMAKE_PREFIX_PATH=${CMAKE_PREFIX_PATH}:/home/ani/yc_ws/install/app2:/home/ani/yc_ws/install/app:/opt/ros/humble /usr/bin/cmake --install /home/ani/yc_ws/build/robotiq_description
[0.554s] -- Install configuration: ""
[0.554s] -- Execute custom install script
[0.554s] -- Symlinking: /home/ani/yc_ws/install/robotiq_description/share/robotiq_description/config/robotiq_controllers.yaml
[0.567s] -- Symlinking: /home/ani/yc_ws/install/robotiq_description/share/robotiq_description/launch/robotiq_control.launch.py
[0.578s] -- Symlinking: /home/ani/yc_ws/install/robotiq_description/share/robotiq_description/launch/view_gripper.launch.py
[0.590s] -- Symlinking: /home/ani/yc_ws/install/robotiq_description/share/robotiq_description/meshes/collision/2f_140/robotiq_2f_140_base_link.stl
[0.599s] -- Symlinking: /home/ani/yc_ws/install/robotiq_description/share/robotiq_description/meshes/collision/2f_140/robotiq_2f_140_coupling.stl
[0.609s] -- Symlinking: /home/ani/yc_ws/install/robotiq_description/share/robotiq_description/meshes/collision/2f_140/robotiq_2f_140_inner_finger.stl
[0.619s] -- Symlinking: /home/ani/yc_ws/install/robotiq_description/share/robotiq_description/meshes/collision/2f_140/robotiq_2f_140_inner_knuckle.stl
[0.630s] -- Symlinking: /home/ani/yc_ws/install/robotiq_description/share/robotiq_description/meshes/collision/2f_140/robotiq_2f_140_outer_finger.stl
[0.640s] -- Symlinking: /home/ani/yc_ws/install/robotiq_description/share/robotiq_description/meshes/collision/2f_140/robotiq_2f_140_outer_knuckle.stl
[0.652s] -- Symlinking: /home/ani/yc_ws/install/robotiq_description/share/robotiq_description/meshes/collision/2f_85/left_finger.stl
[0.660s] -- Symlinking: /home/ani/yc_ws/install/robotiq_description/share/robotiq_description/meshes/collision/2f_85/left_finger_tip.stl
[0.667s] -- Symlinking: /home/ani/yc_ws/install/robotiq_description/share/robotiq_description/meshes/collision/2f_85/left_inner_knuckle.stl
[0.674s] -- Symlinking: /home/ani/yc_ws/install/robotiq_description/share/robotiq_description/meshes/collision/2f_85/left_knuckle.stl
[0.681s] -- Symlinking: /home/ani/yc_ws/install/robotiq_description/share/robotiq_description/meshes/collision/2f_85/right_finger.stl
[0.689s] -- Symlinking: /home/ani/yc_ws/install/robotiq_description/share/robotiq_description/meshes/collision/2f_85/right_finger_tip.stl
[0.700s] -- Symlinking: /home/ani/yc_ws/install/robotiq_description/share/robotiq_description/meshes/collision/2f_85/right_inner_knuckle.stl
[0.707s] -- Symlinking: /home/ani/yc_ws/install/robotiq_description/share/robotiq_description/meshes/collision/2f_85/right_knuckle.stl
[0.714s] -- Symlinking: /home/ani/yc_ws/install/robotiq_description/share/robotiq_description/meshes/collision/2f_85/robotiq_base.stl
[0.722s] -- Symlinking: /home/ani/yc_ws/install/robotiq_description/share/robotiq_description/meshes/collision/2f_85/ur_to_robotiq_adapter.stl
[0.729s] -- Symlinking: /home/ani/yc_ws/install/robotiq_description/share/robotiq_description/meshes/visual/2f_140/robotiq_2f_140_base_link.stl
[0.738s] -- Symlinking: /home/ani/yc_ws/install/robotiq_description/share/robotiq_description/meshes/visual/2f_140/robotiq_2f_140_coupling.stl
[0.747s] -- Symlinking: /home/ani/yc_ws/install/robotiq_description/share/robotiq_description/meshes/visual/2f_140/robotiq_2f_140_inner_finger.stl
[0.754s] -- Symlinking: /home/ani/yc_ws/install/robotiq_description/share/robotiq_description/meshes/visual/2f_140/robotiq_2f_140_inner_knuckle.stl
[0.760s] -- Symlinking: /home/ani/yc_ws/install/robotiq_description/share/robotiq_description/meshes/visual/2f_140/robotiq_2f_140_outer_finger.stl
[0.766s] -- Symlinking: /home/ani/yc_ws/install/robotiq_description/share/robotiq_description/meshes/visual/2f_140/robotiq_2f_140_outer_knuckle.stl
[0.773s] -- Symlinking: /home/ani/yc_ws/install/robotiq_description/share/robotiq_description/meshes/visual/2f_85/left_finger.dae
[0.780s] -- Symlinking: /home/ani/yc_ws/install/robotiq_description/share/robotiq_description/meshes/visual/2f_85/left_finger_tip.dae
[0.788s] -- Symlinking: /home/ani/yc_ws/install/robotiq_description/share/robotiq_description/meshes/visual/2f_85/left_inner_knuckle.dae
[0.796s] -- Symlinking: /home/ani/yc_ws/install/robotiq_description/share/robotiq_description/meshes/visual/2f_85/left_knuckle.dae
[0.805s] -- Symlinking: /home/ani/yc_ws/install/robotiq_description/share/robotiq_description/meshes/visual/2f_85/right_finger.dae
[0.811s] -- Symlinking: /home/ani/yc_ws/install/robotiq_description/share/robotiq_description/meshes/visual/2f_85/right_finger_tip.dae
[0.817s] -- Symlinking: /home/ani/yc_ws/install/robotiq_description/share/robotiq_description/meshes/visual/2f_85/right_inner_knuckle.dae
[0.824s] -- Symlinking: /home/ani/yc_ws/install/robotiq_description/share/robotiq_description/meshes/visual/2f_85/right_knuckle.dae
[0.830s] -- Symlinking: /home/ani/yc_ws/install/robotiq_description/share/robotiq_description/meshes/visual/2f_85/robotiq_base.dae
[0.838s] -- Symlinking: /home/ani/yc_ws/install/robotiq_description/share/robotiq_description/meshes/visual/2f_85/ur_to_robotiq_adapter.dae
[0.845s] -- Symlinking: /home/ani/yc_ws/install/robotiq_description/share/robotiq_description/rviz/view_urdf.rviz
[0.855s] -- Symlinking: /home/ani/yc_ws/install/robotiq_description/share/robotiq_description/urdf/2f_140.ros2_control.xacro
[0.861s] -- Symlinking: /home/ani/yc_ws/install/robotiq_description/share/robotiq_description/urdf/2f_85.ros2_control.xacro
[0.868s] -- Symlinking: /home/ani/yc_ws/install/robotiq_description/share/robotiq_description/urdf/robotiq_2f_140.xacro
[0.876s] -- Symlinking: /home/ani/yc_ws/install/robotiq_description/share/robotiq_description/urdf/robotiq_2f_140_gripper.urdf.xacro
[0.884s] -- Symlinking: /home/ani/yc_ws/install/robotiq_description/share/robotiq_description/urdf/robotiq_2f_140_macro.urdf.xacro
[0.890s] -- Symlinking: /home/ani/yc_ws/install/robotiq_description/share/robotiq_description/urdf/robotiq_2f_85_gripper.urdf.xacro
[0.897s] -- Symlinking: /home/ani/yc_ws/install/robotiq_description/share/robotiq_description/urdf/robotiq_2f_85_macro.urdf.xacro
[0.903s] -- Symlinking: /home/ani/yc_ws/install/robotiq_description/share/robotiq_description/urdf/ur_to_robotiq_adapter.urdf.xacro
[0.909s] -- Symlinking: /home/ani/yc_ws/install/robotiq_description/share/ament_index/resource_index/package_run_dependencies/robotiq_description
[0.916s] -- Symlinking: /home/ani/yc_ws/install/robotiq_description/share/ament_index/resource_index/parent_prefix_path/robotiq_description
[0.923s] -- Symlinking: /home/ani/yc_ws/install/robotiq_description/share/robotiq_description/environment/ament_prefix_path.sh
[0.929s] -- Symlinking: /home/ani/yc_ws/install/robotiq_description/share/robotiq_description/environment/ament_prefix_path.dsv
[0.935s] -- Symlinking: /home/ani/yc_ws/install/robotiq_description/share/robotiq_description/environment/path.sh
[0.942s] -- Symlinking: /home/ani/yc_ws/install/robotiq_description/share/robotiq_description/environment/path.dsv
[0.948s] -- Symlinking: /home/ani/yc_ws/install/robotiq_description/share/robotiq_description/local_setup.bash
[0.954s] -- Symlinking: /home/ani/yc_ws/install/robotiq_description/share/robotiq_description/local_setup.sh
[0.961s] -- Symlinking: /home/ani/yc_ws/install/robotiq_description/share/robotiq_description/local_setup.zsh
[0.967s] -- Symlinking: /home/ani/yc_ws/install/robotiq_description/share/robotiq_description/local_setup.dsv
[0.973s] -- Symlinking: /home/ani/yc_ws/install/robotiq_description/share/robotiq_description/package.dsv
[0.980s] -- Symlinking: /home/ani/yc_ws/install/robotiq_description/share/ament_index/resource_index/packages/robotiq_description
[0.986s] -- Symlinking: /home/ani/yc_ws/install/robotiq_description/share/robotiq_description/cmake/robotiq_descriptionConfig.cmake
[0.992s] -- Symlinking: /home/ani/yc_ws/install/robotiq_description/share/robotiq_description/cmake/robotiq_descriptionConfig-version.cmake
[0.999s] -- Symlinking: /home/ani/yc_ws/install/robotiq_description/share/robotiq_description/package.xml
[1.007s] Invoked command in '/home/ani/yc_ws/build/robotiq_description' returned '0': CMAKE_PREFIX_PATH=${CMAKE_PREFIX_PATH}:/home/ani/yc_ws/install/app2:/home/ani/yc_ws/install/app:/opt/ros/humble /usr/bin/cmake --install /home/ani/yc_ws/build/robotiq_description
