-- The C compiler identification is GNU 11.4.0
-- The CXX compiler identification is GNU 11.4.0
-- Detecting C compiler ABI info
-- Detecting C compiler ABI info - done
-- Check for working C compiler: /usr/bin/cc - skipped
-- Detecting C compile features
-- Detecting C compile features - done
-- Detecting CXX compiler ABI info
-- Detecting CXX compiler ABI info - done
-- Check for working CXX compiler: /usr/bin/c++ - skipped
-- Detecting CXX compile features
-- Detecting CXX compile features - done
-- Found ament_cmake: 1.3.10 (/opt/ros/humble/share/ament_cmake/cmake)
-- Found Python3: /usr/bin/python3 (found version "3.10.12") found components: Interpreter 
-- Override CMake install command with custom implementation using symlinks instead of copying resources
-- Found ur_robot_driver: 2.2.16 (/opt/ros/humble/share/ur_robot_driver/cmake)
-- Found rosidl_generator_c: 3.1.5 (/opt/ros/humble/share/rosidl_generator_c/cmake)
-- Found rosidl_adapter: 3.1.5 (/opt/ros/humble/share/rosidl_adapter/cmake)
-- Found rosidl_generator_cpp: 3.1.5 (/opt/ros/humble/share/rosidl_generator_cpp/cmake)
-- Using all available rosidl_typesupport_c: rosidl_typesupport_fastrtps_c;rosidl_typesupport_introspection_c
-- Using all available rosidl_typesupport_cpp: rosidl_typesupport_fastrtps_cpp;rosidl_typesupport_introspection_cpp
-- Found rmw_implementation_cmake: 6.1.2 (/opt/ros/humble/share/rmw_implementation_cmake/cmake)
-- Found rmw_fastrtps_cpp: 6.2.7 (/opt/ros/humble/share/rmw_fastrtps_cpp/cmake)
-- Found TinyXML2 via Config file: TinyXML2_DIR-NOTFOUND
-- Found OpenSSL: /usr/lib/x86_64-linux-gnu/libcrypto.so (found version "3.0.2")  
-- Found TinyXML2 via Config file: TinyXML2_DIR-NOTFOUND
-- Found FastRTPS: /opt/ros/humble/include  
-- Found TinyXML2 via Config file: TinyXML2_DIR-NOTFOUND
-- Found TinyXML2 via Config file: TinyXML2_DIR-NOTFOUND
-- Using RMW implementation 'rmw_fastrtps_cpp' as default
-- Looking for pthread.h
-- Looking for pthread.h - found
-- Performing Test CMAKE_HAVE_LIBC_PTHREAD
-- Performing Test CMAKE_HAVE_LIBC_PTHREAD - Success
-- Found Threads: TRUE  
-- Found eigen3_cmake_module: 0.1.1 (/opt/ros/humble/share/eigen3_cmake_module/cmake)
-- Found Eigen3: TRUE (found version "3.4.0") 
-- Ensuring Eigen3 include directory is part of orocos-kdl CMake target
-- Found moveit_ros_move_group: 2.5.5 (/opt/ros/humble/share/moveit_ros_move_group/cmake)
-- Found Boost: /usr/lib/x86_64-linux-gnu/cmake/Boost-1.74.0/BoostConfig.cmake (found version "1.74.0") found components: system filesystem date_time program_options thread 
-- Found Boost: /usr/lib/x86_64-linux-gnu/cmake/Boost-1.74.0/BoostConfig.cmake (found version "1.74.0") found components: chrono date_time filesystem iostreams program_options regex serialization system thread 
-- Found parameter_traits: 0.3.9 (/opt/ros/humble/share/parameter_traits/cmake)
-- Found Boost: /usr/lib/x86_64-linux-gnu/cmake/Boost-1.74.0/BoostConfig.cmake (found version "1.74.0") found components: filesystem 
-- library: /usr/lib/x86_64-linux-gnu/libcurl.so
-- Found Boost: /usr/lib/x86_64-linux-gnu/cmake/Boost-1.74.0/BoostConfig.cmake (found version "1.74.0") found components: system filesystem date_time program_options thread chrono 
-- Found ament_lint_auto: 0.12.11 (/opt/ros/humble/share/ament_lint_auto/cmake)
-- Added test 'flake8' to check Python code syntax and style conventions
-- Added test 'lint_cmake' to check CMake code style
-- Added test 'pep257' to check Python code against some of the docstring style conventions in PEP 257
-- Added test 'xmllint' to check XML markup files
-- Configuring done
-- Generating done
-- Build files have been written to: /home/ani/yc_ws/src/build/my_ur_driver
-- Install configuration: ""
-- Execute custom install script
-- Symlinking: /home/ani/yc_ws/src/install/my_ur_driver/share/my_ur_driver/launch/__init__.py
-- Symlinking: /home/ani/yc_ws/src/install/my_ur_driver/share/my_ur_driver/launch/__pycache__/camera.launch.cpython-312.pyc
-- Symlinking: /home/ani/yc_ws/src/install/my_ur_driver/share/my_ur_driver/launch/__pycache__/ur_moveit.launch.cpython-310.pyc
-- Symlinking: /home/ani/yc_ws/src/install/my_ur_driver/share/my_ur_driver/launch/my_camera.launch.py
-- Symlinking: /home/ani/yc_ws/src/install/my_ur_driver/share/my_ur_driver/launch/my_moveit.launch.py
-- Symlinking: /home/ani/yc_ws/src/install/my_ur_driver/share/my_ur_driver/launch/my_ur.launch.py
-- Symlinking: /home/ani/yc_ws/src/install/my_ur_driver/share/my_ur_driver/launch/simulation.launch.py
-- Symlinking: /home/ani/yc_ws/src/install/my_ur_driver/share/my_ur_driver/my_ur_config/ur_controllers/ur_calibration.yaml
-- Symlinking: /home/ani/yc_ws/src/install/my_ur_driver/share/my_ur_driver/my_ur_config/ur_controllers/ur_controllers.yaml
-- Symlinking: /home/ani/yc_ws/src/install/my_ur_driver/share/my_ur_driver/my_ur_config/urdf/gripper/2f_140.ros2_control.xacro
-- Symlinking: /home/ani/yc_ws/src/install/my_ur_driver/share/my_ur_driver/my_ur_config/urdf/gripper/robotiq_2f_140.xacro
-- Symlinking: /home/ani/yc_ws/src/install/my_ur_driver/share/my_ur_driver/my_ur_config/urdf/gripper/robotiq_2f_140_gripper.urdf.xacro
-- Symlinking: /home/ani/yc_ws/src/install/my_ur_driver/share/my_ur_driver/my_ur_config/urdf/gripper/robotiq_2f_140_macro.urdf.xacro
-- Symlinking: /home/ani/yc_ws/src/install/my_ur_driver/share/my_ur_driver/my_ur_config/urdf/gripper/ur_to_robotiq_adapter.urdf.xacro
-- Symlinking: /home/ani/yc_ws/src/install/my_ur_driver/share/my_ur_driver/my_ur_config/urdf/inc/ur_common.xacro
-- Symlinking: /home/ani/yc_ws/src/install/my_ur_driver/share/my_ur_driver/my_ur_config/urdf/inc/ur_transmissions.xacro
-- Symlinking: /home/ani/yc_ws/src/install/my_ur_driver/share/my_ur_driver/my_ur_config/urdf/meshes/camera/abdo.mlp
-- Symlinking: /home/ani/yc_ws/src/install/my_ur_driver/share/my_ur_driver/my_ur_config/urdf/meshes/camera/abdo_camera.stl
-- Symlinking: /home/ani/yc_ws/src/install/my_ur_driver/share/my_ur_driver/my_ur_config/urdf/meshes/camera/cam_holder_basler.stl
-- Symlinking: /home/ani/yc_ws/src/install/my_ur_driver/share/my_ur_driver/my_ur_config/urdf/meshes/camera/cam_holder_with_onrobot_dual.stl
-- Symlinking: /home/ani/yc_ws/src/install/my_ur_driver/share/my_ur_driver/my_ur_config/urdf/meshes/camera/cam_holder_with_onrobot_single.stl
-- Symlinking: /home/ani/yc_ws/src/install/my_ur_driver/share/my_ur_driver/my_ur_config/urdf/meshes/collision/2f_140/robotiq_2f_140_base_link.stl
-- Symlinking: /home/ani/yc_ws/src/install/my_ur_driver/share/my_ur_driver/my_ur_config/urdf/meshes/collision/2f_140/robotiq_2f_140_coupling.stl
-- Symlinking: /home/ani/yc_ws/src/install/my_ur_driver/share/my_ur_driver/my_ur_config/urdf/meshes/collision/2f_140/robotiq_2f_140_inner_finger.stl
-- Symlinking: /home/ani/yc_ws/src/install/my_ur_driver/share/my_ur_driver/my_ur_config/urdf/meshes/collision/2f_140/robotiq_2f_140_inner_knuckle.stl
-- Symlinking: /home/ani/yc_ws/src/install/my_ur_driver/share/my_ur_driver/my_ur_config/urdf/meshes/collision/2f_140/robotiq_2f_140_outer_finger.stl
-- Symlinking: /home/ani/yc_ws/src/install/my_ur_driver/share/my_ur_driver/my_ur_config/urdf/meshes/collision/2f_140/robotiq_2f_140_outer_knuckle.stl
-- Symlinking: /home/ani/yc_ws/src/install/my_ur_driver/share/my_ur_driver/my_ur_config/urdf/meshes/visual/2f_140/robotiq_2f_140_base_link.stl
-- Symlinking: /home/ani/yc_ws/src/install/my_ur_driver/share/my_ur_driver/my_ur_config/urdf/meshes/visual/2f_140/robotiq_2f_140_coupling.stl
-- Symlinking: /home/ani/yc_ws/src/install/my_ur_driver/share/my_ur_driver/my_ur_config/urdf/meshes/visual/2f_140/robotiq_2f_140_inner_finger.stl
-- Symlinking: /home/ani/yc_ws/src/install/my_ur_driver/share/my_ur_driver/my_ur_config/urdf/meshes/visual/2f_140/robotiq_2f_140_inner_knuckle.stl
-- Symlinking: /home/ani/yc_ws/src/install/my_ur_driver/share/my_ur_driver/my_ur_config/urdf/meshes/visual/2f_140/robotiq_2f_140_outer_finger.stl
-- Symlinking: /home/ani/yc_ws/src/install/my_ur_driver/share/my_ur_driver/my_ur_config/urdf/meshes/visual/2f_140/robotiq_2f_140_outer_knuckle.stl
-- Symlinking: /home/ani/yc_ws/src/install/my_ur_driver/share/my_ur_driver/my_ur_config/urdf/my_world.urdf.xacro
-- Symlinking: /home/ani/yc_ws/src/install/my_ur_driver/share/my_ur_driver/my_ur_config/urdf/original.urdf.xacro
-- Symlinking: /home/ani/yc_ws/src/install/my_ur_driver/share/my_ur_driver/my_moveit_config/moveit_controllers/joint_limits.yaml
-- Symlinking: /home/ani/yc_ws/src/install/my_ur_driver/share/my_ur_driver/my_moveit_config/moveit_controllers/kinematics.yaml
-- Symlinking: /home/ani/yc_ws/src/install/my_ur_driver/share/my_ur_driver/my_moveit_config/moveit_controllers/moveit_controllers.yaml
-- Symlinking: /home/ani/yc_ws/src/install/my_ur_driver/share/my_ur_driver/my_moveit_config/moveit_controllers/ompl_planning.yaml
-- Symlinking: /home/ani/yc_ws/src/install/my_ur_driver/share/my_ur_driver/my_moveit_config/moveit_controllers/ur_servo.yaml
-- Symlinking: /home/ani/yc_ws/src/install/my_ur_driver/share/my_ur_driver/my_moveit_config/srdf/my_world.macro.srdf.xacro
-- Symlinking: /home/ani/yc_ws/src/install/my_ur_driver/share/my_ur_driver/my_moveit_config/srdf/my_world.srdf.xacro
-- Symlinking: /home/ani/yc_ws/src/install/my_ur_driver/share/ament_index/resource_index/package_run_dependencies/my_ur_driver
-- Symlinking: /home/ani/yc_ws/src/install/my_ur_driver/share/ament_index/resource_index/parent_prefix_path/my_ur_driver
-- Symlinking: /home/ani/yc_ws/src/install/my_ur_driver/share/my_ur_driver/environment/ament_prefix_path.sh
-- Symlinking: /home/ani/yc_ws/src/install/my_ur_driver/share/my_ur_driver/environment/ament_prefix_path.dsv
-- Symlinking: /home/ani/yc_ws/src/install/my_ur_driver/share/my_ur_driver/environment/path.sh
-- Symlinking: /home/ani/yc_ws/src/install/my_ur_driver/share/my_ur_driver/environment/path.dsv
-- Symlinking: /home/ani/yc_ws/src/install/my_ur_driver/share/my_ur_driver/local_setup.bash
-- Symlinking: /home/ani/yc_ws/src/install/my_ur_driver/share/my_ur_driver/local_setup.sh
-- Symlinking: /home/ani/yc_ws/src/install/my_ur_driver/share/my_ur_driver/local_setup.zsh
-- Symlinking: /home/ani/yc_ws/src/install/my_ur_driver/share/my_ur_driver/local_setup.dsv
-- Symlinking: /home/ani/yc_ws/src/install/my_ur_driver/share/my_ur_driver/package.dsv
-- Symlinking: /home/ani/yc_ws/src/install/my_ur_driver/share/ament_index/resource_index/packages/my_ur_driver
-- Symlinking: /home/ani/yc_ws/src/install/my_ur_driver/share/my_ur_driver/cmake/my_ur_driverConfig.cmake
-- Symlinking: /home/ani/yc_ws/src/install/my_ur_driver/share/my_ur_driver/cmake/my_ur_driverConfig-version.cmake
-- Symlinking: /home/ani/yc_ws/src/install/my_ur_driver/share/my_ur_driver/package.xml
