-- Found ament_cmake: 1.3.10 (/opt/ros/humble/share/ament_cmake/cmake)
-- Override CMake install command with custom implementation using symlinks instead of copying resources
-- Found controller_interface: 2.43.1 (/opt/ros/humble/share/controller_interface/cmake)
-- Found rosidl_generator_c: 3.1.5 (/opt/ros/humble/share/rosidl_generator_c/cmake)
-- Found rosidl_adapter: 3.1.5 (/opt/ros/humble/share/rosidl_adapter/cmake)
-- Found rosidl_generator_cpp: 3.1.5 (/opt/ros/humble/share/rosidl_generator_cpp/cmake)
-- Using all available rosidl_typesupport_c: rosidl_typesupport_fastrtps_c;rosidl_typesupport_introspection_c
-- Using all available rosidl_typesupport_cpp: rosidl_typesupport_fastrtps_cpp;rosidl_typesupport_introspection_cpp
-- Found rmw_implementation_cmake: 6.1.2 (/opt/ros/humble/share/rmw_implementation_cmake/cmake)
-- Found rmw_fastrtps_cpp: 6.2.7 (/opt/ros/humble/share/rmw_fastrtps_cpp/cmake)
-- Found TinyXML2 via Config file: TinyXML2_DIR-NOTFOUND
-- Found OpenSSL: /usr/lib/x86_64-linux-gnu/libcrypto.so (found version "3.0.2")  
-- Found TinyXML2 via Config file: TinyXML2_DIR-NOTFOUND
-- Found FastRTPS: /opt/ros/humble/include  
-- Found TinyXML2 via Config file: TinyXML2_DIR-NOTFOUND
-- Found TinyXML2 via Config file: TinyXML2_DIR-NOTFOUND
-- Using RMW implementation 'rmw_fastrtps_cpp' as default
-- Looking for pthread.h
-- Looking for pthread.h - found
-- Performing Test CMAKE_HAVE_LIBC_PTHREAD
-- Performing Test CMAKE_HAVE_LIBC_PTHREAD - Success
-- Found Threads: TRUE  
-- Found std_srvs: 4.2.4 (/opt/ros/humble/share/std_srvs/cmake)
-- Found ament_lint_auto: 0.12.11 (/opt/ros/humble/share/ament_lint_auto/cmake)
-- Added test 'cppcheck' to perform static code analysis on C / C++ code
-- Configured cppcheck include dirs: /home/ani/yc_ws/src/gripper/robotiq_controllers/include
-- Configured cppcheck exclude dirs and/or files: 
-- Added test 'lint_cmake' to check CMake code style
-- Configuring done
-- Generating done
-- Build files have been written to: /home/ani/yc_ws/build/robotiq_controllers
[ 50%] [32mBuilding CXX object CMakeFiles/robotiq_controllers.dir/src/robotiq_activation_controller.cpp.o[0m
[100%] [32m[1mLinking CXX shared library librobotiq_controllers.so[0m
[100%] Built target robotiq_controllers
-- Install configuration: ""
-- Execute custom install script
-- Symlinking: /home/ani/yc_ws/install/robotiq_controllers/share/robotiq_controllers//controller_plugins.xml
-- Symlinking: /home/ani/yc_ws/install/robotiq_controllers/include/robotiq_controllers/robotiq_activation_controller.hpp
-- Symlinking: /home/ani/yc_ws/install/robotiq_controllers/share/robotiq_controllers/environment/library_path.sh
-- Symlinking: /home/ani/yc_ws/install/robotiq_controllers/share/robotiq_controllers/environment/library_path.dsv
-- Symlinking: /home/ani/yc_ws/install/robotiq_controllers/share/ament_index/resource_index/package_run_dependencies/robotiq_controllers
-- Symlinking: /home/ani/yc_ws/install/robotiq_controllers/share/ament_index/resource_index/parent_prefix_path/robotiq_controllers
-- Symlinking: /home/ani/yc_ws/install/robotiq_controllers/share/robotiq_controllers/environment/ament_prefix_path.sh
-- Symlinking: /home/ani/yc_ws/install/robotiq_controllers/share/robotiq_controllers/environment/ament_prefix_path.dsv
-- Symlinking: /home/ani/yc_ws/install/robotiq_controllers/share/robotiq_controllers/environment/path.sh
-- Symlinking: /home/ani/yc_ws/install/robotiq_controllers/share/robotiq_controllers/environment/path.dsv
-- Symlinking: /home/ani/yc_ws/install/robotiq_controllers/share/robotiq_controllers/local_setup.bash
-- Symlinking: /home/ani/yc_ws/install/robotiq_controllers/share/robotiq_controllers/local_setup.sh
-- Symlinking: /home/ani/yc_ws/install/robotiq_controllers/share/robotiq_controllers/local_setup.zsh
-- Symlinking: /home/ani/yc_ws/install/robotiq_controllers/share/robotiq_controllers/local_setup.dsv
-- Symlinking: /home/ani/yc_ws/install/robotiq_controllers/share/robotiq_controllers/package.dsv
-- Symlinking: /home/ani/yc_ws/install/robotiq_controllers/share/ament_index/resource_index/packages/robotiq_controllers
-- Symlinking: /home/ani/yc_ws/install/robotiq_controllers/share/ament_index/resource_index/controller_interface__pluginlib__plugin/robotiq_controllers
-- Symlinking: /home/ani/yc_ws/install/robotiq_controllers/share/robotiq_controllers/cmake/ament_cmake_export_include_directories-extras.cmake
-- Symlinking: /home/ani/yc_ws/install/robotiq_controllers/share/robotiq_controllers/cmake/ament_cmake_export_libraries-extras.cmake
-- Symlinking: /home/ani/yc_ws/install/robotiq_controllers/share/robotiq_controllers/cmake/ament_cmake_export_targets-extras.cmake
-- Symlinking: /home/ani/yc_ws/install/robotiq_controllers/share/robotiq_controllers/cmake/ament_cmake_export_dependencies-extras.cmake
-- Symlinking: /home/ani/yc_ws/install/robotiq_controllers/share/robotiq_controllers/cmake/robotiq_controllersConfig.cmake
-- Symlinking: /home/ani/yc_ws/install/robotiq_controllers/share/robotiq_controllers/cmake/robotiq_controllersConfig-version.cmake
-- Symlinking: /home/ani/yc_ws/install/robotiq_controllers/share/robotiq_controllers/package.xml
-- Installing: /home/ani/yc_ws/install/robotiq_controllers/lib/librobotiq_controllers.so
-- Set runtime path of "/home/ani/yc_ws/install/robotiq_controllers/lib/librobotiq_controllers.so" to ""
-- Installing: /home/ani/yc_ws/install/robotiq_controllers/share/robotiq_controllers/cmake/export_robotiq_controllersExport.cmake
-- Installing: /home/ani/yc_ws/install/robotiq_controllers/share/robotiq_controllers/cmake/export_robotiq_controllersExport-noconfig.cmake
