[0.283s] Invoking command in '/home/ani/yc_ws/build/robotiq_controllers': CMAKE_PREFIX_PATH=${CMAKE_PREFIX_PATH}:/home/ani/yc_ws/install/app2:/home/ani/yc_ws/install/app:/opt/ros/humble /usr/bin/cmake /home/ani/yc_ws/src/gripper/robotiq_controllers -DAMENT_CMAKE_SYMLINK_INSTALL=1 -DCMAKE_INSTALL_PREFIX=/home/ani/yc_ws/install/robotiq_controllers
[0.291s] -- Found ament_cmake: 1.3.10 (/opt/ros/humble/share/ament_cmake/cmake)
[0.388s] -- Override CMake install command with custom implementation using symlinks instead of copying resources
[0.423s] -- Found controller_interface: 2.43.1 (/opt/ros/humble/share/controller_interface/cmake)
[0.475s] -- Found rosidl_generator_c: 3.1.5 (/opt/ros/humble/share/rosidl_generator_c/cmake)
[0.483s] -- Found rosidl_adapter: 3.1.5 (/opt/ros/humble/share/rosidl_adapter/cmake)
[0.493s] -- Found rosidl_generator_cpp: 3.1.5 (/opt/ros/humble/share/rosidl_generator_cpp/cmake)
[0.509s] -- Using all available rosidl_typesupport_c: rosidl_typesupport_fastrtps_c;rosidl_typesupport_introspection_c
[0.532s] -- Using all available rosidl_typesupport_cpp: rosidl_typesupport_fastrtps_cpp;rosidl_typesupport_introspection_cpp
[0.782s] -- Found rmw_implementation_cmake: 6.1.2 (/opt/ros/humble/share/rmw_implementation_cmake/cmake)
[0.785s] -- Found rmw_fastrtps_cpp: 6.2.7 (/opt/ros/humble/share/rmw_fastrtps_cpp/cmake)
[0.807s] -- Found TinyXML2 via Config file: TinyXML2_DIR-NOTFOUND
[0.851s] -- Found OpenSSL: /usr/lib/x86_64-linux-gnu/libcrypto.so (found version "3.0.2")  
[0.854s] -- Found TinyXML2 via Config file: TinyXML2_DIR-NOTFOUND
[0.867s] -- Found FastRTPS: /opt/ros/humble/include  
[0.869s] -- Found TinyXML2 via Config file: TinyXML2_DIR-NOTFOUND
[0.876s] -- Found TinyXML2 via Config file: TinyXML2_DIR-NOTFOUND
[0.885s] -- Using RMW implementation 'rmw_fastrtps_cpp' as default
[0.893s] -- Looking for pthread.h
[0.945s] -- Looking for pthread.h - found
[0.945s] -- Performing Test CMAKE_HAVE_LIBC_PTHREAD
[0.997s] -- Performing Test CMAKE_HAVE_LIBC_PTHREAD - Success
[0.998s] -- Found Threads: TRUE  
[1.034s] -- Found std_srvs: 4.2.4 (/opt/ros/humble/share/std_srvs/cmake)
[1.046s] -- Found ament_lint_auto: 0.12.11 (/opt/ros/humble/share/ament_lint_auto/cmake)
[1.106s] -- Added test 'cppcheck' to perform static code analysis on C / C++ code
[1.106s] -- Configured cppcheck include dirs: /home/ani/yc_ws/src/gripper/robotiq_controllers/include
[1.106s] -- Configured cppcheck exclude dirs and/or files: 
[1.107s] -- Added test 'lint_cmake' to check CMake code style
[1.110s] -- Configuring done
[1.147s] -- Generating done
[1.148s] -- Build files have been written to: /home/ani/yc_ws/build/robotiq_controllers
[1.156s] Invoked command in '/home/ani/yc_ws/build/robotiq_controllers' returned '0': CMAKE_PREFIX_PATH=${CMAKE_PREFIX_PATH}:/home/ani/yc_ws/install/app2:/home/ani/yc_ws/install/app:/opt/ros/humble /usr/bin/cmake /home/ani/yc_ws/src/gripper/robotiq_controllers -DAMENT_CMAKE_SYMLINK_INSTALL=1 -DCMAKE_INSTALL_PREFIX=/home/ani/yc_ws/install/robotiq_controllers
[1.158s] Invoking command in '/home/ani/yc_ws/build/robotiq_controllers': CMAKE_PREFIX_PATH=${CMAKE_PREFIX_PATH}:/home/ani/yc_ws/install/app2:/home/ani/yc_ws/install/app:/opt/ros/humble /usr/bin/cmake --build /home/ani/yc_ws/build/robotiq_controllers -- -j12 -l12
[1.195s] [ 50%] [32mBuilding CXX object CMakeFiles/robotiq_controllers.dir/src/robotiq_activation_controller.cpp.o[0m
[4.129s] [100%] [32m[1mLinking CXX shared library librobotiq_controllers.so[0m
[4.265s] [100%] Built target robotiq_controllers
[4.276s] Invoked command in '/home/ani/yc_ws/build/robotiq_controllers' returned '0': CMAKE_PREFIX_PATH=${CMAKE_PREFIX_PATH}:/home/ani/yc_ws/install/app2:/home/ani/yc_ws/install/app:/opt/ros/humble /usr/bin/cmake --build /home/ani/yc_ws/build/robotiq_controllers -- -j12 -l12
[4.298s] Invoking command in '/home/ani/yc_ws/build/robotiq_controllers': CMAKE_PREFIX_PATH=${CMAKE_PREFIX_PATH}:/home/ani/yc_ws/install/app2:/home/ani/yc_ws/install/app:/opt/ros/humble /usr/bin/cmake --install /home/ani/yc_ws/build/robotiq_controllers
[4.304s] -- Install configuration: ""
[4.305s] -- Execute custom install script
[4.305s] -- Symlinking: /home/ani/yc_ws/install/robotiq_controllers/share/robotiq_controllers//controller_plugins.xml
[4.312s] -- Symlinking: /home/ani/yc_ws/install/robotiq_controllers/include/robotiq_controllers/robotiq_activation_controller.hpp
[4.320s] -- Symlinking: /home/ani/yc_ws/install/robotiq_controllers/share/robotiq_controllers/environment/library_path.sh
[4.327s] -- Symlinking: /home/ani/yc_ws/install/robotiq_controllers/share/robotiq_controllers/environment/library_path.dsv
[4.334s] -- Symlinking: /home/ani/yc_ws/install/robotiq_controllers/share/ament_index/resource_index/package_run_dependencies/robotiq_controllers
[4.342s] -- Symlinking: /home/ani/yc_ws/install/robotiq_controllers/share/ament_index/resource_index/parent_prefix_path/robotiq_controllers
[4.349s] -- Symlinking: /home/ani/yc_ws/install/robotiq_controllers/share/robotiq_controllers/environment/ament_prefix_path.sh
[4.356s] -- Symlinking: /home/ani/yc_ws/install/robotiq_controllers/share/robotiq_controllers/environment/ament_prefix_path.dsv
[4.364s] -- Symlinking: /home/ani/yc_ws/install/robotiq_controllers/share/robotiq_controllers/environment/path.sh
[4.371s] -- Symlinking: /home/ani/yc_ws/install/robotiq_controllers/share/robotiq_controllers/environment/path.dsv
[4.379s] -- Symlinking: /home/ani/yc_ws/install/robotiq_controllers/share/robotiq_controllers/local_setup.bash
[4.386s] -- Symlinking: /home/ani/yc_ws/install/robotiq_controllers/share/robotiq_controllers/local_setup.sh
[4.394s] -- Symlinking: /home/ani/yc_ws/install/robotiq_controllers/share/robotiq_controllers/local_setup.zsh
[4.402s] -- Symlinking: /home/ani/yc_ws/install/robotiq_controllers/share/robotiq_controllers/local_setup.dsv
[4.410s] -- Symlinking: /home/ani/yc_ws/install/robotiq_controllers/share/robotiq_controllers/package.dsv
[4.418s] -- Symlinking: /home/ani/yc_ws/install/robotiq_controllers/share/ament_index/resource_index/packages/robotiq_controllers
[4.426s] -- Symlinking: /home/ani/yc_ws/install/robotiq_controllers/share/ament_index/resource_index/controller_interface__pluginlib__plugin/robotiq_controllers
[4.435s] -- Symlinking: /home/ani/yc_ws/install/robotiq_controllers/share/robotiq_controllers/cmake/ament_cmake_export_include_directories-extras.cmake
[4.443s] -- Symlinking: /home/ani/yc_ws/install/robotiq_controllers/share/robotiq_controllers/cmake/ament_cmake_export_libraries-extras.cmake
[4.451s] -- Symlinking: /home/ani/yc_ws/install/robotiq_controllers/share/robotiq_controllers/cmake/ament_cmake_export_targets-extras.cmake
[4.460s] -- Symlinking: /home/ani/yc_ws/install/robotiq_controllers/share/robotiq_controllers/cmake/ament_cmake_export_dependencies-extras.cmake
[4.468s] -- Symlinking: /home/ani/yc_ws/install/robotiq_controllers/share/robotiq_controllers/cmake/robotiq_controllersConfig.cmake
[4.476s] -- Symlinking: /home/ani/yc_ws/install/robotiq_controllers/share/robotiq_controllers/cmake/robotiq_controllersConfig-version.cmake
[4.484s] -- Symlinking: /home/ani/yc_ws/install/robotiq_controllers/share/robotiq_controllers/package.xml
[4.492s] -- Installing: /home/ani/yc_ws/install/robotiq_controllers/lib/librobotiq_controllers.so
[4.494s] -- Set runtime path of "/home/ani/yc_ws/install/robotiq_controllers/lib/librobotiq_controllers.so" to ""
[4.494s] -- Installing: /home/ani/yc_ws/install/robotiq_controllers/share/robotiq_controllers/cmake/export_robotiq_controllersExport.cmake
[4.494s] -- Installing: /home/ani/yc_ws/install/robotiq_controllers/share/robotiq_controllers/cmake/export_robotiq_controllersExport-noconfig.cmake
[4.497s] Invoked command in '/home/ani/yc_ws/build/robotiq_controllers' returned '0': CMAKE_PREFIX_PATH=${CMAKE_PREFIX_PATH}:/home/ani/yc_ws/install/app2:/home/ani/yc_ws/install/app:/opt/ros/humble /usr/bin/cmake --install /home/ani/yc_ws/build/robotiq_controllers
