[0.672s] Invoking command in '/home/ani/yc_ws/src/build/frames': PYTHONPATH=/home/ani/yc_ws/src/build/frames/prefix_override:/usr/lib/python3/dist-packages/colcon_core/task/python/colcon_distutils_commands:/home/ani/yc_ws/src/install/frames/lib/python3.10/site-packages:${PYTHONPATH} /usr/bin/python3 -W ignore:setup.py install is deprecated -W ignore:easy_install command is deprecated setup.py develop --editable --build-directory /home/ani/yc_ws/src/build/frames/build --no-deps symlink_data
[0.842s] running develop
[0.955s] running egg_info
[0.955s] writing frames.egg-info/PKG-INFO
[0.955s] writing dependency_links to frames.egg-info/dependency_links.txt
[0.955s] writing entry points to frames.egg-info/entry_points.txt
[0.955s] writing requirements to frames.egg-info/requires.txt
[0.955s] writing top-level names to frames.egg-info/top_level.txt
[0.957s] reading manifest file 'frames.egg-info/SOURCES.txt'
[0.957s] writing manifest file 'frames.egg-info/SOURCES.txt'
[0.958s] running build_ext
[0.958s] Creating /home/ani/yc_ws/src/install/frames/lib/python3.10/site-packages/frames.egg-link (link to .)
[0.959s] Installing coordinator2 script to /home/ani/yc_ws/src/install/frames/bin
[0.959s] Installing grasp_detector_controller script to /home/ani/yc_ws/src/install/frames/bin
[0.959s] Installing gripper_controller script to /home/ani/yc_ws/src/install/frames/bin
[0.959s] Installing robot_controller_moveit script to /home/ani/yc_ws/src/install/frames/bin
[0.959s] Installing robot_controller_rtde script to /home/ani/yc_ws/src/install/frames/bin
[0.959s] 
[0.959s] Installed /home/ani/yc_ws/src/build/frames
[0.960s] running symlink_data
[0.978s] Invoked command in '/home/ani/yc_ws/src/build/frames' returned '0': PYTHONPATH=/home/ani/yc_ws/src/build/frames/prefix_override:/usr/lib/python3/dist-packages/colcon_core/task/python/colcon_distutils_commands:/home/ani/yc_ws/src/install/frames/lib/python3.10/site-packages:${PYTHONPATH} /usr/bin/python3 -W ignore:setup.py install is deprecated -W ignore:easy_install command is deprecated setup.py develop --editable --build-directory /home/ani/yc_ws/src/build/frames/build --no-deps symlink_data
