[0.291s] Invoking command in '/home/ani/yc_ws/build/my_ur_driver': CMAKE_PREFIX_PATH=${CMAKE_PREFIX_PATH}:/home/ani/yc_ws/install/app2:/home/ani/yc_ws/install/app:/opt/ros/humble /usr/bin/cmake /home/ani/yc_ws/src/my_ur_driver -DAMENT_CMAKE_SYMLINK_INSTALL=1 -DCMAKE_INSTALL_PREFIX=/home/ani/yc_ws/install/my_ur_driver
[0.333s] -- The C compiler identification is GNU 11.4.0
[0.379s] -- The CXX compiler identification is GNU 11.4.0
[0.386s] -- Detecting C compiler ABI info
[0.441s] -- Detecting C compiler ABI info - done
[0.449s] -- Check for working C compiler: /usr/bin/cc - skipped
[0.450s] -- Detecting C compile features
[0.450s] -- Detecting C compile features - done
[0.453s] -- Detecting CXX compiler ABI info
[0.512s] -- Detecting CXX compiler ABI info - done
[0.516s] -- Check for working CXX compiler: /usr/bin/c++ - skipped
[0.517s] -- Detecting CXX compile features
[0.517s] -- Detecting CXX compile features - done
[0.519s] -- Found ament_cmake: 1.3.10 (/opt/ros/humble/share/ament_cmake/cmake)
[0.627s] -- Found Python3: /usr/bin/python3 (found version "3.10.12") found components: Interpreter 
[0.680s] Traceback (most recent call last):
[0.680s]   File "/opt/ros/humble/share/ament_cmake_core/cmake/package_templates/templates_2_cmake.py", line 21, in <module>
[0.680s]     from ament_package.templates import get_environment_hook_template_path
[0.680s] ModuleNotFoundError: No module named 'ament_package'
[0.688s] [31mCMake Error at /opt/ros/humble/share/ament_cmake_core/cmake/ament_cmake_package_templates-extras.cmake:41 (message):
[0.688s]   execute_process(/usr/bin/python3
[0.688s]   /opt/ros/humble/share/ament_cmake_core/cmake/package_templates/templates_2_cmake.py
[0.688s]   /home/ani/yc_ws/build/my_ur_driver/ament_cmake_package_templates/templates.cmake)
[0.688s]   returned error code 1
[0.688s] Call Stack (most recent call first):
[0.688s]   /opt/ros/humble/share/ament_cmake_core/cmake/ament_cmake_coreConfig.cmake:41 (include)
[0.688s]   /opt/ros/humble/share/ament_cmake/cmake/ament_cmake_export_dependencies-extras.cmake:15 (find_package)
[0.688s]   /opt/ros/humble/share/ament_cmake/cmake/ament_cmakeConfig.cmake:41 (include)
[0.688s]   CMakeLists.txt:13 (find_package)
[0.688s] 
[0.688s] [0m
[0.689s] -- Configuring incomplete, errors occurred!
[0.689s] See also "/home/ani/yc_ws/build/my_ur_driver/CMakeFiles/CMakeOutput.log".
